timestamp,joint_position,linear_potentiometer
1691603788.8707106,[0.0, 0.0, 0.0, 0.0, 0.0, 0.0, 0.0],[0]
1691603788.9850333,[0.0010000258684158326, 1.5699994564056396, 2.639998435974121, 6.283182621002197, 0.6000031232833862, 3.0400009155273438, 3.140002727508545],[-3.01040516494466]
1691603789.093779,[0.0010000234842300415, 1.5699989795684814, 2.6400046348571777, 0.0, 0.5999982357025146, 3.039997100830078, 3.140002727508545],[-3.0146811546275454]
1691603789.2013872,[0.0010000206232070924, 1.5699979066848755, 2.6399991512298584, 6.283184051513672, 0.6000031232833862, 3.040003538131714, 3.139997959136963],[-3.016819149533286]
1691603789.3100295,[0.001000016689300537, 1.570001482963562, 2.6399991512298584, 9.523596418148372e-07, 0.6000022292137146, 3.0399997234344482, 3.140001058578491],[-3.013365465476094]
1691603789.4179332,[0.0010000144243240356, 1.5699996948242188, 2.6400020122528076, 1.5945806808304042e-07, 0.6000017523765564, 3.0400006771087646, 3.1400012969970703],[-3.00859609243809]
1691603789.5275605,[0.0010000118017196656, 1.5700019598007202, 2.640001058578491, 6.283185005187988, 0.6000065207481384, 3.040001153945923, 3.1399986743927],[-3.009253936982388]
1691603789.6346302,[0.0010000079870223998, 1.5699959993362427, 2.6400034427642822, 4.6038030632189475e-06, 0.600000262260437, 3.039999008178711, 3.1400012969970703],[-3.016983610681658]
1691603789.7427003,[0.0010000067949295045, 1.5699957609176636, 2.6399953365325928, 3.809438567259349e-06, 0.6000049114227295, 3.03999924659729, 3.13999605178833],[-3.016325766089693]
1691603789.8493555,[0.0010000063180923462, 1.570000171661377, 2.640001058578491, 1.5872660696913954e-06, 0.6000023484230042, 3.0400006771087646, 3.140001058578491],[-3.016325766089693]
1691603789.9583118,[0.0010000057220458985, 1.5700007677078247, 2.6400015354156494, 6.191069132910343e-06, 0.6000053882598877, 3.040001630783081, 3.1400012969970703],[-3.0184637610284324]
1691603790.0650246,[0.001000006675720215, 1.570004940032959, 2.640000104904175, 1.5945806808304042e-07, 0.5999998450279236, 3.0399985313415527, 3.1399991512298584],[-3.0146811546275454]
1691603790.1727648,[0.0010000063180923462, 1.5699937343597412, 2.6399970054626465, 6.283184051513672, 0.6000010967254639, 3.0399982929229736, 3.1400058269500732],[-3.0217529840949324]
1691603790.27997,[0.0010000053644180298, 1.5699982643127441, 2.640001058578491, 6.2831830978393555, 0.5999977588653564, 3.040003776550293, 3.1399986743927],[-3.0196149890901465]
1691603790.3865244,[0.0010000051259994507, 1.570000171661377, 2.6400020122528076, 2.064177351712715e-06, 0.6000047326087952, 3.0400032997131348, 3.1399998664855957],[-3.015667921501789]
1691603790.495306,[0.0010000059604644775, 1.5699979066848755, 2.640002727508545, 6.349064278765582e-07, 0.6000056862831116, 3.039994239807129, 3.1399993896484375],[-3.015667921501789]
1691603790.6025603,[0.0010000065565109253, 1.5699996948242188, 2.639998435974121, 3.49198535332107e-06, 0.6000039577484131, 3.0400009155273438, 3.140000581741333],[-3.0115563929193483]
1691603790.7098029,[0.0010000073909759522, 1.5699985027313232, 2.640000104904175, 1.4292709238361567e-06, 0.599998414516449, 3.040004253387451, 3.1399953365325928],[-3.0151745380635253]
1691603790.8175945,[0.0010000076293945313, 1.5699999332427979, 2.640000343322754, 1.2698128557531163e-06, 0.6000049114227295, 3.040001630783081, 3.1400020122528076],[-3.0178059164273265]
1691603790.924512,[0.0010000084638595581, 1.5699982643127441, 2.640002727508545, 1.2698128557531163e-06, 0.6000015735626221, 3.039999485015869, 3.139997720718384],[-3.016819149533286]
1691603791.033203,[0.0010000096559524536, 1.5699982643127441, 2.6400022506713867, 1.7467241377744358e-06, 0.6000006198883057, 3.039999008178711, 3.140000581741333],[-3.010240703806433]
1691603791.1405196,[0.0010000119209289551, 1.5700002908706665, 2.6399993896484375, 6.283185005187988, 0.5999993681907654, 3.0399999618530273, 3.140002965927124],[-3.017148071830284]
1691603791.2473252,[0.0010000107288360596, 1.5700002908706665, 2.6399998664855957, 2.8570789254445117e-06, 0.6000023484230042, 3.039994478225708, 3.139997959136963],[-3.0153389992093595]
1691603791.3548903,[0.0010000104904174805, 1.569998860359192, 2.6400020122528076, 6.349064278765582e-07, 0.6000015735626221, 3.040001153945923, 3.140003204345703],[-3.013365465476094]
1691603791.464294,[0.0010000096559524536, 1.570001244544983, 2.6399974822998047, 6.28318452835083, 0.6000005006790161, 3.039996862411499, 3.1400012969970703],[-3.0178059164273265]
1691603791.5715697,[0.0010000089406967164, 1.5699996948242188, 2.640002727508545, 1.5945806808304042e-07, 0.5999993681907654, 3.039999008178711, 3.1400022506713867],[-3.0164902272373038]
1691603791.6793864,[0.0010000078678131105, 1.5700054168701172, 2.6400017738342285, 6.283185005187988, 0.599998414516449, 3.0399978160858154, 3.139997720718384],[-3.0150100769179446]
1691603791.7853975,[0.001000007152557373, 1.5699979066848755, 2.6399998664855957, 4.6038030632189475e-06, 0.600000262260437, 3.03999662399292, 3.1399986743927],[-3.014187771193849]
1691603791.894563,[0.0010000070333480834, 1.570000171661377, 2.6400012969970703, 6.2831830978393555, 0.6000041365623474, 3.0399982929229736, 3.1399989128112793],[-3.0179703775772224]
1691603792.0028954,[0.0010000073909759522, 1.5700019598007202, 2.639998435974121, 6.283181667327881, 0.6000031232833862, 3.0399982929229736, 3.1399993896484375],[-3.0150100769179446]
1691603792.1115253,[0.0010000076293945313, 1.5699999332427979, 2.6399974822998047, 1.7467241377744358e-06, 0.6000056862831116, 3.040001153945923, 3.140002965927124],[-3.01040516494466]
1691603792.2209845,[0.0010000076293945313, 1.5700021982192993, 2.640001058578491, 2.381630565650994e-06, 0.5999998450279236, 3.0399982929229736, 3.1399967670440674],[-3.0110630095001043]
1691603792.3292623,[0.0010000076293945313, 1.5700002908706665, 2.640000581741333, 3.968896635342389e-06, 0.5999931693077087, 3.0400009155273438, 3.1399965286254883],[-3.015996843795233]
1691603792.4364676,[0.0010000073909759522, 1.5700021982192993, 2.6399993896484375, 1.5872660696913954e-06, 0.6000012755393982, 3.0400002002716064, 3.139997720718384],[-3.0090894758459332]
1691603792.5435522,[0.001000005602836609, 1.5700037479400635, 2.6400046348571777, 6.283185005187988, 0.5999998450279236, 3.039999008178711, 3.140000581741333],[-3.01994391139578]
1691603792.6515625,[0.0010000054836273194, 1.5699982643127441, 2.6399998664855957, 1.4292709238361567e-06, 0.6000053882598877, 3.039991617202759, 3.1400020122528076],[-3.0155034603554474]
1691603792.758743,[0.0010000067949295045, 1.5700031518936157, 2.6400034427642822, 9.523596418148372e-07, 0.6000015735626221, 3.039999485015869, 3.139997720718384],[-3.0122142374818885]
1691603792.8663354,[0.0010000061988830566, 1.5700023174285889, 2.640000104904175, 6.283184051513672, 0.5999971032142639, 3.0399978160858154, 3.1399996280670166],[-3.0128720820484847]
1691603792.9739401,[0.0010000053644180298, 1.5699996948242188, 2.640003204345703, 3.1745321393827908e-06, 0.5999969840049744, 3.0400002002716064, 3.140004873275757],[-3.0210951394735006]
1691603793.081679,[0.0010000044107437134, 1.5700050592422485, 2.6400017738342285, 1.7467241377744358e-06, 0.5999952554702759, 3.039999008178711, 3.1400012969970703],[-3.0196149890901465]
1691603793.1890578,[0.0010000051259994507, 1.5700007677078247, 2.6400022506713867, 1.4292709238361567e-06, 0.6000074744224548, 3.039998769760132, 3.1399967670440674],[-3.0100762426684584]
1691603793.2967494,[0.0010000061988830566, 1.569998860359192, 2.639998435974121, 1.5945806808304042e-07, 0.6000009179115295, 3.0399973392486572, 3.1400043964385986],[-3.015667921501789]
1691603793.4034145,[0.0010000072717666626, 1.5700002908706665, 2.6399991512298584, 3.1745321393827908e-06, 0.6000001430511475, 3.03999924659729, 3.1399989128112793],[-3.012049776340873]
1691603793.511486,[0.0010000044107437134, 1.5699996948242188, 2.6400060653686523, 3.333990207465831e-06, 0.6000047326087952, 3.03999924659729, 3.13999605178833],[-3.012378698623157]
1691603793.6176593,[0.001000002145767212, 1.570001482963562, 2.640002489089966, 6.349064278765582e-07, 0.5999971032142639, 3.0399978160858154, 3.1400039196014404],[-3.0248777461022995]
1691603793.7252083,[0.0009999995231628417, 1.5699994564056396, 2.640000104904175, 6.28318452835083, 0.5999988913536072, 3.0399961471557617, 3.1399993896484375],[-3.013694387762435]
1691603793.8317657,[0.0009999966621398926, 1.570001482963562, 2.640007734298706, 0.0, 0.6000009179115295, 3.0399982929229736, 3.140001058578491],[-3.017148071830284]
1691603793.9403954,[0.000999994158744812, 1.5699994564056396, 2.6400017738342285, 6.28317928314209, 0.600001871585846, 3.0399999618530273, 3.140002965927124],[-3.0179703775772224]
1691603794.0469902,[0.0009999922513961792, 1.5699994564056396, 2.6399996280670166, 4.761798209074186e-06, 0.5999998450279236, 3.039994478225708, 3.1400017738342285],[-3.0130365431907675]
1691603794.1566281,[0.0009999899864196777, 1.5700054168701172, 2.6400022506713867, 4.126891781197628e-06, 0.6000000238418579, 3.0400009155273438, 3.140000343322754],[-3.0140233100497906]
1691603794.264509,[0.0009999886751174928, 1.570001482963562, 2.640000104904175, 2.2221724975679535e-06, 0.6000037789344788, 3.0399961471557617, 3.1400039196014404],[-3.009253936982388]
1691603794.3716283,[0.0009999871850013733, 1.5699987411499023, 2.640000820159912, 1.4292709238361567e-06, 0.600005030632019, 3.0399997234344482, 3.140001058578491],[-3.0174769941282977]
1691603794.4784184,[0.0009999853968620301, 1.5699983835220337, 2.6399967670440674, 3.809438567259349e-06, 0.5999987125396729, 3.040001630783081, 3.140002965927124],[-3.014187771193849]
1691603794.5845428,[0.0009999845027923585, 1.570001244544983, 2.6400015354156494, 1.4292709238361567e-06, 0.6000000238418579, 3.03999662399292, 3.1399974822998047],[-3.020930678318778]
1691603794.6924543,[0.0009999833703041078, 1.5700024366378784, 2.640004873275757, 6.283184051513672, 0.600000262260437, 3.0400023460388184, 3.1400039196014404],[-3.013365465476094]
1691603794.800003,[0.0009999796748161316, 1.5700031518936157, 2.640000104904175, 9.523596418148372e-07, 0.6000010967254639, 3.0399982929229736, 3.1399998664855957],[-3.016983610681658]
1691603794.9092233,[0.0009999770522117616, 1.569998860359192, 2.6400036811828613, 6.283183574676514, 0.5999980568885803, 3.0400030612945557, 3.140002727508545],[-3.01994391139578]
1691603795.0157604,[0.0009999767541885377, 1.5700019598007202, 2.6400012969970703, 2.5396257115062326e-06, 0.6000009179115295, 3.0399978160858154, 3.1399991512298584],[-3.015832382648384]
1691603795.1226077,[0.0009999757409095765, 1.5699973106384277, 2.640000820159912, 9.523596418148372e-07, 0.6000015735626221, 3.0400004386901855, 3.1400041580200195],[-3.013694387762435]
1691603795.2301664,[0.00099997478723526, 1.5700019598007202, 2.6399986743927, 6.283183574676514, 0.5999976396560669, 3.03999662399292, 3.1399998664855957],[-3.0153389992093595]
1691603795.3387556,[0.0009999748468399049, 1.5700021982192993, 2.640001058578491, 3.016536993527552e-06, 0.5999993681907654, 3.039996862411499, 3.1399986743927],[-3.014187771193849]
1691603795.4478412,[0.000999973952770233, 1.570001244544983, 2.6400022506713867, 0.0, 0.5999993681907654, 3.0399982929229736, 3.1400020122528076],[-3.013365465476094]
1691603795.5555048,[0.0009999743700027466, 1.5699983835220337, 2.6399993896484375, 1.4292709238361567e-06, 0.6000039577484131, 3.0399980545043945, 3.1399991512298584],[-3.0196149890901465]
1691603795.663411,[0.0009999747276306153, 1.5700019598007202, 2.640002727508545, 1.2698128557531163e-06, 0.5999990105628967, 3.03999662399292, 3.140000820159912],[-3.010898548360863]
1691603795.7703419,[0.000999975025653839, 1.570002794265747, 2.640004873275757, 1.4292709238361567e-06, 0.6000010967254639, 3.039999485015869, 3.139997720718384],[-3.016325766089693]
1691603795.8800309,[0.0009999749660491945, 1.5700030326843262, 2.640000343322754, 3.174532139382791e-07, 0.599998414516449, 3.040001153945923, 3.140002727508545],[-3.0233975956663115]
1691603795.9876182,[0.000999974548816681, 1.5699983835220337, 2.640000343322754, 6.283183574676514, 0.5999955534934998, 3.0399985313415527, 3.139996290206909],[-3.0140233100497906]
1691603796.096104,[0.0009999748468399049, 1.5700010061264038, 2.6400012969970703, 3.49198535332107e-06, 0.5999987125396729, 3.040003538131714, 3.140000343322754],[-3.0230686733500014]
1691603796.202691,[0.0009999748468399049, 1.5700017213821411, 2.6400012969970703, 2.5396257115062326e-06, 0.5999965071678162, 3.0399982929229736, 3.1400012969970703],[-3.0130365431907675]
1691603796.3105235,[0.0009999754428863525, 1.570001482963562, 2.639998435974121, 2.2221724975679535e-06, 0.5999988913536072, 3.04000186920166, 3.139997720718384],[-3.019121605633602]
1691603796.418237,[0.000999975860118866, 1.5699996948242188, 2.640000104904175, 0.0, 0.599999189376831, 3.03999924659729, 3.140000820159912],[-3.013201004333304]
1691603796.5264468,[0.000999976396560669, 1.5700031518936157, 2.639997720718384, 0.0, 0.6000009179115295, 3.0399961471557617, 3.139997959136963],[-3.020930678318778]
1691603796.633189,[0.0009999768733978272, 1.56999933719635, 2.6400012969970703, 3.333990207465831e-06, 0.5999982357025146, 3.0400052070617676, 3.140005588531494],[-3.0184637610284324]
1691603796.7404194,[0.0009999764561653137, 1.56999933719635, 2.640000104904175, 1.2698128557531163e-06, 0.599997878074646, 3.0399982929229736, 3.13999605178833],[-3.014187771193849]
1691603796.8493762,[0.0009999766945838929, 1.5699989795684814, 2.6400012969970703, 0.0, 0.5999993681907654, 3.039996862411499, 3.1400020122528076],[-3.0184637610284324]
1691603796.9556198,[0.0009999778270721436, 1.570001482963562, 2.640000104904175, 9.523596418148372e-07, 0.6000022292137146, 3.0400023460388184, 3.140001058578491],[-3.0204372948561353]
1691603797.0637078,[0.0009999784231185913, 1.570000171661377, 2.6399993896484375, 0.0, 0.6000001430511475, 3.03999924659729, 3.139998197555542],[-3.0153389992093595]
1691603797.1706474,[0.0009999794363975524, 1.570001244544983, 2.639998435974121, 2.5396257115062326e-06, 0.6000023484230042, 3.040001153945923, 3.140004873275757],[-3.0151745380635253]
1691603797.2795677,[0.0009999794363975524, 1.5700039863586426, 2.640000581741333, 3.016536993527552e-06, 0.6000007390975952, 3.0399982929229736, 3.139995574951172],[-3.012378698623157]
1691603797.385665,[0.0009999800324440003, 1.569997787475586, 2.6400020122528076, 6.283183574676514, 0.6000010967254639, 3.0400002002716064, 3.140000820159912],[-3.0138588489059863]
1691603797.4934936,[0.0009999808073043823, 1.570001482963562, 2.639996290206909, 4.769112820213195e-07, 0.5999980568885803, 3.0399997234344482, 3.1400015354156494],[-3.016983610681658]
1691603797.6014578,[0.00099998140335083, 1.5700019598007202, 2.6400020122528076, 1.9047192836296745e-06, 0.599999189376831, 3.0400002002716064, 3.140002965927124],[-3.0196149890901465]
1691603797.709212,[0.0009999818801879883, 1.5699979066848755, 2.6400022506713867, 4.126891781197628e-06, 0.6000006198883057, 3.0399997234344482, 3.140004873275757],[-3.0118853152001113]
1691603797.8165386,[0.000999982237815857, 1.5700044631958008, 2.6400034427642822, 6.191069132910343e-06, 0.5999971032142639, 3.04000186920166, 3.140002965927124],[-3.0150100769179446]
1691603797.924665,[0.0009999828338623047, 1.5700007677078247, 2.6400012969970703, 9.523596418148372e-07, 0.5999987125396729, 3.04000186920166, 3.139993190765381],[-3.0148456157726184]
1691603798.033668,[0.00099998277425766, 1.5700039863586426, 2.640000581741333, 3.333990207465831e-06, 0.600001871585846, 3.0400006771087646, 3.140000820159912],[-3.0153389992093595]
1691603798.141514,[0.0009999831318855286, 1.5700030326843262, 2.640000581741333, 6.28317928314209, 0.6000036001205444, 3.0399973392486572, 3.1399974822998047],[-3.0127076209064554]
1691603798.2514434,[0.0009999829530715943, 1.5700019598007202, 2.640000581741333, 0.0, 0.59999680519104, 3.03999924659729, 3.140000343322754],[-3.016654688385168]
1691603798.3579323,[0.0009999824166297914, 1.5700010061264038, 2.6399991512298584, 6.283184051513672, 0.599997878074646, 3.0400002002716064, 3.140002965927124],[-3.0076093256292404]
1691603798.4653244,[0.0009999825358390807, 1.569998860359192, 2.6399993896484375, 1.4292709238361567e-06, 0.599997878074646, 3.040003776550293, 3.140002489089966],[-3.012378698623157]
1691603798.5714955,[0.00099998277425766, 1.5699998140335083, 2.640002965927124, 6.283182144165039, 0.5999990105628967, 3.040001153945923, 3.140000820159912],[-3.020930678318778]
1691603798.680259,[0.0009999830722808838, 1.5699998140335083, 2.6400041580200195, 1.2698128557531163e-06, 0.6000007390975952, 3.0399961471557617, 3.1400012969970703],[-3.012378698623157]
1691603798.7878885,[0.0009999831318855286, 1.570000410079956, 2.640000820159912, 6.28318452835083, 0.5999982357025146, 3.040003538131714, 3.140000343322754],[-3.014352232338161]
1691603798.8956664,[0.0009999842643737794, 1.570001482963562, 2.640000104904175, 6.283183574676514, 0.6000000238418579, 3.0400009155273438, 3.1399991512298584],[-3.022410828720433]
1691603799.001804,[0.0009999850988388062, 1.5700410604476929, 2.632352113723755, 6.476338603533804e-05, 0.6043938398361206, 3.0359227657318115, 3.1404643058776855],[-3.016654688385168]
1691603799.1098201,[0.0009999861717224121, 1.5701277256011963, 2.589263439178467, 1.2064685506629758e-05, 0.6433484554290771, 3.010272741317749, 3.1411080360412598],[-3.0182992998777753]
1691603799.2183542,[0.000999988079071045, 1.5702797174453735, 2.507406234741211, 1.015850284602493e-05, 0.7206416130065918, 2.957923412322998, 3.1414635181427],[-3.034580955026883]
1691603799.3270981,[0.0009999889135360717, 1.5704421997070312, 2.4321885108947754, 9.508089715382084e-05, 0.7923507690429688, 2.8996024131774902, 3.1415257453918457],[-3.0442841648398424]
1691603799.4350922,[0.0009999893307685852, 1.5705466270446777, 2.3270225524902344, 6.283100128173828, 0.8962420225143433, 2.8003666400909424, 3.1415743827819824],[-3.0582633669848773]
1691603799.541747,[0.0009999887347221376, 1.5706604719161987, 2.263415813446045, 0.00016158954531420022, 0.9587600827217102, 2.740870237350464, 3.141557216644287],[-3.0255355907471317]
1691603799.6512558,[0.0009999902248382568, 1.5706532001495361, 2.147703170776367, 6.282994747161865, 1.0728139877319336, 2.632873058319092, 3.141599655151367],[-2.991656596815594]
1691603799.7577658,[0.0009999919533729554, 1.5707018375396729, 2.0686278343200684, 6.283045768737793, 1.1499158143997192, 2.559814691543579, 3.1415836811065674],[-2.940509203866741]
1691603799.8671694,[0.0009999921917915344, 1.5707420110702515, 1.964401125907898, 6.283102512359619, 1.2516424655914307, 2.4637951850891113, 3.1415395736694336],[-2.864199311606403]
1691603799.9745526,[0.0009999924898147583, 1.5707799196243286, 1.8721495866775513, 2.3016089471639134e-05, 1.3427778482437134, 2.377549886703491, 3.141545534133911],[-2.8017041801259226]
1691603800.0842035,[0.0009999935030937195, 1.5707347393035889, 1.7807559967041016, 6.283049583435059, 1.4343551397323608, 2.2921242713928223, 3.141566514968872],[-2.73526202530845]
1691603800.1896079,[0.0009999920129776002, 1.5707365274429321, 1.6926281452178955, 6.282799243927002, 1.5210280418395996, 2.210721015930176, 3.1416282653808594],[-2.6599390342550637]
1691603800.2964952,[0.0009999920129776002, 1.5708216428756714, 1.6019978523254395, 0.00019016033911611885, 1.611047625541687, 2.1415135860443115, 3.141510486602783],[-2.5971150912467187]
1691603800.4044235,[0.000999992311000824, 1.5707647800445557, 1.5194509029388428, 6.283139228820801, 1.6936793327331543, 2.0992257595062256, 3.141544818878174],[-2.5094576540588522]
1691603800.511424,[0.0009999921321868896, 1.5707706212997437, 1.4302352666854858, 6.282896518707275, 1.7816187143325806, 2.0755839347839355, 3.1415908336639404],[-2.3941709486277567]
1691603800.6187668,[0.0009999921917915344, 1.5707632303237915, 1.3377574682235718, 3.539822864695452e-05, 1.8719308376312256, 2.0724308490753174, 3.1415176391601562],[-2.316381260635028]
1691603800.7255104,[0.0009999918341636659, 1.570764422416687, 1.2331657409667969, 7.460443157469854e-05, 1.9764659404754639, 2.0836167335510254, 3.141561985015869],[-2.2251058910589787]
1691603800.8324614,[0.0009999948740005494, 1.5708167552947998, 1.1419074535369873, 6.282960414886475, 2.0658318996429443, 2.088651418685913, 3.141718864440918],[-2.191227120531277]
1691603800.9392052,[0.0009999938011169434, 1.5707981586456299, 1.0500165224075317, 6.031903831171803e-05, 2.157566547393799, 2.091550588607788, 3.1415936946868896],[-2.18333303924735]
1691603801.046783,[0.0009999930262565614, 1.5707694292068481, 0.9841982126235962, 6.283133029937744, 2.2048351764678955, 2.0932233333587646, 3.141680955886841],[-2.195338621374306]
1691603801.1545658,[0.0009999930262565614, 1.5707989931106567, 0.8704153895378113, 6.28314733505249, 2.2406563758850098, 2.093738555908203, 3.141684055328369],[-2.2205010091477515]
1691603801.2615948,[0.0009999926090240479, 1.5708142518997192, 0.8318684101104736, 6.283162593841553, 2.245070457458496, 2.093845844268799, 3.141658306121826],[-2.2487881432929426]
1691603801.3691459,[0.0009999924302101135, 1.5707968473434448, 0.8032272458076477, 6.28314733505249, 2.2502336502075195, 2.0940918922424316, 3.1416428089141846],[-2.265891994647626]
1691603801.4758067,[0.0009999927282333375, 1.570804238319397, 0.7966870069503784, 6.283167839050293, 2.25252628326416, 2.0942134857177734, 3.1416406631469727],[-2.2709902584433657]
1691603801.585512,[0.0009999926686286927, 1.570802092552185, 0.7916402816772461, 6.28314733505249, 2.253167152404785, 2.0942940711975098, 3.141636371612549],[-2.277568663621156]
1691603801.6927307,[0.000999993085861206, 1.570804238319397, 0.789838969707489, 6.283140182495117, 2.253875732421875, 2.0943593978881836, 3.1416420936584473],[-2.273128240091502]
1691603801.801564,[0.0009999933242797851, 1.5707980394363403, 0.7884137630462646, 6.283146858215332, 2.2543039321899414, 2.094411611557007, 3.141645908355713],[-2.2698390375697124]
1691603801.9079902,[0.0009999930262565614, 1.5708043575286865, 0.7882604002952576, 6.283148288726807, 2.254336357116699, 2.0944125652313232, 3.1416406631469727],[-2.2706613381927645]
1691603802.0158525,[0.00099999338388443, 1.5708000659942627, 0.7881810069084167, 6.283149719238281, 2.254333019256592, 2.094409465789795, 3.1416215896606445],[-2.2711547185689622]
1691603802.123464,[0.0009999938011169434, 1.5708000659942627, 0.7881180047988892, 6.28315544128418, 2.2543320655822754, 2.0944061279296875, 3.141606092453003],[-2.2696745774456932]
1691603802.2338202,[0.0009999938011169434, 1.5707968473434448, 0.7880958318710327, 6.283158302307129, 2.254319667816162, 2.0944113731384277, 3.141608476638794],[-2.2652341541716368]
1691603802.342112,[0.000999994397163391, 1.5707989931106567, 0.7880715131759644, 6.283159255981445, 2.2543060779571533, 2.094414710998535, 3.1416127681732178],[-2.262273872068632]
1691603802.4505255,[0.0009999951720237733, 1.5707998275756836, 0.7880536913871765, 6.2831597328186035, 2.25429105758667, 2.094416618347168, 3.1416196823120117],[-2.2639184732291024]
1691603802.556891,[0.0009999949336051942, 1.5707998275756836, 0.7880429029464722, 6.2831621170043945, 2.2542717456817627, 2.0944154262542725, 3.141618490219116],[-2.2621094119536664]
1691603802.6646903,[0.0009999952316284179, 1.5708000659942627, 0.7880367636680603, 6.2831645011901855, 2.2542502880096436, 2.0944137573242188, 3.141608715057373],[-2.2624383321837946]
1691603802.7732384,[0.0009999948143959046, 1.5707987546920776, 0.7880262732505798, 6.283170223236084, 2.254235029220581, 2.0944106578826904, 3.141596794128418],[-2.262273872068632]
1691603802.8814647,[0.0009999949336051942, 1.5708017349243164, 0.7880289554595947, 6.283172607421875, 2.254209041595459, 2.0944104194641113, 3.1415886878967285],[-2.2624383321837946]
1691603802.9902244,[0.0009999945163726807, 1.5708000659942627, 0.7880187630653381, 6.283172130584717, 2.254180431365967, 2.0944082736968994, 3.1415908336639404],[-2.259642510252752]
1691603803.0984664,[0.000999994993209839, 1.570801019668579, 0.7880182266235352, 6.283173561096191, 2.254164457321167, 2.094406843185425, 3.1416008472442627],[-2.257340068705087]
1691603803.2075062,[0.0009999955892562866, 1.5707985162734985, 0.7880128026008606, 6.283176898956299, 2.2541372776031494, 2.0944156646728516, 3.141608715057373],[-2.255202087302395]
1691603803.3152914,[0.0009999952912330627, 1.5707978010177612, 0.7880114912986755, 6.283173561096191, 2.2541260719299316, 2.0944132804870605, 3.1415982246398926],[-2.2583268293636625]
1691603803.4235132,[0.0009999960064888001, 1.570799469947815, 0.7880095839500427, 6.283182621002197, 2.2541117668151855, 2.094411849975586, 3.141599655151367],[-2.2570111484871314]
1691603803.5300486,[0.0009999964237213134, 1.5708004236221313, 0.7880100011825562, 6.283182144165039, 2.2540974617004395, 2.0944058895111084, 3.1415822505950928],[-2.2624383321837946]
1691603803.640132,[0.0009999966621398926, 1.5707968473434448, 0.7880043387413025, 0.0, 2.2540903091430664, 2.0944058895111084, 3.1415815353393555],[-2.2639184732291024]
1691603803.749922,[0.0009999963641166686, 1.570801019668579, 0.7880052924156189, 7.943644959595986e-07, 2.2540855407714844, 2.0944035053253174, 3.141587972640991],[-2.2583268293636625]
1691603803.8577359,[0.000999997079372406, 1.570801019668579, 0.7880056500434875, 2.699083779589273e-06, 2.254086971282959, 2.0944063663482666, 3.1415927410125732],[-2.2614515714957677]
1691603803.9644678,[0.0009999956488609314, 1.5707980394363403, 0.788004994392395, 6.2831830978393555, 2.2540876865386963, 2.094413995742798, 3.1415927410125732],[-2.2568466883784475]
1691603804.0728219,[0.0009999963045120238, 1.570801019668579, 0.7880067825317383, 5.396704636950744e-06, 2.2540862560272217, 2.0944085121154785, 3.1415953636169434],[-2.255037627195868]
1691603804.1797502,[0.000999996542930603, 1.5708013772964478, 0.7880016565322876, 3.809438567259349e-06, 2.254084587097168, 2.094412088394165, 3.141598701477051],[-2.258820209695599]
1691603804.286582,[0.0009999961853027345, 1.5707978010177612, 0.788004994392395, 3.016536993527552e-06, 2.254085063934326, 2.0944063663482666, 3.1415791511535645],[-2.2581623692534096]
1691603804.3935816,[0.0009999964833259582, 1.5708000659942627, 0.7880063056945801, 5.079251423012465e-06, 2.254084825515747, 2.094405174255371, 3.1415762901306152],[-2.2603003507020083]
1691603804.5004632,[0.0009999972581863404, 1.5707978010177612, 0.7880024909973145, 4.921256277157227e-06, 2.2540807723999023, 2.094405174255371, 3.1415889263153076],[-2.2496104437903415]
1691603804.609526,[0.0009999966621398926, 1.570801019668579, 0.788001537322998, 6.283185005187988, 2.254084825515747, 2.0944128036499023, 3.1415956020355225],[-2.256353308053573]
1691603804.7175772,[0.0009999982118606568, 1.5707921981811523, 0.7880056500434875, 6.508522346848622e-06, 2.2540841102600098, 2.0944135189056396, 3.141589641571045],[-2.252899645828845]
1691603804.8265636,[0.0009999991059303284, 1.5708043575286865, 0.7880057692527771, 7.778335202601738e-06, 2.254080057144165, 2.094407796859741, 3.1415936946868896],[-2.2494459836904706]
1691603804.9335535,[0.000999999225139618, 1.5708016157150269, 0.7880020141601562, 3.809438567259349e-06, 2.2540788650512695, 2.0944089889526367, 3.1415960788726807],[-2.2532285660370013]
1691603805.0422683,[0.001000001072883606, 1.5707980394363403, 0.788008451461792, 2.699083779589273e-06, 2.2540831565856934, 2.0944032669067383, 3.1415865421295166],[-2.2555310075160375]
1691603805.1502075,[0.0010000014305114747, 1.5708003044128418, 0.788004994392395, 8.095788871287368e-06, 2.2540841102600098, 2.0944063663482666, 3.141584873199463],[-2.248623683194049]
1691603805.2576518,[0.0010000029802322387, 1.5707991123199463, 0.7880023121833801, 5.079251423012465e-06, 2.254081964492798, 2.0944087505340576, 3.1415867805480957],[-2.255366547409118]
1691603805.3655846,[0.0010000052452087402, 1.570802092552185, 0.788006603717804, 4.921256277157227e-06, 2.2540857791900635, 2.0944087505340576, 3.1415913105010986],[-2.2505972043936744]
1691603805.4731987,[0.0010000051259994507, 1.5708004236221313, 0.7880018353462219, 7.936330803204328e-06, 2.2540812492370605, 2.094407796859741, 3.14159893989563],[-2.254215326666172]
1691603805.5814593,[0.0010000067949295045, 1.5707998275756836, 0.788004994392395, 1.047595651471056e-05, 2.2540857791900635, 2.094407796859741, 3.14159893989563],[-2.2507616644949144]
1691603805.6890726,[0.0010000079870223998, 1.5707987546920776, 0.7880075573921204, 2.8570789254445117e-06, 2.254084587097168, 2.0944063663482666, 3.141582489013672],[-2.247472462507269]
1691603805.795685,[0.0010000096559524536, 1.5708003044128418, 0.7880056500434875, 5.396704636950744e-06, 2.2540807723999023, 2.094402313232422, 3.1415863037109375],[-2.2535574862459415]
1691603805.9047773,[0.0010000112056732177, 1.5708026885986328, 0.7880072593688965, 4.286349849280668e-06, 2.254085063934326, 2.094404935836792, 3.1415822505950928],[-2.2532285660370013]
1691603806.0135174,[0.0010000133514404296, 1.5707981586456299, 0.7880063056945801, 6.666517492703861e-06, 2.2540841102600098, 2.0944085121154785, 3.1415910720825195],[-2.2532285660370013]
1691603806.122163,[0.0010000149011611939, 1.5707954168319702, 0.7879990935325623, 3.333990207465831e-06, 2.2540853023529053, 2.0944063663482666, 3.1415936946868896],[-2.248459223095351]
1691603806.2317,[0.0010000171661376954, 1.5708000659942627, 0.7880036234855652, 4.126891781197628e-06, 2.254082202911377, 2.094409465789795, 3.1416072845458984],[-2.2481303028985424]
1691603806.3395643,[0.0010000189542770386, 1.570797085762024, 0.7880038619041443, 6.0316110648273025e-06, 2.2540841102600098, 2.094404458999634, 3.141594409942627],[-2.2482947629968493]
1691603806.4465644,[0.001000020980834961, 1.5708023309707642, 0.7880077958106995, 8.095788871287368e-06, 2.2540814876556396, 2.09440279006958, 3.141584873199463],[-2.25043274429263]
1691603806.5545886,[0.0010000224113464356, 1.570802927017212, 0.7879979014396667, 7.618877134518698e-06, 2.254084587097168, 2.094404935836792, 3.1415810585021973],[-2.2482947629968493]
1691603806.661557,[0.0010000241994857788, 1.5707987546920776, 0.7880007028579712, 5.238709491095506e-06, 2.254087209701538, 2.094405174255371, 3.1415910720825195],[-2.2448411009734333]
1691603806.7716568,[0.001000025749206543, 1.570799469947815, 0.7880018353462219, 4.286349849280668e-06, 2.254084348678589, 2.094400644302368, 3.141589641571045],[-2.25158396500405]
1691603806.8797264,[0.001000027298927307, 1.5708003044128418, 0.7880018353462219, 8.413241630478296e-06, 2.25408673286438, 2.0944063663482666, 3.141596794128418],[-2.2527351857250606]
1691603806.988458,[0.00100002920627594, 1.5707981586456299, 0.7880018353462219, 6.0316110648273025e-06, 2.2540833950042725, 2.0944008827209473, 3.1415905952453613],[-2.2512550447998088]
1691603807.096437,[0.0010000306367874145, 1.5707978010177612, 0.7880036234855652, 7.778335202601738e-06, 2.2540833950042725, 2.094402551651001, 3.1415936946868896],[-2.2524062655180788]
1691603807.2046065,[0.0010000319480895996, 1.5707989931106567, 0.7880063056945801, 6.508522346848622e-06, 2.254084348678589, 2.0943968296051025, 3.1415834426879883],[-2.2509261245963503]
1691603807.312508,[0.0010000320672988892, 1.5708006620407104, 0.7880024909973145, 1.0952867341984529e-05, 2.2540881633758545, 2.094403028488159, 3.141590118408203],[-2.2453344812572196]
1691603807.4199665,[0.0010000333786010743, 1.5708000659942627, 0.7880018353462219, 7.778335202601738e-06, 2.254086494445801, 2.0944018363952637, 3.141589879989624],[-2.24401880050436]
1691603807.5275033,[0.0010000354051589967, 1.5707955360412598, 0.7880010604858398, 1.5872660696913954e-06, 2.254086971282959, 2.0944035053253174, 3.1415975093841553],[-2.243525420225258]
1691603807.6344132,[0.0010000373125076294, 1.5707972049713135, 0.7880007028579712, 6.0316110648273025e-06, 2.25408935546875, 2.094407081604004, 3.1415915489196777],[-2.2491170634913153]
1691603807.7415478,[0.0010000376701354982, 1.570796012878418, 0.7880024909973145, 8.253783562395256e-06, 2.2540876865386963, 2.094409227371216, 3.1415956020355225],[-2.2522418054148816]
