timestamp,joint_position,linear_potentiometer
1691768884.089546,[0.0, 0.0, 0.0, 0.0, 0.0, 0.0, 0.0],[0]
1691768884.1503754,[0.0010000163316726686, 1.5699979066848755, 2.639997959136963, 6.28318452835083, 0.6000023484230042, 3.039999485015869, 3.140005350112915],[0]
1691768884.2115636,[0.0010000163316726686, 1.5699987411499023, 2.63999605178833, 6.283182621002197, 0.5999993681907654, 3.0399985313415527, 3.1399970054626465],[-2.9885318357795834]
1691768884.2743516,[0.001000015616416931, 1.5700045824050903, 2.6399991512298584, 1.5872660696913954e-06, 0.6000007390975952, 3.0399961471557617, 3.140002489089966],[-2.9658362057130994]
1691768884.3366637,[0.0010000165700912475, 1.5699998140335083, 2.6400012969970703, 2.381630565650994e-06, 0.600002646446228, 3.039998769760132, 3.1399974822998047],[-2.9821178528849908]
1691768884.3985176,[0.0010000157356262207, 1.5699983835220337, 2.6399970054626465, 4.769112820213195e-07, 0.5999977588653564, 3.0399973392486572, 3.140004873275757],[-2.9837624638471474]
1691768884.4605114,[0.0010000152587890626, 1.5700006484985352, 2.640000343322754, 6.283185005187988, 0.6000015735626221, 3.0400002002716064, 3.140000104904175],[-2.9778418645009226]
1691768884.5233243,[0.0010000143051147462, 1.5700010061264038, 2.639998197555542, 4.444344995135907e-06, 0.5999977588653564, 3.0399985313415527, 3.140000820159912],[-3.000208574853181]
1691768884.584477,[0.0010000137090682983, 1.5699957609176636, 2.640000104904175, 6.283182144165039, 0.6000007390975952, 3.040001153945923, 3.139997959136963],[-2.9768550979748474]
1691768884.6474655,[0.0010000123977661132, 1.5699974298477173, 2.640002489089966, 6.283184051513672, 0.5999969840049744, 3.039997100830078, 3.1399946212768555],[-2.965342822503775]
1691768884.7090392,[0.0010000119209289551, 1.5700017213821411, 2.640002965927124, 2.8570789254445117e-06, 0.5999965071678162, 3.0399951934814453, 3.1400015354156494],[-2.9673163553545727]
1691768884.7715392,[0.0010000115633010864, 1.570000410079956, 2.640000104904175, 1.5945806808304042e-07, 0.6000005006790161, 3.0399997234344482, 3.140001058578491],[-2.995274741286714]
1691768884.8341067,[0.00100001060962677, 1.5700024366378784, 2.640000820159912, 6.28318452835083, 0.600002646446228, 3.0399959087371826, 3.140000343322754],[-2.9882029135705537]
1691768884.8957849,[0.00100001060962677, 1.570001482963562, 2.639997959136963, 6.283185005187988, 0.600000262260437, 3.0400052070617676, 3.140000343322754],[-2.9778418645009226]
1691768884.957242,[0.0010000102519989013, 1.5699996948242188, 2.640002727508545, 6.349064278765582e-07, 0.5999996662139893, 3.03999924659729, 3.139997720718384],[-2.9832690805558615]
1691768885.0194283,[0.0010000090599060058, 1.5699998140335083, 2.640000104904175, 6.283184051513672, 0.6000006198883057, 3.039998769760132, 3.140001058578491],[-2.9745526427824482]
1691768885.0804048,[0.0010000079870223998, 1.5699975490570068, 2.640003204345703, 4.921256277157227e-06, 0.59999680519104, 3.0399997234344482, 3.1400034427642822],[-2.986229380337514]
1691768885.143018,[0.001000007152557373, 1.5699998140335083, 2.640000820159912, 1.1118177098978776e-06, 0.600000262260437, 3.040005922317505, 3.1399972438812256],[-2.966329588924674]
1691768885.204924,[0.0010000064373016358, 1.5700026750564575, 2.640003204345703, 6.2831830978393555, 0.6000013947486877, 3.040001153945923, 3.139997959136963],[-2.9868872247445015]
1691768885.267773,[0.0010000065565109253, 1.570000171661377, 2.640001058578491, 2.064177351712715e-06, 0.6000047326087952, 3.04000186920166, 3.1400015354156494],[-2.9827756972668378]
1691768885.3315685,[0.0010000059604644775, 1.5700007677078247, 2.640002727508545, 6.283184051513672, 0.5999990105628967, 3.0400002002716064, 3.140000343322754],[-2.9734014152046737]
1691768885.3944488,[0.0010000053644180298, 1.5700023174285889, 2.6400020122528076, 3.016536993527552e-06, 0.6000031232833862, 3.039999485015869, 3.140002965927124],[-2.974059259533327]
1691768885.4562418,[0.0010000053644180298, 1.56999671459198, 2.6400015354156494, 6.283183574676514, 0.5999994874000549, 3.03999662399292, 3.1399986743927],[-2.956955308289162]
1691768885.5182314,[0.0010000048875808715, 1.5699974298477173, 2.640003204345703, 6.283183574676514, 0.5999956727027893, 3.0400030612945557, 3.1400020122528076],[-3.008431631302649]
1691768885.5788507,[0.0010000042915344239, 1.5699974298477173, 2.640001058578491, 5.873615918972064e-06, 0.6000007390975952, 3.0400004386901855, 3.140000343322754],[-2.9720857265593925]
1691768885.6403446,[0.0010000038146972656, 1.5700002908706665, 2.6400012969970703, 3.016536993527552e-06, 0.5999977588653564, 3.0399982929229736, 3.1399993896484375],[-2.9694543493169125]
1691768885.7027066,[0.0010000042915344239, 1.5700023174285889, 2.640003204345703, 6.283185005187988, 0.6000013947486877, 3.0400025844573975, 3.1399986743927],[-2.943140580407307]
1691768885.7651365,[0.001000003457069397, 1.5700002908706665, 2.639997720718384, 2.064177351712715e-06, 0.6000012755393982, 3.039999485015869, 3.140004873275757],[-2.9814600085071628]
1691768885.8258314,[0.0010000027418136596, 1.5699975490570068, 2.639998197555542, 0.0, 0.6000023484230042, 3.0400009155273438, 3.1399950981140137],[-2.97471710386599]
1691768885.8886135,[0.0010000014305114747, 1.5700002908706665, 2.640000343322754, 0.0, 0.6000000238418579, 3.0400002002716064, 3.1400017738342285],[-2.9268589390805566]
1691768885.9507813,[0.0010000019073486328, 1.5700010061264038, 2.6399996280670166, 3.49198535332107e-06, 0.5999966263771057, 3.0399999618530273, 3.1399996280670166],[-2.9188003498253905]
1691768886.0121298,[0.0010000013113021851, 1.5699989795684814, 2.6400039196014404, 6.283183574676514, 0.5999985337257385, 3.040001153945923, 3.1400020122528076],[-2.9607379126585127]
1691768886.0742605,[0.0010000019073486328, 1.5700030326843262, 2.640002965927124, 6.283185005187988, 0.5999994874000549, 3.03999924659729, 3.1399993896484375],[-3.0354032609087467]
1691768886.1370556,[0.001000002145767212, 1.5699998140335083, 2.640002727508545, 1.5872660696913954e-06, 0.6000001430511475, 3.0400025844573975, 3.1399986743927],[-2.9712634211642324]
1691768886.1989493,[0.0010000033378601075, 1.5700019598007202, 2.6399970054626465, 7.943644959595986e-07, 0.599997878074646, 3.03999924659729, 3.1399970054626465],[-2.9931367468117607]
1691768886.2618542,[0.0010000036954879762, 1.5700017213821411, 2.6399996280670166, 6.283183574676514, 0.5999982357025146, 3.039994239807129, 3.1399998664855957],[-2.980144319763562]
1691768886.3240736,[0.0010000042915344239, 1.570001482963562, 2.640000104904175, 1.7467241377744358e-06, 0.5999982357025146, 3.0399997234344482, 3.140002727508545],[-2.961889140101472]
1691768886.3873134,[0.0010000038146972656, 1.5700006484985352, 2.6400017738342285, 6.283185005187988, 0.600000262260437, 3.040001153945923, 3.140000820159912],[-2.9964259690985733]
1691768886.4476154,[0.0010000025033950807, 1.570000410079956, 2.640000104904175, 6.283184051513672, 0.6000031232833862, 3.0400023460388184, 3.1400022506713867],[-3.0082671701674606]
1691768886.5097387,[0.0010000020265579224, 1.5700021982192993, 2.640002727508545, 1.7467241377744358e-06, 0.6000053882598877, 3.0400006771087646, 3.1400020122528076],[-2.9612312958468547]
1691768886.573088,[0.001000002145767212, 1.5699964761734009, 2.6399991512298584, 1.1118177098978776e-06, 0.6000028848648071, 3.039994478225708, 3.139995574951172],[-3.0219174452509265]
1691768886.6346552,[0.0010000015497207643, 1.5699999332427979, 2.640002965927124, 6.349064278765582e-07, 0.5999977588653564, 3.0399951934814453, 3.1400046348571777],[-2.958599918868318]
1691768886.6968799,[0.001000002384185791, 1.5699999332427979, 2.6399950981140137, 2.2221724975679535e-06, 0.6000010967254639, 3.0399982929229736, 3.1400034427642822],[-2.9508702493629615]
1691768886.7587333,[0.0010000030994415283, 1.5700002908706665, 2.6400020122528076, 6.283182144165039, 0.600001871585846, 3.03999924659729, 3.1399986743927],[-2.934424145859817]
1691768886.8211138,[0.0010000025033950807, 1.569998025894165, 2.640002489089966, 6.283185005187988, 0.6000012755393982, 3.040001630783081, 3.1400022506713867],[-3.0465866215363215]
1691768886.882693,[0.001000003218650818, 1.5699949264526367, 2.6399948596954346, 1.4292709238361567e-06, 0.5999998450279236, 3.04000186920166, 3.140000581741333],[-3.0207662171643093]
1691768886.943687,[0.0010000020265579224, 1.569998860359192, 2.6400034427642822, 7.943644959595986e-07, 0.59999680519104, 3.0399982929229736, 3.1399998664855957],[-2.9933012079237056]
1691768887.0068028,[0.0010000017881393432, 1.5700010061264038, 2.639997959136963, 6.825975560786901e-06, 0.5999974012374878, 3.039997100830078, 3.140000104904175],[-2.9201160378266002]
1691768887.0683224,[0.0010000016689300536, 1.5700006484985352, 2.640000104904175, 4.769112820213195e-07, 0.6000013947486877, 3.0399978160858154, 3.1399986743927],[-2.955310697734937]
1691768887.1311693,[0.001000002384185791, 1.5699996948242188, 2.640000104904175, 2.8570789254445117e-06, 0.6000013947486877, 3.040001392364502, 3.140000104904175],[-2.959093302046928]
1691768887.1922698,[0.001000002145767212, 1.56999933719635, 2.640001058578491, 3.174532139382791e-07, 0.6000005006790161, 3.040001153945923, 3.1400017738342285],[-2.944949651815811]
1691768887.2537107,[0.0010000019073486328, 1.5700017213821411, 2.6399986743927, 1.5945806808304042e-07, 0.5999977588653564, 3.03999924659729, 3.139997959136963],[-2.9990573470006834]
1691768887.3171494,[0.0010000020265579224, 1.570001482963562, 2.639998435974121, 6.28318452835083, 0.6000017523765564, 3.040003776550293, 3.1399996280670166],[-2.958599918868318]
1691768887.3798127,[0.0010000028610229492, 1.56999933719635, 2.640000104904175, 6.283182144165039, 0.599997878074646, 3.0399975776672363, 3.1399974822998047],[-2.997083813568043]
1691768887.441013,[0.0010000025033950807, 1.570001482963562, 2.6400020122528076, 3.968896635342389e-06, 0.5999963283538818, 3.0400002002716064, 3.140002489089966],[-3.003497797357102]
1691768887.5031974,[0.0010000033378601075, 1.570002794265747, 2.6399996280670166, 6.283184051513672, 0.6000013947486877, 3.040001153945923, 3.140000343322754],[-2.9934656690359027]
1691768887.5669947,[0.0010000040531158447, 1.570002794265747, 2.6399993896484375, 1.4292709238361567e-06, 0.6000006198883057, 3.0399982929229736, 3.140001058578491],[-2.955146236680885]
1691768887.628111,[0.0010000038146972656, 1.5700010061264038, 2.639997959136963, 3.016536993527552e-06, 0.6000012755393982, 3.039996862411499, 3.139996290206909],[-2.954652853520225]
1691768887.6900597,[0.0010000052452087402, 1.570002794265747, 2.6400041580200195, 1.4292709238361567e-06, 0.5999993681907654, 3.0400006771087646, 3.140000820159912],[-2.9964259690985733]
1691768887.7524242,[0.0010000051259994507, 1.570000410079956, 2.639998197555542, 6.283184051513672, 0.5999971032142639, 3.039997100830078, 3.1400039196014404],[-2.9898475246257705]
1691768887.81406,[0.0010000065565109253, 1.5699996948242188, 2.639997720718384, 3.809438567259349e-06, 0.5999996662139893, 3.0399978160858154, 3.1399991512298584],[-2.9827756972668378]
1691768887.8769867,[0.0010000078678131105, 1.5699985027313232, 2.640000343322754, 6.2831830978393555, 0.6000031232833862, 3.039996862411499, 3.1399993896484375],[-2.9956036635174126]
1691768887.9383786,[0.0010000085830688477, 1.570001482963562, 2.6400017738342285, 6.28318452835083, 0.6000012755393982, 3.0400006771087646, 3.1400012969970703],[-3.0138588489059863]
1691768888.0014002,[0.0010000091791152953, 1.5699987411499023, 2.639998435974121, 2.064177351712715e-06, 0.5999990105628967, 3.0399997234344482, 3.1399998664855957],[-3.0179703775772224]
1691768888.0639074,[0.0010000101327896117, 1.5700024366378784, 2.640000104904175, 4.769112820213195e-07, 0.5999985337257385, 3.039999485015869, 3.1399996280670166],[-2.981624469601243]
1691768888.125547,[0.0010000115633010864, 1.5699998140335083, 2.6399991512298584, 6.283183574676514, 0.6000033020973206, 3.039996862411499, 3.1399967670440674],[-2.9630403675566663]
1691768888.187391,[0.0010000125169754028, 1.56999933719635, 2.640000343322754, 0.0, 0.5999987125396729, 3.0400023460388184, 3.1399993896484375],[-2.985735997034914]
1691768888.2508063,[0.0010000123977661132, 1.5699998140335083, 2.6399991512298584, 7.943644959595986e-07, 0.5999971032142639, 3.0400028228759766, 3.140000343322754],[-2.943140580407307]
1691768888.3136296,[0.0010000131130218507, 1.5699998140335083, 2.6399972438812256, 6.283182144165039, 0.599999189376831, 3.0399951934814453, 3.1400012969970703],[-2.963533750755496]
1691768888.376855,[0.001000012993812561, 1.5700024366378784, 2.640001058578491, 6.283183574676514, 0.6000022292137146, 3.039997100830078, 3.1400020122528076],[-2.9446207297393023]
1691768888.4384155,[0.0010000126361846924, 1.5700019598007202, 2.640001058578491, 6.283184051513672, 0.600000262260437, 3.040001392364502, 3.1399986743927],[-3.016654688385168]
1691768888.5014765,[0.001000013828277588, 1.5700017213821411, 2.6399972438812256, 6.283183574676514, 0.6000001430511475, 3.0400002002716064, 3.139997959136963],[-2.955310697734937]
1691768888.563499,[0.0010000132322311403, 1.5699999332427979, 2.6400022506713867, 6.349064278765582e-07, 0.6000000238418579, 3.0400004386901855, 3.1399996280670166],[-2.969783271468718]
1691768888.6251783,[0.0010000143051147462, 1.570006251335144, 2.6399998664855957, 3.333990207465831e-06, 0.5999972820281982, 3.039999008178711, 3.1399993896484375],[-2.958764379927605]
1691768888.686625,[0.0010000141859054566, 1.569998025894165, 2.639998435974121, 2.381630565650994e-06, 0.5999996662139893, 3.0399982929229736, 3.139997720718384],[-3.0255355907471317]
1691768888.7485964,[0.0010000144243240356, 1.5700026750564575, 2.639997720718384, 6.283183574676514, 0.6000020503997803, 3.0400021076202393, 3.1399993896484375],[-3.0227397510347087]
1691768888.8099132,[0.0010000141859054566, 1.5700010061264038, 2.639997720718384, 1.1118177098978776e-06, 0.6000000238418579, 3.0399997234344482, 3.1400012969970703],[-3.040008173965161]
1691768888.8718948,[0.0010000134706497192, 1.5700002908706665, 2.640000104904175, 4.126891781197628e-06, 0.5999976396560669, 3.0400021076202393, 3.1399986743927],[-2.9794864753977883]
1691768888.934436,[0.0010000135898590088, 1.5700010061264038, 2.6399941444396973, 6.28318452835083, 0.6000015735626221, 3.0399973392486572, 3.140000343322754],[-3.0201083725489775]
1691768888.9976614,[0.001000012755393982, 1.570001482963562, 2.640002489089966, 6.283182621002197, 0.5999987125396729, 3.040005683898926, 3.1399986743927],[-2.9641915950240993]
1691768889.0586128,[0.001000012993812561, 1.5700019598007202, 2.6399953365325928, 7.943644959595986e-07, 0.6000010967254639, 3.0400047302246094, 3.1400039196014404],[-2.9339307627930387]
1691768889.1219745,[0.0010000126361846924, 1.5699999332427979, 2.6400017738342285, 2.2221724975679535e-06, 0.6000006198883057, 3.040003538131714, 3.1399993896484375],[-2.980637703040529]
1691768889.1842842,[0.0010000125169754028, 1.5700017213821411, 2.6400022506713867, 6.349064278765582e-07, 0.6000005006790161, 3.0399997234344482, 3.1399991512298584],[-2.972908031960814]
1691768889.2467148,[0.0010000119209289551, 1.5700010061264038, 2.639997720718384, 6.283184051513672, 0.599999189376831, 3.0399978160858154, 3.1399998664855957],[-3.0087605535737847]
1691768889.308001,[0.0010000123977661132, 1.5700019598007202, 2.640001058578491, 6.283184051513672, 0.5999972820281982, 3.0399985313415527, 3.140002727508545],[-2.9410025869632586]
1691768889.3708305,[0.0010000120401382447, 1.5700031518936157, 2.6400039196014404, 6.283184051513672, 0.6000005006790161, 3.039999485015869, 3.1400039196014404],[-3.003991180741411]
1691768889.4342036,[0.0010000122785568237, 1.5699985027313232, 2.6399998664855957, 4.286349849280668e-06, 0.5999994874000549, 3.040001153945923, 3.1399986743927],[-2.9600800684108846]
1691768889.4966035,[0.0010000120401382447, 1.5700019598007202, 2.640000104904175, 6.283185005187988, 0.600000262260437, 3.039999485015869, 3.140004873275757],[-3.006951481095071]
1691768889.5587502,[0.0010000120401382447, 1.570002794265747, 2.640001058578491, 2.064177351712715e-06, 0.5999998450279236, 3.0400021076202393, 3.1400015354156494],[-3.0000441137306373]
1691768889.6201084,[0.0010000112056732177, 1.569998025894165, 2.6400036811828613, 0.0, 0.6000034809112549, 3.040001153945923, 3.1400015354156494],[-2.953008243000882]
1691768889.6817932,[0.0010000115633010864, 1.5699987411499023, 2.6400020122528076, 6.283184051513672, 0.6000020503997803, 3.0400047302246094, 3.139997720718384],[-2.9322861525865345]
1691768889.7431114,[0.0010000114440917968, 1.569998860359192, 2.6400020122528076, 2.699083779589273e-06, 0.6000012755393982, 3.0400004386901855, 3.140000343322754],[-2.9610668347838245]
1691768889.8046823,[0.0010000104904174805, 1.5700032711029053, 2.640000104904175, 3.1745321393827908e-06, 0.6000037789344788, 3.040001153945923, 3.140000104904175],[-2.9933012079237056]
1691768889.866784,[0.0010000112056732177, 1.5699985027313232, 2.639998197555542, 6.283183574676514, 0.6000030040740967, 3.039999485015869, 3.139998197555542],[-2.9893541413065625]
1691768889.9297419,[0.0010000104904174805, 1.5699985027313232, 2.640002489089966, 6.283183574676514, 0.5999982357025146, 3.0399985313415527, 3.1400034427642822],[-2.9712634211642324]
1691768889.9922078,[0.0010000102519989013, 1.5699989795684814, 2.640000104904175, 6.283183574676514, 0.6000017523765564, 3.0400002002716064, 3.1399991512298584],[-3.017312532979164]
1691768890.0543723,[0.0010000098943710328, 1.570004940032959, 2.639997720718384, 2.699083779589273e-06, 0.5999974012374878, 3.040001153945923, 3.1400012969970703],[-2.941331509028844]
1691768890.1170194,[0.0010000094175338745, 1.5699992179870605, 2.640000104904175, 3.016536993527552e-06, 0.5999994874000549, 3.0400006771087646, 3.140000104904175],[-2.9900119857326772]
1691768890.1797807,[0.0010000091791152953, 1.570001482963562, 2.6400020122528076, 1.5945806808304042e-07, 0.5999971032142639, 3.03999924659729, 3.1399967670440674],[-2.9508702493629615]
1691768890.2406373,[0.0010000091791152953, 1.5699996948242188, 2.639998197555542, 2.381630565650994e-06, 0.6000034809112549, 3.040003776550293, 3.1399989128112793],[-2.9918210579252715]
1691768890.302373,[0.0010000094175338745, 1.5700019598007202, 2.6399986743927, 6.283184051513672, 0.5999985337257385, 3.03999924659729, 3.1400022506713867],[-2.9941235134872133]
1691768890.3650162,[0.001000008225440979, 1.5700024366378784, 2.6400017738342285, 7.943644959595986e-07, 0.5999976396560669, 3.039999008178711, 3.1399998664855957],[-2.9750460260338256]
1691768890.4275162,[0.001000008225440979, 1.570001244544983, 2.6399991512298584, 9.523596418148372e-07, 0.6000022292137146, 3.0399985313415527, 3.139997720718384],[-2.9714278822427636]
1691768890.4896832,[0.0010000070333480834, 1.5699985027313232, 2.640001058578491, 1.1118177098978776e-06, 0.6000012755393982, 3.039994239807129, 3.140005111694336],[-2.997906119160559]
1691768890.5506039,[0.0010000067949295045, 1.5700041055679321, 2.639998435974121, 1.9047192836296745e-06, 0.5999976396560669, 3.0399999618530273, 3.1400020122528076],[-3.025371129585542]
1691768890.6134198,[0.001000006079673767, 1.5699959993362427, 2.640000581741333, 7.943644959595986e-07, 0.5999971032142639, 3.039994955062866, 3.1400082111358643],[-2.9712634211642324]
1691768890.6751332,[0.0010000059604644775, 1.5699992179870605, 2.6399993896484375, 6.283183574676514, 0.6000034809112549, 3.0400054454803467, 3.1400020122528076],[-2.9880384524664163]
1691768890.7364187,[0.0010000061988830566, 1.5700017213821411, 2.6399986743927, 6.283182621002197, 0.6000015735626221, 3.0400025844573975, 3.1399991512298584],[-2.958599918868318]
1691768890.79971,[0.0010000051259994507, 1.5700006484985352, 2.6399967670440674, 6.283182144165039, 0.6000009179115295, 3.0400002002716064, 3.140000820159912],[-2.980144319763562]
1691768890.861582,[0.0010000047683715822, 1.5700030326843262, 2.640000343322754, 5.396704636950744e-06, 0.6000009179115295, 3.0400030612945557, 3.1400020122528076],[-2.9574486914602907]
1691768890.9238794,[0.0010000041723251343, 1.5699983835220337, 2.639995574951172, 7.943644959595986e-07, 0.5999990105628967, 3.0400006771087646, 3.1399993896484375],[-2.9750460260338256]
1691768890.9862905,[0.0010000044107437134, 1.5700031518936157, 2.640000104904175, 6.349064278765582e-07, 0.599998414516449, 3.0400028228759766, 3.140000104904175],[-2.958599918868318]
1691768891.0499444,[0.001000003457069397, 1.5699979066848755, 2.6400012969970703, 1.1118177098978776e-06, 0.5999982357025146, 3.039996385574341, 3.1400017738342285],[-2.939522437680403]
1691768891.1133075,[0.001000003457069397, 1.570001482963562, 2.6399998664855957, 6.2831807136535645, 0.6000012755393982, 3.03999662399292, 3.140000104904175],[-2.9863938414388835]
1691768891.1734893,[0.0010000026226043702, 1.569997787475586, 2.639998197555542, 1.1118177098978776e-06, 0.6000034809112549, 3.0399982929229736, 3.140000343322754],[-3.0210951394735006]
1691768891.236281,[0.001000001072883606, 1.5699987411499023, 2.6399970054626465, 6.28318452835083, 0.6000006198883057, 3.0399985313415527, 3.1399993896484375],[-3.003991180741411]
1691768891.2995837,[0.0010000019073486328, 1.5700023174285889, 2.6400017738342285, 6.283184051513672, 0.5999993681907654, 3.040003776550293, 3.1400082111358643],[-3.006951481095071]
1691768891.3610446,[0.0010000014305114747, 1.5699996948242188, 2.640000343322754, 3.333990207465831e-06, 0.5999980568885803, 3.0400009155273438, 3.140000581741333],[-2.9643560560918747]
1691768891.4221258,[0.0010000008344650268, 1.5700010061264038, 2.640005350112915, 6.283185005187988, 0.5999972820281982, 3.04000186920166, 3.140002965927124],[-2.9859004581355295]
1691768891.4848013,[0.001000001072883606, 1.5700002908706665, 2.640000581741333, 1.4292709238361567e-06, 0.5999988913536072, 3.0399997234344482, 3.139995574951172],[-2.9832690805558615]
1691768891.546321,[0.0010000015497207643, 1.5700023174285889, 2.6400012969970703, 9.523596418148372e-07, 0.599998414516449, 3.040003538131714, 3.139998435974121],[-3.0023465694692297]
1691768891.6079144,[0.0010000013113021851, 1.5700045824050903, 2.6399991512298584, 1.4292709238361567e-06, 0.6000031232833862, 3.0400002002716064, 3.140000104904175],[-2.9788286310360306]
1691768891.6695724,[0.0010000008344650268, 1.5699998140335083, 2.640002727508545, 6.283184051513672, 0.5999969840049744, 3.040004014968872, 3.140000343322754],[-3.0207662171643093]
1691768891.7312584,[0.0009999998807907104, 1.56999671459198, 2.6400020122528076, 3.174532139382791e-07, 0.5999982357025146, 3.0400002002716064, 3.1399967670440674],[-2.9758683314578014]
1691768891.7942371,[0.0009999983906745912, 1.5700044631958008, 2.6399993896484375, 7.943644959595986e-07, 0.5999993681907654, 3.0400021076202393, 3.1400012969970703],[-2.945114112854437]
1691768891.8567367,[0.0009999969005584717, 1.5699998140335083, 2.6399998664855957, 1.5945806808304042e-07, 0.6000013947486877, 3.0400002002716064, 3.140000104904175],[-2.976032792543349]
1691768891.919486,[0.0009999953508377075, 1.5700010061264038, 2.6400022506713867, 0.0, 0.599998414516449, 3.0400047302246094, 3.1400012969970703],[-3.0280025082015296]
1691768891.9812193,[0.0009999935030937195, 1.5700010061264038, 2.6400012969970703, 6.283184051513672, 0.6000005006790161, 3.0399999618530273, 3.140002727508545],[-3.0128720820484847]
1691768892.0425038,[0.0009999921917915344, 1.5700006484985352, 2.640002727508545, 6.283184051513672, 0.6000017523765564, 3.0399997234344482, 3.1400022506713867],[-2.960902373721044]
1691768892.1038554,[0.0009999908208847047, 1.5699983835220337, 2.640002727508545, 1.7467241377744358e-06, 0.5999980568885803, 3.039999485015869, 3.140000820159912],[-2.9393579766502147]
1691768892.166411,[0.0009999895691871644, 1.5699994564056396, 2.6399996280670166, 6.349064278765582e-07, 0.6000030040740967, 3.039999485015869, 3.140001058578491],[-2.9480744115922093]
1691768892.229022,[0.0009999883770942688, 1.5699994564056396, 2.6400020122528076, 6.283182144165039, 0.6000025272369385, 3.0399961471557617, 3.139998197555542],[-2.9036699389433567]
1691768892.290259,[0.0009999878406524657, 1.5700019598007202, 2.640000820159912, 7.943644959595986e-07, 0.5999998450279236, 3.0399975776672363, 3.140002965927124],[-2.9819533917901566]
1691768892.3535452,[0.0009999865293502809, 1.5700007677078247, 2.640000343322754, 4.126891781197628e-06, 0.5999961495399475, 3.0400006771087646, 3.1400012969970703],[-3.004649025257363]
1691768892.4143813,[0.0009999858140945434, 1.5699989795684814, 2.640000343322754, 6.349064278765582e-07, 0.6000015735626221, 3.0400021076202393, 3.1399986743927],[-3.0365544891540774]
1691768892.4771495,[0.0009999846220016479, 1.570000171661377, 2.6400046348571777, 6.283183574676514, 0.5999987125396729, 3.040001153945923, 3.1399986743927],[-2.9778418645009226]
1691768892.5383658,[0.000999983549118042, 1.5700044631958008, 2.6400020122528076, 6.283178806304932, 0.6000028848648071, 3.0400023460388184, 3.1400015354156494],[-3.0023465694692297]
1691768892.6002192,[0.0009999832510948182, 1.570001244544983, 2.6400017738342285, 6.283183574676514, 0.6000005006790161, 3.0400002002716064, 3.140000104904175],[-2.980637703040529]
1691768892.6627486,[0.0009999826550483703, 1.569998025894165, 2.6400017738342285, 6.283183574676514, 0.6000023484230042, 3.03999662399292, 3.140002489089966],[-2.9600800684108846]
1691768892.7254753,[0.0009999828934669495, 1.570001482963562, 2.639997959136963, 0.0, 0.5999947786331177, 3.0400028228759766, 3.139997720718384],[-2.9326150746258555]
1691768892.786721,[0.0009999820590019227, 1.5699987411499023, 2.6400012969970703, 6.349064278765582e-07, 0.6000010967254639, 3.0399999618530273, 3.139998435974121],[-3.0000441137306373]
1691768892.848897,[0.0009999812245368959, 1.569998860359192, 2.6400012969970703, 6.283184051513672, 0.600000262260437, 3.0399959087371826, 3.1400034427642822],[-2.9641915950240993]
1691768892.9121006,[0.0009999818205833435, 1.5699989795684814, 2.6399996280670166, 6.283184051513672, 0.6000023484230042, 3.0399978160858154, 3.139998435974121],[-2.9839269249447455]
1691768892.974085,[0.0009999816417694091, 1.5699974298477173, 2.6399953365325928, 6.349064278765582e-07, 0.5999956727027893, 3.0399999618530273, 3.1400020122528076],[-2.9962615079818367]
1691768893.0360463,[0.0009999813437461854, 1.570003628730774, 2.639997720718384, 6.283183574676514, 0.599999189376831, 3.040001153945923, 3.1399996280670166],[-2.976197253629147]
1691768893.0972707,[0.000999980926513672, 1.5699957609176636, 2.6399974822998047, 3.809438567259349e-06, 0.6000009179115295, 3.039999485015869, 3.1400039196014404],[-2.9893541413065625]
1691768893.1605923,[0.0009999805092811584, 1.5699987411499023, 2.6399989128112793, 6.28318452835083, 0.6000022292137146, 3.0400021076202393, 3.1400012969970703],[-3.004484564127995]
1691768893.222807,[0.0009999803900718688, 1.5699950456619263, 2.6399989128112793, 1.1118177098978776e-06, 0.6000000238418579, 3.039997100830078, 3.140000104904175],[-2.9868872247445015]
1691768893.2836585,[0.0009999812841415406, 1.5699996948242188, 2.6400036811828613, 6.283182621002197, 0.6000028848648071, 3.039996385574341, 3.139997959136963],[-3.028660352865713]
1691768893.3470798,[0.0009999809861183167, 1.5699994564056396, 2.6400022506713867, 0.0, 0.5999977588653564, 3.0400044918060303, 3.140000343322754],[-2.994945819057024]
1691768893.409806,[0.0009999808073043823, 1.5699983835220337, 2.640000104904175, 6.283182621002197, 0.6000009179115295, 3.03999924659729, 3.139997720718384],[-2.9893541413065625]
1691768893.4719803,[0.0009999810457229615, 1.5699999332427979, 2.6400017738342285, 1.1118177098978776e-06, 0.5999971032142639, 3.0399932861328125, 3.1399996280670166],[-2.9613957569101346]
1691768893.533059,[0.0009999805688858032, 1.5699998140335083, 2.6399967670440674, 3.016536993527552e-06, 0.6000031232833862, 3.0400030612945557, 3.1400012969970703],[-3.013529926619138]
1691768893.5957494,[0.0009999815821647644, 1.5700024366378784, 2.6399967670440674, 3.174532139382791e-07, 0.6000001430511475, 3.0399959087371826, 3.1399993896484375],[-3.0023465694692297]
1691768893.6565857,[0.0009999812245368959, 1.5700017213821411, 2.6399998664855957, 0.0, 0.5999966263771057, 3.039999485015869, 3.1400017738342285],[-2.941660431095422]
1691768893.7179966,[0.0009999808669090271, 1.5699998140335083, 2.6399991512298584, 6.349064278765582e-07, 0.5999972820281982, 3.0399954319000244, 3.1399967670440674],[-2.9847492304365053]
1691768893.780046,[0.000999980628490448, 1.570000171661377, 2.640002489089966, 6.283182621002197, 0.599999189376831, 3.0399980545043945, 3.139998435974121],[-2.9531727040516955]
1691768893.8407292,[0.0009999808073043823, 1.5699970722198486, 2.6400020122528076, 7.943644959595986e-07, 0.5999945998191833, 3.0400073528289795, 3.140005588531494],[-3.0066225588295046]
1691768893.9018805,[0.0009999808669090271, 1.5700010061264038, 2.63999605178833, 6.283184051513672, 0.5999988913536072, 3.0400002002716064, 3.1400039196014404],[-2.9694543493169125]
1691768893.9645128,[0.0009999814629554748, 1.569998860359192, 2.640001058578491, 3.809438567259349e-06, 0.5999987125396729, 3.039999008178711, 3.1399986743927],[-2.989189680200663]
1691768894.0259163,[0.00099998140335083, 1.5699998140335083, 2.6399991512298584, 6.283184051513672, 0.6000023484230042, 3.039996862411499, 3.1400034427642822],[-2.9505413272685534]
1691768894.0877533,[0.0009999812841415406, 1.56999933719635, 2.6399993896484375, 6.283182621002197, 0.6000068187713623, 3.039999485015869, 3.1400017738342285],[-2.9918210579252715]
1691768894.3659675,[0.0009999860525131226, 1.570198655128479, 2.563983201980591, 6.283145427703857, 0.6778169274330139, 2.988511323928833, 3.1400275230407715],[-2.9913276745969957]
1691768894.4287221,[0.000999986469745636, 1.5702793598175049, 2.5314383506774902, 1.7461390598327853e-05, 0.7110078930854797, 2.9666881561279297, 3.140022039413452],[-3.0125431597646792]
1691768894.4906795,[0.000999987006187439, 1.57034170627594, 2.4780311584472656, 6.282972812652588, 0.762489914894104, 2.928283214569092, 3.1400413513183594],[-3.020272833702429]
1691768894.5519805,[0.0009999862909317017, 1.5704984664916992, 2.411672353744507, 0.0002911133924499154, 0.8262284994125366, 2.8880116939544678, 3.139923572540283],[-2.9941235134872133]
1691768894.6136413,[0.0009999865293502809, 1.5705393552780151, 2.3651647567749023, 0.00015238193736877292, 0.8801222443580627, 2.865537166595459, 3.139948844909668],[-3.0082671701674606]
1691768894.6759365,[0.000999985158443451, 1.5705795288085938, 2.330049991607666, 3.412695150473155e-05, 0.9356133937835693, 2.850132465362549, 3.1399009227752686],[-2.9641915950240993]
1691768894.7367435,[0.0009999856948852538, 1.5706135034561157, 2.3081390857696533, 6.283181190490723, 0.9898365139961243, 2.8429625034332275, 3.1399154663085938],[-2.935081989952321]
1691768894.7992089,[0.0009999852180480957, 1.5706355571746826, 2.296677350997925, 6.283083915710449, 1.0453815460205078, 2.8418357372283936, 3.1399173736572266],[-2.8918287492667956]
1691768894.8610468,[0.000999985933303833, 1.570665717124939, 2.290409803390503, 6.283168315887451, 1.09748375415802, 2.84051513671875, 3.139916181564331],[-2.849233369065733]
1691768894.9225647,[0.0009999856948852538, 1.5706944465637207, 2.285799503326416, 6.283146858215332, 1.1502799987792969, 2.83908748626709, 3.139892578125],[-2.8068024658736643]
1691768894.9843528,[0.000999985456466675, 1.5707006454467773, 2.2825639247894287, 6.283095836639404, 1.2035300731658936, 2.8388781547546387, 3.13992977142334],[-2.7306571249048357]
1691768895.0475578,[0.0009999859929084778, 1.570762038230896, 2.280123233795166, 0.00023000290093477815, 1.2441635131835938, 2.8386669158935547, 3.1399118900299072],[-2.642341748483408]
1691768895.109055,[0.0009999861121177673, 1.5707392692565918, 2.277973175048828, 6.283130168914795, 1.3134605884552002, 2.838428497314453, 3.1399734020233154],[-2.621455253766032]
1691768895.170043,[0.0009999861121177673, 1.5707614421844482, 2.2767367362976074, 1.3017044693697244e-05, 1.3674087524414062, 2.838287591934204, 3.1399731636047363],[-2.5541908975451086]
1691768895.230697,[0.0009999868869781494, 1.5707679986953735, 2.2764339447021484, 1.888919905468356e-05, 1.419657826423645, 2.838144302368164, 3.139972448348999],[-2.488735642269535]
1691768895.2918656,[0.000999986231327057, 1.5707889795303345, 2.276026725769043, 9.000164573080838e-05, 1.4736994504928589, 2.83804988861084, 3.1399600505828857],[-2.4338058813391803]
1691768895.3529346,[0.0009999870657920837, 1.5707916021347046, 2.275725841522217, 0.00010603230475680903, 1.5259488821029663, 2.8379454612731934, 3.1399459838867188],[-2.401078280431366]
1691768895.414711,[0.0009999873638153077, 1.5707926750183105, 2.2754313945770264, 0.00011349318810971454, 1.5784173011779785, 2.8379087448120117, 3.1399474143981934],[-2.3629234997692112]
1691768895.4766512,[0.0009999891519546509, 1.5708115100860596, 2.275146245956421, 0.0002446057624183595, 1.6330139636993408, 2.837850570678711, 3.139925003051758],[-2.3056913493324536]
1691768895.537366,[0.0009999884963035584, 1.5708273649215698, 2.2749767303466797, 0.00033889227779582143, 1.687899112701416, 2.8378052711486816, 3.139911413192749],[-2.2292173928937515]
1691768895.5981202,[0.0009999892711639404, 1.5708181858062744, 2.2748868465423584, 0.000308574759401381, 1.7391594648361206, 2.8378031253814697, 3.1399476528167725],[-2.25668222826996]
1691768895.6601388,[0.0009999886751174928, 1.5708160400390625, 2.2748706340789795, 0.0003177809121552855, 1.792343258857727, 2.8377809524536133, 3.1399025917053223],[-2.1714919181441106]
1691768895.722315,[0.0009999899864196777, 1.5708088874816895, 2.2748820781707764, 0.00031254219356924295, 1.8485833406448364, 2.8377721309661865, 3.1399424076080322],[-2.115082146304417]
1691768895.783679,[0.000999990165233612, 1.5708062648773193, 2.2748823165893555, 0.00029381245258264244, 1.9022448062896729, 2.8377695083618164, 3.139986276626587],[-2.100445212005181]
1691768895.8460162,[0.000999990165233612, 1.5708152055740356, 2.274867296218872, 0.0003704796254169196, 1.9535040855407715, 2.8377437591552734, 3.1399757862091064],[-2.0570277974657545]
1691768895.9078758,[0.0009999895095825196, 1.5707981586456299, 2.274893045425415, 0.0002942879218608141, 2.0071816444396973, 2.83777117729187, 3.1399967670440674],[-2.0147616143662916]
1691768895.9709299,[0.0009999904036521912, 1.5707794427871704, 2.2749269008636475, 0.0001271436776733026, 2.0625174045562744, 2.8377695083618164, 3.1400043964385986],[-2.0371281533634082]
1691768896.03249,[0.0009999910593032836, 1.5707752704620361, 2.2749271392822266, 0.00011460500536486506, 2.114891529083252, 2.8377983570098877, 3.1400184631347656],[-2.0136103955365403]
1691768896.0943246,[0.0009999902844429016, 1.5707951784133911, 2.2748947143554688, 6.283179759979248, 2.170757293701172, 2.837792158126831, 3.14005446434021],[-2.0307142190483005]
1691768896.1565347,[0.0009999904036521912, 1.5708354711532593, 2.274837017059326, 0.0004831784463021904, 2.208646297454834, 2.837735652923584, 3.1400413513183594],[-2.0425553287662357]
1691768896.2188835,[0.0009999907016754151, 1.570796012878418, 2.274906873703003, 6.283129692077637, 2.274883508682251, 2.837819814682007, 3.1400675773620605],[-2.048969263585733]
1691768896.281453,[0.000999990463256836, 1.570844054222107, 2.2748401165008545, 9.555634460411966e-05, 2.3166933059692383, 2.8378586769104004, 3.1401731967926025],[-2.0616326741635738]
1691768896.34346,[0.0009999906420707703, 1.570812463760376, 2.274885892868042, 8.254076237790287e-05, 2.3430540561676025, 2.837844133377075, 3.14011549949646],[-2.0384438322309832]
1691768896.4056325,[0.000999990165233612, 1.5707998275756836, 2.2749147415161133, 6.031903831171803e-05, 2.356233835220337, 2.8379008769989014, 3.1401312351226807],[-2.071993647253729]
1691768896.4678733,[0.0009999902248382568, 1.570813775062561, 2.274902582168579, 0.0002555586106609553, 2.360645055770874, 2.837881088256836, 3.140096426010132],[-2.120180404663046]
1691768896.5309558,[0.0009999900460243225, 1.5708158016204834, 2.2749075889587402, 0.00020650991064030677, 2.3630809783935547, 2.8378512859344482, 3.1400718688964844],[-2.1483030588268455]
1691768896.5928617,[0.0009999901056289672, 1.5707926750183105, 2.2749359607696533, 0.00015651028661523014, 2.3660941123962402, 2.8379201889038086, 3.140087604522705],[-2.1376131604014694]
1691768896.654774,[0.0009999899864196777, 1.570805311203003, 2.2749156951904297, 0.00017762019706424326, 2.366868019104004, 2.8378727436065674, 3.1400461196899414],[-2.0994584524421063]
1691768896.7165055,[0.0009999902248382568, 1.570812463760376, 2.2749035358428955, 0.00017079568351618946, 2.367563009262085, 2.8378548622131348, 3.1400325298309326],[-2.0907420765892355]
1691768896.7785769,[0.0009999904036521912, 1.5708128213882446, 2.2749154567718506, 0.00016762115410529077, 2.368622064590454, 2.837873935699463, 3.14001727104187],[-2.145178319205175]
1691768896.840757,[0.0009999906420707703, 1.5708173513412476, 2.274909496307373, 0.0001476201432524249, 2.36907958984375, 2.8378634452819824, 3.140011787414551],[-2.0765985244144565]
1691768896.9026835,[0.0009999902248382568, 1.5708129405975342, 2.2749106884002686, 0.00013317674165591598, 2.3691604137420654, 2.837855339050293, 3.1400203704833984],[-2.120344864613068]
1691768896.9637887,[0.0009999908804893495, 1.5708144903182983, 2.2749252319335938, 0.00012222387886140496, 2.3692398071289062, 2.8378732204437256, 3.1400134563446045],[-2.0928800555242355]
1691768897.0264904,[0.0009999910593032836, 1.570812463760376, 2.274933099746704, 0.00010571484745014459, 2.3692684173583984, 2.837859630584717, 3.140026807785034],[-2.068375529584737]
1691768897.0888138,[0.0009999904036521912, 1.5708125829696655, 2.2749481201171875, 8.730256377020851e-05, 2.369298219680786, 2.8378617763519287, 3.140026092529297],[-2.0474891247569174]
1691768897.150717,[0.0009999908804893495, 1.5708094835281372, 2.2749619483947754, 7.174735219450668e-05, 2.3693225383758545, 2.837879180908203, 3.1400258541107178],[-2.075776224910989]
1691768897.2137072,[0.0009999909400939943, 1.5708122253417969, 2.2749691009521484, 6.492137617897242e-05, 2.369332790374756, 2.837878942489624, 3.1400344371795654],[-2.0715002675664076]
1691768897.2758248,[0.0009999903440475464, 1.5708085298538208, 2.274981737136841, 5.5238324421225116e-05, 2.3693296909332275, 2.837876319885254, 3.140028953552246],[-2.092715595605057]
1691768897.3372276,[0.0009999908208847047, 1.5708122253417969, 2.2749857902526855, 5.650813545798883e-05, 2.369333505630493, 2.837881088256836, 3.140017032623291],[-2.0795588026647143]
1691768897.3988423,[0.0009999902844429016, 1.5708131790161133, 2.274988889694214, 5.317560862749815e-05, 2.369328737258911, 2.8378753662109375, 3.140007734298706],[-2.090248696839409]
1691768897.4602187,[0.0009999900460243225, 1.5708081722259521, 2.274991512298584, 5.301615237840451e-05, 2.369321823120117, 2.8378729820251465, 3.1400046348571777],[-2.082354621066515]
1691768897.521472,[0.000999990463256836, 1.5708099603652954, 2.274996042251587, 5.269869870971888e-05, 2.369316577911377, 2.8378686904907227, 3.1399986743927],[-2.1241274435148694]
1691768897.584285,[0.0009999905824661255, 1.5708115100860596, 2.274998426437378, 4.3175099563086405e-05, 2.3693182468414307, 2.8378703594207764, 3.139997720718384],[-2.109819428185557]
1691768897.6467187,[0.0009999908804893495, 1.570812463760376, 2.2750043869018555, 3.619112976593897e-05, 2.3693172931671143, 2.837873935699463, 3.140001058578491],[-2.0905776166724435]
1691768897.7087026,[0.0009999911189079284, 1.5708142518997192, 2.2750096321105957, 2.3016089471639134e-05, 2.3693199157714844, 2.83786940574646, 3.140011787414551],[-2.11902918501809]
1691768897.7702787,[0.0009999910593032836, 1.5708112716674805, 2.275019645690918, 1.2064685506629758e-05, 2.3693225383758545, 2.8378796577453613, 3.1400177478790283],[-2.0963337138694276]
1691768897.8323143,[0.0009999915957450867, 1.5708144903182983, 2.2750210762023926, 6.191069132910343e-06, 2.3693196773529053, 2.837883472442627, 3.1400203704833984],[-2.0953469543339587]
1691768897.8946724,[0.0009999914169311524, 1.570811152458191, 2.275026559829712, 4.126891781197628e-06, 2.369323253631592, 2.8378851413726807, 3.1400146484375],[-2.109490508309421]
1691768897.956374,[0.0009999916553497315, 1.5708034038543701, 2.2750308513641357, 2.064177351712715e-06, 2.369325637817383, 2.8378872871398926, 3.1400108337402344],[-2.1035699506653516]
1691768898.0176597,[0.0009999915957450867, 1.5708122253417969, 2.2750325202941895, 2.5396257115062326e-06, 2.369323968887329, 2.837895154953003, 3.140002727508545],[-2.0767629843156974]
1691768898.077423,[0.0009999920129776002, 1.570805549621582, 2.2750377655029297, 3.016536993527552e-06, 2.3693277835845947, 2.8378963470458984, 3.1399998664855957],[-2.068539989476873]
1691768898.1403592,[0.0009999916553497315, 1.5708072185516357, 2.2750351428985596, 3.6514434214041103e-06, 2.3693275451660156, 2.8378939628601074, 3.1399903297424316],[-2.1483030588268455]
1691768898.2015882,[0.0009999908208847047, 1.5708115100860596, 2.275038003921509, 1.1905227438546717e-05, 2.3693246841430664, 2.837894916534424, 3.1399829387664795],[-2.1267588028089373]
1691768898.2640893,[0.0009999909400939943, 1.5708115100860596, 2.275034189224243, 9.523596418148372e-06, 2.3693206310272217, 2.837890863418579, 3.139979124069214],[-2.0696912087269106]
1691768898.3261344,[0.0009999910593032836, 1.5708121061325073, 2.275038242340088, 4.6038030632189475e-06, 2.369314432144165, 2.8378841876983643, 3.1399834156036377],[-2.1180424253296537]
1691768898.3877237,[0.0009999909400939943, 1.5708115100860596, 2.275036096572876, 2.381630565650994e-06, 2.3693156242370605, 2.837890625, 3.1399967670440674],[-2.1409023598326358]
1691768898.4491582,[0.0009999920129776002, 1.570805311203003, 2.2750368118286133, 6.2831830978393555, 2.3693103790283203, 2.837886333465576, 3.1400020122528076],[-2.1048856301211303]
1691768898.5123253,[0.0009999914765357971, 1.570811152458191, 2.2750370502471924, 6.283174514770508, 2.3693103790283203, 2.8378868103027344, 3.1400067806243896],[-2.1311992217258102]
1691768898.575388,[0.000999991238117218, 1.5708050727844238, 2.275041341781616, 6.283173084259033, 2.3693087100982666, 2.837893009185791, 3.1400094032287598],[-2.073802706121262]
1691768898.6364985,[0.0009999916553497315, 1.5708109140396118, 2.2750377655029297, 6.283173561096191, 2.369316577911377, 2.837897539138794, 3.1400089263916016],[-2.115739986082611]
1691768898.6986508,[0.0009999919533729554, 1.5708072185516357, 2.275040864944458, 6.283170700073242, 2.3693199157714844, 2.8379032611846924, 3.1400012969970703],[-2.061303754394734]
1691768898.7610297,[0.0009999919533729554, 1.5708075761795044, 2.2750353813171387, 6.2831807136535645, 2.3693182468414307, 2.8379058837890625, 3.13999342918396],[-2.1034054907342092]
1691768898.82159,[0.0009999926686286927, 1.570810317993164, 2.27504301071167, 6.283183574676514, 2.3693182468414307, 2.837907314300537, 3.139988422393799],[-2.0785720432413903]
1691768898.8834171,[0.000999992311000824, 1.5708098411560059, 2.2750422954559326, 6.349064278765582e-07, 2.3693172931671143, 2.8379077911376953, 3.1399855613708496],[-2.089426397260035]
1691768898.9452333,[0.0009999923706054687, 1.5708034038543701, 2.2750420570373535, 7.943644959595986e-07, 2.369316577911377, 2.837907075881958, 3.139984130859375],[-2.069362288940276]
1691768899.00862,[0.000999992847442627, 1.5708122253417969, 2.2750444412231445, 4.126891781197628e-06, 2.3693137168884277, 2.837905168533325, 3.139988660812378],[-2.0687044493691897]
1691768899.0691373,[0.0009999921917915344, 1.5708121061325073, 2.2750394344329834, 2.064177351712715e-06, 2.3693137168884277, 2.837902545928955, 3.1399898529052734],[-2.0839992201510795]
1691768899.1305714,[0.0009999929070472718, 1.570807695388794, 2.2750403881073, 6.283173561096191, 2.3693113327026367, 2.8379011154174805, 3.1399998664855957],[-2.092222215848623]
1691768899.1923623,[0.0009999921917915344, 1.5708063840866089, 2.2750403881073, 6.283172607421875, 2.36930513381958, 2.8379008769989014, 3.1399993896484375],[-2.074131625917727]
1691768899.2540858,[0.0009999927282333375, 1.5708081722259521, 2.2750439643859863, 6.283170223236084, 2.369305372238159, 2.8378992080688477, 3.1400113105773926],[-2.131528141650986]
1691768899.3143184,[0.0009999930262565614, 1.5708056688308716, 2.2750422954559326, 6.283170700073242, 2.3693041801452637, 2.8379039764404297, 3.140007257461548],[-2.1362974806499584]
1691768899.3772364,[0.0009999926090240479, 1.5708072185516357, 2.275038719177246, 6.283173561096191, 2.36930513381958, 2.837900400161743, 3.140003204345703],[-2.048146964234588]
1691768899.439509,[0.000999992847442627, 1.570806622505188, 2.275043487548828, 6.283177375793457, 2.3693008422851562, 2.837905168533325, 3.1399972438812256],[-2.1333372012527967]
1691768899.5018163,[0.0009999935030937195, 1.5708082914352417, 2.2750420570373535, 6.2831830978393555, 2.3693056106567383, 2.837904453277588, 3.139996290206909],[-2.0566988777070554]
1691768899.564449,[0.0009999935030937195, 1.5708069801330566, 2.275045156478882, 6.283180236816406, 2.369309902191162, 2.837913990020752, 3.1399879455566406],[-2.1328438213591534]
1691768899.627045,[0.0009999938607215882, 1.570807695388794, 2.275041103363037, 6.2831830978393555, 2.3693089485168457, 2.8379085063934326, 3.1399919986724854],[-2.1374487004318756]
1691768899.6889193,[0.000999993622303009, 1.5708062648773193, 2.2750425338745117, 6.283182144165039, 2.3693079948425293, 2.8379156589508057, 3.1399872303009033],[-2.039430591389204]
1691768899.7504175,[0.0009999938011169434, 1.5708047151565552, 2.2750418186187744, 6.283182144165039, 2.369309663772583, 2.8379087448120117, 3.139988422393799],[-2.1025831910812656]
1691768899.8126588,[0.0009999937415122986, 1.5708016157150269, 2.275041341781616, 6.283178329467773, 2.3693044185638428, 2.8379034996032715, 3.1399879455566406],[-2.0706779680911795]
1691768899.87511,[0.0009999938607215882, 1.5708094835281372, 2.275040626525879, 6.283176422119141, 2.36930251121521, 2.8379063606262207, 3.140000104904175],[-2.091728836093842]
1691768899.9363256,[0.0009999937415122986, 1.5708030462265015, 2.2750439643859863, 6.283172607421875, 2.369304895401001, 2.837906837463379, 3.140007495880127],[-2.0825190809741483]
1691768899.997683,[0.0009999942779541015, 1.570802927017212, 2.2750420570373535, 6.283170700073242, 2.3693044185638428, 2.8379106521606445, 3.1400105953216553],[-2.1244563634240223]
1691768900.0602725,[0.000999993920326233, 1.5708056688308716, 2.2750391960144043, 6.283171653747559, 2.3692944049835205, 2.8379006385803223, 3.140005588531494],[-2.1361330206818607]
1691768900.122591,[0.0009999940991401674, 1.5708081722259521, 2.275042772293091, 6.283174991607666, 2.3692972660064697, 2.8379015922546387, 3.140002965927124],[-2.0392661315290512]
1691768900.1841822,[0.0009999947547912598, 1.5708026885986328, 2.275038719177246, 6.283180236816406, 2.3693020343780518, 2.837909698486328, 3.139997959136963],[-2.0864661188122393]
1691768900.246401,[0.0009999955892562866, 1.5708059072494507, 2.275038957595825, 6.28318452835083, 2.369300603866577, 2.837904930114746, 3.139991521835327],[-2.114753226416432]
1691768900.3083582,[0.0009999958276748658, 1.570810317993164, 2.2750403881073, 0.0, 2.3692972660064697, 2.837904214859009, 3.139986991882324],[-2.0746250056137914]
1691768900.3707669,[0.0009999951720237733, 1.570804238319397, 2.2750391960144043, 6.283181667327881, 2.36930251121521, 2.8379077911376953, 3.1399946212768555],[-2.0932089753631433]
1691768900.4326193,[0.0009999955892562866, 1.5708030462265015, 2.2750415802001953, 6.283175945281982, 2.369304895401001, 2.8379130363464355, 3.1399993896484375],[-2.077256364020515]
1691768900.4948168,[0.0009999955296516418, 1.5708023309707642, 2.2750473022460938, 6.283173084259033, 2.369302272796631, 2.8379108905792236, 3.140002489089966],[-2.091235456340713]
1691768900.5574093,[0.0009999946355819702, 1.5708036422729492, 2.2750463485717773, 6.28317403793335, 2.369307518005371, 2.8379080295562744, 3.1399986743927],[-2.085479359342832]
1691768900.6191292,[0.0009999953508377075, 1.5708034038543701, 2.2750394344329834, 6.283173561096191, 2.3693020343780518, 2.8379077911376953, 3.1399965286254883],[-2.0785720432413903]
1691768900.6825655,[0.0009999950528144837, 1.570802092552185, 2.275041103363037, 6.283178329467773, 2.3692972660064697, 2.8379015922546387, 3.139998197555542],[-2.10291211094189]
1691768900.7435155,[0.0009999951720237733, 1.570802927017212, 2.2750368118286133, 6.283170700073242, 2.3692965507507324, 2.837904453277588, 3.13999605178833],[-2.1060368496546262]
1691768900.8061163,[0.0009999949336051942, 1.5708032846450806, 2.2750396728515625, 6.283173084259033, 2.3692946434020996, 2.8379125595092773, 3.1400058269500732],[-2.084657059790028]
1691768900.8669522,[0.0009999949336051942, 1.5708036422729492, 2.2750418186187744, 6.283171653747559, 2.369297981262207, 2.8379099369049072, 3.140005111694336],[-2.1075169890681313]
1691768900.9294245,[0.0009999948740005494, 1.5708056688308716, 2.275038480758667, 6.283182621002197, 2.369293212890625, 2.8379061222076416, 3.1399919986724854],[-2.0907420765892355]
1691768900.991308,[0.000999993920326233, 1.570805549621582, 2.275041341781616, 2.381630565650994e-06, 2.3692781925201416, 2.83789324760437, 3.139983892440796],[-2.0835058404237894]
1691768901.0528185,[0.0009999938011169434, 1.5708013772964478, 2.2750396728515625, 1.1118177098978776e-06, 2.369291305541992, 2.8379006385803223, 3.139986515045166],[-2.1321859815035764]
1691768901.1153722,[0.000999993622303009, 1.570802092552185, 2.2750425338745117, 6.283176898956299, 2.369293689727783, 2.837905168533325, 3.139997720718384],[-2.0734737863255255]
1691768901.1781416,[0.0009999931454658508, 1.570799708366394, 2.2750422954559326, 6.283176898956299, 2.3692984580993652, 2.837911367416382, 3.140004873275757],[-2.0389372118092854]
1691768901.240242,[0.0010000215768814088, 1.5708045959472656, 2.2750370502471924, 6.28317403793335, 2.3692915439605713, 2.8379104137420654, 3.140004873275757],[-2.1045567102560785]
1691768901.3025877,[0.0010000224113464356, 1.57080078125, 2.275040864944458, 6.283173561096191, 2.369295597076416, 2.837908983230591, 3.1399986743927],[-2.0997873722957276]
1691768901.364211,[0.0010000228881835937, 1.570801019668579, 2.2750420570373535, 6.283174514770508, 2.369291305541992, 2.837911367416382, 3.1399922370910645],[-2.064428492228001]
1691768901.4275613,[0.0010000237226486207, 1.570802927017212, 2.275036573410034, 6.283176898956299, 2.3692944049835205, 2.837907075881958, 3.1399967670440674],[-2.0792298828562092]
1691768901.489061,[0.0010000247955322266, 1.5708006620407104, 2.275040626525879, 6.283171653747559, 2.3692944049835205, 2.8379063606262207, 3.1399974822998047],[-2.0958403341008656]
1691768901.5511963,[0.0010000271797180175, 1.570801019668579, 2.2750449180603027, 6.283177375793457, 2.3692939281463623, 2.837911367416382, 3.1400060653686523],[-2.1052145499869206]
1691768901.6120107,[0.0010000274181365966, 1.570801019668579, 2.2750403881073, 6.283179759979248, 2.369290351867676, 2.8379104137420654, 3.1400039196014404],[-2.0652507916686944]
1691768901.6750705,[0.00100002920627594, 1.5708047151565552, 2.275038242340088, 6.283182144165039, 2.369288921356201, 2.8379034996032715, 3.1399924755096436],[-2.065415251557378]
1691768901.737377,[0.0010000301599502564, 1.5708072185516357, 2.2750396728515625, 1.2698128557531163e-06, 2.3692820072174072, 2.8378982543945312, 3.1399898529052734],[-2.067882149909422]
1691768901.7996252,[0.0010000309944152832, 1.5708006620407104, 2.275041341781616, 6.283180236816406, 2.369286060333252, 2.837902545928955, 3.13999342918396],[-2.077749743726974]
1691768901.8611963,[0.00100003182888031, 1.5707998275756836, 2.275041341781616, 6.28317928314209, 2.3692924976348877, 2.8379085063934326, 3.1400022506713867],[-2.086630578724448]
1691768901.9236004,[0.0010000330209732056, 1.5708013772964478, 2.2750403881073, 6.283171653747559, 2.369293451309204, 2.8379111289978027, 3.140005350112915],[-2.1627755379604117]
1691768901.985378,[0.001000033974647522, 1.5708045959472656, 2.2750401496887207, 6.283176898956299, 2.3692922592163086, 2.837909460067749, 3.140003204345703],[-2.1015964315038174]
1691768902.0475147,[0.0010000348091125488, 1.570801019668579, 2.2750439643859863, 6.283174991607666, 2.369292736053467, 2.837907075881958, 3.1400012969970703],[-2.101925351362229]
1691768902.1101558,[0.0010000365972518922, 1.570801019668579, 2.2750399112701416, 6.283181190490723, 2.369290351867676, 2.8379077911376953, 3.1399924755096436],[-2.1316926016138535]
1691768902.1711488,[0.0010000382661819458, 1.570807695388794, 2.275040626525879, 6.283178329467773, 2.3692901134490967, 2.8379099369049072, 3.1399946212768555],[-2.093866815043164]
1691768902.2322643,[0.0010000387430191041, 1.5707989931106567, 2.2750422954559326, 6.283175468444824, 2.3692898750305176, 2.837911605834961, 3.1400012969970703],[-2.075776224910989]
1691768902.2938187,[0.0010000399351119994, 1.570801019668579, 2.2750396728515625, 6.283178329467773, 2.3692948818206787, 2.83791184425354, 3.1400046348571777],[-2.0734737863255255]
1691768902.355399,[0.001000041127204895, 1.5707998275756836, 2.2750401496887207, 6.283174991607666, 2.3692901134490967, 2.837907075881958, 3.1399993896484375],[-2.072322567046187]
