timestamp,joint_position,linear_potentiometer
1691772234.341957,[0.0, 0.0, 0.0, 0.0, 0.0, 0.0, 0.0],[0]
1691772234.4013712,[0.000999992847442627, 1.569998860359192, 2.6399970054626465, 0.0, 0.5999976396560669, 3.040003776550293, 3.139772891998291],[0]
1691772234.4635623,[0.0009999932646751403, 1.5700026750564575, 2.640000343322754, 4.286349849280668e-06, 0.6000009179115295, 3.0400021076202393, 3.1397738456726074],[0]
1691772234.525329,[0.000999993622303009, 1.5700010061264038, 2.640001058578491, 1.4292709238361567e-06, 0.6000000238418579, 3.0399985313415527, 3.139773368835449],[0]
1691772234.5871603,[0.0009999936819076538, 1.5699994564056396, 2.639998435974121, 9.523596418148372e-07, 0.6000013947486877, 3.039999008178711, 3.139772653579712],[0]
1691772234.6494813,[0.0009999935626983643, 1.5700031518936157, 2.6399972438812256, 5.873615918972064e-06, 0.5999987125396729, 3.0399909019470215, 3.1397736072540283],[0]
1691772234.7112803,[0.0009999934434890747, 1.56999933719635, 2.6399972438812256, 2.8570789254445117e-06, 0.5999972820281982, 3.039992332458496, 3.1397743225097656],[0]
1691772234.7727976,[0.0009999940395355226, 1.5700067281723022, 2.639995574951172, 2.2221724975679535e-06, 0.6000000238418579, 3.039987087249756, 3.1397814750671387],[0]
1691772234.8352816,[0.000999993622303009, 1.569998860359192, 2.6399996280670166, 6.508522346848622e-06, 0.5999996662139893, 3.039980411529541, 3.139779567718506],[0]
1691772234.896986,[0.0009999942183494567, 1.570002794265747, 2.6399929523468018, 5.079251423012465e-06, 0.6000037789344788, 3.0399816036224365, 3.139785051345825],[0]
1691772234.9587302,[0.0009999936819076538, 1.570001244544983, 2.6399970054626465, 6.283184051513672, 0.600006639957428, 3.0399789810180664, 3.139785051345825],[0]
1691772235.0205593,[0.0009999938011169434, 1.5700010061264038, 2.6399998664855957, 6.283182144165039, 0.6000049114227295, 3.0399811267852783, 3.139779806137085],[0]
1691772235.0823922,[0.0009999924898147583, 1.570006012916565, 2.6399948596954346, 6.349064278765582e-07, 0.6000078916549683, 3.039987802505493, 3.139785051345825],[0]
1691772235.1443083,[0.0009999932050704955, 1.5700056552886963, 2.6399986743927, 6.2831830978393555, 0.6000055074691772, 3.039987564086914, 3.1397757530212402],[0]
1691772235.206051,[0.0009999923706054687, 1.5700030326843262, 2.639997720718384, 0.0, 0.600002646446228, 3.039989471435547, 3.1397833824157715],[0]
1691772235.267911,[0.0009999926686286927, 1.5700042247772217, 2.6399970054626465, 2.8570789254445117e-06, 0.5999982357025146, 3.039994239807129, 3.1397833824157715],[0]
1691772235.329746,[0.0009999933242797851, 1.5699962377548218, 2.640000343322754, 6.283183574676514, 0.6000000238418579, 3.039991855621338, 3.1397805213928223],[0]
1691772235.3915932,[0.0009999937415122986, 1.5699962377548218, 2.6399972438812256, 6.283184051513672, 0.5999974012374878, 3.0399959087371826, 3.139788866043091],[0]
1691772235.45369,[0.0009999939799308778, 1.5700002908706665, 2.6399998664855957, 6.825975560786901e-06, 0.5999988913536072, 3.0399978160858154, 3.1397902965545654],[-2.8342674285218123]
1691772235.5164967,[0.0009999936819076538, 1.570002794265747, 2.640000104904175, 4.444344995135907e-06, 0.6000030040740967, 3.0399954319000244, 3.139787197113037],[-2.8408458636803897]
1691772235.5785694,[0.0009999933242797851, 1.5700041055679321, 2.6399970054626465, 5.396704636950744e-06, 0.5999985337257385, 3.0399959087371826, 3.1397883892059326],[-2.834596350270615]
1691772235.6403253,[0.000999993920326233, 1.569998860359192, 2.6399974822998047, 6.3490642787655815e-06, 0.5999966263771057, 3.0400068759918213, 3.1397910118103027],[-2.8429838551897366]
1691772235.7031555,[0.0009999945759773254, 1.569996953010559, 2.6399986743927, 2.5396257115062326e-06, 0.599997878074646, 3.0400028228759766, 3.139785051345825],[-2.8423260116440687]
1691772235.7651432,[0.0009999940395355226, 1.5699987411499023, 2.640000104904175, 9.365601727040485e-06, 0.5999990105628967, 3.0400075912475586, 3.1397900581359863],[-2.8459441511929024]
1691772235.8273635,[0.000999995470046997, 1.56999671459198, 2.639997720718384, 5.396704636950744e-06, 0.599998414516449, 3.040013551712036, 3.139782428741455],[-2.8446284640707535]
1691772235.8900826,[0.000999995470046997, 1.570001482963562, 2.6400043964385986, 5.556162705033785e-06, 0.5999937653541565, 3.0400145053863525, 3.139779567718506],[-2.8446284640707535]
1691772235.9529023,[0.0009999960064888001, 1.5699957609176636, 2.640000104904175, 3.016536993527552e-06, 0.5999961495399475, 3.0400140285491943, 3.1397759914398193],[-2.841832628987344]
1691772236.0145133,[0.0009999969601631165, 1.5699964761734009, 2.6400039196014404, 2.5396257115062326e-06, 0.5999923944473267, 3.0400149822235107, 3.13976788520813],[-2.8388723330924512]
1691772236.0764854,[0.0009999970197677613, 1.5699987411499023, 2.6400084495544434, 5.714157850889023e-06, 0.5999945998191833, 3.0400190353393555, 3.139775276184082],[-2.8457796903017907]
1691772236.139042,[0.0009999967813491821, 1.5699992179870605, 2.640005350112915, 2.381630565650994e-06, 0.5999890565872192, 3.04001784324646, 3.1397705078125],[-2.8528515088372495]
1691772236.2016106,[0.0009999977350234985, 1.56999671459198, 2.6400017738342285, 4.444344995135907e-06, 0.5999922156333923, 3.040012836456299, 3.139760971069336],[-2.8533448915424153]
1691772236.263446,[0.0009999983906745912, 1.5699979066848755, 2.640005350112915, 2.064177351712715e-06, 0.5999898314476013, 3.0400145053863525, 3.1397736072540283],[-2.8553184223848094]
1691772236.3255396,[0.0009999979138374329, 1.5700002908706665, 2.640000820159912, 5.079251423012465e-06, 0.5999928116798401, 3.0400054454803467, 3.139770746231079],[-2.8398590983820933]
1691772236.3880594,[0.0009999983310699464, 1.5699964761734009, 2.6400017738342285, 4.769112820213195e-07, 0.599992036819458, 3.0400044918060303, 3.1397705078125],[-2.8466019947597574]
1691772236.4492185,[0.000999998927116394, 1.5699994564056396, 2.640000104904175, 3.809438567259349e-06, 0.5999926924705505, 3.0400021076202393, 3.1397736072540283],[-2.848575525483454]
1691772236.511317,[0.0009999988675117493, 1.5699982643127441, 2.6400043964385986, 6.283176898956299, 0.5999965071678162, 3.039994955062866, 3.1397705078125],[-2.8584431796230896]
1691772236.573018,[0.0009999990463256836, 1.569998025894165, 2.6400036811828613, 4.126891781197628e-06, 0.6000007390975952, 3.0400009155273438, 3.1397721767425537],[-2.842490472530125]
1691772236.634837,[0.0010000005960464477, 1.570000171661377, 2.6400012969970703, 9.523596418148372e-07, 0.5999990105628967, 3.039997100830078, 3.139768123626709],[-2.847588760117268]
1691772236.6965182,[0.001000001072883606, 1.570001244544983, 2.6399991512298584, 3.174532139382791e-07, 0.5999994874000549, 3.0400023460388184, 3.1397697925567627],[-2.836898802539121]
1691772236.7588024,[0.0010000014305114747, 1.5699979066848755, 2.6399989128112793, 5.556162705033785e-06, 0.599998414516449, 3.0399985313415527, 3.139770030975342],[-2.83854341133116]
1691772236.821843,[0.0010000028610229492, 1.5699985027313232, 2.6399998664855957, 6.283185005187988, 0.6000043749809265, 3.0399904251098633, 3.1397736072540283],[-2.8250576199447095]
1691772236.883783,[0.0010000044107437134, 1.570002794265747, 2.640000343322754, 6.283184051513672, 0.6000039577484131, 3.039987325668335, 3.1397745609283447],[-2.8235774722077243]
1691772236.9469724,[0.0010000054836273194, 1.5700030326843262, 2.639997720718384, 2.699083779589273e-06, 0.6000015735626221, 3.0399839878082275, 3.1397809982299805],[-2.819630411670451]
1691772237.0099025,[0.0010000054836273194, 1.5700050592422485, 2.639993190765381, 6.191069132910343e-06, 0.6000036001205444, 3.0399837493896484, 3.1397743225097656],[-2.8296625241393234]
1691772237.071429,[0.0010000070333480834, 1.5700010061264038, 2.6399967670440674, 6.283182621002197, 0.5999994874000549, 3.039980411529541, 3.1397788524627686],[-2.8217684027777166]
1691772237.133658,[0.0010000088214874268, 1.5700045824050903, 2.6399989128112793, 1.5872660696913954e-06, 0.6000030040740967, 3.0399837493896484, 3.1397812366485596],[-2.819630411670451]
1691772237.1956232,[0.0010000096559524536, 1.56999933719635, 2.63999342918396, 6.283179759979248, 0.6000005006790161, 3.039980888366699, 3.139780044555664],[-2.8114073693261847]
1691772237.2577934,[0.0010000104904174805, 1.5700030326843262, 2.6399929523468018, 6.2831830978393555, 0.6000049114227295, 3.0399842262268066, 3.1397862434387207],[-2.8235774722077243]
1691772237.319239,[0.0010000114440917968, 1.5700002908706665, 2.639997720718384, 6.283185005187988, 0.6000075936317444, 3.0399889945983887, 3.1397905349731445],[-2.8209460985009125]
1691772237.3813179,[0.001000013828277588, 1.5700026750564575, 2.6399967670440674, 6.283185005187988, 0.6000039577484131, 3.039987087249756, 3.1397817134857178],[-2.8219328636337946]
1691772237.4418812,[0.0010000146627426147, 1.5699998140335083, 2.6399946212768555, 6.283182144165039, 0.5999987125396729, 3.0399930477142334, 3.1397883892059326],[-2.8133808994344287]
1691772237.5033815,[0.0010000169277191162, 1.5700017213821411, 2.6399967670440674, 6.2831830978393555, 0.6000036001205444, 3.0399935245513916, 3.13978910446167],[-2.8168345772064742]
1691772237.565865,[0.0010000176429748534, 1.5700019598007202, 2.640000104904175, 6.2831830978393555, 0.6000009179115295, 3.0399961471557617, 3.1397881507873535],[-2.8250576199447095]
1691772237.628051,[0.0010000180006027222, 1.5700021982192993, 2.640000104904175, 3.1745321393827908e-06, 0.6000083684921265, 3.0399999618530273, 3.1397883892059326],[-2.8308137502173216]
1691772237.690431,[0.0010000189542770386, 1.5699974298477173, 2.640000104904175, 3.333990207465831e-06, 0.6000036001205444, 3.0399951934814453, 3.1397862434387207],[-2.827195611154576]
1691772237.7522993,[0.0010000193119049073, 1.5700010061264038, 2.6399967670440674, 1.0317960914107971e-05, 0.6000025272369385, 3.040001153945923, 3.1397857666015625],[-2.824399776503657]
1691772237.814359,[0.0010000191926956177, 1.5699996948242188, 2.6399950981140137, 2.699083779589273e-06, 0.5999961495399475, 3.0400094985961914, 3.139784812927246],[-2.8306492893483166]
1691772237.876423,[0.001000018835067749, 1.5699975490570068, 2.6400022506713867, 6.666517492703861e-06, 0.5999932885169983, 3.040008068084717, 3.1397829055786133],[-2.832787280664078]
1691772237.9385126,[0.001000019907951355, 1.570001482963562, 2.6400041580200195, 3.333990207465831e-06, 0.5999945998191833, 3.04001522064209, 3.139784336090088],[-2.8446284640707535]
1691772238.0003982,[0.00100002121925354, 1.5700007677078247, 2.640007257461548, 1.4292709238361567e-06, 0.5999987125396729, 3.040013313293457, 3.139775276184082],[-2.8411747854484126]
1691772238.0626194,[0.0010000221729278564, 1.5699964761734009, 2.640005350112915, 6.191069132910343e-06, 0.5999952554702759, 3.0400187969207764, 3.139777183532715],[-2.8498912126518694]
1691772238.1250603,[0.0010000232458114624, 1.5699996948242188, 2.6400063037872314, 1.7467241377744358e-06, 0.5999901294708252, 3.04001784324646, 3.1397743225097656],[-2.848246603693761]
1691772238.1881409,[0.0010000250339508056, 1.56999671459198, 2.6400084495544434, 3.1745321393827908e-06, 0.5999948978424072, 3.0400137901306152, 3.1397697925567627],[-2.8526870479360107]
1691772238.2514462,[0.0010000255107879639, 1.5699973106384277, 2.6400017738342285, 5.079251423012465e-06, 0.5999926924705505, 3.0400145053863525, 3.139770269393921],[-2.8572919532619925]
1691772238.3146315,[0.0010000264644622803, 1.5699983835220337, 2.6400036811828613, 5.714157850889023e-06, 0.5999910831451416, 3.0400147438049316, 3.139775276184082],[-2.85301596973873]
1691772238.3756316,[0.001000028967857361, 1.5699982643127441, 2.6400046348571777, 7.301423920580419e-06, 0.5999952554702759, 3.0400092601776123, 3.139774799346924],[-2.849562290858319]
1691772238.4380777,[0.001000028371810913, 1.570001482963562, 2.6399993896484375, 1.7467241377744358e-06, 0.5999923944473267, 3.0400054454803467, 3.139768362045288],[-2.848082142799276]
1691772238.4995291,[0.0010000284910202026, 1.569998860359192, 2.6400022506713867, 4.761798209074186e-06, 0.5999934673309326, 3.0400071144104004, 3.139770746231079],[-2.8521936652337416]
1691772238.5614018,[0.0010000288486480713, 1.5699989795684814, 2.6399996280670166, 6.283183574676514, 0.5999915599822998, 3.0400049686431885, 3.139765739440918],[-2.8503845953440043]
1691772238.6237087,[0.001000030755996704, 1.570003628730774, 2.6399989128112793, 4.126891781197628e-06, 0.599998414516449, 3.0400021076202393, 3.139770984649658],[-2.8429838551897366]
1691772238.684146,[0.0010000325441360473, 1.5700021982192993, 2.640000104904175, 5.556162705033785e-06, 0.5999976396560669, 3.040005683898926, 3.1397740840911865],[-2.8446284640707535]
1691772238.7459667,[0.0010000331401824952, 1.5699946880340576, 2.6400012969970703, 3.968896635342389e-06, 0.5999980568885803, 3.039997100830078, 3.1397719383239746],[-2.8461086120842545]
1691772238.807269,[0.001000032901763916, 1.56999933719635, 2.640000581741333, 6.2831830978393555, 0.6000013947486877, 3.0399959087371826, 3.1397743225097656],[-2.8416681681022506]
1691772238.8701544,[0.0010000331401824952, 1.569998025894165, 2.6399967670440674, 3.016536993527552e-06, 0.6000005006790161, 3.039991617202759, 3.1397769451141357],[-2.836898802539121]
1691772238.9323874,[0.001000033974647522, 1.5700024366378784, 2.640000343322754, 6.283183574676514, 0.600001871585846, 3.0399909019470215, 3.1397721767425537],[-2.826702228564093]
1691772238.9933386,[0.0010000357627868652, 1.5700010061264038, 2.6399998664855957, 3.174532139382791e-07, 0.600004255771637, 3.0399832725524902, 3.139775514602661],[-2.8168345772064742]
1691772239.0558338,[0.0010000367164611818, 1.5700050592422485, 2.639993906021118, 6.28318452835083, 0.6000068187713623, 3.0399839878082275, 3.139777183532715],[-2.815025507884189]
1691772239.1178849,[0.0010000369548797607, 1.570001482963562, 2.639993190765381, 6.283182621002197, 0.6000033020973206, 3.039983034133911, 3.139775276184082],[-2.8169990380553864]
1691772239.1789885,[0.0010000383853912354, 1.570004940032959, 2.6399946212768555, 7.943644959595986e-07, 0.6000036001205444, 3.0399818420410156, 3.1397864818573],[-2.813709821122473]
1691772239.240913,[0.0010000376701354982, 1.5700032711029053, 2.6399924755096436, 2.699083779589273e-06, 0.6000052094459534, 3.0399856567382812, 3.139785051345825],[-2.8112429084853794]
1691772239.3035529,[0.0010000392198562622, 1.5699999332427979, 2.63999605178833, 6.2831830978393555, 0.6000080704689026, 3.039978504180908, 3.1397793292999268],[-2.8171634989045375]
1691772239.3648338,[0.001000040054321289, 1.5699983835220337, 2.6399950981140137, 6.283185005187988, 0.6000020503997803, 3.0399856567382812, 3.139784336090088],[-2.8133808994344287]
1691772239.4263477,[0.001000040888786316, 1.570006012916565, 2.63999605178833, 6.2831830978393555, 0.6000059843063354, 3.0399866104125977, 3.1397883892059326],[-2.816670116357801]
1691772239.4885635,[0.0010000412464141845, 1.5700019598007202, 2.6399970054626465, 6.283183574676514, 0.6000028848648071, 3.0399909019470215, 3.1397864818573],[-2.8248931590840876]
1691772239.5514443,[0.0010000420808792113, 1.5700039863586426, 2.639998197555542, 3.333990207465831e-06, 0.6000009179115295, 3.039991855621338, 3.139784812927246],[-2.8071313875426553]
1691772239.6129894,[0.0010000427961349488, 1.5700042247772217, 2.639996290206909, 6.2831807136535645, 0.6000012755393982, 3.0399951934814453, 3.139781951904297],[-2.809104917576593]
1691772239.6755898,[0.001000043034553528, 1.5699998140335083, 2.6399991512298584, 3.6514434214041103e-06, 0.5999974012374878, 3.039994239807129, 3.1397883892059326],[-2.8163411946611694]
1691772239.7379901,[0.0010000439882278443, 1.5699994564056396, 2.6399998664855957, 3.016536993527552e-06, 0.5999976396560669, 3.0400002002716064, 3.139782428741455],[-2.827195611154576]
1691772239.7991004,[0.0010000450611114503, 1.5700002908706665, 2.6399991512298584, 4.126891781197628e-06, 0.5999990105628967, 3.0400021076202393, 3.1397838592529297],[-2.822261785346668]
1691772239.8611717,[0.0010000455379486084, 1.5699994564056396, 2.6399993896484375, 5.079251423012465e-06, 0.600000262260437, 3.0400054454803467, 3.1397831439971924],[-2.825715463389591]
1691772239.9237318,[0.0010000466108322143, 1.5700026750564575, 2.640000104904175, 2.064177351712715e-06, 0.6000001430511475, 3.0400071144104004, 3.139784097671509],[-2.8359120372754276]
1691772239.9873855,[0.0010000482797622682, 1.569998025894165, 2.6400017738342285, 6.191069132910343e-06, 0.5999948978424072, 3.0400099754333496, 3.1397831439971924],[-2.840516941913329]
1691772240.0498781,[0.001000048518180847, 1.570003628730774, 2.640001058578491, 5.238709491095506e-06, 0.6000009179115295, 3.040008544921875, 3.1397829055786133],[-2.8490689081698015]
1691772240.11157,[0.0010000498294830322, 1.5700067281723022, 2.6400022506713867, 6.283184051513672, 0.599997878074646, 3.0400075912475586, 3.139784336090088],[-2.851206899835721]
1691772240.1736863,[0.0010000500679016114, 1.5699962377548218, 2.639998197555542, 6.28318452835083, 0.599997878074646, 3.040008306503296, 3.1397812366485596],[-2.8538382742497532]
1691772240.2361696,[0.0010000505447387697, 1.5699975490570068, 2.6400036811828613, 1.2382138265820686e-05, 0.5999929904937744, 3.040011405944824, 3.1397786140441895],[-2.8638703897707956]
1691772240.2980685,[0.0010000507831573486, 1.5699983835220337, 2.6400017738342285, 4.6038030632189475e-06, 0.5999936461448669, 3.040015697479248, 3.1397695541381836],[-2.8429838551897366]
1691772240.3598783,[0.0010000526905059814, 1.5700002908706665, 2.640000581741333, 4.921256277157227e-06, 0.5999913811683655, 3.0400195121765137, 3.1397674083709717],[-2.856963031446712]
1691772240.4210923,[0.0010000532865524292, 1.5699985027313232, 2.640003204345703, 3.49198535332107e-06, 0.5999955534934998, 3.040015935897827, 3.1397716999053955],[-2.8567985705394343]
1691772240.483649,[0.0010000554323196412, 1.5699992179870605, 2.6400022506713867, 2.8570789254445117e-06, 0.5999972820281982, 3.04001522064209, 3.139763116836548],[-2.8572919532619925]
1691772240.5454,[0.0010000563859939575, 1.5699950456619263, 2.640002489089966, 5.238709491095506e-06, 0.5999929904937744, 3.040012836456299, 3.139767646789551],[-2.85942994508489]
1691772240.6086588,[0.0010000580549240112, 1.5699979066848755, 2.640003204345703, 3.333990207465831e-06, 0.5999919176101685, 3.0400137901306152, 3.1397716999053955],[-2.8538382742497532]
1691772240.670556,[0.0010000581741333007, 1.5699983835220337, 2.6400034427642822, 6.283182144165039, 0.5999948978424072, 3.0400047302246094, 3.1397674083709717],[-2.8520292043334687]
1691772240.7326639,[0.0010000596046447754, 1.569998860359192, 2.6400041580200195, 6.283181667327881, 0.5999942421913147, 3.040001153945923, 3.1397671699523926],[-2.8502201344463853]
1691772240.794706,[0.0010000604391098022, 1.569998860359192, 2.640002489089966, 5.714157850889023e-06, 0.5999974012374878, 3.03999924659729, 3.1397762298583984],[-2.8572919532619925]
1691772240.8564405,[0.0010000605583190918, 1.5699970722198486, 2.6399996280670166, 6.283182144165039, 0.6000012755393982, 3.0399973392486572, 3.139777660369873],[-2.8388723330924512]
1691772240.9184077,[0.001000061869621277, 1.5700023174285889, 2.639998435974121, 1.2698128557531163e-06, 0.5999996662139893, 3.039994478225708, 3.139773368835449],[-2.8313071328257733]
1691772240.98113,[0.0010000625848770141, 1.5699998140335083, 2.640002727508545, 2.064177351712715e-06, 0.6000025272369385, 3.0399930477142334, 3.139772891998291],[-2.8341029676477705]
1691772241.0433264,[0.001000062346458435, 1.570001244544983, 2.639995813369751, 4.769112820213195e-07, 0.6000010967254639, 3.039989948272705, 3.1397759914398193],[-2.822590707060497]
1691772241.1054735,[0.001000062108039856, 1.570007562637329, 2.63999605178833, 2.381630565650994e-06, 0.5999985337257385, 3.0399906635284424, 3.1397759914398193],[-2.8219328636337946]
1691772241.166685,[0.0010000628232955933, 1.5700072050094604, 2.639996290206909, 4.769112820213195e-07, 0.6000006198883057, 3.0399861335754395, 3.139779567718506],[-2.8308137502173216]
1691772241.228882,[0.0010000625848770141, 1.570002794265747, 2.6399953365325928, 3.174532139382791e-07, 0.6000030040740967, 3.0399816036224365, 3.139779567718506],[-2.821603941921878]
1691772241.2911055,[0.0010000643730163575, 1.5700030326843262, 2.6399946212768555, 6.283182144165039, 0.6000077724456787, 3.0399792194366455, 3.139779567718506],[-2.8378855678114614]
1691772241.3529615,[0.0010000638961791992, 1.5700023174285889, 2.6399974822998047, 6.283185005187988, 0.6000068187713623, 3.039982795715332, 3.1397831439971924],[-2.8235774722077243]
1691772241.414774,[0.0010000637769699097, 1.5700010061264038, 2.639995813369751, 2.2221724975679535e-06, 0.600006639957428, 3.039987325668335, 3.139782190322876],[-2.8301559067427418]
1691772241.4761548,[0.0010000641345977784, 1.5700055360794067, 2.63999342918396, 2.2221724975679535e-06, 0.6000075936317444, 3.039978504180908, 3.1397838592529297],[-2.8283468372074174]
1691772241.5392156,[0.001000064253807068, 1.5700010061264038, 2.639996290206909, 6.283184051513672, 0.6000069975852966, 3.0399909019470215, 3.139780044555664],[-2.830320367611027]
1691772241.6018162,[0.0010000649690628052, 1.5700021982192993, 2.6399993896484375, 5.556162705033785e-06, 0.6000006198883057, 3.039987802505493, 3.1397745609283447],[-2.8329517415361996]
1691772241.6635168,[0.0010000660419464112, 1.5700019598007202, 2.63999605178833, 6.283183574676514, 0.6000068187713623, 3.0399906635284424, 3.139785051345825],[-2.8234130113492553]
1691772241.724978,[0.0010000663995742799, 1.56999933719635, 2.6399996280670166, 2.699083779589273e-06, 0.6000075936317444, 3.039994716644287, 3.139785051345825],[-2.8245642373635613]
1691772241.7861283,[0.0010000663995742799, 1.5699994564056396, 2.640003204345703, 2.064177351712715e-06, 0.5999993681907654, 3.0399961471557617, 3.1397855281829834],[-2.826044385113468]
1691772241.847802,[0.0010000678300857544, 1.5700007677078247, 2.6399974822998047, 3.016536993527552e-06, 0.6000007390975952, 3.040003776550293, 3.1397852897644043],[-2.827360072018549]
1691772241.9091866,[0.0010000685453414918, 1.5699970722198486, 2.6399965286254883, 6.349064278765582e-07, 0.5999980568885803, 3.0400032997131348, 3.1397793292999268],[-2.834925272020378]
1691772241.9712546,[0.0010000693798065186, 1.570000410079956, 2.640000820159912, 6.283183574676514, 0.6000033020973206, 3.039999485015869, 3.1397814750671387],[-2.8263733068383012]
1691772242.0328624,[0.0010000704526901246, 1.5700010061264038, 2.640000343322754, 3.333990207465831e-06, 0.599998414516449, 3.0400078296661377, 3.1397831439971924],[-2.84545076852029]
1691772242.0945177,[0.0010000702142715454, 1.5700021982192993, 2.640002727508545, 7.943644959595986e-07, 0.599996030330658, 3.0400099754333496, 3.1397833824157715],[-2.8406814027967395]
1691772242.1578164,[0.0010000705718994141, 1.5700023174285889, 2.6399993896484375, 6.0316110648273025e-06, 0.5999952554702759, 3.040008068084717, 3.1397831439971924],[-2.8431483160767552]
1691772242.2204769,[0.00100007164478302, 1.5699994564056396, 2.6400063037872314, 1.7467241377744358e-06, 0.5999936461448669, 3.040008306503296, 3.1397790908813477],[-2.845121846739753]
1691772242.28347,[0.0010000728368759156, 1.569996953010559, 2.6399986743927, 5.714157850889023e-06, 0.5999955534934998, 3.0400185585021973, 3.1397745609283447],[-2.853673813347066]
1691772242.3453696,[0.0010000735521316529, 1.5699996948242188, 2.640002727508545, 3.49198535332107e-06, 0.5999939441680908, 3.040011167526245, 3.139777898788452],[-2.856305187819051]
1691772242.4077272,[0.0010000749826431276, 1.5699970722198486, 2.640001058578491, 4.921256277157227e-06, 0.599992036819458, 3.0400168895721436, 3.1397743225097656],[-2.848082142799276]
1691772242.469842,[0.001000074863433838, 1.5699940919876099, 2.640002965927124, 3.809438567259349e-06, 0.5999907851219177, 3.040011405944824, 3.1397640705108643],[-2.852522587035013]
1691772242.5326061,[0.001000074863433838, 1.570002794265747, 2.640007257461548, 3.333990207465831e-06, 0.5999904274940491, 3.040020227432251, 3.1397738456726074],[-2.854331656959265]
1691772242.5946085,[0.0010000768899917603, 1.5699946880340576, 2.640007972717285, 2.8570789254445117e-06, 0.5999922156333923, 3.040013313293457, 3.139768362045288],[-2.8421615507582536]
1691772242.656724,[0.0010000777244567871, 1.5699951648712158, 2.640004873275757, 6.283183574676514, 0.5999928116798401, 3.040009021759033, 3.1397647857666016],[-2.8469309165446304]
1691772242.7185068,[0.0010000791549682618, 1.569997787475586, 2.640002727508545, 2.5396257115062326e-06, 0.5999923944473267, 3.040008306503296, 3.1397693157196045],[-2.8500556735490066]
1691772242.7798324,[0.0010000782012939454, 1.5699994564056396, 2.640002727508545, 3.016536993527552e-06, 0.6000001430511475, 3.040004253387451, 3.1397674083709717],[-2.847588760117268]
1691772242.8425398,[0.0010000791549682618, 1.5699987411499023, 2.6400046348571777, 2.064177351712715e-06, 0.599997878074646, 3.0400004386901855, 3.1397674083709717],[-2.8508779780383104]
1691772242.904785,[0.0010000821352005005, 1.5700021982192993, 2.6400020122528076, 6.283184051513672, 0.5999976396560669, 3.0399985313415527, 3.139770746231079],[-2.8452863076299013]
1691772242.9678845,[0.0010000823736190797, 1.5700010061264038, 2.640002727508545, 7.943644959595986e-07, 0.6000023484230042, 3.03999924659729, 3.139775276184082],[-2.83739218517421]
1691772243.0292015,[0.0010000823736190797, 1.5700019598007202, 2.640000343322754, 6.283183574676514, 0.6000010967254639, 3.039992570877075, 3.13977313041687],[-2.836898802539121]
1691772243.0909274,[0.001000083327293396, 1.5700041055679321, 2.6399946212768555, 2.699083779589273e-06, 0.6000017523765564, 3.039992094039917, 3.139777183532715],[-2.8306492893483166]
1691772243.1534374,[0.0010000832080841065, 1.5700019598007202, 2.6399967670440674, 6.283184051513672, 0.6000041365623474, 3.039987564086914, 3.1397759914398193],[-2.8362409590290314]
1691772243.2155786,[0.0010000829696655274, 1.5700032711029053, 2.6399941444396973, 2.5396257115062326e-06, 0.6000006198883057, 3.0399904251098633, 3.1397757530212402],[-2.8197948725234228]
1691772243.2778368,[0.0010000822544097901, 1.570000410079956, 2.6399950981140137, 6.283181190490723, 0.6000013947486877, 3.039984941482544, 3.139779806137085],[-2.827853454611905]
1691772243.3402047,[0.0010000822544097901, 1.570001482963562, 2.6399941444396973, 6.283180236816406, 0.6000063419342041, 3.0399763584136963, 3.1397786140441895],[-2.8217684027777166]
1691772243.4025822,[0.0010000818967819214, 1.5700019598007202, 2.6399953365325928, 1.4292709238361567e-06, 0.6000028848648071, 3.039982318878174, 3.1397883892059326],[-2.8230840896330345]
1691772243.4633834,[0.0010000799894332886, 1.5700010061264038, 2.63999605178833, 3.016536993527552e-06, 0.6000068187713623, 3.039983034133911, 3.139782190322876],[-2.8202882550837702]
1691772243.5244462,[0.00100007963180542, 1.570000171661377, 2.6399991512298584, 6.283183574676514, 0.6000063419342041, 3.039980888366699, 3.1397786140441895],[-2.821439481066278]
1691772243.5877466,[0.0010000821352005005, 1.570001244544983, 2.6399946212768555, 1.5872660696913954e-06, 0.6000049114227295, 3.0399913787841797, 3.1397829055786133],[-2.8230840896330345]
1691772243.6490164,[0.0010000818967819214, 1.5700010061264038, 2.6399991512298584, 3.174532139382791e-07, 0.600006639957428, 3.0399911403656006, 3.139786720275879],[-2.8275245328827614]
1691772243.71095,[0.0010000813007354737, 1.5700031518936157, 2.639996290206909, 5.079251423012465e-06, 0.6000046133995056, 3.0399909019470215, 3.1397855281829834],[-2.827360072018549]
1691772243.7733574,[0.0010000793933868408, 1.570004940032959, 2.640001058578491, 6.191069132910343e-06, 0.6000025272369385, 3.0399930477142334, 3.1397898197174072],[-2.8311426719560493]
1691772243.8362014,[0.0010000804662704467, 1.56999933719635, 2.6399993896484375, 4.286349849280668e-06, 0.6000036001205444, 3.0399928092956543, 3.139782190322876],[-2.822426246203463]
1691772243.8985462,[0.0010000793933868408, 1.5699998140335083, 2.6399998664855957, 4.126891781197628e-06, 0.6000006198883057, 3.0400025844573975, 3.1397864818573],[-2.834925272020378]
1691772243.9606543,[0.001000078797340393, 1.5699962377548218, 2.6399993896484375, 6.28318452835083, 0.6000010967254639, 3.0399959087371826, 3.1397855281829834],[-2.825715463389591]
1691772244.0222707,[0.001000076413154602, 1.5699999332427979, 2.639997959136963, 6.283178329467773, 0.6000033020973206, 3.0399978160858154, 3.1397805213928223],[-2.8311426719560493]
1691772244.0845711,[0.0010000730752944946, 1.5699994564056396, 2.6400012969970703, 1.5872660696913954e-06, 0.6000043749809265, 3.040010452270508, 3.1397860050201416],[-2.8306492893483166]
1691772244.1459095,[0.0010000673532485963, 1.5700045824050903, 2.6400041580200195, 6.283174991607666, 0.6000052094459534, 3.0399978160858154, 3.139767646789551],[-2.834596350270615]
1691772244.2079432,[0.0010000617504119873, 1.5699931383132935, 2.640007734298706, 6.283174991607666, 0.5999982357025146, 3.0400192737579346, 3.139782667160034],[-2.8265377677010775]
1691772244.269955,[0.0010000557899475099, 1.56999671459198, 2.640005588531494, 6.283171653747559, 0.6000049114227295, 3.04001522064209, 3.139772415161133],[-2.82390639392538]
1691772244.331434,[0.0010000512599945069, 1.569996953010559, 2.6400034427642822, 6.283173561096191, 0.6000034809112549, 3.040012836456299, 3.1397714614868164],[-2.8268666894273475]
1691772244.3942206,[0.0010000420808792113, 1.5699944496154785, 2.6400067806243896, 1.5945806808304042e-07, 0.5999952554702759, 3.0400290489196777, 3.1397838592529297],[-2.8181502640044562]
1691772244.6743019,[0.0013675724267959595, 1.6318031549453735, 2.577016830444336, 0.0641636997461319, 0.5999675989151001, 3.00285005569458, 3.1398062705993652],[-2.8487399863786624]
1691772244.7357478,[0.0015464237928390504, 1.6852121353149414, 2.5086004734039307, 0.12967202067375183, 0.6002125144004822, 2.9578819274902344, 3.139843463897705],[-2.8602522496430423]
1691772244.797042,[0.0016652853488922119, 1.7198201417922974, 2.4609363079071045, 0.17520904541015625, 0.5998567938804626, 2.9185237884521484, 3.139780282974243],[-2.860581171467997]
1691772244.858222,[0.0017515789270401002, 1.7453560829162598, 2.4254493713378906, 0.2074447125196457, 0.6002380847930908, 2.885573148727417, 3.1398534774780273],[-2.861403476034618]
1691772244.9207022,[0.0019015226364135743, 1.7896620035171509, 2.3691632747650146, 0.26454025506973267, 0.6057537198066711, 2.826753854751587, 3.13985538482666],[-2.8561407269127397]
1691772244.9828908,[0.0019915820360183714, 1.8166942596435547, 2.338207960128784, 0.29919782280921936, 0.6124117970466614, 2.7927064895629883, 3.139763116836548],[-2.8342674285218123]
1691772245.0438514,[0.0021435625553131105, 1.8609832525253296, 2.2878975868225098, 0.35724323987960815, 0.626021146774292, 2.7312424182891846, 3.1397383213043213],[-2.8248931590840876]
1691772245.1061063,[0.0022653515338897706, 1.8965363502502441, 2.2502496242523193, 0.40354883670806885, 0.6353573799133301, 2.6827852725982666, 3.139756917953491],[-2.808611535064896]
1691772245.1693258,[0.0023896543979644775, 1.9331833124160767, 2.2116189002990723, 0.45060306787490845, 0.6445573568344116, 2.6345467567443848, 3.1397838592529297],[-2.7957835905117348]
1691772245.232632,[0.0025122408866882326, 1.969677448272705, 2.1649370193481445, 0.4974726140499115, 0.643031120300293, 2.58525013923645, 3.139782667160034],[-2.7781862843031764]
1691772245.2957916,[0.002607095956802368, 1.996325969696045, 2.128227472305298, 0.5338392853736877, 0.6327054500579834, 2.5471701622009277, 3.139735221862793],[-2.7607534415614636]
1691772245.3578265,[0.0027527005672454835, 2.038822889328003, 2.070509910583496, 0.589657187461853, 0.6205317378044128, 2.4878413677215576, 3.1397438049316406],[-2.7344397216515888]
1691772245.4192803,[0.002875577211380005, 2.075132131576538, 2.0216856002807617, 0.6359569430351257, 0.6140956282615662, 2.438640832901001, 3.1397716999053955],[-2.720953942506896]
1691772245.481566,[0.00299707293510437, 2.109954357147217, 1.9729974269866943, 0.6821244955062866, 0.6099683046340942, 2.392803192138672, 3.139772415161133],[-2.7156911998484516]
1691772245.5438411,[0.003120452404022217, 2.1464366912841797, 1.9240449666976929, 0.7294856309890747, 0.6070027351379395, 2.3537182807922363, 3.1397552490234375],[-2.68000323241527]
1691772245.6061113,[0.003214914321899414, 2.1738693714141846, 1.8878756761550903, 0.765773594379425, 0.6050481200218201, 2.3301591873168945, 3.1397435665130615],[-2.6665174595083982]
1691772245.6682053,[0.0033698039054870605, 2.2186622619628906, 1.826283574104309, 0.8255763053894043, 0.6018697023391724, 2.3002004623413086, 3.1396961212158203],[-2.6515515425831095]
1691772245.7297056,[0.0034952096939086913, 2.2550055980682373, 1.776898980140686, 0.8734052777290344, 0.6013428568840027, 2.2851531505584717, 3.139704942703247],[-2.634283179226097]
1691772245.7923343,[0.003622936248779297, 2.2924673557281494, 1.7261375188827515, 0.9228711724281311, 0.601173460483551, 2.277803659439087, 3.13970685005188],[-2.6268824528326085]
1691772245.8551784,[0.003722048044204712, 2.3208091259002686, 1.6870603561401367, 0.9608250260353088, 0.6007015705108643, 2.277355432510376, 3.139718532562256],[-2.6268824528326085]
1691772245.9165325,[0.0038436267375946045, 2.3566854000091553, 1.6390539407730103, 1.0076305866241455, 0.5999022126197815, 2.2825093269348145, 3.139697790145874],[-2.615205752112481]
1691772245.9793415,[0.0039690487384796145, 2.3931539058685303, 1.5899020433425903, 1.0560033321380615, 0.5995561480522156, 2.288220167160034, 3.139730930328369],[-2.6166858972117817]
1691772246.041235,[0.004100419044494629, 2.431443452835083, 1.557195782661438, 1.1061320304870605, 0.5996994972229004, 2.2918567657470703, 3.1397194862365723],[-2.6372434699108855]
1691772246.1038847,[0.004260726928710937, 2.478367805480957, 1.5324501991271973, 1.1684787273406982, 0.5993214249610901, 2.2948763370513916, 3.139737129211426],[-2.6505647788956934]
1691772246.1658149,[0.004362176895141602, 2.5088038444519043, 1.5246394872665405, 1.2075459957122803, 0.5999026894569397, 2.296266555786133, 3.1397464275360107],[-2.6806610750352986]
1691772246.228028,[0.004524431705474854, 2.5566248893737793, 1.5155293941497803, 1.2705565690994263, 0.5993657112121582, 2.2978272438049316, 3.139702081680298],[-2.6920088608064927]
1691772246.2908206,[0.004657694339752197, 2.5951013565063477, 1.5107247829437256, 1.3218680620193481, 0.5993366837501526, 2.298691749572754, 3.1397056579589844],[-2.700067433972987]
1691772246.352982,[0.004768752098083496, 2.636282444000244, 1.5072296857833862, 1.375983715057373, 0.5994200110435486, 2.298953056335449, 3.1396749019622803],[-2.701876501494305]
1691772246.4153676,[0.004836565971374512, 2.6740756034851074, 1.505221962928772, 1.4250216484069824, 0.5993752479553223, 2.2991509437561035, 3.139662742614746],[-2.716020121257671]
1691772246.4775498,[0.004887302875518799, 2.714893102645874, 1.5032286643981934, 1.4789615869522095, 0.5994047522544861, 2.2993054389953613, 3.139639377593994],[-2.718487031856274]
1691772246.5398376,[0.004904860973358154, 2.7339839935302734, 1.5029127597808838, 1.503272294998169, 0.5994020700454712, 2.299354076385498, 3.139639377593994],[-2.720953942506896]
1691772246.603145,[0.004941018104553223, 2.787320137023926, 1.5011590719223022, 1.5719577074050903, 0.599949836730957, 2.2996087074279785, 3.1396453380584717],[-2.7166779640788814]
1691772246.6652691,[0.004962338924407959, 2.8358371257781982, 1.5004072189331055, 1.6374361515045166, 0.5995340943336487, 2.2996864318847656, 3.1396231651306152],[-2.7035211083560093]
1691772246.7276993,[0.004973857879638672, 2.8763270378112793, 1.5003005266189575, 1.689180612564087, 0.5995606184005737, 2.2997450828552246, 3.1396069526672363],[-2.694311310226421]
1691772246.7898612,[0.004977134227752686, 2.8974077701568604, 1.5001754760742188, 1.7172274589538574, 0.5997212529182434, 2.299823045730591, 3.1396093368530273],[-2.6842792095107773]
1691772246.8522675,[0.004987269401550293, 2.947227954864502, 1.499994158744812, 1.7987009286880493, 0.5999810695648193, 2.299968719482422, 3.1395928859710693],[-2.6502358576683624]
1691772246.9136891,[0.0049897780418396, 2.9610955715179443, 1.500102162361145, 1.837103247642517, 0.5998910665512085, 2.299964427947998, 3.1395890712738037],[-2.628691519242375]
1691772246.9758675,[0.004994007587432862, 2.9728405475616455, 1.5000896453857422, 1.8903645277023315, 0.5998998284339905, 2.2999792098999023, 3.139577627182007],[-2.602377828675368]
1691772247.0377078,[0.004995931148529053, 2.9829699993133545, 1.4998022317886353, 1.959821105003357, 0.6003243923187256, 2.3001160621643066, 3.1395535469055176],[-2.567183276431715]
1691772247.1008964,[0.00499685001373291, 2.988218069076538, 1.4997743368148804, 2.0156137943267822, 0.6003772616386414, 2.300123929977417, 3.139533042907715],[-2.529357367010178]
1691772247.163762,[0.004997688293457031, 2.991866111755371, 1.4999583959579468, 2.0516178607940674, 0.6000726819038391, 2.300027847290039, 3.139502763748169],[-2.4657111887044785]
1691772247.2256737,[0.004998133659362793, 2.9944238662719727, 1.4999914169311523, 2.0750911235809326, 0.5999953746795654, 2.300044298171997, 3.1394872665405273],[-2.42739192875174]
1691772247.2868328,[0.00499861478805542, 2.9970946311950684, 1.4999945163726807, 2.0872128009796143, 0.6000017523765564, 2.300015687942505, 3.1394848823547363],[-2.38907268014933]
1691772247.3486018,[0.004998932838439942, 2.9976277351379395, 1.499958872795105, 2.0897178649902344, 0.6000562906265259, 2.3000307083129883, 3.139493465423584],[-2.326248871820487]
1691772247.4104064,[0.004999128818511963, 2.998485565185547, 1.499975323677063, 2.093273639678955, 0.6000362038612366, 2.300025224685669, 3.139486312866211],[-2.2693456571982464]
1691772247.4724143,[0.004999312877655029, 2.9992551803588867, 1.4999746084213257, 2.0961215496063232, 0.6000460386276245, 2.300018310546875, 3.1395058631896973],[-2.2443477206914038]
1691772247.5345623,[0.004999444961547851, 2.999953269958496, 1.499977469444275, 2.097611904144287, 0.6000326871871948, 2.3000025749206543, 3.1395087242126465],[-2.2043839236504144]
1691772247.5958612,[0.004999602317810058, 3.0001516342163086, 1.499969720840454, 2.0989198684692383, 0.6000458598136902, 2.3000195026397705, 3.1394968032836914],[-2.1723142181889084]
1691772247.6575959,[0.004999621391296387, 3.0001533031463623, 1.4999791383743286, 2.099151849746704, 0.6000257134437561, 2.299994945526123, 3.139512062072754],[-2.157183898122166]
1691772247.7194765,[0.004999677658081055, 3.0001556873321533, 1.4999781847000122, 2.0993359088897705, 0.600029468536377, 2.2999985218048096, 3.139509677886963],[-2.157019438130225]
1691772247.7811327,[0.00499984884262085, 3.000157356262207, 1.4999754428863525, 2.099456310272217, 0.6000279188156128, 2.3000130653381348, 3.1395182609558105],[-2.162282157965904]
1691772247.8436742,[0.004999910354614258, 3.0001511573791504, 1.499983549118042, 2.0995748043060303, 0.6000218391418457, 2.2999989986419678, 3.1395153999328613],[-2.169189478043894]
1691772247.9061902,[0.004999911785125733, 3.0001537799835205, 1.4999803304672241, 2.099661350250244, 0.6000203490257263, 2.300011396408081, 3.139523506164551],[-2.179879378823751]
1691772247.9687526,[0.00499991512298584, 3.0001542568206787, 1.4999806880950928, 2.09977126121521, 0.6000241041183472, 2.3000168800354004, 3.139512062072754],[-2.19846336209502]
1691772248.0308008,[0.004999922752380371, 3.0001533031463623, 1.4999809265136719, 2.099811553955078, 0.6000207662582397, 2.3000223636627197, 3.139528274536133],[-2.220665469213398]
1691772248.0916662,[0.004999926090240478, 3.0001485347747803, 1.499977469444275, 2.099846124649048, 0.60002601146698, 2.300025463104248, 3.139524459838867],[-2.2303686134292087]
1691772248.153615,[0.004999927043914795, 3.00014591217041, 1.4999791383743286, 2.0998928546905518, 0.600030779838562, 2.300034999847412, 3.139519453048706],[-2.256188847945674]
1691772248.2152367,[0.004999927520751953, 3.0001511573791504, 1.499976634979248, 2.09991455078125, 0.6000290513038635, 2.3000411987304688, 3.1395270824432373],[-2.271483638820746]
1691772248.2763708,[0.004999931812286377, 3.0001423358917236, 1.499976396560669, 2.0999624729156494, 0.6000291705131531, 2.3000388145446777, 3.1395275592803955],[-2.294672518565698]
1691772248.3382459,[0.004999935150146484, 3.000140905380249, 1.499976396560669, 2.099982738494873, 0.6000282168388367, 2.3000431060791016, 3.139528512954712],[-2.325591031052264]
1691772248.40172,[0.0049999370574951175, 3.000127077102661, 1.4999768733978271, 2.099999189376831, 0.6000183820724487, 2.300041437149048, 3.1395249366760254],[-2.323453048577784]
1691772248.4638007,[0.0049999370574951175, 3.000129461288452, 1.499977946281433, 2.1000077724456787, 0.6000195145606995, 2.300042152404785, 3.1395256519317627],[-2.3426948920753508]
1691772248.5250475,[0.005000093936920166, 3.0001232624053955, 1.499976634979248, 2.1000142097473145, 0.6000209450721741, 2.300032138824463, 3.1395246982574463],[-2.339570148071379]
1691772248.5875301,[0.005000109672546387, 3.000126600265503, 1.4999761581420898, 2.100017547607422, 0.6000183820724487, 2.300039529800415, 3.139514207839966],[-2.3538781870053587]
1691772248.6508813,[0.005000114917755127, 3.0001142024993896, 1.4999783039093018, 2.100029706954956, 0.6000168323516846, 2.300036907196045, 3.139512062072754],[-2.3558517097376277]
1691772248.7130368,[0.005000115394592285, 3.000108480453491, 1.499975323677063, 2.1000285148620605, 0.600013792514801, 2.300029754638672, 3.1394941806793213],[-2.3617722781104633]
1691772248.7746902,[0.005000114917755127, 3.000105381011963, 1.4999786615371704, 2.1000313758850098, 0.6000163555145264, 2.3000307083129883, 3.1394991874694824],[-2.35716739157543]
1691772248.8366876,[0.005000114917755127, 3.00009822845459, 1.4999783039093018, 2.1000256538391113, 0.6000204682350159, 2.3000378608703613, 3.1394925117492676],[-2.356838471114757]
1691772248.899619,[0.005000114917755127, 3.0000953674316406, 1.4999748468399048, 2.1000263690948486, 0.6000228524208069, 2.300036668777466, 3.1394870281219482],[-2.354536027912858]
1691772248.9614367,[0.005000115394592285, 3.0000834465026855, 1.4999678134918213, 2.1000263690948486, 0.6000223755836487, 2.3000402450561523, 3.139493465423584],[-2.342037051226333]
1691772249.023339,[0.005000115394592285, 3.000075101852417, 1.4999711513519287, 2.1000235080718994, 0.600030779838562, 2.3000435829162598, 3.1394917964935303],[-2.350095601850395]
1691772249.0852752,[0.005000115871429444, 3.0000686645507812, 1.499971866607666, 2.100031614303589, 0.6000263094902039, 2.300037384033203, 3.1394922733306885],[-2.3326628194796446]
1691772249.147428,[0.005000116348266602, 3.0000579357147217, 1.4999736547470093, 2.100027561187744, 0.6000185608863831, 2.3000288009643555, 3.139495372772217],[-2.3247687300965154]
1691772249.2083642,[0.005000114440917969, 3.0000531673431396, 1.4999778270721436, 2.1000313758850098, 0.600013792514801, 2.300018548965454, 3.139503002166748],[-2.32115060595098]
1691772249.270805,[0.0050001139640808104, 3.0000522136688232, 1.4999703168869019, 2.100027084350586, 0.6000120639801025, 2.3000147342681885, 3.1395018100738525],[-2.306184729835501]
1691772249.3322663,[0.005000114440917969, 3.000046730041504, 1.499982237815857, 2.1000280380249023, 0.6000102758407593, 2.300004243850708, 3.1395046710968018],[-2.29237007642888]
1691772249.3945427,[0.005000113487243652, 3.0000460147857666, 1.4999781847000122, 2.1000328063964844, 0.600002646446228, 2.3000006675720215, 3.1395082473754883],[-2.3106251544439105]
1691772249.456365,[0.005000114440917969, 3.0000405311584473, 1.49998140335083, 2.100029468536377, 0.6000020503997803, 2.2999916076660156, 3.139507532119751],[-2.272470399580832]
1691772249.5194268,[0.005000112533569336, 3.000037670135498, 1.499980092048645, 2.100027561187744, 0.5999974012374878, 2.2999930381774902, 3.139511823654175],[-2.272141479326681]
1691772249.5810997,[0.005000109195709228, 3.0000343322753906, 1.49998140335083, 2.1000280380249023, 0.6000010967254639, 2.2999889850616455, 3.1395151615142822],[-2.2637540131121705]
1691772249.6430879,[0.005000107288360596, 3.0000290870666504, 1.4999805688858032, 2.1000280380249023, 0.6000010967254639, 2.299992084503174, 3.139521598815918],[-2.254708706983402]
1691772249.7043421,[0.005000106811523438, 3.0000293254852295, 1.499979853630066, 2.100022792816162, 0.6000007390975952, 2.299992084503174, 3.1395246982574463],[-2.2624383321837946]
1691772249.7674513,[0.005000103950500489, 3.000030040740967, 1.4999808073043823, 2.100022554397583, 0.6000049114227295, 2.3000025749206543, 3.1395273208618164],[-2.263260632762555]
1691772249.8296971,[0.005000102519989014, 3.0000221729278564, 1.4999803304672241, 2.1000254154205322, 0.6000013947486877, 2.299996852874756, 3.1395328044891357],[-2.2601358905893996]
1691772249.8935018,[0.005000102996826172, 3.0000219345092773, 1.499980092048645, 2.1000254154205322, 0.6000025272369385, 2.299997568130493, 3.1395256519317627],[-2.258820209695599]
1691772249.9549613,[0.0050001034736633304, 3.0000200271606445, 1.499985933303833, 2.100032091140747, 0.6000010967254639, 2.300001621246338, 3.1395280361175537],[-2.264247393463556]
1691772250.0183063,[0.005000104427337646, 3.000014066696167, 1.4999803304672241, 2.1000349521636963, 0.6000017523765564, 2.300006151199341, 3.139521837234497],[-2.2621094119536664]
1691772250.079871,[0.005000104427337646, 3.0000128746032715, 1.4999803304672241, 2.100029468536377, 0.5999972820281982, 2.3000051975250244, 3.1395211219787598],[-2.2709902584433657]
1691772250.1421947,[0.005000101566314697, 3.000014543533325, 1.49997878074646, 2.1000304222106934, 0.5999971032142639, 2.300001859664917, 3.1395204067230225],[-2.273128240091502]
1691772250.2029934,[0.005000102519989014, 3.0000107288360596, 1.4999803304672241, 2.1000256538391113, 0.5999948978424072, 2.300004482269287, 3.1395280361175537],[-2.290067634331029]
1691772250.2655504,[0.0050001020431518555, 3.0000107288360596, 1.4999836683273315, 2.100027561187744, 0.5999976396560669, 2.300013542175293, 3.1395273208618164],[-2.3065136501718646]
1691772250.3273022,[0.0050001020431518555, 3.000009775161743, 1.4999783039093018, 2.1000308990478516, 0.6000023484230042, 2.300015926361084, 3.1395223140716553],[-2.317039101358224]
1691772250.3891554,[0.005000102519989014, 3.0000100135803223, 1.4999805688858032, 2.1000306606292725, 0.6000052094459534, 2.300018310546875, 3.139523506164551],[-2.3331562000815196]
1691772250.4510486,[0.005000101089477539, 3.0000112056732178, 1.499975562095642, 2.1000254154205322, 0.6000030040740967, 2.3000199794769287, 3.1395208835601807],[-2.3431882727142415]
1691772250.512756,[0.005000101089477539, 3.000011920928955, 1.4999828338623047, 2.1000325679779053, 0.5999919176101685, 2.3000166416168213, 3.1395230293273926],[-2.3734489553993314]
1691772250.5745094,[0.005000101089477539, 3.0000057220458984, 1.499981164932251, 2.100032091140747, 0.5999982357025146, 2.300020933151245, 3.139519691467285],[-2.3632524202449767]
1691772250.6362665,[0.005000101089477539, 3.0000057220458984, 1.499981164932251, 2.100032091140747, 0.5999982357025146, 2.300020933151245, 3.139519691467285],[-2.382329809240159]
1691772250.697942,[0.005000099658966065, 3.0000088214874268, 1.4999791383743286, 2.1000328063964844, 0.6000030040740967, 2.3000283241271973, 3.1395065784454346],[-2.371475432404831]
1691772250.7595766,[0.005000098705291748, 3.000009059906006, 1.4999791383743286, 2.1000375747680664, 0.6000046133995056, 2.3000223636627197, 3.1395010948181152],[-2.377889382244909]
1691772250.821,[0.005000097274780273, 3.0000011920928955, 1.4999775886535645, 2.100031614303589, 0.6000000238418579, 2.300021171569824, 3.1395013332366943],[-2.374435716907649]
1691772250.8825703,[0.005000096321105957, 2.999997615814209, 1.49997878074646, 2.1000335216522217, 0.5999958515167236, 2.300018072128296, 3.1395058631896973],[-2.3731200348981987]
1691772250.9447865,[0.005000096321105957, 3.0000061988830566, 1.4999781847000122, 2.10003662109375, 0.6000025272369385, 2.3000121116638184, 3.139493227005005],[-2.363910261198958]
1691772251.0073006,[0.0050000958442687985, 3.000000238418579, 1.4999769926071167, 2.1000349521636963, 0.6000071167945862, 2.3000152111053467, 3.139493465423584],[-2.37427125665575]
1691772251.0690088,[0.00500009298324585, 3.0000038146972656, 1.499975562095642, 2.1000289916992188, 0.6000112295150757, 2.300018787384033, 3.1394951343536377],[-2.3652259431167253]
1691772251.1319268,[0.005000091552734375, 3.0000009536743164, 1.4999769926071167, 2.1000335216522217, 0.6000102758407593, 2.3000130653381348, 3.139493942260742],[-2.356838471114757]
1691772251.193844,[0.005000092506408691, 2.9999966621398926, 1.4999796152114868, 2.100031852722168, 0.5999961495399475, 2.3000080585479736, 3.139503240585327],[-2.3593053745896713]
1691772251.2552757,[0.005000092506408691, 2.9999990463256836, 1.4999775886535645, 2.100031614303589, 0.5999994874000549, 2.30000376701355, 3.139500141143799],[-2.3494377609648565]
1691772251.3179102,[0.005000096797943115, 2.999998092651367, 1.4999761581420898, 2.1000263690948486, 0.5999996662139893, 2.3000030517578125, 3.1395018100738525],[-2.3431882727142415]
1691772251.3792615,[0.005000093460083008, 2.999995708465576, 1.499975562095642, 2.100027084350586, 0.6000055074691772, 2.299997329711914, 3.1395022869110107],[-2.3454907157198557]
1691772251.4420145,[0.005000093460083008, 2.999997138977051, 1.4999761581420898, 2.100026845932007, 0.5999969840049744, 2.299994945526123, 3.1395106315612793],[-2.3298669961033305]
1691772251.5039344,[0.005000093936920166, 2.9999945163726807, 1.4999823570251465, 2.100026845932007, 0.5999882817268372, 2.299984931945801, 3.1395184993743896],[-2.317039101358224]
1691772251.5662353,[0.0050000944137573245, 2.9999923706054688, 1.499986171722412, 2.1000308990478516, 0.5999961495399475, 2.299984931945801, 3.139511823654175],[-2.3142432783068076]
1691772251.6280391,[0.005000093460083008, 2.999994993209839, 1.4999784231185913, 2.100032329559326, 0.6000006198883057, 2.2999889850616455, 3.1394994258880615],[-2.303882287503331]
1691772251.6907039,[0.005000093460083008, 2.999993324279785, 1.499985933303833, 2.1000306606292725, 0.5999947786331177, 2.299976110458374, 3.1395180225372314],[-2.295001438874141]
1691772251.752998,[0.005000093460083008, 2.9999897480010986, 1.4999892711639404, 2.1000263690948486, 0.5999885201454163, 2.2999792098999023, 3.1395225524902344],[-2.2922056162777418]
1691772251.816414,[0.00500009298324585, 2.9999935626983643, 1.499988317489624, 2.1000349521636963, 0.5999845862388611, 2.299967050552368, 3.1395232677459717],[-2.295001438874141]
1691772251.8787808,[0.005000092029571533, 2.9999969005584717, 1.4999879598617554, 2.100022554397583, 0.5999950170516968, 2.2999870777130127, 3.1395397186279297],[-2.2963171201158734]
1691772251.942058,[0.005000091075897217, 2.9999923706054688, 1.4999827146530151, 2.1000235080718994, 0.59999680519104, 2.2999892234802246, 3.139522075653076],[-2.3004286240784513]
1691772252.004137,[0.005000090122222901, 2.9999961853027344, 1.4999858140945435, 2.1000306606292725, 0.5999854207038879, 2.299976110458374, 3.1395246982574463],[-2.29533035918338]
1691772252.06739,[0.005000090122222901, 2.9999935626983643, 1.4999901056289673, 2.1000313758850098, 0.599989652633667, 2.2999839782714844, 3.139540433883667],[-2.296481580271986]
1691772252.128784,[0.005000090122222901, 2.999993085861206, 1.4999834299087524, 2.100024461746216, 0.5999923944473267, 2.2999846935272217, 3.1395275592803955],[-2.3066781103403464]
1691772252.19066,[0.005000088691711426, 2.999995231628418, 1.4999860525131226, 2.100022792816162, 0.5999950170516968, 2.2999963760375977, 3.139519453048706],[-2.3084871722068434]
1691772252.2522926,[0.0050000882148742674, 2.999995231628418, 1.4999736547470093, 2.1000280380249023, 0.6000000238418579, 2.300004005432129, 3.139523506164551],[-2.317039101358224]
1691772252.3139935,[0.005000086784362793, 2.9999969005584717, 1.4999836683273315, 2.100024461746216, 0.5999906063079834, 2.300002336502075, 3.1395204067230225],[-2.319341543914702]
1691772252.3761218,[0.005000083923339844, 2.999993324279785, 1.4999827146530151, 2.1000285148620605, 0.5999963283538818, 2.300001621246338, 3.1395151615142822],[-2.3348008021008946]
1691772252.4376574,[0.0050000853538513185, 2.999995470046997, 1.4999868869781494, 2.1000235080718994, 0.5999953746795654, 2.3000035285949707, 3.1395251750946045],[-2.354371567685678]
1691772252.4989076,[0.0050000853538513185, 2.9999942779541016, 1.4999841451644897, 2.1000263690948486, 0.5999974012374878, 2.3000035285949707, 3.1395273208618164],[-2.339734608280292]
1691772252.560488,[0.0050000853538513185, 2.9999959468841553, 1.4999792575836182, 2.100029706954956, 0.5999972820281982, 2.3000094890594482, 3.1395182609558105],[-2.3599632155240617]
1691772252.6224196,[0.005000086784362793, 2.9999966621398926, 1.4999816417694092, 2.1000306606292725, 0.6000005006790161, 2.30001163482666, 3.1395182609558105],[-2.3690085287031795]
1691772252.6834476,[0.005000087261199952, 2.9999938011169434, 1.4999839067459106, 2.100020408630371, 0.5999969840049744, 2.300008773803711, 3.1395256519317627],[-2.385290093986931]
1691772252.7454963,[0.005000086784362793, 2.999993324279785, 1.4999793767929077, 2.1000287532806396, 0.5999965071678162, 2.300014019012451, 3.1395156383514404],[-2.386605776118014]
1691772252.8071442,[0.0050000882148742674, 2.999994993209839, 1.4999796152114868, 2.1000263690948486, 0.600001871585846, 2.3000123500823975, 3.1395068168640137],[-2.390881743135107]
1691772252.8692517,[0.005000087738037109, 2.9999916553497314, 1.499984860420227, 2.100027561187744, 0.5999976396560669, 2.3000118732452393, 3.1395041942596436],[-2.3867702363853263]
1691772252.930962,[0.005000088691711426, 2.9999959468841553, 1.4999816417694092, 2.100029468536377, 0.5999980568885803, 2.3000104427337646, 3.1394894123077393],[-2.384138872133042]
1691772252.9933548,[0.00500006914138794, 2.999997138977051, 1.4999808073043823, 2.100027561187744, 0.6000020503997803, 2.3000192642211914, 3.139512538909912],[-2.3905528225903825]
1691772253.0548377,[0.00500006914138794, 2.9999966621398926, 1.4999831914901733, 2.1000332832336426, 0.5999928116798401, 2.3000094890594482, 3.1394855976104736],[-2.3885792993393573]
1691772253.1183076,[0.0050000686645507815, 2.9999966621398926, 1.4999783039093018, 2.1000263690948486, 0.6000013947486877, 2.3000242710113525, 3.1394968032836914],[-2.3844677926616953]
1691772253.1805296,[0.005000068187713623, 2.9999916553497314, 1.499976634979248, 2.1000306606292725, 0.6000093817710876, 2.3000166416168213, 3.1394810676574707],[-2.3839744118690236]
1691772253.2427926,[0.005000068187713623, 2.999997615814209, 1.4999713897705078, 2.1000211238861084, 0.6000107526779175, 2.300018072128296, 3.1394968032836914],[-2.3691729889485234]
1691772253.3043396,[0.005000066757202148, 2.999995231628418, 1.49997878074646, 2.1000192165374756, 0.6000072360038757, 2.3000125885009766, 3.1395013332366943],[-2.3647325623960307]
1691772253.3682723,[0.00500006628036499, 2.9999921321868896, 1.4999841451644897, 2.100020170211792, 0.5999987125396729, 2.300008773803711, 3.13950514793396],[-2.352891425650214]
1691772253.430481,[0.005000065326690674, 2.9999969005584717, 1.499984622001648, 2.1000239849090576, 0.6000013947486877, 2.3000030517578125, 3.1395020484924316],[-2.343023812501075]
1691772253.4924624,[0.005000064849853516, 2.9999969005584717, 1.499986171722412, 2.1000149250030518, 0.600000262260437, 2.2999987602233887, 3.139509916305542],[-2.3321694388795873]
1691772253.5545037,[0.005000065326690674, 2.999993324279785, 1.4999860525131226, 2.1000263690948486, 0.5999952554702759, 2.2999887466430664, 3.1395113468170166],[-2.323453048577784]
1691772253.6180494,[0.005000064373016358, 2.999994993209839, 1.4999854564666748, 2.1000211238861084, 0.599994421005249, 2.2999773025512695, 3.1395020484924316],[-2.313749897774338]
1691772253.6793773,[0.005000058650970459, 2.999993324279785, 1.4999918937683105, 2.100017547607422, 0.5999996662139893, 2.2999863624572754, 3.1395132541656494],[-2.305362428998088]
1691772253.740793,[0.0050000567436218266, 2.9999959468841553, 1.4999876022338867, 2.10002064704895, 0.5999913811683655, 2.2999751567840576, 3.1395092010498047],[-2.2968105005848085]
1691772253.8027081,[0.005000054836273193, 2.9999959468841553, 1.4999855756759644, 2.1000149250030518, 0.5999937653541565, 2.299980878829956, 3.1395132541656494],[-2.295494819338298]
1691772253.8661058,[0.005000055313110352, 2.999995231628418, 1.4999905824661255, 2.1000170707702637, 0.5999952554702759, 2.299985408782959, 3.1395246982574463],[-2.295494819338298]
1691772253.9271734,[0.005000053882598877, 2.9999923706054688, 1.4999922513961792, 2.1000173091888428, 0.5999941229820251, 2.299976348876953, 3.1395299434661865],[-2.29533035918338]
1691772253.9883766,[0.005000052928924561, 2.9999916553497314, 1.49998939037323, 2.100010871887207, 0.6000007390975952, 2.2999825477600098, 3.1395344734191895],[-2.295494819338298]
1691772254.0495658,[0.005000052928924561, 2.999992609024048, 1.4999866485595703, 2.100008010864258, 0.5999972820281982, 2.299982786178589, 3.13952374458313],[-2.296974960741518]
1691772254.1130927,[0.005000052928924561, 2.999995231628418, 1.499988079071045, 2.100015163421631, 0.599994421005249, 2.299985647201538, 3.1395277976989746],[-2.301744305372791]
1691772254.1752195,[0.005000051975250244, 2.9999959468841553, 1.4999845027923584, 2.100010871887207, 0.600000262260437, 2.2999844551086426, 3.1395227909088135],[-2.2968105005848085]
1691772254.2384539,[0.005000051021575928, 2.999993324279785, 1.499987006187439, 2.100013256072998, 0.5999942421913147, 2.2999894618988037, 3.139519453048706],[-2.3091450128915696]
1691772254.2995386,[0.005000049591064453, 2.999995470046997, 1.4999903440475464, 2.100020170211792, 0.599992036819458, 2.299988031387329, 3.139514923095703],[-2.3122697561877525]
1691772254.3612287,[0.005000049591064453, 2.999995231628418, 1.4999865293502808, 2.1000165939331055, 0.5999994874000549, 2.2999932765960693, 3.1395163536071777],[-2.3313471378835273]
1691772254.4230754,[0.005000049114227295, 2.999994993209839, 1.4999916553497314, 2.1000137329101562, 0.5999926924705505, 2.299997329711914, 3.1395175457000732],[-2.344175033997496]
1691772254.485653,[0.005000049114227295, 2.999995231628418, 1.4999892711639404, 2.100022554397583, 0.5999953746795654, 2.2999956607818604, 3.1395161151885986],[-2.3665416250475713]
1691772254.5471087,[0.005000048160552979, 2.9999959468841553, 1.4999840259552002, 2.1000149250030518, 0.600005030632019, 2.300004482269287, 3.139514446258545],[-2.370324210671661]
1691772254.608133,[0.005000048637390137, 2.9999940395355225, 1.4999843835830688, 2.1000185012817383, 0.6000022292137146, 2.300006151199341, 3.139517307281494],[-2.3944998691815647]
1691772254.6704257,[0.005000050067901611, 2.9999940395355225, 1.4999911785125732, 2.100013256072998, 0.599999189376831, 2.3000051975250244, 3.139521837234497],[-2.409794675847819]
1691772254.7329342,[0.005000049591064453, 2.9999959468841553, 1.4999866485595703, 2.10001802444458, 0.5999937653541565, 2.3000078201293945, 3.1395161151885986],[-2.4293654525908943]
1691772254.7959466,[0.005000049114227295, 2.9999911785125732, 1.4999912977218628, 2.1000115871429443, 0.5999877452850342, 2.3000059127807617, 3.1395254135131836],[-2.450416375420837]
1691772254.8582091,[0.005000048637390137, 2.9999892711639404, 1.4999854564666748, 2.100018262863159, 0.5999891757965088, 2.30000901222229, 3.1395175457000732],[-2.4658756490723124]
1691772254.9212234,[0.005000049114227295, 2.999995470046997, 1.4999874830245972, 2.100015878677368, 0.5999955534934998, 2.3000147342681885, 3.139514207839966],[-2.456172487732413]
1691772254.9846094,[0.005000046253204346, 2.9999940395355225, 1.4999873638153076, 2.100010395050049, 0.6000015735626221, 2.300018310546875, 3.1395039558410645],[-2.464395505769438]
1691772255.0471778,[0.005000046253204346, 2.9999947547912598, 1.4999834299087524, 2.1000170707702637, 0.6000082492828369, 2.3000168800354004, 3.1394920349121094],[-2.4721251432072022]
1691772255.108368,[0.005000041007995605, 2.999994993209839, 1.4999854564666748, 2.1000149250030518, 0.59999680519104, 2.3000082969665527, 3.1394901275634766],[-2.4627509021197063]
1691772255.170408,[0.005000040531158447, 2.9999914169311523, 1.4999871253967285, 2.1000168323516846, 0.5999971032142639, 2.3000142574310303, 3.1394917964935303],[-2.4601195363241763]
1691772255.2324085,[0.005000039577484131, 2.999994993209839, 1.4999860525131226, 2.1000149250030518, 0.6000031232833862, 2.3000168800354004, 3.13948392868042],[-2.4615996795774944]
1691772255.294531,[0.005000039100646973, 2.999994993209839, 1.4999855756759644, 2.100013256072998, 0.600004255771637, 2.3000118732452393, 3.139493942260742],[-2.463244283212402]
1691772255.3570218,[0.005000039577484131, 2.9999969005584717, 1.4999876022338867, 2.1000118255615234, 0.6000031232833862, 2.300002098083496, 3.13950252532959],[-2.458968313805665]
1691772255.419392,[0.0050000400543212895, 2.999994993209839, 1.4999864101409912, 2.1000077724456787, 0.600009024143219, 2.3000106811523438, 3.139498710632324],[-2.4569947895123234]
1691772255.4818318,[0.0050000400543212895, 2.999990463256836, 1.499989628791809, 2.1000144481658936, 0.6000005006790161, 2.2999935150146484, 3.1395022869110107],[-2.4568303291559186]
1691772255.5427978,[0.0050000400543212895, 2.9999959468841553, 1.49998939037323, 2.1000094413757324, 0.5999996662139893, 2.3000004291534424, 3.139502763748169],[-2.470316079084002]
1691772255.6056573,[0.005000039577484131, 2.9999921321868896, 1.499992847442627, 2.10001540184021, 0.5999937653541565, 2.2999913692474365, 3.1394994258880615],[-2.4543634238351997]
1691772255.6677682,[0.005000039577484131, 2.999997615814209, 1.49998939037323, 2.1000118255615234, 0.5999977588653564, 2.2999892234802246, 3.139497756958008],[-2.4481139305685478]
1691772255.7310176,[0.0050000400543212895, 2.9999921321868896, 1.4999948740005493, 2.100005626678467, 0.5999982357025146, 2.2999837398529053, 3.13950252532959],[-2.4563369480879724]
1691772255.7932959,[0.005000039577484131, 2.999990463256836, 1.499996542930603, 2.1000053882598877, 0.5999931693077087, 2.299980640411377, 3.139514446258545],[-2.436930627586945]
1691772255.85449,[0.005000039577484131, 2.9999899864196777, 1.4999953508377075, 2.100010871887207, 0.599984884262085, 2.299988269805908, 3.1395201683044434],[-2.444002422006415]
1691772255.9181771,[0.005000040531158447, 2.9999895095825195, 1.4999961853027344, 2.100006580352783, 0.5999903082847595, 2.2999746799468994, 3.139519214630127],[-2.4505808357690095]
1691772255.9807682,[0.005000040531158447, 2.999988079071045, 1.4999933242797852, 2.100008010864258, 0.5999939441680908, 2.299973487854004, 3.139517307281494],[-2.452554359963532]
1691772256.042819,[0.0050000400543212895, 2.9999938011169434, 1.4999979734420776, 2.100003242492676, 0.5999882817268372, 2.2999703884124756, 3.1395370960235596],[-2.442028897943297]
