timestamp,joint_position,linear_potentiometer
1691621994.704898,[0.0, 0.0, 0.0, 0.0, 0.0, 0.0, 0.0],[0]
1691621994.7573688,[0.00099997079372406, 1.569998860359192, 2.640000581741333, 9.206143658957444e-06, 0.5999993681907654, 3.03999924659729, 3.1400091648101807],[0]
1691621994.819162,[0.0009999708533287048, 1.5700044631958008, 2.6399993896484375, 8.730695299163926e-06, 0.5999994874000549, 3.0399956703186035, 3.140001058578491],[-2.7615757454050716]
1691621994.8812342,[0.0009999709725379943, 1.5700019598007202, 2.640001058578491, 1.7301932530244812e-05, 0.5999928116798401, 3.0399978160858154, 3.1400108337402344],[-2.8332806632811636]
1691621994.942356,[0.0009999713897705079, 1.570003628730774, 2.639998197555542, 1.7619386198930442e-05, 0.599989652633667, 3.039989709854126, 3.1400084495544434],[-2.943633963515738]
1691621995.0031717,[0.000999972105026245, 1.570002794265747, 2.639997720718384, 2.3175547539722174e-05, 0.5999882817268372, 3.03999924659729, 3.1400177478790283],[-3.001853186092505]
1691621995.0646398,[0.0009999728798866271, 1.5700056552886963, 2.639995813369751, 3.206423934898339e-05, 0.5999884009361267, 3.039992332458496, 3.1400208473205566],[-3.0997076007574087]
1691621995.1263726,[0.000999972701072693, 1.5700032711029053, 2.639993906021118, 2.508026773284655e-05, 0.5999895334243774, 3.0399961471557617, 3.1400187015533447],[-3.2095677929766526]
1691621995.1873958,[0.000999973177909851, 1.5700002908706665, 2.6400012969970703, 1.2382138265820686e-05, 0.5999945998191833, 3.0400028228759766, 3.140026569366455],[-3.246571627025204]
1691621995.249231,[0.0009999740719795226, 1.5700054168701172, 2.640000104904175, 2.6508076189202257e-05, 0.5999904274940491, 3.040005683898926, 3.14003324508667],[-3.327651187179364]
1691621995.3107402,[0.0009999744296073914, 1.570004940032959, 2.6399967670440674, 3.619112976593897e-05, 0.5999885201454163, 3.039994955062866, 3.140026092529297],[-3.3345585767391244]
1691621995.3724155,[0.0009999755024909973, 1.5700026750564575, 2.639998435974121, 2.920715996879153e-05, 0.5999917387962341, 3.039999008178711, 3.1400279998779297],[-3.419420831636631]
1691621995.4340632,[0.000999975860118866, 1.5700030326843262, 2.6399953365325928, 2.904770190070849e-05, 0.5999844074249268, 3.0400004386901855, 3.140019178390503],[-3.346564278808058]
1691621995.496038,[0.0009999761581420898, 1.5700010061264038, 2.6400012969970703, 2.460335599607788e-05, 0.5999869704246521, 3.039992570877075, 3.140014410018921],[-3.3875152463908567]
1691621995.5572207,[0.0009999765753746033, 1.570000171661377, 2.639998197555542, 1.9841558241751045e-05, 0.5999895334243774, 3.0399978160858154, 3.140014171600342],[-3.3431105835402652]
1691621995.6192477,[0.000999976933002472, 1.5699974298477173, 2.6399970054626465, 1.6667025192873552e-05, 0.5999906063079834, 3.0400002002716064, 3.140011787414551],[-3.266471472339445]
1691621995.6801686,[0.0009999773502349853, 1.5700007677078247, 2.640000104904175, 1.6032119674491696e-05, 0.5999998450279236, 3.04000186920166, 3.1400139331817627],[-3.19262826460078]
1691621995.7427647,[0.0009999781250953675, 1.5699985027313232, 2.6399993896484375, 9.048148058354855e-06, 0.5999963283538818, 3.0400002002716064, 3.1400132179260254],[-3.1725639725210493]
1691621995.8050158,[0.000999978005886078, 1.5699982643127441, 2.640005350112915, 5.396704636950744e-06, 0.600000262260437, 3.04000186920166, 3.140014410018921],[-3.18374734794508]
1691621995.8668482,[0.0009999785423278808, 1.5699951648712158, 2.639998435974121, 6.283183574676514, 0.6000010967254639, 3.0400028228759766, 3.140005588531494],[-3.001195341593743]
1691621995.928683,[0.00099997878074646, 1.5699979066848755, 2.6400034427642822, 6.283175945281982, 0.6000118851661682, 3.040008068084717, 3.140005111694336],[-2.9153466688972305]
1691621995.9905412,[0.0009999788999557496, 1.5699979066848755, 2.6400036811828613, 6.283173561096191, 0.600009024143219, 3.040006399154663, 3.139986991882324],[-2.813545360278331]
1691621996.052465,[0.000999979555606842, 1.569993257522583, 2.640005588531494, 6.283171653747559, 0.600009024143219, 3.0400049686431885, 3.1399881839752197],[-2.693489006857002]
1691621996.1140847,[0.0009999805092811584, 1.5699973106384277, 2.6400036811828613, 6.28316593170166, 0.6000101566314697, 3.040001153945923, 3.139983654022217],[-2.6527027668953833]
1691621996.1759677,[0.0009999806880950928, 1.5699962377548218, 2.640002727508545, 6.283166408538818, 0.6000128388404846, 3.039999485015869, 3.139976739883423],[-2.49991894979625]
1691621996.2374656,[0.0009999810457229615, 1.5699964761734009, 2.6400089263916016, 6.283163547515869, 0.6000164747238159, 3.039994239807129, 3.1399734020233154],[-2.4119326597182598]
1691621996.3002448,[0.000999980628490448, 1.5699987411499023, 2.6400012969970703, 6.283164978027344, 0.6000134944915771, 3.0399909019470215, 3.1399636268615723],[-2.362430119057094]
1691621996.3596222,[0.000999981701374054, 1.5699999332427979, 2.6400020122528076, 6.283164978027344, 0.6000180840492249, 3.039992570877075, 3.1399662494659424],[-2.283160308270938]
1691621996.4204884,[0.0009999818205833435, 1.5699975490570068, 2.6400020122528076, 6.28316068649292, 0.6000145673751831, 3.039987802505493, 3.139967441558838],[-2.3403924491179677]
1691621996.4827008,[0.0009999822974205018, 1.5699987411499023, 2.6400020122528076, 6.2831645011901855, 0.6000095009803772, 3.040001630783081, 3.139981985092163],[-2.329373615513562]
1691621996.544533,[0.000999982476234436, 1.569996953010559, 2.640005350112915, 6.283166408538818, 0.6000171303749084, 3.0399956703186035, 3.1399757862091064],[-2.329373615513562]
1691621996.60708,[0.0009999830722808838, 1.5700010061264038, 2.6399991512298584, 6.283171653747559, 0.6000106334686279, 3.040003538131714, 3.1399924755096436],[-2.367363926260994]
1691621996.668288,[0.0009999834895133973, 1.5700002908706665, 2.6399998664855957, 6.283177375793457, 0.6000072360038757, 3.039997100830078, 3.139989137649536],[-2.444660263367517]
1691621996.7301068,[0.0009999842643737794, 1.5700017213821411, 2.6400015354156494, 2.8570789254445117e-06, 0.6000036001205444, 3.0400052070617676, 3.1400020122528076],[-2.5020569351715674]
1691621996.7913895,[0.0009999845623970033, 1.5700006484985352, 2.6400034427642822, 6.283181190490723, 0.600000262260437, 3.039997100830078, 3.1399950981140137],[-2.5995819993880724]
1691621996.852231,[0.0009999843239784242, 1.570001482963562, 2.639998435974121, 2.064177351712715e-06, 0.5999969840049744, 3.040003538131714, 3.1400060653686523],[-2.674576030939314]
1691621996.9136348,[0.0009999845027923585, 1.570006251335144, 2.6399986743927, 7.14342877472518e-06, 0.5999972820281982, 3.0399961471557617, 3.140007257461548],[-2.777035058757585]
1691621996.9759755,[0.0009999849200248718, 1.570001244544983, 2.6400015354156494, 1.6191577742574736e-05, 0.5999915599822998, 3.040004014968872, 3.1400105953216553],[-2.8880461472761927]
1691621997.0369575,[0.0009999850988388062, 1.5700024366378784, 2.6399953365325928, 1.6984478861559182e-05, 0.5999936461448669, 3.0399911403656006, 3.1400039196014404],[-2.998563963639115]
1691621997.0992012,[0.0009999852776527405, 1.5700017213821411, 2.6399948596954346, 1.7619386198930442e-05, 0.599994421005249, 3.0400028228759766, 3.140017509460449],[-3.088030850690259]
1691621997.160367,[0.0009999850392341614, 1.5700039863586426, 2.639998435974121, 2.0953375496901572e-05, 0.5999860167503357, 3.0399959087371826, 3.1400184631347656],[-3.164011980378896]
1691621997.2220979,[0.0009999858140945434, 1.5700054168701172, 2.639991521835327, 3.777839810936712e-05, 0.599983811378479, 3.0399980545043945, 3.1400201320648193],[-3.1686168991355053]
1691621997.2833865,[0.0009999858736991882, 1.5700039863586426, 2.6399970054626465, 3.174678568029776e-05, 0.599983811378479, 3.039998769760132, 3.140019655227661],[-3.3046265588433226]
1691621997.345362,[0.0009999858736991882, 1.5700069665908813, 2.639997720718384, 3.8572761695832014e-05, 0.5999827980995178, 3.0400021076202393, 3.1400363445281982],[-3.359556752584791]
1691621997.4071503,[0.0009999862909317017, 1.5700019598007202, 2.6399993896484375, 2.2223188352654688e-05, 0.5999915599822998, 3.0399961471557617, 3.1400256156921387],[-3.4176117517754028]
1691621997.4681928,[0.000999986708164215, 1.5700017213821411, 2.6399989128112793, 3.444440517341718e-05, 0.5999839305877686, 3.040003776550293, 3.1400322914123535],[-3.3852127818879305]
1691621997.5282001,[0.0009999863505363465, 1.5700044631958008, 2.639993667602539, 3.0952422093832865e-05, 0.599983811378479, 3.0399937629699707, 3.1400187015533447],[-3.340479196752052]
1691621997.590066,[0.0009999863505363465, 1.5699994564056396, 2.6399996280670166, 2.079391742881853e-05, 0.5999898314476013, 3.0400004386901855, 3.140016555786133],[-3.401494496346479]
1691621997.6523993,[0.000999986469745636, 1.5700045824050903, 2.6399989128112793, 2.0001016309834085e-05, 0.5999906063079834, 3.0399956703186035, 3.1400108337402344],[-3.377812003502507]
1691621997.7140236,[0.0009999868273735046, 1.5700010061264038, 2.639998197555542, 2.111137109750416e-05, 0.5999925136566162, 3.0399985313415527, 3.140014410018921],[-3.3411370434424206]
1691621997.7746544,[0.000999987542629242, 1.5700006484985352, 2.6399986743927, 1.6984478861559182e-05, 0.5999928116798401, 3.040001153945923, 3.140014410018921],[-3.2381840901088115]
1691621997.8364255,[0.0009999879598617553, 1.5699973106384277, 2.6400034427642822, 1.0952867341984529e-05, 0.5999929904937744, 3.0400032997131348, 3.140010118484497],[-3.1648342872844712]
1691621997.8998244,[0.0009999874830245972, 1.569998860359192, 2.6399993896484375, 4.769112820213195e-07, 0.6000047326087952, 3.0400004386901855, 3.140012741088867],[-3.1136868103094955]
1691621997.9623334,[0.0009999878406524657, 1.570003628730774, 2.6400012969970703, 6.283184051513672, 0.6000052094459534, 3.0400044918060303, 3.1400039196014404],[-2.9931367468117607]
1691621998.0231512,[0.0009999881982803345, 1.5699989795684814, 2.640002489089966, 6.28317928314209, 0.6000041365623474, 3.0400073528289795, 3.1400012969970703],[-2.911070683136559]
1691621998.0857854,[0.0009999884366989136, 1.5699994564056396, 2.640001058578491, 6.283176898956299, 0.6000087261199951, 3.0400073528289795, 3.1399924755096436],[-2.8268666894273475]
1691621998.147596,[0.0009999886751174928, 1.5699942111968994, 2.640002727508545, 6.283171653747559, 0.6000072360038757, 3.040005922317505, 3.1399896144866943],[-2.716184581962627]
1691621998.2093694,[0.0009999886751174928, 1.570001482963562, 2.640005350112915, 6.283168315887451, 0.60001140832901, 3.0400025844573975, 3.1399810314178467],[-2.590372209248381]
1691621998.2702632,[0.0009999890327453613, 1.5699996948242188, 2.640002489089966, 6.283161163330078, 0.600014865398407, 3.0399997234344482, 3.139974355697632],[-2.5155426899149687]
1691621998.3328524,[0.0009999898672103883, 1.5699973106384277, 2.640002489089966, 6.283167362213135, 0.6000187397003174, 3.039996385574341, 3.139970541000366],[-2.4354504846180416]
1691621998.3941321,[0.000999990165233612, 1.5699970722198486, 2.640003204345703, 6.2831645011901855, 0.6000151038169861, 3.039990186691284, 3.139965534210205],[-2.3584830734262714]
1691621998.4554186,[0.0009999899268150329, 1.5700037479400635, 2.639998435974121, 6.283161640167236, 0.600012481212616, 3.0399935245513916, 3.1399619579315186],[-2.3106251544439105]
1691621998.5182855,[0.000999990463256836, 1.5699992179870605, 2.6400012969970703, 6.2831597328186035, 0.6000139713287354, 3.039991617202759, 3.1399648189544678],[-2.2821735474337608]
1691621998.5794585,[0.0009999905228614808, 1.5699962377548218, 2.640000820159912, 6.283173561096191, 0.6000088453292847, 3.0399985313415527, 3.139979600906372],[-2.3300314563003237]
1691621998.6412702,[0.00099999076128006, 1.5699998140335083, 2.6400017738342285, 6.283167362213135, 0.6000107526779175, 3.0399935245513916, 3.139976739883423],[-2.4058476287946036]
1691621998.7024012,[0.0009999908804893495, 1.5700023174285889, 2.640002965927124, 6.283173561096191, 0.6000055074691772, 3.040003776550293, 3.1399919986724854],[-2.3898949815034083]
1691621998.7648628,[0.0009999906420707703, 1.56999671459198, 2.6400012969970703, 6.283177375793457, 0.6000065207481384, 3.0399985313415527, 3.139991521835327],[-2.4497585340302535]
1691621998.8262484,[0.0009999908208847047, 1.5699973106384277, 2.639998197555542, 6.283183574676514, 0.6000034809112549, 3.0400047302246094, 3.1399986743927],[-2.515213769050335]
1691621998.8870788,[0.0009999908208847047, 1.569998860359192, 2.6400012969970703, 1.5945806808304042e-07, 0.6000041365623474, 3.03999662399292, 3.139991283416748],[-2.602706749772215]
1691621998.948507,[0.0009999911189079284, 1.569996953010559, 2.6400012969970703, 4.126891781197628e-06, 0.6000033020973206, 3.040003538131714, 3.1400063037872314],[-2.6556630580349903]
1691621999.0108485,[0.000999991238117218, 1.5700017213821411, 2.6399974822998047, 3.333990207465831e-06, 0.5999998450279236, 3.03999400138855, 3.140002727508545],[-2.8204527159376975]
1691621999.071313,[0.0009999910593032836, 1.570001482963562, 2.639997720718384, 1.4921763977326918e-05, 0.5999961495399475, 3.0400023460388184, 3.1400113105773926],[-2.810091682606416]
1691621999.1319652,[0.0009999911189079284, 1.5700064897537231, 2.640000104904175, 1.412739948136732e-05, 0.5999945998191833, 3.039991617202759, 3.140007257461548],[-2.9678097385728988]
1691621999.1924372,[0.0010000016689300536, 1.570000410079956, 2.6399972438812256, 2.2223188352654688e-05, 0.5999917387962341, 3.0399980545043945, 3.140014410018921],[-2.980473241947956]
1691621999.2542994,[0.0010000014305114747, 1.5700010061264038, 2.639995813369751, 1.9524104573065415e-05, 0.599994421005249, 3.0400028228759766, 3.140021562576294],[-3.0059647143014088]
1691621999.316326,[0.0010000019073486328, 1.570001244544983, 2.639991521835327, 2.3650996809010394e-05, 0.5999898314476013, 3.0399961471557617, 3.1400182247161865],[-3.1766755074603963]
1691621999.3776734,[0.001000002145767212, 1.570001482963562, 2.6399941444396973, 2.7460435376269743e-05, 0.5999876260757446, 3.0399973392486572, 3.1400187015533447],[-3.2487096267441435]
1691621999.4380693,[0.0010000020265579224, 1.570001482963562, 2.6399993896484375, 2.2698637621942908e-05, 0.599987268447876, 3.0400049686431885, 3.1400275230407715],[-3.2613731644825332]
1691621999.4993286,[0.0010000027418136596, 1.5700024366378784, 2.6399972438812256, 1.7143936929642223e-05, 0.59998619556427, 3.040004253387451, 3.140029191970825],[-3.3348875000637186]
1691621999.5612879,[0.0010000030994415283, 1.570005178451538, 2.6400036811828613, 2.3968450477696024e-05, 0.599984884262085, 3.0400030612945557, 3.140021562576294],[-3.3582410589583915]
1691621999.6229396,[0.0010000036954879762, 1.570002794265747, 2.6399967670440674, 3.0317514756461605e-05, 0.599983811378479, 3.040005922317505, 3.140026569366455],[-3.3730426132893485]
1691621999.6837459,[0.0010000039339065551, 1.5700007677078247, 2.639995813369751, 3.0000061087775975e-05, 0.599987268447876, 3.039994239807129, 3.1400108337402344],[-3.354622901578108]
1691621999.746003,[0.0010000044107437134, 1.570001244544983, 2.6399941444396973, 2.428590232739225e-05, 0.5999903082847595, 3.040001153945923, 3.1400179862976074],[-3.3067645598178177]
1691621999.8093545,[0.001000005006790161, 1.5700002908706665, 2.639998197555542, 1.6984478861559182e-05, 0.599992036819458, 3.0399937629699707, 3.1400086879730225],[-3.2857134753259234]
1691621999.8706062,[0.0010000053644180298, 1.5700019598007202, 2.640001058578491, 1.1270321010670159e-05, 0.5999931693077087, 3.0400002002716064, 3.1400110721588135],[-3.320908259747918]
1691621999.932037,[0.0010000058412551881, 1.5700019598007202, 2.639996290206909, 1.111232541006757e-05, 0.5999993681907654, 3.040001153945923, 3.1400129795074463],[-3.148717073141319]
1691621999.9940948,[0.0010000059604644775, 1.5700006484985352, 2.6399989128112793, 2.699083779589273e-06, 0.5999987125396729, 3.0400073528289795, 3.1400139331817627],[-3.1125355812163513]
1691622000.0569768,[0.0010000053644180298, 1.5700010061264038, 2.640000581741333, 6.28318452835083, 0.600000262260437, 3.0400044918060303, 3.140002965927124],[-3.041981708193529]
1691622000.1164336,[0.0010000053644180298, 1.5699996948242188, 2.640002727508545, 6.283177852630615, 0.6000104546546936, 3.0400044918060303, 3.140000104904175],[-2.9536660872056304]
1691622000.179312,[0.0010000057220458985, 1.569995403289795, 2.6400039196014404, 6.283173084259033, 0.6000101566314697, 3.040009021759033, 3.1399919986724854],[-2.8123941343760164]
1691622000.240141,[0.0010000061988830566, 1.5699987411499023, 2.6400034427642822, 6.283168315887451, 0.6000095009803772, 3.0400073528289795, 3.1399896144866943],[-2.6874039621013583]
1691622000.3008223,[0.0010000065565109253, 1.5699985027313232, 2.640002965927124, 6.283163070678711, 0.6000122427940369, 3.0400073528289795, 3.1399834156036377],[-2.674411570292403]
1691622000.3612933,[0.0010000070333480834, 1.5699973106384277, 2.640005350112915, 6.2831645011901855, 0.6000151038169861, 3.0400009155273438, 3.1399755477905273],[-2.503701539331121]
1691622000.4223547,[0.0010000065565109253, 1.5699987411499023, 2.640002489089966, 6.2831645011901855, 0.6000169515609741, 3.0400006771087646, 3.139965534210205],[-2.4268985477966565]
1691622000.4842694,[0.001000006675720215, 1.5699982643127441, 2.6400015354156494, 6.283161163330078, 0.6000188589096069, 3.0399951934814453, 3.1399645805358887],[-2.317368021721026]
1691622000.5470247,[0.001000006914138794, 1.5700010061264038, 2.6400022506713867, 6.2831573486328125, 0.6000177264213562, 3.039994478225708, 3.1399624347686768],[-2.313585437597249]
1691622000.6093128,[0.001000007152557373, 1.570000410079956, 2.6400039196014404, 6.283163547515869, 0.6000134944915771, 3.0399928092956543, 3.1399643421173096],[-2.3147366588410807]
1691622000.6702645,[0.0010000070333480834, 1.569998025894165, 2.640001058578491, 6.283165454864502, 0.6000140905380249, 3.0399951934814453, 3.1399788856506348],[-2.2977972615280553]
1691622000.733019,[0.0010000067949295045, 1.569998860359192, 2.6400065422058105, 6.283166408538818, 0.6000112295150757, 3.0399956703186035, 3.139984369277954],[-2.317039101358224]
1691622000.7952025,[0.0010000072717666626, 1.5699994564056396, 2.6400034427642822, 6.283174514770508, 0.6000085473060608, 3.0400006771087646, 3.1399924755096436],[-2.3741067964040563]
1691622000.8580408,[0.0010000084638595581, 1.5700007677078247, 2.6400046348571777, 6.283176898956299, 0.6000082492828369, 3.0399951934814453, 3.139986753463745],[-2.4198267543136947]
1691622000.920182,[0.0010000077486038209, 1.5700002908706665, 2.6400043964385986, 6.283180236816406, 0.6000061631202698, 3.0400054454803467, 3.139995813369751],[-2.5069907477147026]
1691622000.9823287,[0.0010000088214874268, 1.5699970722198486, 2.640000820159912, 6.283183574676514, 0.6000010967254639, 3.0399980545043945, 3.139993667602539],[-2.6207974114715027]
1691622001.0433338,[0.0010000090599060058, 1.569998025894165, 2.6399991512298584, 6.28318452835083, 0.6000046133995056, 3.0400006771087646, 3.1400046348571777],[-2.675562794825564]
1691622001.1050735,[0.0010000088214874268, 1.5699975490570068, 2.6399989128112793, 4.761798209074186e-06, 0.600001871585846, 3.039997100830078, 3.140002727508545],[-2.7438139836846123]
1691622001.16726,[0.001000009298324585, 1.5700031518936157, 2.6399993896484375, 9.206143658957444e-06, 0.5999932885169983, 3.039999485015869, 3.140010356903076],[-2.871600053163952]
1691622001.228974,[0.001000009298324585, 1.570000410079956, 2.640001058578491, 1.111232541006757e-05, 0.5999928116798401, 3.039991855621338, 3.140007257461548],[-2.943633963515738]
1691622001.2898495,[0.0010000091791152953, 1.570005178451538, 2.6400017738342285, 1.888919905468356e-05, 0.5999913811683655, 3.039999008178711, 3.1400136947631836],[-2.9931367468117607]
1691622001.3518393,[0.0010000079870223998, 1.5699996948242188, 2.6399972438812256, 2.9524611818487756e-05, 0.5999886989593506, 3.039996385574341, 3.1400203704833984],[-3.0765185631711702]
1691622001.412839,[0.0010000089406967164, 1.5700056552886963, 2.6399917602539062, 3.619112976593897e-05, 0.5999796390533447, 3.039996862411499, 3.140016794204712],[-3.1755242776606294]
1691622001.4747202,[0.0010000067949295045, 1.5700047016143799, 2.639995574951172, 2.7302439775667153e-05, 0.5999830365180969, 3.0399985313415527, 3.140019655227661],[-3.171906126946169]
1691622001.5353384,[0.0010000089406967164, 1.5700037479400635, 2.639993667602539, 4.269965211278759e-05, 0.5999758243560791, 3.0400004386901855, 3.1400256156921387],[-3.2955811706203533]
1691622001.5960875,[0.0010000081062316894, 1.570000410079956, 2.6399972438812256, 2.6984986106981523e-05, 0.5999879240989685, 3.0400023460388184, 3.1400327682495117],[-3.3600501376993086]
1691622001.657087,[0.0010000097751617432, 1.5700024366378784, 2.63999605178833, 3.539822864695452e-05, 0.5999858379364014, 3.0400006771087646, 3.140024185180664],[-3.403796961241025]
1691622001.7179894,[0.0010000020265579224, 1.5700017213821411, 2.6399943828582764, 2.539772140153218e-05, 0.5999847650527954, 3.040001392364502, 3.1400246620178223],[-3.4130068213747435]
1691622001.780995,[0.0010000022649765015, 1.5700047016143799, 2.6399974822998047, 1.9841558241751045e-05, 0.599989652633667, 3.0399961471557617, 3.1400094032287598],[-3.405277117273977]
1691622001.8423202,[0.001000002145767212, 1.5700019598007202, 2.6399991512298584, 2.2381183953257278e-05, 0.5999904274940491, 3.040003776550293, 3.140019655227661],[-3.3577476738531087]
1691622001.9044318,[0.0010000014305114747, 1.5700024366378784, 2.639993667602539, 1.5239217646012548e-05, 0.5999934673309326, 3.0399951934814453, 3.1400110721588135],[-3.3431105835402652]
1691622001.9652393,[0.0010000015497207643, 1.5699979066848755, 2.6399993896484375, 1.3809946722176392e-05, 0.5999932885169983, 3.0400047302246094, 3.1400132179260254],[-3.2715697804585426]
1691622002.0271466,[0.0010000017881393432, 1.570001482963562, 2.640000104904175, 1.0635414582793601e-05, 0.5999969840049744, 3.040006399154663, 3.140012502670288],[-3.245255934913264]
1691622002.0882816,[0.0010000015497207643, 1.56999933719635, 2.6399950981140137, 4.444344995135907e-06, 0.6000010967254639, 3.0400028228759766, 3.140012502670288],[-3.120429723826518]
1691622002.1501014,[0.0010000011920928956, 1.570000410079956, 2.639998197555542, 6.283185005187988, 0.6000020503997803, 3.03999924659729, 3.140005588531494],[-2.976032792543349]
1691622002.210221,[0.0010000013113021851, 1.570001482963562, 2.6400020122528076, 6.283179759979248, 0.600005030632019, 3.040006399154663, 3.1399967670440674],[-2.979650936488855]
1691622002.2722712,[0.0010000016689300536, 1.570001482963562, 2.6400020122528076, 6.283170700073242, 0.6000096201896667, 3.040008783340454, 3.1399881839752197],[-2.869626522033907]
1691622002.3335216,[0.0010000005960464477, 1.5699989795684814, 2.6399986743927, 6.283166408538818, 0.6000102758407593, 3.0400025844573975, 3.139986038208008],[-2.7762127548035176]
1691622002.3965719,[0.0009999995827674865, 1.5699996948242188, 2.640003204345703, 6.283167362213135, 0.6000153422355652, 3.0400004386901855, 3.1399779319763184],[-2.57853105151751]
1691622002.4571526,[0.0009999993443489076, 1.5699979066848755, 2.6400012969970703, 6.283159255981445, 0.600014865398407, 3.0400032997131348, 3.139975070953369],[-2.5009057122726577]
1691622002.5181363,[0.0009999995231628417, 1.5699959993362427, 2.6400015354156494, 6.283161640167236, 0.6000120639801025, 3.0399997234344482, 3.139967918395996],[-2.4081500728944474]
1691622002.5798876,[0.0009999991655349732, 1.5699983835220337, 2.640000581741333, 6.2831549644470215, 0.6000145673751831, 3.0399961471557617, 3.139963388442993],[-2.3394056878626683]
1691622002.6407769,[0.0009999994635581971, 1.569997787475586, 2.640000104904175, 6.283161640167236, 0.60001140832901, 3.0399913787841797, 3.1399645805358887],[-2.3145721986627894]
1691622002.7021363,[0.0009999996423721313, 1.5699994564056396, 2.6400022506713867, 6.283162593841553, 0.6000112295150757, 3.0399935245513916, 3.139962911605835],[-2.3323338990794045]
1691622002.7642415,[0.0009999993443489076, 1.5699975490570068, 2.640002965927124, 6.283161163330078, 0.6000109314918518, 3.040001630783081, 3.1399755477905273],[-2.275759602165766]
1691622002.8252966,[0.0010000001192092896, 1.5699996948242188, 2.6400041580200195, 6.283163547515869, 0.6000127196311951, 3.039991855621338, 3.139977216720581],[-2.325919951435973]
1691622002.8861883,[0.0009999999403953552, 1.569996953010559, 2.640005111694336, 6.283169269561768, 0.6000063419342041, 3.040001392364502, 3.13999342918396],[-2.3787116835290263]
1691622002.947814,[0.000999999701976776, 1.5699998140335083, 2.640005111694336, 6.283171653747559, 0.6000078916549683, 3.040001153945923, 3.13999342918396],[-2.40321626415885]
1691622003.0103488,[0.000999999701976776, 1.5699970722198486, 2.6400043964385986, 6.283175945281982, 0.6000039577484131, 3.0400054454803467, 3.140000820159912],[-2.469000396101449]
1691622003.0723379,[0.0009999998211860657, 1.5699973106384277, 2.6399991512298584, 6.28317928314209, 0.6000028848648071, 3.039994955062866, 3.1399953365325928],[-2.555342120935553]
1691622003.1330395,[0.0009999998211860657, 1.570000171661377, 2.6400015354156494, 6.2831830978393555, 0.6000034809112549, 3.040001153945923, 3.139993190765381],[-2.683621366870647]
1691622003.1950765,[0.0009999996423721313, 1.5700031518936157, 2.6400017738342285, 1.5872660696913954e-06, 0.5999958515167236, 3.03999924659729, 3.1400012969970703],[-2.7109218395185484]
1691622003.256042,[0.0009999999403953552, 1.5700021982192993, 2.6399953365325928, 1.1747231837944128e-05, 0.5999928116798401, 3.03999400138855, 3.140010118484497],[-2.787725010697106]
1691622003.3176935,[0.0009999997615814209, 1.5700010061264038, 2.640000343322754, 1.412739948136732e-05, 0.5999963283538818, 3.0399978160858154, 3.140005588531494],[-2.851206899835721]
1691622003.3789942,[0.000999999701976776, 1.5699999332427979, 2.640000581741333, 1.9366108972462825e-05, 0.5999912619590759, 3.0399980545043945, 3.1400115489959717],[-3.0689533463482865]
1691622003.4414508,[0.0010000001192092896, 1.570000171661377, 2.6400020122528076, 1.6032119674491696e-05, 0.5999926924705505, 3.0400006771087646, 3.1400153636932373],[-3.1136868103094955]
1691622003.5033681,[0.001, 1.5700056552886963, 2.6399970054626465, 3.8572761695832014e-05, 0.5999836325645447, 3.0399985313415527, 3.1400222778320312],[-3.1770044302627234]
1691622003.565271,[0.0009999999403953552, 1.5700021982192993, 2.6399967670440674, 2.2858095690025948e-05, 0.5999885201454163, 3.0399999618530273, 3.1400249004364014],[-3.2469005500559014]
1691622003.6250849,[0.001, 1.570001482963562, 2.639998435974121, 1.015850284602493e-05, 0.5999953746795654, 3.0400044918060303, 3.1400279998779297],[-3.345248585358211]
1691622003.6861742,[0.0009999993443489076, 1.5699998140335083, 2.639995813369751, 2.88897063001059e-05, 0.599983274936676, 3.040003776550293, 3.14003586769104],[-3.3547873632742755]
1691622003.7482467,[0.0009999995827674865, 1.5700039863586426, 2.6399950981140137, 3.412695150473155e-05, 0.599984884262085, 3.040003538131714, 3.1400256156921387],[-3.375345077500668]
1691622003.8098738,[0.0009999995827674865, 1.570001244544983, 2.6399970054626465, 2.3175547539722174e-05, 0.5999866724014282, 3.0400028228759766, 3.1400246620178223],[-3.4209009879123258]
1691622003.8703368,[0.001, 1.5700030326843262, 2.6399967670440674, 2.3968450477696024e-05, 0.59998619556427, 3.039997100830078, 3.140012502670288],[-3.426821613245692]
1691622003.9319804,[0.0009999993443489076, 1.5700024366378784, 2.6399986743927, 1.7461390598327853e-05, 0.5999891757965088, 3.040005683898926, 3.140012741088867],[-3.3876797081431804]
1691622003.9937525,[0.0009999993443489076, 1.5700007677078247, 2.639996290206909, 1.9366108972462825e-05, 0.5999866724014282, 3.0399930477142334, 3.1400091648101807],[-3.3584055206607126]
1691622004.055221,[0.0009999993443489076, 1.5700030326843262, 2.6399989128112793, 1.2857586625614204e-05, 0.5999895334243774, 3.0400049686431885, 3.140012502670288],[-3.317947950290987]
1691622004.1160388,[0.0009999986290931701, 1.5699987411499023, 2.6400034427642822, 9.683054486231413e-06, 0.5999988913536072, 3.0399999618530273, 3.1400108337402344],[-3.221244556912884]
1691622004.1779234,[0.0009999985098838805, 1.5699962377548218, 2.640000104904175, 5.238709491095506e-06, 0.5999993681907654, 3.040008544921875, 3.140012502670288],[-3.11681157505542]
1691622004.239331,[0.0009999990463256836, 1.5699975490570068, 2.6399950981140137, 6.283183574676514, 0.5999980568885803, 3.0400073528289795, 3.1400041580200195],[-3.0641839708056193]
1691622004.3012936,[0.000999999225139618, 1.5699927806854248, 2.640001058578491, 6.283180236816406, 0.600006639957428, 3.0400116443634033, 3.1400039196014404],[-2.980473241947956]
1691622004.364228,[0.0009999993443489076, 1.5699989795684814, 2.6400046348571777, 6.283173561096191, 0.6000074744224548, 3.040006399154663, 3.139991521835327],[-2.8752181936598658]
1691622004.4261239,[0.0009999993443489076, 1.569998025894165, 2.640000104904175, 6.283173084259033, 0.6000151038169861, 3.0400032997131348, 3.1399903297424316],[-2.7786796666833937]
1691622004.487502,[0.0010000001192092896, 1.5699983835220337, 2.640000820159912, 6.283166408538818, 0.6000102758407593, 3.0400025844573975, 3.1399803161621094],[-2.6494135546039916]
1691622004.5482354,[0.0010000004768371583, 1.5699951648712158, 2.6400036811828613, 6.2831645011901855, 0.600013017654419, 3.040001153945923, 3.1399805545806885],[-2.5009057122726577]
1691622004.610882,[0.0009999998807907104, 1.5699989795684814, 2.640007495880127, 6.283158779144287, 0.6000166535377502, 3.039999485015869, 3.13997220993042],[-2.4484428512592036]
1691622004.6723738,[0.0010000005960464477, 1.5699975490570068, 2.640007734298706, 6.28316068649292, 0.6000127196311951, 3.039997100830078, 3.1399714946746826],[-2.387921458262279]
1691622004.7332413,[0.0010000014305114747, 1.5699975490570068, 2.640002727508545, 6.283163547515869, 0.6000140905380249, 3.0399935245513916, 3.139965534210205],[-2.2994418631160727]
1691622005.009917,[0.0010000027418136596, 1.5701818466186523, 2.57485294342041, 8.90492883627303e-05, 0.6651613116264343, 2.995673179626465, 3.141151189804077],[-2.428378690667553]
1691622005.0702477,[0.0010000020265579224, 1.5702342987060547, 2.532984733581543, 6.283015251159668, 0.7067313194274902, 2.968022584915161, 3.141343116760254],[-2.501399093513759]
1691622005.131309,[0.0010000019073486328, 1.5702953338623047, 2.480693817138672, 6.282878398895264, 0.7572879195213318, 2.930626392364502, 3.141512393951416],[-2.5885631434097602]
1691622005.1945813,[0.0010000033378601075, 1.5703949928283691, 2.4255218505859375, 6.283010959625244, 0.8104330897331238, 2.8965137004852295, 3.1415014266967773],[-2.6647083925275203]
1691622005.2541368,[0.0010000041723251343, 1.5704922676086426, 2.3789403438568115, 1.1587773769861087e-05, 0.8596449494361877, 2.8724281787872314, 3.141594409942627],[-2.764864960838134]
1691622005.316101,[0.001000004529953003, 1.5705386400222778, 2.340050458908081, 6.2830915451049805, 0.9145800471305847, 2.8545844554901123, 3.141554117202759],[-2.811900751850028]
1691622005.378316,[0.0010000040531158447, 1.5705721378326416, 2.3148982524871826, 6.283129692077637, 0.9660598039627075, 2.8453590869903564, 3.1416068077087402],[-2.8750537327256818]
1691622005.4405026,[0.0010000040531158447, 1.570616602897644, 2.2999048233032227, 6.283109664916992, 1.019279956817627, 2.842521905899048, 3.141597032546997],[-2.8916642883079953]
1691622005.5010967,[0.0010000054836273194, 1.5706467628479004, 2.2925472259521484, 6.283049583435059, 1.0749508142471313, 2.8414103984832764, 3.141634225845337],[-2.9235697189048544]
1691622005.564116,[0.0010000072717666626, 1.5706652402877808, 2.2871646881103516, 6.283115863800049, 1.1280429363250732, 2.839665412902832, 3.1415929794311523],[-2.95843545780928]
1691622005.6262434,[0.001000006914138794, 1.570703387260437, 2.2833592891693115, 1.2064685506629758e-05, 1.1831146478652954, 2.8389787673950195, 3.1416165828704834],[-2.9893541413065625]
1691622005.6883364,[0.001000008225440979, 1.5707218647003174, 2.2811405658721924, 0.00013031820708420128, 1.2234505414962769, 2.8388185501098633, 3.1415791511535645],[-3.0273446635414216]
1691622005.7501614,[0.0010000084638595581, 1.5707497596740723, 2.2786173820495605, 9.26992652239278e-05, 1.2903404235839844, 2.8385045528411865, 3.1415815353393555],[-2.964684978228175]
1691622005.8113163,[0.0010000088214874268, 1.5707850456237793, 2.27685546875, 0.0002201603929279372, 1.3436565399169922, 2.8383617401123047, 3.141575336456299],[-2.9567908472326176]
1691622005.8724067,[0.0010000098943710328, 1.5708374977111816, 2.2764546871185303, 0.00030428843456320465, 1.398435354232788, 2.8381741046905518, 3.1415750980377197],[-2.9036699389433567]
1691622005.9339526,[0.0010000085830688477, 1.5708650350570679, 2.276085615158081, 0.0003249243600293994, 1.453415036201477, 2.8380911350250244, 3.1415672302246094],[-2.84545076852029]
1691622005.9949398,[0.0010000087022781373, 1.5708686113357544, 2.2757904529571533, 0.00030651059933006763, 1.5040565729141235, 2.8380043506622314, 3.141561508178711],[-2.806144622538536]
1691622006.0562282,[0.0010000076293945313, 1.5708692073822021, 2.2754945755004883, 0.00033063848968595266, 1.5568506717681885, 2.837956666946411, 3.1415648460388184],[-2.7023698835504018]
1691622006.1180556,[0.0010000067949295045, 1.5708597898483276, 2.2752699851989746, 0.000341272447258234, 1.6108331680297852, 2.8378889560699463, 3.141557455062866],[-2.6951336136015738]
1691622006.17929,[0.001000007152557373, 1.5708472728729248, 2.275118827819824, 0.00027540017617866397, 1.6659315824508667, 2.8378725051879883, 3.1415634155273438],[-2.513404704310273]
1691622006.2412996,[0.0010000076293945313, 1.5708489418029785, 2.275019407272339, 0.00027873271028511226, 1.7176285982131958, 2.837831974029541, 3.141544818878174],[-2.407821152306265]
1691622006.3023312,[0.0010000075101852417, 1.5708328485488892, 2.274984359741211, 0.0001928594138007611, 1.7724528312683105, 2.8378005027770996, 3.1415231227874756],[-2.3065136501718646]
1691622006.3643637,[0.0010000077486038209, 1.5708298683166504, 2.2749643325805664, 0.00016460461483802646, 1.825232982635498, 2.8377926349639893, 3.1415412425994873],[-2.2024104031043117]
1691622006.4245815,[0.0010000079870223998, 1.5708247423171997, 2.2749485969543457, 0.00021603349887300283, 1.8772801160812378, 2.8377511501312256, 3.1415154933929443],[-2.0277539417639336]
1691622006.4861083,[0.0010000079870223998, 1.5708216428756714, 2.274949312210083, 0.0001312720269197598, 1.9309918880462646, 2.837745189666748, 3.141507387161255],[-1.9210195377884325]
1691622006.5475485,[0.0010000079870223998, 1.5708223581314087, 2.274949312210083, 0.00010158796067116782, 1.984631061553955, 2.8377504348754883, 3.141510009765625],[-1.7919186980184443]
1691622006.6094131,[0.0010000083446502685, 1.5708696842193604, 2.274876832962036, 0.0002450812025927007, 2.0240230560302734, 2.837688684463501, 3.141525983810425],[-1.711991349173605]
1691622006.6702547,[0.0010000091791152953, 1.5708286762237549, 2.274930715560913, 0.00010063559602713212, 2.089017152786255, 2.8377187252044678, 3.1415019035339355],[-1.6026257970252789]
1691622006.7312858,[0.0010000087022781373, 1.57082998752594, 2.274923086166382, 5.777795013273135e-05, 2.1423933506011963, 2.837707996368408, 3.1414988040924072],[-1.6064083638922486]
1691622006.7933693,[0.0010000088214874268, 1.5708386898040771, 2.2749102115631104, 6.283162593841553, 2.1972768306732178, 2.8377108573913574, 3.14153790473938],[-1.6077240393424204]
1691622006.8552804,[0.0010000100135803224, 1.5708601474761963, 2.2748868465423584, 0.0004927035188302398, 2.2347283363342285, 2.837674617767334, 3.1414923667907715],[-1.5531235159792371]
1691622006.9161274,[0.0010000108480453492, 1.5708034038543701, 2.2749733924865723, 6.282853126525879, 2.2985281944274902, 2.837794303894043, 3.1416540145874023],[-1.5950606635235327]
1691622006.9777117,[0.0010000110864639283, 1.5708554983139038, 2.274887800216675, 4.4444914237828925e-05, 2.329413414001465, 2.8378512859344482, 3.141676902770996],[-1.5851930985500287]
1691622007.0384018,[0.0010000120401382447, 1.5708531141281128, 2.274888515472412, 4.5397275243885815e-05, 2.3500874042510986, 2.837801456451416, 3.141674280166626],[-1.684855529243269]
1691622007.100055,[0.0010000113248825073, 1.5708253383636475, 2.2749342918395996, 6.283174991607666, 2.358839750289917, 2.8379244804382324, 3.141741991043091],[-1.7338644676959554]
1691622007.1612377,[0.0010000118017196656, 1.570841670036316, 2.2749087810516357, 0.00010539739741943777, 2.3616955280303955, 2.8378772735595703, 3.1416776180267334],[-1.8136273671657512]
1691622007.2225857,[0.001000012755393982, 1.5708421468734741, 2.2749178409576416, 0.00014714468852616847, 2.364046812057495, 2.8378946781158447, 3.1417245864868164],[-1.9208550780543447]
1691622007.2849584,[0.001000012755393982, 1.570841670036316, 2.274916648864746, 9.650870924815536e-05, 2.3664047718048096, 2.8379018306732178, 3.141737699508667],[-1.9798961336501462]
1691622007.3450766,[0.001000012755393982, 1.5708390474319458, 2.274919271469116, 6.283154010772705, 2.3669700622558594, 2.8378920555114746, 3.1416893005371094],[-2.0509427820468753]
1691622007.408021,[0.0010000131130218507, 1.5708427429199219, 2.2749271392822266, 6.283116817474365, 2.3678488731384277, 2.837895393371582, 3.141721487045288],[-2.13415950107927]
1691622007.4692578,[0.001000012755393982, 1.5708436965942383, 2.2749135494232178, 6.2831196784973145, 2.3688836097717285, 2.837858200073242, 3.1416947841644287],[-2.151756718487599]
1691622007.5310898,[0.0010000131130218507, 1.5708420276641846, 2.274916172027588, 6.283129692077637, 2.3691916465759277, 2.8378868103027344, 3.141688823699951],[-2.2042194636038492]
1691622007.59133,[0.001000014066696167, 1.5708444118499756, 2.274914503097534, 6.283117294311523, 2.3692336082458496, 2.8378703594207764, 3.141695737838745],[-2.1936940210227474]
1691622007.65391,[0.0010000141859054566, 1.5708431005477905, 2.2749152183532715, 6.283115863800049, 2.3692333698272705, 2.8378591537475586, 3.141681432723999],[-2.2522418054148816]
1691622007.7162087,[0.0010000147819519043, 1.5708388090133667, 2.274923324584961, 6.283117294311523, 2.3692736625671387, 2.8378825187683105, 3.141679048538208],[-2.2565177681616686]
1691622007.7774765,[0.0010000152587890626, 1.5708404779434204, 2.274927854537964, 6.283121109008789, 2.369250535964966, 2.8378453254699707, 3.1416375637054443],[-2.1973121418214476]
1691622007.8373525,[0.0010000145435333251, 1.5708338022232056, 2.2749388217926025, 6.283100128173828, 2.369278907775879, 2.837876558303833, 3.1416656970977783],[-2.205535143981749]
1691622007.9008687,[0.0010000141859054566, 1.5708365440368652, 2.274945020675659, 6.2831034660339355, 2.3692827224731445, 2.8378751277923584, 3.141655206680298],[-2.172643138208155]
1691622007.9623232,[0.0010000152587890626, 1.5708345174789429, 2.2749507427215576, 6.283102512359619, 2.369279623031616, 2.837867021560669, 3.1416425704956055],[-2.171820838161461]
1691622008.0238512,[0.0010000154972076415, 1.5708317756652832, 2.274958372116089, 6.283097267150879, 2.3692944049835205, 2.8378818035125732, 3.141648054122925],[-2.1542236182960686]
1691622008.085166,[0.001000015616416931, 1.5708283185958862, 2.2749624252319336, 6.283100128173828, 2.369292974472046, 2.8378639221191406, 3.1416218280792236],[-2.0728159467362395]
1691622008.1470284,[0.001000015616416931, 1.5708256959915161, 2.274968147277832, 6.2830986976623535, 2.3692986965179443, 2.8378746509552, 3.1416304111480713],[-2.0899197770071094]
1691622008.2082498,[0.0010000165700912475, 1.5708270072937012, 2.2749786376953125, 6.283102512359619, 2.3692920207977295, 2.8378779888153076, 3.141613245010376],[-1.9849943874118074]
1691622008.2692413,[0.0010000168085098266, 1.5708239078521729, 2.2749807834625244, 6.283101558685303, 2.3693032264709473, 2.837879180908203, 3.141596794128418],[-2.0262738031434684]
1691622008.3304644,[0.0010000163316726686, 1.5708247423171997, 2.2749924659729004, 6.283097267150879, 2.3693010807037354, 2.837879180908203, 3.1415979862213135],[-1.8993108543590567]
1691622008.392241,[0.0010000165700912475, 1.5708200931549072, 2.2749907970428467, 6.283100605010986, 2.3692891597747803, 2.8378653526306152, 3.1415884494781494],[-1.8037597899314735]
1691622008.4548664,[0.001000017285346985, 1.5708227157592773, 2.275001287460327, 6.283097267150879, 2.369296073913574, 2.837872266769409, 3.141583204269409],[-1.7580400229664188]
1691622008.5157006,[0.0010000170469284058, 1.5708227157592773, 2.275005578994751, 6.283097743988037, 2.369292736053467, 2.8378610610961914, 3.141571283340454],[-1.7040972920346489]
1691622008.576975,[0.0010000165700912475, 1.5708147287368774, 2.2750134468078613, 6.283095359802246, 2.369295597076416, 2.8378639221191406, 3.1415727138519287],[-1.6424249827518131]
1691622008.6378832,[0.001000016689300537, 1.5708221197128296, 2.2750086784362793, 6.283098220825195, 2.3692915439605713, 2.837862968444824, 3.141573667526245],[-1.6452207936462855]
1691622008.6998343,[0.0010000160932540894, 1.5708181858062744, 2.275014638900757, 6.283111572265625, 2.3692893981933594, 2.837857484817505, 3.141561985015869],[-1.6075595799106355]
1691622008.7611012,[0.0010000171661376954, 1.5708178281784058, 2.2750186920166016, 6.283111095428467, 2.3692898750305176, 2.837859869003296, 3.1415624618530273],[-1.627952550575307]
1691622008.822308,[0.001000017523765564, 1.5708203315734863, 2.2750232219696045, 6.283109188079834, 2.3692939281463623, 2.8378746509552, 3.1415786743164062],[-1.610026471402831]
1691622008.8832583,[0.001000016689300537, 1.5708184242248535, 2.275019407272339, 6.283112049102783, 2.369291305541992, 2.8378846645355225, 3.1415884494781494],[-1.6059149856008552]
1691622008.9451826,[0.0010000160932540894, 1.5708187818527222, 2.2750256061553955, 6.283120155334473, 2.3692986965179443, 2.8378913402557373, 3.1415748596191406],[-1.6598576866834467]
1691622009.0050378,[0.0010000165700912475, 1.5708118677139282, 2.2750236988067627, 6.28312349319458, 2.369296073913574, 2.837905168533325, 3.1415884494781494],[-1.6876513408006755]
1691622009.066565,[0.0010000164508819581, 1.5708134174346924, 2.275022268295288, 6.283127307891846, 2.3692924976348877, 2.837902784347534, 3.1415886878967285],[-1.6909405309247776]
1691622009.1292503,[0.0010000174045562745, 1.5708160400390625, 2.2750296592712402, 6.283124923706055, 2.369292974472046, 2.8379149436950684, 3.1415927410125732],[-1.7397850115298592]
1691622009.1902516,[0.001000017762184143, 1.5708098411560059, 2.2750284671783447, 6.283126354217529, 2.36930251121521, 2.837921619415283, 3.141598701477051],[-1.7764594959413003]
1691622009.2509315,[0.0010000182390213013, 1.5708121061325073, 2.275029420852661, 6.2831244468688965, 2.369293451309204, 2.837924003601074, 3.141615390777588],[-1.8203702119453378]
1691622009.3131256,[0.0010000181198120117, 1.5708141326904297, 2.275029420852661, 6.283120632171631, 2.3692851066589355, 2.837930679321289, 3.141622543334961],[-1.8978307169600308]
1691622009.3751245,[0.001000017762184143, 1.5708096027374268, 2.275029182434082, 6.283117294311523, 2.3692915439605713, 2.837941884994507, 3.141627788543701],[-1.8984885558023532]
1691622009.4350553,[0.0010000182390213013, 1.5708085298538208, 2.2750298976898193, 6.283116340637207, 2.369290828704834, 2.837947130203247, 3.141634225845337],[-1.9639435342552445]
1691622009.496095,[0.001000017762184143, 1.5708024501800537, 2.2750298976898193, 6.283119201660156, 2.369292974472046, 2.837944984436035, 3.1416289806365967],[-1.9336829378264384]
1691622009.557838,[0.001000017762184143, 1.5708034038543701, 2.275031089782715, 6.2831244468688965, 2.3692901134490967, 2.8379437923431396, 3.1416311264038086],[-2.0108145784148017]
1691622009.6193933,[0.001000017285346985, 1.5708037614822388, 2.2750322818756104, 6.2831268310546875, 2.369288206100464, 2.8379416465759277, 3.141627550125122],[-2.0497915629413854]
1691622009.680708,[0.0010000169277191162, 1.5708039999008179, 2.2750332355499268, 6.2831339836120605, 2.3692867755889893, 2.837939977645874, 3.1416211128234863],[-2.067882149909422]
1691622009.7433596,[0.0010000176429748534, 1.5708063840866089, 2.275038719177246, 6.283133506774902, 2.3692877292633057, 2.8379406929016113, 3.1416189670562744],[-2.0991295325892216]
1691622009.803889,[0.0010000171661376954, 1.5708039999008179, 2.275031566619873, 6.283142566680908, 2.3692893981933594, 2.8379342555999756, 3.1416015625],[-2.0045651050338744]
1691622009.8660812,[0.0010000170469284058, 1.5708062648773193, 2.2750351428985596, 6.28314208984375, 2.3692781925201416, 2.837918281555176, 3.1415820121765137],[-2.0349901752280872]
1691622009.9261355,[0.0010000157356262207, 1.5708003044128418, 2.275036573410034, 6.283138751983643, 2.369293451309204, 2.8379366397857666, 3.141590118408203],[-2.042719788629982]
1691622009.9872131,[0.001000015616416931, 1.570804238319397, 2.2750368118286133, 6.283138751983643, 2.369291305541992, 2.8379271030426025, 3.141582727432251],[-2.0320298978599567]
1691622010.0492477,[0.0010000153779983522, 1.5707989931106567, 2.275035858154297, 6.283131122589111, 2.3692848682403564, 2.8379318714141846, 3.1415910720825195],[-1.9771003171426238]
1691622010.1113243,[0.001000015616416931, 1.570799708366394, 2.2750422954559326, 6.283125877380371, 2.369300365447998, 2.8379387855529785, 3.141587495803833],[-1.9805539728357378]
1691622010.1726027,[0.0010000144243240356, 1.5707991123199463, 2.2750351428985596, 6.2831268310546875, 2.3692963123321533, 2.8379342555999756, 3.1415867805480957],[-1.9542404075890696]
1691622010.2342813,[0.0010000139474868775, 1.5707985162734985, 2.2750442028045654, 6.283120632171631, 2.3692989349365234, 2.8379392623901367, 3.141590118408203],[-1.9364787535561216]
1691622010.2967994,[0.0010000137090682983, 1.5707980394363403, 2.2750439643859863, 6.283123016357422, 2.3693010807037354, 2.837939977645874, 3.141583204269409],[-1.9139477693765465]
1691622010.35844,[0.0010000131130218507, 1.5707976818084717, 2.275045156478882, 6.283124923706055, 2.369300603866577, 2.8379387855529785, 3.141587018966675],[-1.8925680063186328]
1691622010.420832,[0.0010000139474868775, 1.5707937479019165, 2.2750399112701416, 6.28312349319458, 2.3692946434020996, 2.8379337787628174, 3.1415886878967285],[-1.810996013179544]
1691622010.482444,[0.0010000139474868775, 1.5707989931106567, 2.2750420570373535, 6.283123970031738, 2.369293212890625, 2.8379263877868652, 3.1415765285491943],[-1.7984970823113684]
1691622010.5441632,[0.0010000143051147462, 1.5707987546920776, 2.2750449180603027, 6.2831292152404785, 2.3692939281463623, 2.837930679321289, 3.1415717601776123],[-1.7466923129263374]
1691622010.6045942,[0.001000013828277588, 1.5707954168319702, 2.2750370502471924, 6.283127784729004, 2.369295120239258, 2.837925672531128, 3.141564130783081],[-1.6917628284653687]
1691622010.6662407,[0.0010000144243240356, 1.5707989931106567, 2.2750422954559326, 6.283136367797852, 2.369292974472046, 2.8379149436950684, 3.1415610313415527],[-1.6731789049796995]
1691622010.7292683,[0.0010000146627426147, 1.5707963705062866, 2.275038480758667, 6.283139228820801, 2.3692901134490967, 2.837920904159546, 3.1415605545043945],[-1.6998213445660615]
1691622010.791185,[0.0010000150203704834, 1.5708003044128418, 2.2750437259674072, 6.283142566680908, 2.3692898750305176, 2.8379175662994385, 3.1415581703186035],[-1.6373267394671427]
1691622010.850886,[0.001000015616416931, 1.5707989931106567, 2.2750449180603027, 6.283139705657959, 2.3692877292633057, 2.8379223346710205, 3.1415677070617676],[-1.6095330931017477]
1691622010.9140668,[0.001000015139579773, 1.5707976818084717, 2.2750468254089355, 6.283142566680908, 2.3692972660064697, 2.8379335403442383, 3.1415910720825195],[-1.6468653883102906]
1691622010.9761016,[0.0010000164508819581, 1.5707985162734985, 2.2750420570373535, 6.283149242401123, 2.369293451309204, 2.8379201889038086, 3.141577959060669],[-1.6615022814811837]
1691622011.0365534,[0.0010000164508819581, 1.570799469947815, 2.2750442028045654, 6.283147811889648, 2.369297742843628, 2.8379342555999756, 3.1415855884552],[-1.6596932272045022]
1691622011.098299,[0.0010000163316726686, 1.5707980394363403, 2.275047779083252, 6.283153057098389, 2.3692963123321533, 2.8379297256469727, 3.141584873199463],[-1.6733433644710471]
1691622011.1611545,[0.0010000154972076415, 1.5707991123199463, 2.27504301071167, 6.283160209655762, 2.3692917823791504, 2.837932825088501, 3.1415817737579346],[-1.7835312584179688]
1691622011.223634,[0.001000015616416931, 1.5707972049713135, 2.2750442028045654, 6.2831549644470215, 2.369291067123413, 2.8379318714141846, 3.141592264175415],[-1.7807354453104594]
1691622011.2848897,[0.001000015139579773, 1.5707985162734985, 2.275040626525879, 6.283161640167236, 2.369286298751831, 2.837925434112549, 3.1415960788726807],[-1.759849078259708]
1691622011.34774,[0.0010000145435333251, 1.5708047151565552, 2.2750425338745117, 6.283157825469971, 2.3692891597747803, 2.8379287719726562, 3.141602039337158],[-1.8545778189673512]
1691622011.4103892,[0.0010000150203704834, 1.570802092552185, 2.2750368118286133, 6.2831573486328125, 2.3692891597747803, 2.8379313945770264, 3.141606092453003],[-1.8501374080383277]
1691622011.472523,[0.0010000145435333251, 1.5707968473434448, 2.2750420570373535, 6.283161163330078, 2.369293212890625, 2.837933301925659, 3.1416120529174805],[-1.9206906183204275]
1691622011.5330682,[0.0010000150203704834, 1.5708013772964478, 2.275040626525879, 6.2831621170043945, 2.3692879676818848, 2.83793306350708, 3.1416144371032715],[-1.9159212861109807]
1691622011.5953236,[0.0010000145435333251, 1.5707991123199463, 2.2750422954559326, 6.28316068649292, 2.3692901134490967, 2.8379299640655518, 3.1416163444519043],[-1.948977695073204]
1691622011.656097,[0.0010000149011611939, 1.5707985162734985, 2.275040864944458, 6.283158779144287, 2.369288444519043, 2.837930917739868, 3.1416172981262207],[-2.0221623070513823]
1691622011.7171912,[0.0010000146627426147, 1.5707978010177612, 2.2750422954559326, 6.283165454864502, 2.369286298751831, 2.83792781829834, 3.1416094303131104],[-2.0218333873688317]
1691622011.7782717,[0.0010000164508819581, 1.5707939863204956, 2.2750444412231445, 6.283163070678711, 2.369285821914673, 2.8379297256469727, 3.1416101455688477],[-2.04518668660777]
1691622011.8416338,[0.0010000157356262207, 1.5707954168319702, 2.2750449180603027, 6.283163547515869, 2.3692915439605713, 2.8379271030426025, 3.141611337661743],[-2.0053874041483306]
1691622011.9024856,[0.0010000152587890626, 1.570799708366394, 2.2750377655029297, 6.283168792724609, 2.3692893981933594, 2.837923526763916, 3.1415979862213135],[-2.0517650814133535]
1691622011.9632661,[0.0010000160932540894, 1.5707955360412598, 2.275035858154297, 6.283178329467773, 2.3692755699157715, 2.837909698486328, 3.141577959060669],[-2.0953469543339587]
1691622012.0260463,[0.0010000163316726686, 1.5707974433898926, 2.275038480758667, 6.2831645011901855, 2.369288921356201, 2.8379228115081787, 3.1415891647338867],[-1.994697516004992]
1691622012.0881624,[0.0010000169277191162, 1.5707989931106567, 2.275038719177246, 6.283163547515869, 2.3692867755889893, 2.837913990020752, 3.1415817737579346],[-2.019859869288498]
