timestamp,joint_position,linear_potentiometer
1691621788.5800452,[0.0, 0.0, 0.0, 0.0, 0.0, 0.0, 0.0],[0]
1691621788.643922,[0.000999980628490448, 1.5699970722198486, 2.6400012969970703, 6.283162593841553, 0.6000139713287354, 3.039994478225708, 3.1399738788604736],[0]
1691621788.7047453,[0.0009999808669090271, 1.570002794265747, 2.6400022506713867, 6.283169746398926, 0.6000163555145264, 3.0399997234344482, 3.139988422393799],[-2.3588119938910195]
1691621788.7671058,[0.0009999813437461854, 1.5699998140335083, 2.639997720718384, 6.283171653747559, 0.6000087261199951, 3.039994716644287, 3.1399855613708496],[-2.4171953893952427]
1691621788.8280191,[0.0009999815225601196, 1.569998025894165, 2.640000581741333, 6.283176898956299, 0.6000082492828369, 3.0400028228759766, 3.1399986743927],[-2.5176806755561296]
1691621788.8889802,[0.0009999816417694091, 1.5700021982192993, 2.6399950981140137, 6.283177852630615, 0.6000000238418579, 3.039992570877075, 3.1399924755096436],[-2.5841227091921013]
1691621788.9513216,[0.0009999818205833435, 1.5699964761734009, 2.639996290206909, 6.283182144165039, 0.6000012755393982, 3.0400002002716064, 3.1400039196014404],[-2.6390525364763646]
1691621789.0124385,[0.0009999819993972779, 1.5699994564056396, 2.639995813369751, 2.8570789254445117e-06, 0.5999974012374878, 3.0399975776672363, 3.1400036811828613],[-2.768483097922945]
1691621789.0744638,[0.0009999819993972779, 1.5700010061264038, 2.6399991512298584, 9.206143658957444e-06, 0.5999922156333923, 3.0399985313415527, 3.1400132179260254],[-2.8502201344463853]
1691621789.1360676,[0.00099998277425766, 1.570001244544983, 2.6399991512298584, 1.14297790787532e-05, 0.599992036819458, 3.03999924659729, 3.1400070190429688],[-2.950705788315633]
1691621789.197071,[0.0009999834299087526, 1.5700017213821411, 2.6399972438812256, 1.0635414582793601e-05, 0.5999855399131775, 3.039996862411499, 3.140011787414551],[-3.0013598027180546]
1691621789.2580464,[0.0009999841451644898, 1.570005178451538, 2.6399941444396973, 2.428590232739225e-05, 0.5999867916107178, 3.0399951934814453, 3.1400160789489746],[-3.0964183752538945]
1691621789.3191633,[0.0009999842643737794, 1.5700042247772217, 2.639993906021118, 2.3016089471639134e-05, 0.5999830365180969, 3.0399935245513916, 3.1400203704833984],[-3.153650913935849]
1691621789.3800037,[0.0009999842643737794, 1.5700024366378784, 2.6399953365325928, 1.888919905468356e-05, 0.5999876260757446, 3.039999008178711, 3.140023946762085],[-3.2893316301524194]
1691621789.4424765,[0.0009999842047691346, 1.5700032711029053, 2.6399950981140137, 2.920715996879153e-05, 0.5999825596809387, 3.039999008178711, 3.140028238296509],[-3.3485378190162995]
1691621789.5044267,[0.0009999845623970033, 1.5700017213821411, 2.6399941444396973, 2.0001016309834085e-05, 0.599983274936676, 3.039998769760132, 3.140035390853882],[-3.3875152463908567]
1691621789.5678637,[0.0009999846220016479, 1.5700055360794067, 2.6399929523468018, 2.523826333344914e-05, 0.5999810695648193, 3.0400002002716064, 3.1400299072265625],[-3.403796961241025]
1691621789.627628,[0.0009999850988388062, 1.570004940032959, 2.6399943828582764, 2.142882476618979e-05, 0.5999869704246521, 3.03999924659729, 3.1400251388549805],[-3.392449099083306]
1691621789.6892745,[0.0009999848008155822, 1.570000410079956, 2.6399943828582764, 1.3809946722176392e-05, 0.5999934673309326, 3.0399954319000244, 3.1400187015533447],[-3.373207075016902]
1691621789.7513692,[0.0009999868869781494, 1.569998860359192, 2.6399941444396973, 1.6509031411260366e-05, 0.5999882817268372, 3.0399961471557617, 3.140019655227661],[-3.365641835840004]
1691621789.812179,[0.0009999865293502809, 1.5700021982192993, 2.6399950981140137, 1.3969404790259432e-05, 0.5999879240989685, 3.03999400138855, 3.140015125274658],[-3.35199151447743]
1691621789.8730164,[0.0009999869465827942, 1.5700021982192993, 2.6399970054626465, 7.301423920580419e-06, 0.5999956727027893, 3.040001153945923, 3.140015125274658],[-3.2814374743384835]
1691621789.9348505,[0.0009999870657920837, 1.570001482963562, 2.6399967670440674, 2.5396257115062326e-06, 0.5999965071678162, 3.0400021076202393, 3.1400067806243896],[-3.191641496045037]
1691621789.9968374,[0.000999987244606018, 1.570000171661377, 2.6399991512298584, 6.283183574676514, 0.6000039577484131, 3.040003538131714, 3.1400108337402344],[-3.1714127427677985]
1691621790.057375,[0.000999987542629242, 1.5700041055679321, 2.640000104904175, 6.283183574676514, 0.5999988913536072, 3.040001153945923, 3.140002489089966],[-3.0799722492937582]
1691621790.1199782,[0.0009999870657920837, 1.5699989795684814, 2.6399970054626465, 6.283174991607666, 0.6000061631202698, 3.0400052070617676, 3.139998435974121],[-2.9849136915356116]
1691621790.1820374,[0.0009999877214431764, 1.56999933719635, 2.6399996280670166, 6.283170700073242, 0.6000080704689026, 3.040003538131714, 3.1399905681610107],[-2.8245642373635613]
1691621790.24426,[0.0009999873638153077, 1.569998025894165, 2.6399993896484375, 6.283168315887451, 0.600009024143219, 3.040006399154663, 3.1399900913238525],[-2.7191448746913522]
1691621790.3042927,[0.0009999874830245972, 1.5700026750564575, 2.6399967670440674, 6.283165454864502, 0.6000098586082458, 3.0400073528289795, 3.1399786472320557],[-2.590372209248381]
1691621790.3661337,[0.0009999950528144837, 1.5699989795684814, 2.640001058578491, 6.2831621170043945, 0.600012481212616, 3.0400054454803467, 3.139974355697632],[-2.562907303482524]
1691621790.427903,[0.000999996066093445, 1.5699998140335083, 2.640000820159912, 6.283159255981445, 0.6000156998634338, 3.0399982929229736, 3.1399714946746826],[-2.4310100558132035]
1691621790.488864,[0.0009999972581863404, 1.5699999332427979, 2.640003204345703, 6.283158779144287, 0.6000158786773682, 3.0399959087371826, 3.1399643421173096],[-2.324933190287263]
1691621790.5500622,[0.0009999979734420777, 1.56999671459198, 2.6400020122528076, 6.28316068649292, 0.6000106334686279, 3.040003538131714, 3.139965295791626],[-2.335458642914301]
1691621790.611374,[0.0009999987483024597, 1.5699970722198486, 2.6399989128112793, 6.283164024353027, 0.60001140832901, 3.039994239807129, 3.139960289001465],[-2.318025862449039]
1691621790.6724093,[0.000999998688697815, 1.56999671459198, 2.639997959136963, 6.28316593170166, 0.6000115871429443, 3.03999924659729, 3.1399760246276855],[-2.37295557464794]
1691621790.734755,[0.0009999992847442628, 1.569998025894165, 2.639998435974121, 6.283166885375977, 0.6000118851661682, 3.0399951934814453, 3.1399807929992676],[-2.287600732126535]
1691621790.796166,[0.0009999992847442628, 1.5699996948242188, 2.640001058578491, 6.283170223236084, 0.6000088453292847, 3.0399985313415527, 3.139982223510742],[-2.383645491341605]
1691621790.85913,[0.0009999997615814209, 1.5699957609176636, 2.6400022506713867, 6.283178806304932, 0.6000041365623474, 3.0399932861328125, 3.1399924755096436],[-2.454856804895542]
1691621790.9195757,[0.000999999701976776, 1.569998025894165, 2.6399967670440674, 6.28317403793335, 0.6000072360038757, 3.0399951934814453, 3.1399924755096436],[-2.492847152274561]
1691621790.98151,[0.0009999998211860657, 1.570001482963562, 2.63999605178833, 6.283180236816406, 0.6000005006790161, 3.039998769760132, 3.1399996280670166],[-2.5143914668925262]
1691621791.043471,[0.0009999993443489076, 1.5700056552886963, 2.639998435974121, 2.8570789254445117e-06, 0.5999987125396729, 3.0399982929229736, 3.140005588531494],[-2.652538306278666]
1691621791.1063673,[0.0009999994039535524, 1.570000171661377, 2.63999605178833, 2.2221724975679535e-06, 0.5999993681907654, 3.0399959087371826, 3.1400017738342285],[-2.776706137175251]
1691621791.1686532,[0.000999999701976776, 1.569998860359192, 2.6399967670440674, 6.825975560786901e-06, 0.6000000238418579, 3.040003538131714, 3.140012264251709],[-2.8350897328956193]
1691621791.22925,[0.0010000001192092896, 1.570002794265747, 2.639995813369751, 7.778335202601738e-06, 0.5999966263771057, 3.0399985313415527, 3.140007495880127],[-2.855647344195257]
1691621791.2900922,[0.0009999998807907104, 1.570004940032959, 2.6399970054626465, 1.2857586625614204e-05, 0.5999904274940491, 3.0399961471557617, 3.1400134563446045],[-2.9623825232950574]
1691621791.3510096,[0.0010000001192092896, 1.5700039863586426, 2.6399943828582764, 1.14297790787532e-05, 0.599994421005249, 3.0399978160858154, 3.140015125274658],[-3.11878511073305]
1691621791.4141583,[0.000999999701976776, 1.570001482963562, 2.6399946212768555, 2.508026773284655e-05, 0.5999886989593506, 3.0400006771087646, 3.1400201320648193],[-3.1867076534105236]
1691621791.474998,[0.0009999998211860657, 1.5700010061264038, 2.639993906021118, 2.3333543140324764e-05, 0.5999858379364014, 3.04000186920166, 3.140026807785034],[-3.2245337864356474]
1691621791.5369766,[0.0009999997615814209, 1.570004940032959, 2.6399941444396973, 3.0317514756461605e-05, 0.599979043006897, 3.0399978160858154, 3.1400246620178223],[-3.248216242189548]
1691621791.5989604,[0.0009999997615814209, 1.570001482963562, 2.6399953365325928, 1.9366108972462825e-05, 0.5999847650527954, 3.0400028228759766, 3.1400306224823],[-3.3468932021733084]
1691621791.6607523,[0.0009999997615814209, 1.570003628730774, 2.6399991512298584, 1.4921763977326918e-05, 0.5999877452850342, 3.039997100830078, 3.1400258541107178],[-3.361694754765899]
1691621791.721654,[0.0009999994039535524, 1.5700023174285889, 2.639996290206909, 2.04764637601329e-05, 0.5999815464019775, 3.0400023460388184, 3.1400249004364014],[-3.3921201755625723]
1691621791.783941,[0.0009999998211860657, 1.5700021982192993, 2.6399946212768555, 2.1905734683969058e-05, 0.5999850630760193, 3.039992332458496, 3.1400134563446045],[-3.382416932208641]
1691621791.8452508,[0.0010000004768371583, 1.5700031518936157, 2.6399941444396973, 1.6984478861559182e-05, 0.5999934673309326, 3.040001153945923, 3.140017032623291],[-3.3893243256819323]
1691621791.9060214,[0.0010000002384185792, 1.569998860359192, 2.639995813369751, 1.1905227438546717e-05, 0.5999937653541565, 3.0399935245513916, 3.140009880065918],[-3.3514981294040154]
1691621791.967055,[0.0009999993443489076, 1.5700010061264038, 2.6400034427642822, 8.730865374673158e-06, 0.5999925136566162, 3.0400032997131348, 3.140014410018921],[-3.266471472339445]
1691621792.029025,[0.0009999998211860657, 1.5700019598007202, 2.640001058578491, 7.778335202601738e-06, 0.5999953746795654, 3.040001153945923, 3.140007257461548],[-3.1978910303939427]
1691621792.0902755,[0.0009999998807907104, 1.5699998140335083, 2.6399991512298584, 1.5872660696913954e-06, 0.6000030040740967, 3.040006637573242, 3.1400089263916016],[-3.1921348803217064]
1691621792.152396,[0.0009999996423721313, 1.5700007677078247, 2.6399998664855957, 6.283180236816406, 0.6000052094459534, 3.040004253387451, 3.1400108337402344],[-3.093786994925941]
1691621792.2149992,[0.0009999994635581971, 1.5699957609176636, 2.640001058578491, 6.283174991607666, 0.6000013947486877, 3.040008306503296, 3.1399986743927],[-3.0066225588295046]
1691621792.2770178,[0.0009999997615814209, 1.570000171661377, 2.6399993896484375, 6.283169746398926, 0.6000056862831116, 3.0400075912475586, 3.139995574951172],[-2.836076498152109]
1691621792.339052,[0.0009999996423721313, 1.569995403289795, 2.6400017738342285, 6.283173561096191, 0.6000117063522339, 3.0400068759918213, 3.1399881839752197],[-2.7237497746405364]
1691621792.4002562,[0.000999999701976776, 1.5700017213821411, 2.640000581741333, 6.2831645011901855, 0.6000151038169861, 3.0399982929229736, 3.139979124069214],[-2.6119165408454577]
1691621792.4616768,[0.001, 1.5699955224990845, 2.6400020122528076, 6.2831597328186035, 0.6000131368637085, 3.0400004386901855, 3.139976739883423],[-2.547119096953042]
1691621792.5237203,[0.0009999994635581971, 1.5700019598007202, 2.6399993896484375, 6.283161163330078, 0.6000142693519592, 3.0399999618530273, 3.139971971511841],[-2.508964272786148]
1691621792.5867589,[0.0009999994635581971, 1.5699983835220337, 2.6399974822998047, 6.283158302307129, 0.6000142693519592, 3.040001153945923, 3.1399714946746826],[-2.3811785874121902]
1691621792.6483307,[0.000999998927116394, 1.5699955224990845, 2.6400036811828613, 6.283162593841553, 0.6000139713287354, 3.039994716644287, 3.1399688720703125],[-2.3144077384846984]
1691621792.7103395,[0.0009999987483024597, 1.5699992179870605, 2.640002727508545, 6.283161163330078, 0.6000139713287354, 3.039999008178711, 3.139960765838623],[-2.284804909682084]
1691621792.7720182,[0.0009999985694885253, 1.56999671459198, 2.6400012969970703, 6.283171653747559, 0.6000107526779175, 3.040001153945923, 3.139975070953369],[-2.340721369538021]
1691621792.8332427,[0.0009999982714653016, 1.570000410079956, 2.6400015354156494, 6.283166408538818, 0.60001140832901, 3.039991617202759, 3.1399805545806885],[-2.326906712591932]
1691621792.8938816,[0.0009999985098838805, 1.5699973106384277, 2.6400020122528076, 6.283168315887451, 0.6000093817710876, 3.0399982929229736, 3.139986276626587],[-2.3739423361525676]
1691621792.955061,[0.0009999988079071045, 1.5700030326843262, 2.6399996280670166, 6.283173561096191, 0.600009024143219, 3.0399951934814453, 3.1399917602539062],[-2.431667897107988]
1691621793.0175781,[0.0009999987483024597, 1.5699996948242188, 2.6399991512298584, 6.283173084259033, 0.6000056862831116, 3.0399937629699707, 3.1399924755096436],[-2.4453181047319856]
1691621793.0780203,[0.000999999225139618, 1.570001482963562, 2.639998435974121, 6.283182144165039, 0.600005030632019, 3.039999485015869, 3.1399946212768555],[-2.555013199965761]
1691621793.1393294,[0.0009999991059303284, 1.5699994564056396, 2.6399965286254883, 6.283185005187988, 0.600001871585846, 3.0399973392486572, 3.139997959136963],[-2.639381457673014]
1691621793.2024071,[0.0009999992847442628, 1.5700026750564575, 2.6399970054626465, 2.2221724975679535e-06, 0.5999998450279236, 3.039994239807129, 3.140007257461548],[-2.7211184032187874]
1691621793.2633567,[0.0009999993443489076, 1.5700024366378784, 2.63999605178833, 6.3490642787655815e-06, 0.5999993681907654, 3.0400002002716064, 3.140007734298706],[-2.8318005154363832]
1691621793.3239915,[0.0009999994635581971, 1.5700007677078247, 2.640000104904175, 2.5396257115062326e-06, 0.5999971032142639, 3.040001153945923, 3.1400086879730225],[-2.9035054779669305]
1691621793.3850062,[0.0010000002384185792, 1.570000410079956, 2.6399965286254883, 1.015850284602493e-05, 0.5999919176101685, 3.0400002002716064, 3.1400115489959717],[-3.0321140374195674]
1691621793.4473825,[0.0009999997615814209, 1.5699994564056396, 2.639996290206909, 2.142882476618979e-05, 0.5999793410301208, 3.0400021076202393, 3.140018939971924],[-3.0715847260508293]
1691621793.5084405,[0.001, 1.5700026750564575, 2.639995813369751, 2.3175547539722174e-05, 0.5999858379364014, 3.03999924659729, 3.140017509460449],[-3.1653276714309975]
1691621793.5692608,[0.0009999998211860657, 1.5699992179870605, 2.6399967670440674, 1.6984478861559182e-05, 0.5999876260757446, 3.040001153945923, 3.1400177478790283],[-3.2378551671068396]
1691621793.6312425,[0.0009999995827674865, 1.570001244544983, 2.639995813369751, 2.158828283427283e-05, 0.5999869704246521, 3.039998769760132, 3.140024185180664],[-3.274201165396911]
1691621793.6943092,[0.001, 1.5700017213821411, 2.639997720718384, 1.5714666005806066e-05, 0.5999830365180969, 3.0400002002716064, 3.1400225162506104],[-3.3232107227209005]
1691621793.7560198,[0.0009999998211860657, 1.569998860359192, 2.639996290206909, 2.0001016309834085e-05, 0.5999839305877686, 3.0399982929229736, 3.1400299072265625],[-3.332585036814908]
1691621793.8178687,[0.0010000002384185792, 1.5700017213821411, 2.6399941444396973, 1.4762305909243878e-05, 0.5999877452850342, 3.040001630783081, 3.1400277614593506],[-3.3899821727053325]
1691621793.8792596,[0.0010000005960464477, 1.570000410079956, 2.639995813369751, 1.9206650904379785e-05, 0.599989652633667, 3.039994239807129, 3.14001202583313],[-3.3307759585861905]
1691621793.9402826,[0.0010000001192092896, 1.5700002908706665, 2.6399929523468018, 1.428685754945036e-05, 0.5999884009361267, 3.0400054454803467, 3.1400182247161865],[-3.326499955633682]
1691621794.0012796,[0.0010000004768371583, 1.5700045824050903, 2.63999605178833, 1.3017044693697244e-05, 0.599994421005249, 3.0399959087371826, 3.140009880065918],[-3.312520716519435]
1691621794.0637393,[0.0010000002384185792, 1.5699936151504517, 2.6399974822998047, 6.98397070664214e-06, 0.5999910831451416, 3.0400047302246094, 3.14001202583313],[-3.2929497851118033]
1691621794.1250427,[0.001, 1.569998860359192, 2.6399989128112793, 5.714157850889023e-06, 0.5999947786331177, 3.040001392364502, 3.140012502670288],[-3.2477228576373953]
1691621794.1862805,[0.0009999998211860657, 1.5700037479400635, 2.6399974822998047, 6.283183574676514, 0.6000001430511475, 3.0400075912475586, 3.140014410018921],[-3.1325998615324635]
1691621794.2474558,[0.0009999996423721313, 1.56999933719635, 2.6399991512298584, 7.943644959595986e-07, 0.6000015735626221, 3.0400030612945557, 3.140004873275757],[-3.0413238634466486]
1691621794.30783,[0.0009999998807907104, 1.569997787475586, 2.6399996280670166, 6.283180236816406, 0.5999987125396729, 3.0400047302246094, 3.1400020122528076],[-2.9964259690985733]
1691621794.3698444,[0.0009999999403953552, 1.5699994564056396, 2.6400020122528076, 6.283173084259033, 0.6000033020973206, 3.0400054454803467, 3.139996290206909],[-2.8671596081704895]
1691621794.4320955,[0.0010000007152557373, 1.56999933719635, 2.640000343322754, 6.283172607421875, 0.6000104546546936, 3.0400078296661377, 3.139988899230957],[-2.736084328971123]
1691621794.4927237,[0.0010000013113021851, 1.5699999332427979, 2.6400043964385986, 6.283167839050293, 0.6000127196311951, 3.0400047302246094, 3.139981985092163],[-2.642177287880915]
1691621794.5532267,[0.0010000019073486328, 1.5699973106384277, 2.6399970054626465, 6.283157825469971, 0.6000168323516846, 3.040003538131714, 3.139972448348999],[-2.5249169349202307]
1691621794.615082,[0.0010000003576278687, 1.5699974298477173, 2.6399993896484375, 6.283158302307129, 0.6000163555145264, 3.040001630783081, 3.1399693489074707],[-2.443509040987797]
1691621794.6767886,[0.0010000005960464477, 1.569996953010559, 2.6400012969970703, 6.283159255981445, 0.6000142693519592, 3.0399985313415527, 3.1399636268615723],[-2.4171953893952427]
1691621794.7382724,[0.0010000003576278687, 1.5699962377548218, 2.640001058578491, 6.283159255981445, 0.6000133156776428, 3.0399954319000244, 3.1399614810943604],[-2.3555227892802137]
1691621794.8006,[0.0010000005960464477, 1.5699950456619263, 2.6399993896484375, 6.283163070678711, 0.6000102758407593, 3.039999485015869, 3.1399600505828857],[-2.340721369538021]
1691621794.8632696,[0.0010000005960464477, 1.569997787475586, 2.6400020122528076, 6.283168315887451, 0.6000077724456787, 3.0400002002716064, 3.1399765014648438],[-2.328222394144492]
1691621794.9247959,[0.0010000013113021851, 1.5699970722198486, 2.6400022506713867, 6.283161163330078, 0.6000109314918518, 3.0400004386901855, 3.139986038208008],[-2.394335408904557]
1691621794.985085,[0.0010000016689300536, 1.5700010061264038, 2.6400020122528076, 6.283169746398926, 0.6000092029571533, 3.0399954319000244, 3.1399800777435303],[-2.379533984818278]
1691621795.0464635,[0.0010000029802322387, 1.5700010061264038, 2.639998435974121, 6.283174991607666, 0.6000036001205444, 3.0399973392486572, 3.139986753463745],[-2.3875925377249767]
1691621795.1092322,[0.001000003218650818, 1.570001482963562, 2.640000104904175, 6.283176898956299, 0.6000071167945862, 3.0399961471557617, 3.1399941444396973],[-2.4963008207821584]
1691621795.1700232,[0.0010000036954879762, 1.5700007677078247, 2.6399989128112793, 1.5945806808304042e-07, 0.6000028848648071, 3.0399951934814453, 3.1399943828582764],[-2.535771324752546]
1691621795.231763,[0.0010000038146972656, 1.5700019598007202, 2.639998197555542, 6.283182144165039, 0.6000039577484131, 3.039994955062866, 3.1399950981140137],[-2.611587619723665]
1691621795.2923875,[0.001000003457069397, 1.5700019598007202, 2.6399998664855957, 7.943644959595986e-07, 0.5999996662139893, 3.039994716644287, 3.139997959136963],[-2.7250654603736404]
1691621795.355288,[0.0010000038146972656, 1.5699975490570068, 2.63999605178833, 2.2221724975679535e-06, 0.5999985337257385, 3.0399985313415527, 3.1400058269500732],[-2.8377211069321375]
1691621795.4159436,[0.0010000033378601075, 1.5700023174285889, 2.6399967670440674, 1.1270321010670159e-05, 0.5999923944473267, 3.0399978160858154, 3.1400089263916016],[-2.9012030243227125]
1691621795.4774134,[0.0010000030994415283, 1.5700023174285889, 2.6399986743927, 1.3651951121573802e-05, 0.5999923944473267, 3.0399954319000244, 3.1400134563446045],[-2.985571535934551]
1691621795.539704,[0.001000003218650818, 1.5699998140335083, 2.639998435974121, 1.14297790787532e-05, 0.5999900102615356, 3.0400002002716064, 3.140019655227661],[-3.0663219667117456]
1691621795.6012585,[0.001000003457069397, 1.5699939727783203, 2.6399974822998047, 8.888689990271814e-06, 0.5999869704246521, 3.040001392364502, 3.1400134563446045],[-3.1474013823029017]
1691621795.6633394,[0.0010000038146972656, 1.570000171661377, 2.6399993896484375, 1.1270321010670159e-05, 0.5999879240989685, 3.0400054454803467, 3.140021562576294],[-3.2352237831300252]
1691621795.7249181,[0.0010000039339065551, 1.5700019598007202, 2.639993906021118, 2.0001016309834085e-05, 0.5999854207038879, 3.0400021076202393, 3.140029191970825],[-3.2876870143057277]
1691621795.7850409,[0.0010000036954879762, 1.5700023174285889, 2.639993906021118, 1.428685754945036e-05, 0.5999886989593506, 3.0400021076202393, 3.1400246620178223],[-3.3582410589583915]
1691621795.8479843,[0.0010000033378601075, 1.5700006484985352, 2.6399989128112793, 1.3492493053490762e-05, 0.5999891757965088, 3.039999008178711, 3.140026330947876],[-3.3547873632742755]
1691621795.9092443,[0.0010000022649765015, 1.5700024366378784, 2.6399950981140137, 2.2540642021340318e-05, 0.5999851822853088, 3.0400021076202393, 3.1400234699249268],[-3.3950804872898463]
1691621795.9702382,[0.0010000027418136596, 1.5700035095214844, 2.639993667602539, 2.1905734683969058e-05, 0.5999891757965088, 3.0399978160858154, 3.1400091648101807],[-3.3643261421307016]
1691621796.032769,[0.0010000027418136596, 1.5700019598007202, 2.6399965286254883, 1.809629611670971e-05, 0.5999904274940491, 3.0400009155273438, 3.14001202583313],[-3.33735442503363]
1691621796.0960274,[0.0010000027418136596, 1.5700021982192993, 2.639995574951172, 1.0635414582793601e-05, 0.5999907851219177, 3.0399982929229736, 3.140011787414551],[-3.295087785832138]
1691621796.157945,[0.0010000027418136596, 1.5700031518936157, 2.6399986743927, 8.730695299163926e-06, 0.599992036819458, 3.0400044918060303, 3.1400153636932373],[-3.2776548582347482]
1691621796.2196462,[0.0010000036954879762, 1.570000171661377, 2.6399950981140137, 3.49198535332107e-06, 0.5999982357025146, 3.040008783340454, 3.140014171600342],[-3.1954241088943016]
1691621796.2824197,[0.0010000039339065551, 1.5700019598007202, 2.640000104904175, 2.2221724975679535e-06, 0.5999982357025146, 3.0400044918060303, 3.1400115489959717],[-3.19131257319526]
1691621796.3450394,[0.0010000039339065551, 1.5699992179870605, 2.639997720718384, 6.283182621002197, 0.6000053882598877, 3.0400054454803467, 3.1400091648101807],[-3.048724617085143]
1691621796.4061353,[0.001000004529953003, 1.56999671459198, 2.6400036811828613, 6.28317928314209, 0.6000037789344788, 3.0400073528289795, 3.1400058269500732],[-2.970605576852611]
1691621796.4677212,[0.0010000044107437134, 1.569996953010559, 2.639997720718384, 6.283173084259033, 0.6000101566314697, 3.040008068084717, 3.1399967670440674],[-2.90038071946142]
1691621796.5293057,[0.0010000042915344239, 1.570000171661377, 2.640002727508545, 6.283171653747559, 0.6000092029571533, 3.0400054454803467, 3.13999080657959],[-2.793810060708642]
1691621796.5892396,[0.0010000053644180298, 1.569997787475586, 2.640002965927124, 6.28316593170166, 0.6000118851661682, 3.040008068084717, 3.1399853229522705],[-2.6688199084329214]
1691621796.6499887,[0.0010000054836273194, 1.5699999332427979, 2.640003204345703, 6.2831645011901855, 0.6000153422355652, 3.0400023460388184, 3.1399779319763184],[-2.555506581420777]
1691621796.7126758,[0.0010000058412551881, 1.56999671459198, 2.6400046348571777, 6.283163070678711, 0.6000144481658936, 3.040001153945923, 3.1399741172790527],[-2.431832357432208]
1691621796.7740166,[0.0010000065565109253, 1.569996953010559, 2.640002727508545, 6.283157825469971, 0.6000151038169861, 3.0400002002716064, 3.139967679977417],[-2.394006488351163]
1691621796.8361146,[0.001000007152557373, 1.5699962377548218, 2.640003204345703, 6.283161163330078, 0.6000152230262756, 3.0399985313415527, 3.139965534210205],[-2.3300314563003237]
1691621796.897742,[0.001000007152557373, 1.5699974298477173, 2.6400015354156494, 6.283162593841553, 0.600013792514801, 3.0399951934814453, 3.139960527420044],[-2.3422015114382835]
1691621796.9590394,[0.0010000065565109253, 1.569996953010559, 2.640001058578491, 6.28316068649292, 0.6000147461891174, 3.0399985313415527, 3.139979124069214],[-2.3096383934072153]
1691621797.0199645,[0.0010000065565109253, 1.5699970722198486, 2.6399967670440674, 6.283161163330078, 0.6000104546546936, 3.0400044918060303, 3.139981985092163],[-2.342530431862792]
1691621797.0824814,[0.0010000076293945313, 1.5699979066848755, 2.6400012969970703, 6.283172130584717, 0.6000144481658936, 3.0400002002716064, 3.1399853229522705],[-2.3718043529018655]
1691621797.1450655,[0.0010000081062316894, 1.5699964761734009, 2.640001058578491, 6.283178806304932, 0.6000063419342041, 3.0399982929229736, 3.1399924755096436],[-2.4005848995761485]
1691621797.2069445,[0.0010000096559524536, 1.5700021982192993, 2.6399993896484375, 6.283182621002197, 0.6000080704689026, 3.039996862411499, 3.1399898529052734],[-2.474920969629995]
1691621797.2693336,[0.0010000100135803224, 1.5700017213821411, 2.640000820159912, 6.283182621002197, 0.6000049114227295, 3.0399985313415527, 3.139996290206909],[-2.5564933443367184]
1691621797.3294842,[0.001000009298324585, 1.5699985027313232, 2.640001058578491, 6.283183574676514, 0.6000041365623474, 3.0399932861328125, 3.1399950981140137],[-2.645630960580613]
1691621797.3912766,[0.0010000096559524536, 1.5700007677078247, 2.639997720718384, 3.49198535332107e-06, 0.5999998450279236, 3.0399975776672363, 3.140002965927124],[-2.726874528280871]
1691621797.4534302,[0.0010000089406967164, 1.5700082778930664, 2.639996290206909, 4.444344995135907e-06, 0.5999988913536072, 3.0400028228759766, 3.140004873275757],[-2.763878196198362]
1691621797.5149715,[0.001000009536743164, 1.5700026750564575, 2.639998435974121, 9.523596418148372e-06, 0.599996030330658, 3.0399980545043945, 3.1400060653686523],[-2.9171557398460544]
1691621797.5750778,[0.001000009536743164, 1.5700023174285889, 2.6399972438812256, 1.2222680197737645e-05, 0.5999969840049744, 3.039997100830078, 3.1400139331817627],[-2.963533750755496]
1691621797.636054,[0.0010000094175338745, 1.5699994564056396, 2.6399989128112793, 1.5556670405203477e-05, 0.5999919176101685, 3.0400002002716064, 3.1400210857391357],[-3.1016811361094603]
1691621797.6983142,[0.0010000101327896117, 1.570004940032959, 2.6399967670440674, 1.111232541006757e-05, 0.5999932885169983, 3.0399985313415527, 3.1400182247161865],[-3.134737858845409]
1691621797.760282,[0.0010000100135803224, 1.5700010061264038, 2.639996290206909, 1.2222680197737645e-05, 0.5999864935874939, 3.0399985313415527, 3.1400256156921387],[-3.2574260876118495]
1691621797.8213608,[0.0010000097751617432, 1.5700021982192993, 2.6399941444396973, 2.825479896273464e-05, 0.5999830365180969, 3.03999924659729, 3.140023708343506],[-3.2496963958606657]
1691621797.883276,[0.0010000091791152953, 1.570000410079956, 2.639993190765381, 2.825479896273464e-05, 0.5999809503555298, 3.0400004386901855, 3.1400325298309326],[-3.355609671759308]
1691621797.9453113,[0.0010000087022781373, 1.5700010061264038, 2.6399991512298584, 2.5715173251228407e-05, 0.5999836325645447, 3.039999485015869, 3.140026569366455],[-3.3199214899189737]
1691621798.0061402,[0.0010000089406967164, 1.5700021982192993, 2.639998197555542, 2.5715173251228407e-05, 0.5999860167503357, 3.0399982929229736, 3.1400275230407715],[-3.3865284758828356]
1691621798.066943,[0.0010000090599060058, 1.5700019598007202, 2.6399965286254883, 1.2064685506629758e-05, 0.5999903082847595, 3.0399930477142334, 3.14001202583313],[-3.3577476738531087]
1691621798.1292353,[0.0010000076293945313, 1.5700023174285889, 2.640000104904175, 1.7143936929642223e-05, 0.599985659122467, 3.0399997234344482, 3.1400187015533447],[-3.3409725817694116]
1691621798.190229,[0.0010000083446502685, 1.5700035095214844, 2.6399970054626465, 1.2540133866423275e-05, 0.5999912619590759, 3.039998769760132, 3.1400105953216553],[-3.3074224062808875]
1691621798.2513587,[0.0010000079870223998, 1.5699962377548218, 2.639997959136963, 1.1587773769861087e-05, 0.5999953746795654, 3.0400044918060303, 3.1400084495544434],[-3.3087380992202724]
1691621798.3142545,[0.0010000079870223998, 1.5699992179870605, 2.6400017738342285, 1.5872660696913954e-06, 0.5999971032142639, 3.0399985313415527, 3.140012502670288],[-3.2390063976184797]
1691621798.3760996,[0.0010000084638595581, 1.5699973106384277, 2.6399953365325928, 2.381630565650994e-06, 0.5999990105628967, 3.040006160736084, 3.1400129795074463],[-3.2426245507414495]
1691621798.4379702,[0.0010000075101852417, 1.5699998140335083, 2.640002727508545, 1.9047192836296745e-06, 0.600006639957428, 3.040006399154663, 3.1400082111358643],[-3.08112347802663]
1691621798.4992342,[0.0010000079870223998, 1.5700019598007202, 2.6399989128112793, 6.283179759979248, 0.6000037789344788, 3.0400073528289795, 3.1400020122528076],[-2.960902373721044]
1691621798.5620341,[0.0010000083446502685, 1.5699973106384277, 2.6399965286254883, 6.283173561096191, 0.6000052094459534, 3.040006399154663, 3.1399986743927],[-2.8553184223848094]
1691621798.6240993,[0.0010000081062316894, 1.5699964761734009, 2.6399991512298584, 6.283171653747559, 0.6000115871429443, 3.0400073528289795, 3.1399881839752197],[-2.76552280393601]
1691621798.9008834,[0.0010000015497207643, 1.5702669620513916, 2.570640802383423, 6.283170700073242, 0.6720739006996155, 3.061767101287842, 3.1410865783691406],[-2.3201638448372686]
1691621798.9612157,[0.0010000007152557373, 1.5703765153884888, 2.5538408756256104, 0.00018381126574240625, 0.7166412472724915, 3.06523060798645, 3.141356945037842],[-2.29533035918338]
1691621799.0239227,[0.0009999998211860657, 1.5703964233398438, 2.545239210128784, 6.283092498779297, 0.754868745803833, 3.0669240951538086, 3.1414361000061035],[-2.2677010559728337]
1691621799.0857298,[0.0009999987483024597, 1.5704987049102783, 2.5341074466705322, 8.06360476417467e-05, 0.8244459629058838, 3.069899559020996, 3.141575336456299],[-2.3176969420846314]
1691621799.1475708,[0.0009999991655349732, 1.5705418586730957, 2.529017210006714, 0.00010127050336450338, 0.8778306245803833, 3.0709822177886963, 3.141535997390747],[-2.3525625052001264]
1691621799.2084076,[0.0009999991059303284, 1.570602297782898, 2.5254180431365967, 0.00019889102259185165, 0.9300230145454407, 3.0722033977508545, 3.141585111618042],[-2.381507507933439]
1691621799.2703059,[0.000999998152256012, 1.5706504583358765, 2.5224192142486572, 0.0001787320215953514, 0.9851210713386536, 3.072643280029297, 3.1415910720825195],[-2.417359849701083]
1691621799.3323689,[0.0009999988079071045, 1.57064950466156, 2.5198352336883545, 0.0001047624900820665, 1.041095495223999, 3.072791337966919, 3.1416022777557373],[-2.4241027224200415]
1691621799.3939235,[0.0009999988675117493, 1.5706579685211182, 2.5187249183654785, 3.936566281481646e-05, 1.095905065536499, 3.0729787349700928, 3.141594171524048],[-2.505181683093091]
1691621799.4550383,[0.0009999982118606568, 1.570695400238037, 2.517879009246826, 0.00011063610872952268, 1.1448380947113037, 3.0730397701263428, 3.141589879989624],[-2.517351754685884]
1691621799.5162864,[0.0009999983310699464, 1.5707653760910034, 2.5167956352233887, 8.714456635061651e-05, 1.1995373964309692, 3.073186159133911, 3.1416008472442627],[-2.51143117916905]
1691621799.578413,[0.0009999987483024597, 1.5707921981811523, 2.5161404609680176, 8.158840500982478e-05, 1.2533901929855347, 3.073218822479248, 3.1415858268737793],[-2.625237847029092]
1691621799.6392438,[0.0009999985694885253, 1.5707942247390747, 2.5160231590270996, 6.2223756685853e-05, 1.3063969612121582, 3.0732884407043457, 3.1416091918945312],[-2.613725607031271]
1691621799.7013206,[0.000999998688697815, 1.5707951784133911, 2.515979051589966, 5.174633770366199e-05, 1.3591350317001343, 3.0732972621917725, 3.1415934562683105],[-2.592181275113798]
1691621799.7644544,[0.0009999983906745912, 1.5708050727844238, 2.5159358978271484, 4.63496326119639e-05, 1.4143524169921875, 3.073352575302124, 3.1416144371032715],[-2.635105482186785]
1691621799.8260431,[0.0009999988079071045, 1.5708141326904297, 2.515902519226074, 8.714456635061651e-05, 1.4696611166000366, 3.0733587741851807, 3.141594886779785],[-2.6328030339110193]
1691621799.886115,[0.0009999986290931701, 1.5708004236221313, 2.51589298248291, 4.254019586369395e-05, 1.5187948942184448, 3.0734047889709473, 3.141587972640991],[-2.590536669780493]
1691621799.9481637,[0.0009999986290931701, 1.5708155632019043, 2.5158729553222656, 3.968311648350209e-05, 1.5723668336868286, 3.0734221935272217, 3.1415891647338867],[-2.5936614199327184]
1691621800.0097547,[0.0009999988079071045, 1.5708203315734863, 2.5158488750457764, 9.698561916593462e-05, 1.6269824504852295, 3.0734336376190186, 3.14159893989563],[-2.567841118437075]
1691621800.07239,[0.0009999984502792358, 1.5708199739456177, 2.515841484069824, 0.00013079511700198054, 1.6809133291244507, 3.073450803756714, 3.141602039337158],[-2.5430075851664182]
1691621800.1339307,[0.0009999985694885253, 1.5708212852478027, 2.515841484069824, 0.0001230167836183682, 1.732588768005371, 3.0734643936157227, 3.1416099071502686],[-2.483637370048802]
1691621800.1960447,[0.0009999988675117493, 1.5708212852478027, 2.5158324241638184, 0.0001230167836183682, 1.786124587059021, 3.073481559753418, 3.141608476638794],[-2.4805126226600387]
1691621800.2575033,[0.000999999225139618, 1.5708262920379639, 2.515829086303711, 0.00016317681001964957, 1.8395262956619263, 3.0734832286834717, 3.141603469848633],[-2.4315034367839776]
1691621800.318045,[0.0009999993443489076, 1.5708266496658325, 2.5158302783966064, 0.00032063800608739257, 1.8948441743850708, 3.073496103286743, 3.141583204269409],[-2.3555227892802137]
1691621800.3792946,[0.0009999987483024597, 1.5708281993865967, 2.51582932472229, 0.0003333361237309873, 1.947640061378479, 3.0735080242156982, 3.1415727138519287],[-2.2894097937387956]
1691621800.441417,[0.0009999995827674865, 1.5708272457122803, 2.5158252716064453, 0.00031968564144335687, 1.998626947402954, 3.073495626449585, 3.141577959060669],[-2.1900759003166437]
1691621800.503185,[0.000999999701976776, 1.570813775062561, 2.5158355236053467, 0.0003515904245432466, 2.0520529747009277, 3.073525905609131, 3.1415605545043945],[-2.092222215848623]
1691621800.5640223,[0.0010000005960464477, 1.570801019668579, 2.5158603191375732, 0.00020476464123930782, 2.0918290615081787, 3.073626756668091, 3.1416451930999756],[-1.9927239982754186]
1691621800.6248593,[0.0010000007152557373, 1.5708154439926147, 2.5158329010009766, 6.28308629989624, 2.110753059387207, 3.073580265045166, 3.141620397567749],[-1.9501289134209228]
1691621800.686266,[0.0010000013113021851, 1.5707929134368896, 2.515871286392212, 7.9841680417303e-05, 2.131213426589966, 3.0736284255981445, 3.141568660736084],[-1.9090139776475525]
1691621800.7482147,[0.0010000008344650268, 1.5708167552947998, 2.515840530395508, 0.00010063559602713212, 2.135395050048828, 3.0735628604888916, 3.141592502593994],[-1.9157568263821751]
1691621800.8092477,[0.001000001072883606, 1.5708197355270386, 2.515828847885132, 5.9842128393938765e-05, 2.13757586479187, 3.0734827518463135, 3.14158034324646],[-1.8105026343117552]
1691621800.8702965,[0.0010000008344650268, 1.5708056688308716, 2.5158448219299316, 2.428590232739225e-05, 2.1404404640197754, 3.073601245880127, 3.1415979862213135],[-1.8206991312098786]
1691621800.9323103,[0.0010000011920928956, 1.5708152055740356, 2.5158331394195557, 5.873177360626869e-05, 2.1412928104400635, 3.07356333732605, 3.141589403152466],[-1.8715171654737284]
1691621800.9950366,[0.0010000015497207643, 1.5708177089691162, 2.5158324241638184, 4.8731264541856945e-05, 2.1422975063323975, 3.073540449142456, 3.1416125297546387],[-1.8404342882788949]
1691621801.0559723,[0.0010000020265579224, 1.5708147287368774, 2.515834093093872, 7.127044227672741e-05, 2.143519639968872, 3.0735549926757812, 3.1415882110595703],[-1.8743129801154623]
1691621801.1177688,[0.0010000017881393432, 1.5708152055740356, 2.5158438682556152, 8.031859033508226e-05, 2.143746852874756, 3.0735809803009033, 3.141573667526245],[-1.8879631346489094]
1691621801.1792471,[0.001000002384185791, 1.5708155632019043, 2.5158376693725586, 6.920773012097925e-05, 2.143824577331543, 3.073559284210205, 3.1416046619415283],[-1.92184183646143]
1691621801.2399786,[0.0010000029802322387, 1.5708141326904297, 2.515833854675293, 6.190630665514618e-05, 2.1438846588134766, 3.0735559463500977, 3.141606092453003],[-1.896679498992466]
1691621801.3004441,[0.0010000035762786866, 1.570814847946167, 2.515842914581299, 5.444542330224067e-05, 2.143970251083374, 3.0735785961151123, 3.1416053771972656],[-1.967890569004334]
1691621801.3629282,[0.0010000039339065551, 1.5708152055740356, 2.5158395767211914, 4.190528852632269e-05, 2.14404034614563, 3.073575973510742, 3.141613721847534],[-2.041404109725044]
1691621801.4244184,[0.0010000040531158447, 1.5708141326904297, 2.515836238861084, 2.9524611818487756e-05, 2.144073009490967, 3.0735554695129395, 3.1416356563568115],[-2.0907420765892355]
1691621801.4856255,[0.0010000038146972656, 1.5708154439926147, 2.515834093093872, 2.5873168851830997e-05, 2.1441078186035156, 3.0735721588134766, 3.14164137840271],[-2.123305143745242]
1691621801.5459323,[0.0010000041723251343, 1.5708105564117432, 2.5158329010009766, 2.2223188352654688e-05, 2.1441168785095215, 3.07356333732605, 3.1416401863098145],[-2.181852899055526]
1691621801.6076038,[0.0010000048875808715, 1.5708115100860596, 2.515835762023926, 2.2858095690025948e-05, 2.144132614135742, 3.07356333732605, 3.141644239425659],[-2.224448050776655]
1691621801.6692753,[0.0010000047683715822, 1.5708147287368774, 2.5158355236053467, 1.9366108972462825e-05, 2.144130229949951, 3.073554039001465, 3.1416373252868652],[-2.2157316673280683]
1691621801.7304285,[0.0010000047683715822, 1.570812463760376, 2.515836238861084, 2.2698637621942908e-05, 2.1441333293914795, 3.0735602378845215, 3.1416375637054443],[-2.327235632978863]
1691621801.790987,[0.0010000054836273194, 1.5708096027374268, 2.515836715698242, 2.444536039547529e-05, 2.144129514694214, 3.0735557079315186, 3.1416354179382324],[-2.322137367071927]
1691621801.8533463,[0.0010000057220458985, 1.570815086364746, 2.515831232070923, 2.2223188352654688e-05, 2.14412522315979, 3.0735509395599365, 3.1416373252868652],[-2.311282995139044]
1691621801.9143288,[0.0010000061988830566, 1.5708131790161133, 2.5158309936523438, 1.7619386198930442e-05, 2.1441357135772705, 3.0735549926757812, 3.141634941101074],[-2.3551938688236143]
1691621801.9760396,[0.0010000076293945313, 1.5708154439926147, 2.51583194732666, 1.0635414582793601e-05, 2.144131660461426, 3.0735538005828857, 3.1416304111480713],[-2.3002641639175563]
1691621802.037087,[0.0010000070333480834, 1.5708131790161133, 2.5158333778381348, 8.095788871287368e-06, 2.144129514694214, 3.0735480785369873, 3.1416189670562744],[-2.3336495806852113]
1691621802.0992985,[0.001000006914138794, 1.5708082914352417, 2.5158331394195557, 3.809438567259349e-06, 2.1441264152526855, 3.073533535003662, 3.1416027545928955],[-2.243525420225258]
1691621802.1624405,[0.0010000065565109253, 1.570813536643982, 2.515838146209717, 6.283180236816406, 2.14414381980896, 3.0735573768615723, 3.1416196823120117],[-2.314078818129117]
1691621802.222492,[0.0010000067949295045, 1.570810317993164, 2.5158345699310303, 6.283175468444824, 2.1441328525543213, 3.073545217514038, 3.141603946685791],[-2.3364454041404734]
1691621802.2831059,[0.0010000070333480834, 1.5708122253417969, 2.5158321857452393, 6.2831645011901855, 2.1441380977630615, 3.073542594909668, 3.141615867614746],[-2.258820209695599]
1691621802.3463829,[0.0010000059604644775, 1.5708088874816895, 2.515833616256714, 6.2831573486328125, 2.144143581390381, 3.073552131652832, 3.141613721847534],[-2.213264766450559]
1691621802.4074712,[0.001000006914138794, 1.5708144903182983, 2.515838861465454, 6.2831645011901855, 2.14414644241333, 3.0735507011413574, 3.1416006088256836],[-2.200930262712878]
1691621802.468161,[0.0010000070333480834, 1.5708116292953491, 2.5158400535583496, 6.283157825469971, 2.144153118133545, 3.073556423187256, 3.1416072845458984],[-2.181852899055526]
1691621802.5284655,[0.0010000072717666626, 1.5708118677139282, 2.515838146209717, 6.2831573486328125, 2.144148111343384, 3.0735456943511963, 3.1415936946868896],[-2.1060368496546262]
1691621802.591041,[0.0010000077486038209, 1.5708099603652954, 2.5158395767211914, 6.2831525802612305, 2.1441526412963867, 3.073547840118408, 3.141592264175415],[-2.027096102375274]
1691621802.6523094,[0.0010000077486038209, 1.5708050727844238, 2.5158398151397705, 6.283159255981445, 2.144155502319336, 3.073542356491089, 3.1415860652923584],[-1.9915727796115426]
1691621802.713334,[0.0010000078678131105, 1.5708098411560059, 2.5158321857452393, 6.283153057098389, 2.14414644241333, 3.0735297203063965, 3.1415770053863525],[-1.9442083620084842]
1691621802.773921,[0.0010000077486038209, 1.570806860923767, 2.5158421993255615, 6.28316068649292, 2.1441538333892822, 3.0735366344451904, 3.141570568084717],[-1.8937192242566863]
1691621802.8360827,[0.0010000081062316894, 1.5708099603652954, 2.5158321857452393, 6.2831621170043945, 2.144145965576172, 3.0735201835632324, 3.14155912399292],[-1.8616495847702337]
1691621802.8971066,[0.0010000087022781373, 1.5708109140396118, 2.515838623046875, 6.2831645011901855, 2.144144296646118, 3.073519468307495, 3.1415553092956543],[-1.8315534673060352]
1691621802.9587638,[0.001000009298324585, 1.5708094835281372, 2.51583194732666, 6.283163547515869, 2.1441431045532227, 3.0735232830047607, 3.14155912399292],[-1.7961946477795316]
1691621803.0203044,[0.0010000100135803224, 1.5708063840866089, 2.515836238861084, 6.2831711769104, 2.1441397666931152, 3.0735175609588623, 3.1415557861328125],[-1.8111604728024644]
1691621803.082272,[0.0010000109672546388, 1.5708099603652954, 2.515841484069824, 6.2831645011901855, 2.1441473960876465, 3.0735390186309814, 3.141582489013672],[-1.7652762442546046]
1691621803.1440766,[0.0010000109672546388, 1.570810317993164, 2.515836238861084, 6.2831711769104, 2.144141435623169, 3.073517322540283, 3.1415772438049316],[-1.8540844399692824]
1691621803.2054687,[0.00100001060962677, 1.570807933807373, 2.5158395767211914, 6.28317928314209, 2.1441447734832764, 3.0735299587249756, 3.141573905944824],[-1.884016101894043]
1691621803.2666602,[0.0010000109672546388, 1.5708073377609253, 2.5158374309539795, 6.283178329467773, 2.1441471576690674, 3.0735409259796143, 3.1415884494781494],[-1.8532621416424773]
1691621803.327576,[0.0010000110864639283, 1.570807695388794, 2.515836000442505, 6.283178329467773, 2.144134283065796, 3.073525905609131, 3.1415815353393555],[-1.9586808214122065]
1691621803.3882995,[0.0010000100135803224, 1.5708081722259521, 2.5158374309539795, 6.283171653747559, 2.144145965576172, 3.0735363960266113, 3.1415963172912598],[-1.9557205455160807]
1691621803.4493234,[0.0010000109672546388, 1.5708115100860596, 2.515831708908081, 6.2831807136535645, 2.14414644241333, 3.0735301971435547, 3.141599416732788],[-1.9665748907435]
1691621803.5110202,[0.001000011682510376, 1.5708075761795044, 2.5158355236053467, 6.283173084259033, 2.144137382507324, 3.073523759841919, 3.141615390777588],[-2.0529163005340054]
1691621803.5722861,[0.0010000114440917968, 1.570809245109558, 2.5158371925354004, 6.283166408538818, 2.14414119720459, 3.0735292434692383, 3.1416218280792236],[-2.113766466756925]
1691621803.6326804,[0.0010000126361846924, 1.5708121061325073, 2.515838623046875, 6.283171653747559, 2.14414381980896, 3.073535680770874, 3.141619920730591],[-2.0910709964233702]
1691621803.6928487,[0.0010000122785568237, 1.570809245109558, 2.5158424377441406, 6.283167839050293, 2.144144058227539, 3.073538303375244, 3.141624927520752],[-2.2076731246220764]
1691621803.754522,[0.0010000128746032715, 1.570807695388794, 2.5158379077911377, 6.283170700073242, 2.1441431045532227, 3.073533535003662, 3.141630172729492],[-2.2445121807852186]
1691621803.8160753,[0.0010000120401382447, 1.5708094835281372, 2.515846014022827, 6.283171653747559, 2.1441404819488525, 3.073533773422241, 3.1416330337524414],[-2.2540508665608203]
1691621803.8779254,[0.0010000125169754028, 1.5708023309707642, 2.515843152999878, 6.283172130584717, 2.144143581390381, 3.073530912399292, 3.1416285037994385],[-2.2741150008634277]
1691621803.9381135,[0.0010000114440917968, 1.570807933807373, 2.515845537185669, 6.283176898956299, 2.1441428661346436, 3.0735297203063965, 3.141627788543701],[-2.4402198342453616]
1691621803.9996648,[0.0010000120401382447, 1.5708073377609253, 2.5158462524414062, 6.283175945281982, 2.1441357135772705, 3.073535680770874, 3.1416282653808594],[-2.3565095506548994]
1691621804.0612853,[0.0010000126361846924, 1.5708073377609253, 2.515845775604248, 6.283179759979248, 2.1441431045532227, 3.073530912399292, 3.1416196823120117],[-2.360621056461715]
1691621804.1223798,[0.0010000122785568237, 1.5708081722259521, 2.515848398208618, 6.283178329467773, 2.14414119720459, 3.073531150817871, 3.141613245010376],[-2.386934696652844]
1691621804.182262,[0.001000012755393982, 1.5708116292953491, 2.5158421993255615, 6.283184051513672, 2.1441280841827393, 3.0735156536102295, 3.141594409942627],[-2.375915859183967]
1691621804.2460346,[0.001000012993812561, 1.5708063840866089, 2.515852451324463, 6.283181667327881, 2.1441404819488525, 3.073535680770874, 3.141601324081421],[-2.3417081308030396]
1691621804.3075676,[0.0010000122785568237, 1.5708094835281372, 2.5158579349517822, 6.283169746398926, 2.1441433429718018, 3.073530435562134, 3.141608476638794],[-2.3313471378835273]
1691621804.369168,[0.001000012993812561, 1.570809245109558, 2.515854597091675, 6.283166885375977, 2.144139051437378, 3.0735249519348145, 3.1416032314300537],[-2.3122697561877525]
1691621804.430065,[0.001000012755393982, 1.570804238319397, 2.5158562660217285, 6.283158302307129, 2.1441502571105957, 3.073542594909668, 3.1416144371032715],[-2.275924062297086]
1691621804.491227,[0.001000013828277588, 1.5708032846450806, 2.5158586502075195, 6.2831573486328125, 2.1441457271575928, 3.073531150817871, 3.1415979862213135],[-2.2259281914162417]
1691621804.5523329,[0.0010000139474868775, 1.570806860923767, 2.515869379043579, 6.283159255981445, 2.144153356552124, 3.0735340118408203, 3.14160418510437],[-2.2510905846979816]
1691621804.6125703,[0.001000013828277588, 1.570805549621582, 2.5158677101135254, 6.283153057098389, 2.1441550254821777, 3.073535680770874, 3.1415975093841553],[-2.127252182681881]
1691621804.6736214,[0.0010000134706497192, 1.570802927017212, 2.5158679485321045, 6.2831549644470215, 2.144152879714966, 3.073531150817871, 3.141584873199463],[-2.0724870269426887]
1691621804.7348256,[0.0010000134706497192, 1.570805311203003, 2.5158674716949463, 6.283149242401123, 2.1441571712493896, 3.073535919189453, 3.141582727432251],[-2.0108145784148017]
1691621804.7973452,[0.0010000134706497192, 1.5708043575286865, 2.5158655643463135, 6.283157825469971, 2.1441457271575928, 3.0735206604003906, 3.141568899154663],[-1.9598320398314293]
1691621804.858458,[0.0010000147819519043, 1.5708059072494507, 2.5158674716949463, 6.283165454864502, 2.1441490650177, 3.073526620864868, 3.141566514968872],[-1.879904609543823]
1691621804.9202943,[0.0010000145435333251, 1.5708043575286865, 2.5158708095550537, 6.283164978027344, 2.1441433429718018, 3.073514223098755, 3.1415534019470215],[-1.855729036635307]
1691621804.9824104,[0.0010000143051147462, 1.5708075761795044, 2.5158677101135254, 6.283172607421875, 2.1441352367401123, 3.07350492477417, 3.1415462493896484],[-1.8884565137500717]
1691621805.0439174,[0.0010000143051147462, 1.5708062648773193, 2.5158746242523193, 6.283175945281982, 2.144141435623169, 3.073509693145752, 3.1415395736694336],[-1.81395628641695]
1691621805.1050735,[0.0010000147819519043, 1.5708060264587402, 2.5158731937408447, 6.283179759979248, 2.144132375717163, 3.0735065937042236, 3.141531229019165],[-1.7758016575863966]
1691621805.1649797,[0.0010000150203704834, 1.570805549621582, 2.5158746242523193, 6.283175945281982, 2.144137144088745, 3.073512315750122, 3.141552686691284],[-1.7869849099676223]
1691621805.2271128,[0.0010000152587890626, 1.5708011388778687, 2.515876531600952, 6.283173084259033, 2.14414644241333, 3.073521614074707, 3.141568422317505],[-1.7927409960409746]
1691621805.2875128,[0.001000015139579773, 1.5708062648773193, 2.5158755779266357, 6.283180236816406, 2.1441376209259033, 3.07351016998291, 3.141552448272705],[-1.8152719634282444]
1691621805.3478715,[0.001000015139579773, 1.5708011388778687, 2.5158798694610596, 6.283174514770508, 2.1441397666931152, 3.0735208988189697, 3.141571283340454],[-1.8534266013075074]
1691621805.4092476,[0.0010000147819519043, 1.5708075761795044, 2.5158772468566895, 6.283181190490723, 2.1441457271575928, 3.073531150817871, 3.1415793895721436],[-1.8590182300170606]
1691621805.4703364,[0.0010000137090682983, 1.5708037614822388, 2.515880823135376, 6.283182144165039, 2.144139528274536, 3.0735268592834473, 3.1415774822235107],[-1.9261177896298285]
1691621805.532284,[0.001000015139579773, 1.5708056688308716, 2.5158772468566895, 6.283176898956299, 2.1441378593444824, 3.0735280513763428, 3.141592025756836],[-1.946346338881622]
1691621805.5930598,[0.0010000158548355103, 1.570807695388794, 2.515883684158325, 6.283176898956299, 2.1441359519958496, 3.0735206604003906, 3.141602039337158],[-2.0330166569762183]
1691621805.6548343,[0.0010000149011611939, 1.5708047151565552, 2.5158777236938477, 6.283173561096191, 2.144141912460327, 3.073523759841919, 3.1416101455688477],[-2.082025701251797]
1691621805.71667,[0.001000015139579773, 1.5708037614822388, 2.5158798694610596, 6.283171653747559, 2.144134283065796, 3.073523759841919, 3.1416189670562744],[-2.1022542712213785]
1691621805.7775066,[0.0010000157356262207, 1.5708023309707642, 2.515881061553955, 6.283169746398926, 2.144141912460327, 3.0735249519348145, 3.1416189670562744],[-2.269181197074819]
1691621805.83934,[0.0010000152587890626, 1.570805549621582, 2.515887498855591, 6.283176422119141, 2.144141912460327, 3.0735273361206055, 3.141620397567749],[-2.2454989413522055]
1691621805.900647,[0.0010000159740447998, 1.5708050727844238, 2.515885591506958, 6.283176422119141, 2.144138813018799, 3.0735256671905518, 3.141622304916382],[-2.230861993661602]
1691621805.963478,[0.0010000163316726686, 1.5707998275756836, 2.5158886909484863, 6.283173084259033, 2.1441402435302734, 3.0735254287719727, 3.1416242122650146],[-2.2802000257807915]
1691621806.0233183,[0.001000016689300537, 1.5708013772964478, 2.5158910751342773, 6.283177375793457, 2.14414119720459, 3.0735280513763428, 3.141623020172119],[-2.283982608974034]
1691621806.0841894,[0.0010000176429748534, 1.5708030462265015, 2.51589035987854, 6.283174991607666, 2.1441385746002197, 3.0735280513763428, 3.141620397567749],[-2.426240706526138]
1691621806.1460397,[0.00100001859664917, 1.5708039999008179, 2.515887975692749, 6.283180236816406, 2.144144296646118, 3.073525905609131, 3.141618490219116],[-2.3464774770201453]
1691621806.2077491,[0.0010000184774398805, 1.5708050727844238, 2.5158896446228027, 6.283175945281982, 2.1441361904144287, 3.073523759841919, 3.1416165828704834],[-2.3903883623183293]
1691621806.2685437,[0.0010000189542770386, 1.5708062648773193, 2.515892744064331, 6.283182621002197, 2.1441309452056885, 3.073516368865967, 3.141597032546997],[-2.3977890747651007]
1691621806.330233,[0.0010000189542770386, 1.5708013772964478, 2.515886068344116, 9.523596418148372e-07, 2.144131660461426, 3.073512077331543, 3.141591787338257],[-2.3553583290518123]
1691621806.3923159,[0.0010000182390213013, 1.570801019668579, 2.5158896446228027, 6.283170700073242, 2.1441445350646973, 3.0735318660736084, 3.141610622406006],[-2.3652259431167253]
1691621806.4536593,[0.0010000180006027222, 1.5708030462265015, 2.5158870220184326, 6.283173084259033, 2.144134998321533, 3.0735180377960205, 3.141594171524048],[-2.3436816533549565]
1691621806.515098,[0.0010000191926956177, 1.5707985162734985, 2.5158908367156982, 6.283166885375977, 2.144146680831909, 3.0735325813293457, 3.1416046619415283],[-2.306020269667618]
1691621806.5761662,[0.0010000187158584594, 1.5708000659942627, 2.5158960819244385, 6.283161640167236, 2.14414644241333, 3.0735223293304443, 3.14160418510437],[-2.2545442468774626]
1691621806.6381054,[0.00100001859664917, 1.570802092552185, 2.5158960819244385, 6.283159255981445, 2.1441423892974854, 3.073517322540283, 3.1415979862213135],[-2.2219811497455297]
1691621806.6992445,[0.0010000176429748534, 1.5707955360412598, 2.5158965587615967, 6.28315544128418, 2.1441566944122314, 3.0735349655151367, 3.141603946685791],[-2.133501661217718]
1691621806.7603896,[0.0010000178813934326, 1.570798397064209, 2.515899181365967, 6.2831549644470215, 2.14414644241333, 3.073523759841919, 3.1415927410125732],[-2.1032410308032516]
1691621806.8210697,[0.001000017523765564, 1.57080078125, 2.515899896621704, 6.283148765563965, 2.144150972366333, 3.073526620864868, 3.1415867805480957],[-2.065908631224517]
1691621806.8822916,[0.001000016212463379, 1.5707961320877075, 2.5159032344818115, 6.283158302307129, 2.1441540718078613, 3.073519468307495, 3.141569137573242],[-1.9968354935739958]
1691621806.9453433,[0.0010000159740447998, 1.5708011388778687, 2.5158984661102295, 6.283161163330078, 2.1441409587860107, 3.0735130310058594, 3.1415622234344482],[-1.9012843709123797]
1691621807.0061061,[0.001000015616416931, 1.5708011388778687, 2.5159008502960205, 6.283163070678711, 2.1441421508789062, 3.073512315750122, 3.1415555477142334],[-1.857867012325904]
1691621807.0681784,[0.0010000158548355103, 1.570801019668579, 2.515902042388916, 6.283174991607666, 2.1441409587860107, 3.0735082626342773, 3.141535758972168],[-1.8057333053316764]
1691621807.1312814,[0.001000016212463379, 1.5707985162734985, 2.5158989429473877, 6.283177852630615, 2.1441378593444824, 3.073507308959961, 3.1415369510650635],[-1.7971814054321644]
1691621807.192379,[0.0010000159740447998, 1.57080078125, 2.515897512435913, 6.283183574676514, 2.144134998321533, 3.073505163192749, 3.1415293216705322],[-1.695380937689486]
1691621807.2527075,[0.001000015616416931, 1.570801019668579, 2.515899658203125, 6.283181190490723, 2.144136905670166, 3.0735037326812744, 3.1415388584136963],[-1.7728413850209122]
1691621807.3145518,[0.001000015139579773, 1.5707980394363403, 2.5159003734588623, 6.283175945281982, 2.1441471576690674, 3.0735247135162354, 3.1415657997131348],[-1.7662630017267844]
1691621807.3766856,[0.0010000149011611939, 1.570799708366394, 2.515897035598755, 6.283179759979248, 2.144132137298584, 3.0735044479370117, 3.1415488719940186],[-1.8105026343117552]
1691621807.4391062,[0.0010000146627426147, 1.5708000659942627, 2.515904426574707, 6.283175468444824, 2.144144058227539, 3.0735249519348145, 3.1415719985961914],[-1.8484928114285257]
1691621807.5001717,[0.001000013828277588, 1.5708003044128418, 2.5158987045288086, 6.283181667327881, 2.144143581390381, 3.0735232830047607, 3.1415786743164062],[-1.8404342882788949]
1691621807.563154,[0.0010000134706497192, 1.5707998275756836, 2.5159034729003906, 6.283182144165039, 2.1441447734832764, 3.073531150817871, 3.141582727432251],[-1.9619700169182641]
1691621807.6250432,[0.0010000143051147462, 1.5708034038543701, 2.515900135040283, 6.283174514770508, 2.1441421508789062, 3.0735321044921875, 3.141599655151367],[-1.9509512122459052]
1691621807.685337,[0.001000014066696167, 1.5708013772964478, 2.5159029960632324, 6.28317403793335, 2.14414381980896, 3.073529005050659, 3.1416015625],[-2.0155839135357314]
1691621807.7471056,[0.0010000133514404296, 1.5707950592041016, 2.5158979892730713, 6.283176898956299, 2.144139528274536, 3.0735270977020264, 3.1416139602661133],[-2.070349048302362]
1691621807.808293,[0.0010000139474868775, 1.5708032846450806, 2.515899181365967, 6.283170700073242, 2.144141435623169, 3.073524236679077, 3.141623020172119],[-2.1711629981275196]
1691621807.8709202,[0.001000013828277588, 1.570799469947815, 2.5158989429473877, 6.283172607421875, 2.1441431045532227, 3.073526382446289, 3.141615152359009],[-2.1542236182960686]
1691621807.9312952,[0.0010000137090682983, 1.5708006620407104, 2.5159003734588623, 6.283175945281982, 2.1441433429718018, 3.0735294818878174, 3.141618013381958],[-2.2583268293636625]
1691621807.9933164,[0.001000014066696167, 1.5708004236221313, 2.515899181365967, 6.283180236816406, 2.144134998321533, 3.073525905609131, 3.1416189670562744],[-2.2537219463507054]
1691621808.0544713,[0.0010000131130218507, 1.5707974433898926, 2.5158979892730713, 6.2831807136535645, 2.1441335678100586, 3.0735244750976562, 3.1416189670562744],[-2.30700703067791]
1691621808.116047,[0.0010000132322311403, 1.570799708366394, 2.515897274017334, 6.283179759979248, 2.1441383361816406, 3.0735232830047607, 3.141620635986328],[-2.3375966255802063]
1691621808.1760375,[0.0010000134706497192, 1.5707993507385254, 2.5158982276916504, 6.283179759979248, 2.144136428833008, 3.0735301971435547, 3.141615867614746],[-2.3084871722068434]
1691621808.2373781,[0.0010000143051147462, 1.5708003044128418, 2.515900135040283, 6.283181190490723, 2.1441385746002197, 3.073526620864868, 3.1416211128234863],[-2.3907172828626417]
1691621808.2992487,[0.0010000143051147462, 1.5707998275756836, 2.5158979892730713, 6.283180236816406, 2.1441378593444824, 3.0735254287719727, 3.1416172981262207],[-2.345326255503851]
1691621808.3613038,[0.0010000137090682983, 1.570802092552185, 2.5158982276916504, 6.283176898956299, 2.144134283065796, 3.0735185146331787, 3.141599416732788],[-2.3025666061882375]
1691621808.422287,[0.001000013828277588, 1.570796012878418, 2.5159006118774414, 6.283181667327881, 2.1441328525543213, 3.0735137462615967, 3.1415979862213135],[-2.3884148390697786]
1691621808.483212,[0.0010000134706497192, 1.5707961320877075, 2.5159034729003906, 6.283169269561768, 2.1441407203674316, 3.073529005050659, 3.1416125297546387],[-2.3005930842395457]
1691621808.5460682,[0.001000014066696167, 1.5708004236221313, 2.5158982276916504, 6.283177375793457, 2.144134998321533, 3.073516368865967, 3.141592264175415],[-2.2519128852090744]
1691621808.6070364,[0.001000013828277588, 1.570802092552185, 2.5158979892730713, 6.283170223236084, 2.144146203994751, 3.0735268592834473, 3.1416032314300537],[-2.2874362719811563]
1691621808.6682942,[0.0010000135898590088, 1.5707985162734985, 2.5159008502960205, 6.28316593170166, 2.1441476345062256, 3.073523759841919, 3.1416046619415283],[-2.237604857012898]
1691621808.729627,[0.0010000139474868775, 1.5707981586456299, 2.5159003734588623, 6.283165454864502, 2.144139528274536, 3.0735232830047607, 3.141599655151367],[-2.1497831986713027]
1691621808.7922747,[0.0010000143051147462, 1.570798397064209, 2.5159013271331787, 6.283160209655762, 2.1441550254821777, 3.073535919189453, 3.1415956020355225],[-2.1634333779557338]
1691621808.8535383,[0.0010000150203704834, 1.5707980394363403, 2.515897750854492, 6.2831597328186035, 2.1441457271575928, 3.0735228061676025, 3.141587018966675],[-2.095182494412024]
1691621808.9152513,[0.0010000158548355103, 1.5707981586456299, 2.5159060955047607, 6.283158302307129, 2.1441490650177, 3.0735232830047607, 3.1415815353393555],[-2.0244647448492104]
1691621808.9785244,[0.0010000164508819581, 1.5707929134368896, 2.515903949737549, 6.283165454864502, 2.144148588180542, 3.0735249519348145, 3.1415722370147705],[-1.9572006834571232]
1691621809.040019,[0.0010000170469284058, 1.5707958936691284, 2.5158960819244385, 6.283166408538818, 2.1441447734832764, 3.0735137462615967, 3.1415629386901855],[-1.929242524710588]
1691621809.099839,[0.0010000174045562745, 1.5707989931106567, 2.515899419784546, 6.283167362213135, 2.1441431045532227, 3.0735156536102295, 3.141556978225708],[-1.8899366510626385]
1691621809.16363,[0.0010000171661376954, 1.5707951784133911, 2.515904426574707, 6.283172607421875, 2.1441335678100586, 3.073500871658325, 3.1415457725524902],[-1.8294154919580523]
1691621809.2260725,[0.001000017762184143, 1.5707954168319702, 2.515899181365967, 6.283172607421875, 2.144134759902954, 3.0735087394714355, 3.1415457725524902],[-1.7447187982133467]
1691621809.287268,[0.0010000182390213013, 1.5707974433898926, 2.5158987045288086, 6.283181190490723, 2.144134044647217, 3.073507785797119, 3.1415398120880127],[-1.7690588145956894]
1691621809.347264,[0.0010000191926956177, 1.5708011388778687, 2.515897035598755, 6.283182144165039, 2.1441311836242676, 3.0735113620758057, 3.1415445804595947],[-1.763960567633922]
1691621809.409396,[0.0010000191926956177, 1.5707991123199463, 2.5159060955047607, 6.283176898956299, 2.144148588180542, 3.073526620864868, 3.141571044921875],[-1.8294154919580523]
1691621809.470264,[0.0010000184774398805, 1.5708023309707642, 2.5159034729003906, 6.283180236816406, 2.144131660461426, 3.073507785797119, 3.141563892364502],[-1.7988260015327822]
1691621809.5323257,[0.001000017523765564, 1.5707972049713135, 2.515902042388916, 6.283178806304932, 2.14414119720459, 3.07352614402771, 3.141573667526245],[-1.8356649584376774]
1691621809.5929446,[0.0010000184774398805, 1.570796012878418, 2.515902519226074, 6.28317928314209, 2.144145965576172, 3.073533535003662, 3.1415822505950928],[-1.8710237864243116]
1691621809.6545358,[0.0010000178813934326, 1.570796012878418, 2.515900135040283, 6.283178329467773, 2.1441385746002197, 3.073528289794922, 3.141580820083618],[-1.931051581890853]
1691621809.716207,[0.001000018358230591, 1.5707987546920776, 2.5159029960632324, 6.283175468444824, 2.1441457271575928, 3.073529005050659, 3.1415953636169434],[-1.9563783845992555]
1691621809.7785835,[0.0010000178813934326, 1.570796012878418, 2.5159008502960205, 6.283182621002197, 2.1441397666931152, 3.0735270977020264, 3.1415956020355225],[-1.9724954430050712]
1691621809.8398602,[0.0010000181198120117, 1.5707964897155762, 2.5159027576446533, 6.283176422119141, 2.1441421508789062, 3.0735249519348145, 3.1416032314300537],[-2.0575211771051594]
1691621809.9012463,[0.0010000193119049073, 1.570799469947815, 2.515897274017334, 6.283178329467773, 2.1441378593444824, 3.0735256671905518, 3.141617774963379],[-2.0863016589002132]
1691621809.9633024,[0.001000019669532776, 1.5707980394363403, 2.5159049034118652, 6.283175945281982, 2.144132614135742, 3.0735297203063965, 3.1416146755218506],[-2.1307058418394456]
1691621810.0229533,[0.001000019907951355, 1.5707998275756836, 2.5158984661102295, 6.283182144165039, 2.144139528274536, 3.073532819747925, 3.141615152359009],[-2.2149093670307427]
1691621810.0824726,[0.0010000195503234864, 1.5707993507385254, 2.515902519226074, 6.283182144165039, 2.1441328525543213, 3.0735268592834473, 3.1416215896606445],[-2.2251058910589787]
1691621810.1454453,[0.001000019907951355, 1.5707964897155762, 2.515899896621704, 6.28317928314209, 2.144134283065796, 3.0735249519348145, 3.141620635986328],[-2.283982608974034]
1691621810.2064247,[0.0010000200271606445, 1.5708016157150269, 2.515899658203125, 6.283181190490723, 2.144134044647217, 3.073528289794922, 3.1416215896606445],[-2.3012509248859176]
1691621810.2682526,[0.0010000202655792237, 1.5707987546920776, 2.515897512435913, 6.283181667327881, 2.144139289855957, 3.073525905609131, 3.1416215896606445],[-2.4249250239951317]
1691621810.330937,[0.001000020742416382, 1.5707985162734985, 2.515899181365967, 6.28318452835083, 2.144136905670166, 3.073525905609131, 3.141623020172119],[-2.3301959164975177]
1691621810.3922882,[0.0010000206232070924, 1.5707978010177612, 2.515899658203125, 6.283181190490723, 2.1441383361816406, 3.073528528213501, 3.141615867614746],[-2.342530431862792]
1691621810.4543755,[0.0010000216960906983, 1.5707974433898926, 2.515897512435913, 6.283181667327881, 2.1441361904144287, 3.0735223293304443, 3.141606092453003],[-2.318848163363572]
1691621810.5152729,[0.00100002121925354, 1.5708000659942627, 2.5158941745758057, 2.064177351712715e-06, 2.144131660461426, 3.0735137462615967, 3.1415956020355225],[-2.313749897774338]
1691621810.577919,[0.001000021815299988, 1.5708011388778687, 2.515902519226074, 6.283176898956299, 2.14414119720459, 3.0735299587249756, 3.141613245010376],[-2.2935212974924157]
1691621810.6393173,[0.001000021815299988, 1.5707941055297852, 2.5159013271331787, 6.2831807136535645, 2.1441378593444824, 3.073519706726074, 3.141597032546997],[-2.329209155317376]
1691621810.7002478,[0.0010000215768814088, 1.5707955360412598, 2.5159037113189697, 6.283173561096191, 2.14414644241333, 3.0735220909118652, 3.141603469848633],[-2.269181197074819]
1691621810.7600198,[0.001000021815299988, 1.5707978010177612, 2.5159010887145996, 6.2831645011901855, 2.144141912460327, 3.0735249519348145, 3.1416094303131104],[-2.2334933549305496]
1691621810.8224192,[0.0010000221729278564, 1.5707931518554688, 2.515899658203125, 6.283167362213135, 2.144141912460327, 3.073519706726074, 3.1415956020355225],[-2.193529560988644]
1691621810.8842564,[0.0010000227689743043, 1.5707933902740479, 2.515902042388916, 6.2831597328186035, 2.144153594970703, 3.073535442352295, 3.141606569290161],[-2.1035699506653516]
1691621810.9460306,[0.0010000231266021728, 1.5707978010177612, 2.515900135040283, 6.28315544128418, 2.144141912460327, 3.0735225677490234, 3.141594171524048],[-2.0604814549758053]
1691621811.0062363,[0.0010000227689743043, 1.5707955360412598, 2.5159051418304443, 6.2831573486328125, 2.144146203994751, 3.07352876663208, 3.141587972640991],[-2.0134459357044294]
1691621811.0693762,[0.001000022292137146, 1.5707980394363403, 2.515904188156128, 6.283160209655762, 2.1441490650177, 3.0735268592834473, 3.141582489013672],[-1.9969999533882303]
1691621811.1316626,[0.0010000228881835937, 1.5707950592041016, 2.5159037113189697, 6.28316593170166, 2.144145965576172, 3.0735154151916504, 3.1415693759918213],[-1.8432301023880366]
1691621811.1932788,[0.0010000225305557252, 1.5707950592041016, 2.5159013271331787, 6.283167839050293, 2.1441421508789062, 3.073516845703125, 3.1415657997131348],[-1.8452036182584355]
1691621811.2549179,[0.0010000213384628296, 1.5707911252975464, 2.515902042388916, 6.283171653747559, 2.144138813018799, 3.073514938354492, 3.141550064086914],[-1.8225081871765076]
1691621811.3151765,[0.001000020980834961, 1.5707954168319702, 2.515901803970337, 6.283181667327881, 2.1441378593444824, 3.073512077331543, 3.1415507793426514],[-1.7955368093476654]
1691621811.3785932,[0.0010000214576721192, 1.5707981586456299, 2.5158982276916504, 6.2831830978393555, 2.144129514694214, 3.0735106468200684, 3.1415390968322754],[-1.7851758543851788]
1691621811.440453,[0.0010000205039978028, 1.5707989931106567, 2.5159029960632324, 6.666517492703861e-06, 2.144127130508423, 3.073505163192749, 3.141536235809326],[-1.7700455720898036]
1691621811.5014853,[0.0010000219345092773, 1.5707955360412598, 2.515900135040283, 6.283183574676514, 2.144138813018799, 3.073524236679077, 3.1415648460388184],[-1.764782865520658]
1691621811.5638204,[0.001000022292137146, 1.5707989931106567, 2.515899181365967, 1.2698128557531163e-06, 2.144129991531372, 3.0735127925872803, 3.1415586471557617],[-1.7710323295896466]
1691621811.626037,[0.0010000225305557252, 1.5707993507385254, 2.515904664993286, 6.283182144165039, 2.1441397666931152, 3.0735206604003906, 3.141563653945923],[-1.8392830707183616]
1691621811.6855981,[0.001000022292137146, 1.5707958936691284, 2.5159010887145996, 6.283183574676514, 2.1441450119018555, 3.073532819747925, 3.1415774822235107],[-1.873161762315964]
1691621811.7464454,[0.001000022292137146, 1.5707991123199463, 2.5158982276916504, 6.283185005187988, 2.144134044647217, 3.073523998260498, 3.1415786743164062],[-1.8901011107648762]
1691621811.8090212,[0.0010000214576721192, 1.5707967281341553, 2.515900135040283, 6.2831807136535645, 2.1441407203674316, 3.07353138923645, 3.1415891647338867],[-1.970028546201965]
1691621811.8700001,[0.0010000208616256713, 1.5707968473434448, 2.5159037113189697, 1.5945806808304042e-07, 2.14414381980896, 3.0735342502593994, 3.141602039337158],[-2.010156739099493]
1691621811.9294043,[0.0010000203847885132, 1.570797085762024, 2.515899419784546, 6.283178329467773, 2.1441397666931152, 3.0735244750976562, 3.141613721847534],[-2.019366489772423]
1691621811.9911516,[0.0010000202655792237, 1.570798397064209, 2.515901803970337, 6.283177852630615, 2.144136905670166, 3.0735275745391846, 3.141620635986328],[-2.092715595605057]
1691621812.0522716,[0.001000020742416382, 1.5707972049713135, 2.515903949737549, 6.283176898956299, 2.1441378593444824, 3.07353138923645, 3.141618013381958],[-2.1739588182927307]
1691621812.1146235,[0.0010000213384628296, 1.5707945823669434, 2.515902042388916, 6.283182621002197, 2.1441378593444824, 3.073533058166504, 3.141617774963379],[-2.2109623256706903]
1691621812.174459,[0.0010000211000442505, 1.5707954168319702, 2.515899658203125, 6.283182144165039, 2.144134998321533, 3.0735292434692383, 3.141625165939331],[-2.216718427691228]
1691621812.2360868,[0.0010000225305557252, 1.5707985162734985, 2.515902042388916, 3.333990207465831e-06, 2.1441309452056885, 3.0735301971435547, 3.141620635986328],[-2.2716480989469336]
1691621812.2972286,[0.0010000226497650147, 1.5707942247390747, 2.5159008502960205, 4.761798209074186e-06, 2.144132614135742, 3.0735292434692383, 3.141618013381958],[-2.28036448591745]
1691621812.3594172,[0.001000022292137146, 1.5707985162734985, 2.5159051418304443, 4.444344995135907e-06, 2.1441266536712646, 3.073523759841919, 3.1416196823120117],[-2.362430119057094]
1691621812.420221,[0.001000022292137146, 1.5707989931106567, 2.5159006118774414, 2.699083779589273e-06, 2.144136428833008, 3.07352614402771, 3.141619920730591],[-2.3426948920753508]
1691621812.4822726,[0.0010000231266021728, 1.5708024501800537, 2.515897750854492, 9.523596418148372e-07, 2.144136905670166, 3.07352876663208, 3.1416192054748535],[-2.32460426990597]
1691621812.5446365,[0.0010000225305557252, 1.5707944631576538, 2.5159056186676025, 1.2698128557531163e-06, 2.144137144088745, 3.0735318660736084, 3.1416170597076416],[-2.360621056461715]
1691621812.6048312,[0.0010000221729278564, 1.5707985162734985, 2.515899181365967, 4.444344995135907e-06, 2.144125461578369, 3.0735082626342773, 3.1415975093841553],[-2.3555227892802137]
1691621812.6652696,[0.0010000220537185669, 1.5707945823669434, 2.515902042388916, 6.283176422119141, 2.144141912460327, 3.0735325813293457, 3.1416099071502686],[-2.321808446697474]
1691621812.7268648,[0.001000021815299988, 1.5707972049713135, 2.515899181365967, 6.283178329467773, 2.144138813018799, 3.0735299587249756, 3.1416049003601074],[-2.3551938688236143]
1691621812.7882202,[0.0010000211000442505, 1.5707939863204956, 2.515899896621704, 6.283175945281982, 2.144139289855957, 3.073518991470337, 3.141602039337158],[-2.271812559073319]
1691621812.84933,[0.0010000197887420654, 1.5707956552505493, 2.5159027576446533, 6.2831645011901855, 2.144148111343384, 3.073540449142456, 3.1416146755218506],[-2.266878755367513]
1691621812.911041,[0.0010000194311141969, 1.570794939994812, 2.515904188156128, 6.283171653747559, 2.1441407203674316, 3.0735251903533936, 3.1416001319885254],[-2.2334933549305496]
1691621812.9724991,[0.0010000193119049073, 1.5707907676696777, 2.515900135040283, 6.283164024353027, 2.1441473960876465, 3.073531150817871, 3.1416068077087402],[-2.1807016789169933]
1691621813.0344691,[0.0010000191926956177, 1.5707911252975464, 2.515902519226074, 6.283163070678711, 2.1441490650177, 3.073530912399292, 3.1416032314300537],[-2.1805372188979644]
1691621813.0961926,[0.0010000197887420654, 1.5707956552505493, 2.515904188156128, 6.283163547515869, 2.14414381980896, 3.0735249519348145, 3.1415858268737793],[-2.006703082740666]
1691621813.1582453,[0.0010000194311141969, 1.570794939994812, 2.5159051418304443, 6.283161163330078, 2.1441450119018555, 3.0735223293304443, 3.141582489013672],[-2.0182152709078127]
1691621813.2196302,[0.0010000190734863281, 1.5708003044128418, 2.515900135040283, 6.283165454864502, 2.144143581390381, 3.073514699935913, 3.141563892364502],[-1.9349986158106978]
1691621813.2812834,[0.0010000206232070924, 1.570793628692627, 2.5159029960632324, 6.283169746398926, 2.1441428661346436, 3.073518991470337, 3.1415555477142334],[-1.8435590216981221]
1691621813.3422704,[0.0010000203847885132, 1.5707963705062866, 2.515897750854492, 6.283176898956299, 2.1441338062286377, 3.073509454727173, 3.141547679901123],[-1.8407632075833844]
1691621813.4041514,[0.0010000213384628296, 1.5707968473434448, 2.5159013271331787, 6.283178806304932, 2.144127130508423, 3.073503017425537, 3.1415367126464844],[-1.7861626119731975]
1691621813.4671485,[0.001000020980834961, 1.5707964897155762, 2.5159034729003906, 6.28125, 2.144132375717163, 3.0735106468200684, 3.14154052734375],[-1.793727753673319]
1691621813.5299432,[0.0010000206232070924, 1.5707980394363403, 2.515900135040283, 0.0, 2.1441333293914795, 3.073507070541382, 3.141537666320801],[-1.7309041958550395]
1691621813.5905201,[0.0010000206232070924, 1.5707978010177612, 2.515902042388916, 6.283179759979248, 2.144146680831909, 3.07353138923645, 3.1415698528289795],[-1.7031105349172744]
1691621813.651445,[0.001000020742416382, 1.5707963705062866, 2.5158989429473877, 6.283184051513672, 2.144129514694214, 3.073507308959961, 3.1415605545043945],[-1.7743215212971968]
1691621813.7128198,[0.00100002121925354, 1.5708000659942627, 2.515904426574707, 6.283183574676514, 2.1441397666931152, 3.073532819747925, 3.141566514968872],[-1.7782685514304561]
1691621813.7739408,[0.0010000214576721192, 1.5707972049713135, 2.515903949737549, 1.5872660696913954e-06, 2.144141912460327, 3.0735340118408203, 3.14158034324646],[-1.8447102392886112]
