timestamp,joint_position,linear_potentiometer
1691622200.9037654,[0.0, 0.0, 0.0, 0.0, 0.0, 0.0, 0.0],[0]
1691622200.9637558,[0.0009999969601631165, 1.570001482963562, 2.5158793926239014, 3.158732579322532e-05, 0.5999809503555298, 3.040003776550293, 3.1400187015533447],[0]
1691622201.025152,[0.0009999971985816957, 1.570000171661377, 2.5158791542053223, 2.6190622520516627e-05, 0.5999880433082581, 3.0400075912475586, 3.1400341987609863],[-3.351333667713435]
1691622201.085778,[0.0009999974966049194, 1.5700050592422485, 2.5158770084381104, 3.87307554774452e-05, 0.5999788641929626, 3.039999485015869, 3.140023946762085],[-3.3727136898350842]
1691622201.147296,[0.0009999975562095642, 1.5700045824050903, 2.5158791542053223, 3.142933201161213e-05, 0.5999866724014282, 3.03999924659729, 3.1400272846221924],[-3.4041258848019202]
1691622201.2090347,[0.0009999975562095642, 1.570002794265747, 2.515876293182373, 2.873024823202286e-05, 0.5999823808670044, 3.039996862411499, 3.1400229930877686],[-3.3977118755687323]
1691622201.2704437,[0.0009999980330467225, 1.5700024366378784, 2.5158779621124268, 2.873024823202286e-05, 0.5999893546104431, 3.039991617202759, 3.1400132179260254],[-3.466950305826255]
1691622201.332286,[0.0009999982714653016, 1.5699999332427979, 2.5158772468566895, 1.888919905468356e-05, 0.5999879240989685, 3.0399978160858154, 3.140012741088867],[-3.3764963096269867]
1691622201.393479,[0.0009999982714653016, 1.5699998140335083, 2.515882730484009, 1.9841558241751045e-05, 0.5999880433082581, 3.0400002002716064, 3.140015125274658],[-3.3564319802513305]
1691622201.4557838,[0.0009999987483024597, 1.5700042247772217, 2.5158777236938477, 1.7143936929642223e-05, 0.599992036819458, 3.040001153945923, 3.1400146484375],[-3.377154156562497]
1691622201.518831,[0.0009999986290931701, 1.5700017213821411, 2.515878200531006, 1.5714666005806066e-05, 0.5999932885169983, 3.0400002002716064, 3.1400153636932373],[-3.2867002448108873]
1691622201.5804935,[0.000999998688697815, 1.5700030326843262, 2.5158822536468506, 4.126891781197628e-06, 0.6000013947486877, 3.040006637573242, 3.1400105953216553],[-3.1997001061986126]
1691622201.642394,[0.0009999988079071045, 1.5699944496154785, 2.515878677368164, 6.283184051513672, 0.6000053882598877, 3.0400054454803467, 3.1400065422058105],[-3.111384352136002]
1691622201.704325,[0.0009999989867210388, 1.570000171661377, 2.515881299972534, 6.283181190490723, 0.6000025272369385, 3.040008306503296, 3.139997959136963],[-3.0538229143379367]
1691622201.765331,[0.0009999988675117493, 1.569998860359192, 2.5158817768096924, 6.283176422119141, 0.6000049114227295, 3.040004253387451, 3.1399922370910645],[-2.8913353663911288]
1691622201.826236,[0.0009999985694885253, 1.5699950456619263, 2.515883684158325, 6.283175945281982, 0.6000133156776428, 3.040009021759033, 3.139986991882324],[-2.7781862843031764]
1691622201.887401,[0.0009999985098838805, 1.5700007677078247, 2.515882730484009, 6.283169269561768, 0.6000171303749084, 3.040001153945923, 3.139982223510742],[-2.6793453897988933]
1691622201.9503267,[0.0009999982714653016, 1.569998025894165, 2.515880823135376, 6.283164024353027, 0.6000117063522339, 3.039998769760132, 3.139976739883423],[-2.505346143512162]
1691622202.012207,[0.0009999982714653016, 1.569995403289795, 2.515885353088379, 6.2831621170043945, 0.6000120639801025, 3.039999485015869, 3.1399741172790527],[-2.4249250239951317]
1691622202.0740416,[0.0009999983310699464, 1.5699999332427979, 2.5158863067626953, 6.283161163330078, 0.600013792514801, 3.0399913787841797, 3.139969825744629],[-2.374435716907649]
1691622202.1358767,[0.0009999986290931701, 1.5699959993362427, 2.5158851146698, 6.283155918121338, 0.600014865398407, 3.0399911403656006, 3.139962673187256],[-2.3198349244676395]
1691622202.1987085,[0.0009999989867210388, 1.56999671459198, 2.515880823135376, 6.283163070678711, 0.600016176700592, 3.0399928092956543, 3.13996958732605],[-2.3185192429971564]
1691622202.2592306,[0.0009999988675117493, 1.5699996948242188, 2.5158865451812744, 6.283166408538818, 0.600013017654419, 3.0399935245513916, 3.1399779319763184],[-2.3096383934072153]
1691622202.3210576,[0.0009999987483024597, 1.5699962377548218, 2.515882968902588, 6.283171653747559, 0.6000111103057861, 3.0399959087371826, 3.139981508255005],[-2.3593053745896713]
1691622202.3832839,[0.000999998927116394, 1.5699994564056396, 2.5158817768096924, 6.283171653747559, 0.6000156998634338, 3.0400044918060303, 3.139986753463745],[-2.3915395842270324]
1691622202.444736,[0.000999998927116394, 1.569995403289795, 2.5158824920654297, 6.283172607421875, 0.6000092029571533, 3.040001153945923, 3.139986276626587],[-2.375258018170219]
1691622202.5060747,[0.0009999992847442628, 1.569998025894165, 2.515880823135376, 6.283175945281982, 0.6000071167945862, 3.0400047302246094, 3.1399927139282227],[-2.525739237147196]
1691622202.56845,[0.0009999988675117493, 1.569998025894165, 2.5158851146698, 6.283181190490723, 0.600000262260437, 3.0400028228759766, 3.139998197555542],[-2.592510196183118]
1691622202.6293447,[0.0009999993443489076, 1.569998860359192, 2.5158886909484863, 2.8570789254445117e-06, 0.5999987125396729, 3.0400023460388184, 3.140000104904175],[-2.677207401320883]
1691622202.690368,[0.0009999990463256836, 1.570000171661377, 2.5158791542053223, 4.6038030632189475e-06, 0.6000031232833862, 3.0400028228759766, 3.140003204345703],[-2.759766676956869]
1691622202.7523391,[0.000999998927116394, 1.570001482963562, 2.5158791542053223, 8.413241630478296e-06, 0.5999952554702759, 3.0400002002716064, 3.140005111694336],[-2.887552764417375]
1691622202.8142521,[0.0009999994039535524, 1.5700010061264038, 2.5158820152282715, 1.873120345408097e-05, 0.5999900102615356, 3.039997100830078, 3.1400094032287598],[-2.9493900999459615]
1691622202.8764274,[0.0009999994635581971, 1.5700037479400635, 2.515881061553955, 1.5874124073889107e-05, 0.5999910831451416, 3.0399982929229736, 3.1400139331817627],[-3.0707624198866914]
1691622202.9383428,[0.0009999993443489076, 1.5700056552886963, 2.5158824920654297, 2.7619893444352783e-05, 0.5999867916107178, 3.039994955062866, 3.1400187015533447],[-3.129804018959431]
1691622202.9996142,[0.0009999987483024597, 1.5700024366378784, 2.5158824920654297, 2.873024823202286e-05, 0.5999820232391357, 3.0399973392486572, 3.140024423599243],[-3.1949307246015954]
1691622203.0624375,[0.0009999985694885253, 1.5699998140335083, 2.515880823135376, 1.888919905468356e-05, 0.5999906063079834, 3.0399959087371826, 3.140016794204712],[-3.298377017800337]
1691622203.1241488,[0.0009999988079071045, 1.5700019598007202, 2.5158770084381104, 2.7142981707584113e-05, 0.5999910831451416, 3.0400047302246094, 3.140036106109619],[-3.2679516262824793]
1691622203.1860597,[0.000999998927116394, 1.5700067281723022, 2.515878438949585, 3.714349077199586e-05, 0.5999830365180969, 3.0399951934814453, 3.1400198936462402],[-3.3554452100617422]
1691622203.2483819,[0.0009999991059303284, 1.570000410079956, 2.515880823135376, 3.4921318729175255e-05, 0.5999869704246521, 3.0400023460388184, 3.1400299072265625],[-3.32732226387921]
1691622203.3096378,[0.0009999988675117493, 1.570001244544983, 2.515876531600952, 1.873120345408097e-05, 0.5999876260757446, 3.040003776550293, 3.140023708343506],[-3.4368537847929606]
1691622203.3712873,[0.0009999985098838805, 1.5700041055679321, 2.515881061553955, 2.4127908545779064e-05, 0.5999826788902283, 3.03999400138855, 3.1400187015533447],[-3.3996854168254043]
1691622203.4320743,[0.000999998927116394, 1.5700021982192993, 2.515878677368164, 2.142882476618979e-05, 0.5999869704246521, 3.040001153945923, 3.1400158405303955],[-3.400178802145937]
1691622203.4941068,[0.0009999982714653016, 1.5700067281723022, 2.5158798694610596, 1.793683804862667e-05, 0.5999934673309326, 3.039996862411499, 3.140010118484497],[-3.3704112256866883]
1691622203.5553923,[0.0009999988079071045, 1.5699994564056396, 2.5158791542053223, 1.3334498362382874e-05, 0.5999956727027893, 3.0399961471557617, 3.1400132179260254],[-3.31597441070285]
1691622203.6159544,[0.0009999985098838805, 1.5699987411499023, 2.5158817768096924, 9.365601727040485e-06, 0.5999994874000549, 3.0400028228759766, 3.1400113105773926],[-3.326499955633682]
1691622203.6770308,[0.0009999990463256836, 1.5700019598007202, 2.5158817768096924, 6.825975560786901e-06, 0.6000006198883057, 3.040001392364502, 3.1400082111358643],[-3.2077587169950634]
1691622203.7392535,[0.0009999995231628417, 1.56999933719635, 2.515882968902588, 1.5945806808304042e-07, 0.6000005006790161, 3.0400044918060303, 3.140003204345703],[-3.0636905871411546]
1691622203.8009264,[0.0009999988079071045, 1.5699987411499023, 2.5158843994140625, 6.283177852630615, 0.6000028848648071, 3.0400028228759766, 3.1400017738342285],[-3.0115563929193483]
1691622203.8633533,[0.000999999225139618, 1.5700007677078247, 2.5158839225769043, 6.283175468444824, 0.6000109314918518, 3.040004253387451, 3.1399905681610107],[-2.861732397862961]
1691622203.9254987,[0.000999998927116394, 1.5699989795684814, 2.515885353088379, 6.283173561096191, 0.6000099778175354, 3.040006399154663, 3.1399874687194824],[-2.7740747645505013]
1691622203.986807,[0.0009999983310699464, 1.5699989795684814, 2.5158839225769043, 6.28316593170166, 0.6000112295150757, 3.0400054454803467, 3.1399810314178467],[-2.591358972444376]
1691622204.048756,[0.000999998688697815, 1.5699989795684814, 2.5158841609954834, 6.2831645011901855, 0.6000179052352905, 3.040003776550293, 3.1399788856506348],[-2.566525434429871]
1691622204.1106062,[0.0009999988675117493, 1.5699987411499023, 2.515885353088379, 6.283161163330078, 0.6000163555145264, 3.0400023460388184, 3.1399691104888916],[-2.4497585340302535]
1691622204.1723192,[0.0009999984502792358, 1.569998860359192, 2.5158870220184326, 6.283161163330078, 0.6000185608863831, 3.04000186920166, 3.139965534210205],[-2.390059441774842]
1691622204.233894,[0.0009999988079071045, 1.5699979066848755, 2.5158843994140625, 6.28316068649292, 0.6000182032585144, 3.0399954319000244, 3.139965772628784],[-2.259642510252752]
1691622204.2959447,[0.0009999986290931701, 1.5699970722198486, 2.5158824920654297, 6.283158779144287, 0.6000142693519592, 3.0399932861328125, 3.1399707794189453],[-2.3232885883888477]
1691622204.3560405,[0.0009999992847442628, 1.5699983835220337, 2.5158843994140625, 6.283167362213135, 0.6000109314918518, 3.0400002002716064, 3.1399807929992676],[-2.365883784080513]
1691622204.4169495,[0.000999998927116394, 1.5699998140335083, 2.5158822536468506, 6.283173561096191, 0.6000056862831116, 3.0399980545043945, 3.139983892440796],[-2.3436816533549565]
1691622204.4802406,[0.000999999225139618, 1.5700030326843262, 2.5158843994140625, 6.283173561096191, 0.6000049114227295, 3.040006399154663, 3.1399896144866943],[-2.40469640675993]
1691622204.5410542,[0.0009999995231628417, 1.570000171661377, 2.5158843994140625, 6.283167362213135, 0.6000068187713623, 3.0400009155273438, 3.1399877071380615],[-2.5267259998267004]
1691622204.6022842,[0.0009999991655349732, 1.5699983835220337, 2.5158851146698, 6.283177375793457, 0.6000056862831116, 3.0400028228759766, 3.13999605178833],[-2.4930116126775435]
1691622204.6636012,[0.000999999701976776, 1.570001244544983, 2.5158872604370117, 7.943644959595986e-07, 0.6000053882598877, 3.0400025844573975, 3.139997720718384],[-2.574748459705774]
1691622204.7254121,[0.0009999998211860657, 1.569998025894165, 2.515883445739746, 9.523596418148372e-07, 0.600000262260437, 3.0399973392486572, 3.140005111694336],[-2.66520177442867]
1691622204.787485,[0.0009999999403953552, 1.5700032711029053, 2.5158870220184326, 2.8570789254445117e-06, 0.599998414516449, 3.039999008178711, 3.1400017738342285],[-2.727861292605728]
1691622204.847416,[0.0010000001192092896, 1.5700026750564575, 2.5158872604370117, 9.523596418148372e-06, 0.5999976396560669, 3.039997100830078, 3.140005588531494],[-2.8610745542072435]
1691622204.9092667,[0.0010000001192092896, 1.570001482963562, 2.5158846378326416, 1.6349573343177326e-05, 0.5999945998191833, 3.039994239807129, 3.1400065422058105],[-2.9498834830827225]
1691622204.970852,[0.001, 1.5700010061264038, 2.5158817768096924, 1.888919905468356e-05, 0.5999906063079834, 3.03999924659729, 3.140010356903076],[-3.0248777461022995]
1691622205.0324419,[0.0009999997615814209, 1.5700002908706665, 2.515883684158325, 2.523826333344914e-05, 0.5999876260757446, 3.0400030612945557, 3.1400208473205566],[-3.1232255661454866]
1691622205.0934389,[0.0009999997615814209, 1.570006251335144, 2.515885353088379, 2.2858095690025948e-05, 0.5999879240989685, 3.0399999618530273, 3.140016794204712],[-3.1853919620818822]
1691622205.155047,[0.0009999995827674865, 1.5700024366378784, 2.515885829925537, 1.2699591934506316e-05, 0.5999901294708252, 3.0400021076202393, 3.140024185180664],[-3.26712931853362]
1691622205.216486,[0.0009999992847442628, 1.570000171661377, 2.515883445739746, 1.3492493053490762e-05, 0.5999855399131775, 3.0400073528289795, 3.1400296688079834],[-3.31827687355955]
1691622205.2776785,[0.0009999996423721313, 1.5699998140335083, 2.5158824920654297, 1.6826483260956593e-05, 0.5999869704246521, 3.039997100830078, 3.140021562576294],[-3.421229911532277]
1691622205.337873,[0.000999999701976776, 1.5700030326843262, 2.515885829925537, 3.206423934898339e-05, 0.5999793410301208, 3.0400006771087646, 3.140029191970825],[-3.425670380513072]
1691622205.3999813,[0.0009999989867210388, 1.5699999332427979, 2.515881061553955, 2.7142981707584113e-05, 0.5999869704246521, 3.0400030612945557, 3.140030860900879],[-3.379127697396031]
1691622205.4623208,[0.0009999993443489076, 1.570000171661377, 2.515881299972534, 2.6190622520516627e-05, 0.5999888777732849, 3.039994478225708, 3.14001202583313],[-3.409388661930418]
1691622205.5226188,[0.0009999992847442628, 1.570005178451538, 2.5158843994140625, 2.2381183953257278e-05, 0.5999912619590759, 3.0400006771087646, 3.140012502670288],[-3.4417876400421754]
1691622205.584037,[0.0009999990463256836, 1.5699955224990845, 2.515883207321167, 1.7619386198930442e-05, 0.5999934673309326, 3.03999662399292, 3.140009641647339],[-3.378305388710469]
1691622205.6463685,[0.0009999991059303284, 1.5700042247772217, 2.5158865451812744, 1.888919905468356e-05, 0.599994421005249, 3.0400049686431885, 3.1400084495544434],[-3.2985414794016363]
1691622205.7080822,[0.0009999991655349732, 1.56999671459198, 2.515883207321167, 6.98397070664214e-06, 0.5999910831451416, 3.0400023460388184, 3.140010356903076],[-3.274530088519127]
1691622205.7684553,[0.0009999994039535524, 1.5699982643127441, 2.5158817768096924, 2.064177351712715e-06, 0.5999990105628967, 3.0400052070617676, 3.1400105953216553],[-3.1954241088943016]
1691622205.831537,[0.0009999994635581971, 1.569996953010559, 2.5158822536468506, 6.2831830978393555, 0.599998414516449, 3.040003776550293, 3.140000104904175],[-3.095596068894264]
1691622205.8931496,[0.000999999701976776, 1.56999671459198, 2.5158841609954834, 6.283178806304932, 0.6000039577484131, 3.040008544921875, 3.1400036811828613],[-3.0125431597646792]
1691622205.954104,[0.0009999996423721313, 1.5699983835220337, 2.515889883041382, 6.283178329467773, 0.600006639957428, 3.0400075912475586, 3.139998435974121],[-2.909261612287851]
1691622206.0146992,[0.0009999995827674865, 1.5699979066848755, 2.51588773727417, 6.283171653747559, 0.6000115871429443, 3.0400047302246094, 3.1399924755096436],[-2.7931522174485264]
1691622206.0768294,[0.0009999994039535524, 1.5699974298477173, 2.5158886909484863, 6.283169269561768, 0.6000117063522339, 3.040001153945923, 3.1399834156036377],[-2.685430434139807]
1691622206.1382442,[0.0009999993443489076, 1.5699999332427979, 2.5158896446228027, 6.283168315887451, 0.6000111103057861, 3.0400044918060303, 3.1399765014648438],[-2.5275483020655773]
1691622206.2000167,[0.0009999994039535524, 1.5699983835220337, 2.5158894062042236, 6.283163547515869, 0.6000140905380249, 3.0399980545043945, 3.1399753093719482],[-2.49202485026286]
1691622206.2613044,[0.0009999991059303284, 1.5699994564056396, 2.515890121459961, 6.283159255981445, 0.6000136137008667, 3.03999400138855, 3.139972448348999],[-2.4170309290896106]
1691622206.3222995,[0.0009999995231628417, 1.5699949264526367, 2.51589035987854, 6.283162593841553, 0.6000190377235413, 3.0399959087371826, 3.1399643421173096],[-2.324275349525482]
1691622206.3829486,[0.0009999992847442628, 1.5699996948242188, 2.5158863067626953, 6.283156871795654, 0.6000168323516846, 3.0399959087371826, 3.13996958732605],[-2.3617722781104633]
1691622206.4446537,[0.0009999991059303284, 1.5699946880340576, 2.5158886909484863, 6.2831573486328125, 0.6000152230262756, 3.039997100830078, 3.139972448348999],[-2.3510823631847986]
1691622206.505126,[0.0009999982118606568, 1.569996953010559, 2.5158917903900146, 6.2831597328186035, 0.6000123620033264, 3.0400021076202393, 3.1399760246276855],[-2.3477931587652288]
1691622206.567995,[0.0009999988079071045, 1.56999671459198, 2.515895128250122, 6.2831597328186035, 0.6000128388404846, 3.040001153945923, 3.1399762630462646],[-2.41226158031683]
1691622206.6292684,[0.0009999979734420777, 1.5699985027313232, 2.5158884525299072, 6.283174514770508, 0.6000074744224548, 3.040005683898926, 3.139984607696533],[-2.401242740716853]
1691622206.6911445,[0.0009999982714653016, 1.5699909925460815, 2.515892267227173, 6.283176422119141, 0.6000030040740967, 3.0400025844573975, 3.13999080657959],[-2.515378229482544]
1691622206.7529087,[0.0009999986290931701, 1.5700017213821411, 2.51589298248291, 6.28317928314209, 0.6000075936317444, 3.040003776550293, 3.1399946212768555],[-2.5944837226176554]
1691622206.8141465,[0.0009999979734420777, 1.5699982643127441, 2.51588773727417, 6.283184051513672, 0.6000028848648071, 3.039999008178711, 3.139997959136963],[-2.6568142823868675]
1691622206.8760378,[0.0009999980926513673, 1.569998025894165, 2.5158867835998535, 4.921256277157227e-06, 0.6000034809112549, 3.039998769760132, 3.140000581741333],[-2.7523659426911147]
1691622206.9360812,[0.0009999980330467225, 1.5700006484985352, 2.5158815383911133, 1.015850284602493e-05, 0.599994421005249, 3.0399961471557617, 3.140005588531494],[-2.831964976307066]
1691622206.9978895,[0.0009999979138374329, 1.5699964761734009, 2.515885829925537, 1.873120345408097e-05, 0.5999937653541565, 3.0399954319000244, 3.140007257461548],[-2.9263655560479047]
1691622207.059335,[0.0009999980926513673, 1.5700039863586426, 2.515887498855591, 1.460431121813599e-05, 0.5999965071678162, 3.0399961471557617, 3.1400091648101807],[-3.0477378499033834]
1691622207.1208265,[0.0009999977350234985, 1.5700017213821411, 2.5158870220184326, 1.444485315005295e-05, 0.599989652633667, 3.0400004386901855, 3.1400279998779297],[-3.099049755648384]
1691622207.181099,[0.000999998688697815, 1.5700064897537231, 2.515881299972534, 2.6508076189202257e-05, 0.5999915599822998, 3.0399959087371826, 3.1400201320648193],[-3.14789476636533]
1691622207.2435744,[0.000999998688697815, 1.5700002908706665, 2.5158848762512207, 1.0000508154917043e-05, 0.5999900102615356, 3.0399985313415527, 3.1400203704833984],[-3.266307010791583]
1691622207.3050404,[0.0009999980926513673, 1.5700064897537231, 2.515883445739746, 3.380950147402473e-05, 0.5999844074249268, 3.039999485015869, 3.140035629272461],[-3.3177834886571205]
1691622207.3660786,[0.0009999985098838805, 1.5700056552886963, 2.5158851146698, 2.5715173251228407e-05, 0.5999876260757446, 3.0400006771087646, 3.140031337738037],[-3.394258178467534]
1691622207.4267607,[0.000999998152256012, 1.5699999332427979, 2.5158867835998535, 2.158828283427283e-05, 0.5999923944473267, 3.040006160736084, 3.1400275230407715],[-3.450833042001514]
1691622207.488082,[0.0009999983906745912, 1.5700030326843262, 2.5158867835998535, 3.079442467424087e-05, 0.5999823808670044, 3.0399997234344482, 3.1400306224823],[-3.434386857264822]
1691622207.5507638,[0.000999998152256012, 1.570004940032959, 2.5158851146698, 2.3016089471639134e-05, 0.59998619556427, 3.0399982929229736, 3.1400160789489746],[-3.454286741160224]
1691622207.611266,[0.0009999985098838805, 1.5700019598007202, 2.515887498855591, 2.3493001208407804e-05, 0.5999893546104431, 3.0400002002716064, 3.1400086879730225],[-3.4819163389975687]
1691622207.6714506,[0.0009999979138374329, 1.5699998140335083, 2.515883445739746, 2.3968450477696024e-05, 0.5999898314476013, 3.0399961471557617, 3.1400129795074463],[-3.3784698504470185]
1691622207.7329779,[0.000999998152256012, 1.569998025894165, 2.5158896446228027, 1.809629611670971e-05, 0.5999901294708252, 3.040001153945923, 3.1400179862976074],[-3.3562675185523663]
1691622207.794349,[0.0009999983906745912, 1.5700010061264038, 2.51588773727417, 5.714157850889023e-06, 0.5999963283538818, 3.0400032997131348, 3.1400132179260254],[-3.29064732284954]
1691622207.854848,[0.000999998688697815, 1.5700006484985352, 2.5158896446228027, 7.936330803204328e-06, 0.5999977588653564, 3.0400054454803467, 3.140015125274658],[-3.2161462513655175]
1691622207.9169323,[0.0009999991655349732, 1.5700035095214844, 2.515890121459961, 6.283183574676514, 0.5999998450279236, 3.0400094985961914, 3.140007257461548],[-3.109904200480062]
1691622207.9783306,[0.0009999997615814209, 1.5700026750564575, 2.5158896446228027, 6.283175945281982, 0.6000039577484131, 3.04000186920166, 3.140001058578491],[-3.0258645130710757]
1691622208.0404396,[0.0009999999403953552, 1.5700010061264038, 2.5158863067626953, 6.283174991607666, 0.6000058650970459, 3.040003776550293, 3.13999605178833],[-2.931628308510861]
1691622208.1002996,[0.0010000002384185792, 1.5699973106384277, 2.515887975692749, 6.2831711769104, 0.6000118851661682, 3.040006399154663, 3.139991521835327],[-2.799730650220354]
1691622208.1621912,[0.0010000003576278687, 1.5699975490570068, 2.51589035987854, 6.283169269561768, 0.6000092029571533, 3.0400047302246094, 3.1399853229522705],[-2.7249009996561915]
1691622208.225054,[0.0010000008344650268, 1.56999933719635, 2.5158913135528564, 6.283164978027344, 0.6000144481658936, 3.04000186920166, 3.1399827003479004],[-2.585109472337651]
1691622208.2870598,[0.0010000007152557373, 1.570000410079956, 2.5158965587615967, 6.283161163330078, 0.60001140832901, 3.039999485015869, 3.1399760246276855],[-2.527383841617369]
1691622208.348253,[0.0010000004768371583, 1.5699942111968994, 2.5158915519714355, 6.283159255981445, 0.6000134944915771, 3.03999662399292, 3.1399648189544678],[-2.4334769606859235]
1691622208.4079144,[0.0010000008344650268, 1.5699999332427979, 2.5158936977386475, 6.283153057098389, 0.6000176072120667, 3.039992570877075, 3.139955759048462],[-2.3897305212321798]
1691622208.469358,[0.0010000011920928956, 1.570000410079956, 2.5158913135528564, 6.2831549644470215, 0.6000176072120667, 3.0399954319000244, 3.1399636268615723],[-2.341872591014585]
1691622208.530886,[0.0010000003576278687, 1.5699975490570068, 2.5158944129943848, 6.283154010772705, 0.6000166535377502, 3.039989948272705, 3.1399753093719482],[-2.378876143786466]
1691622208.592353,[0.0010000009536743164, 1.5699955224990845, 2.5158936977386475, 6.283163070678711, 0.6000131368637085, 3.039998769760132, 3.139986038208008],[-2.3297025359065393]
1691622208.653019,[0.0010000007152557373, 1.5699962377548218, 2.5158965587615967, 6.283162593841553, 0.6000106334686279, 3.039994239807129, 3.1399827003479004],[-2.3648970226360575]
1691622208.7163389,[0.0009999995231628417, 1.569997787475586, 2.515890598297119, 6.2831711769104, 0.6000082492828369, 3.0400044918060303, 3.13999342918396],[-2.4170309290896106]
1691622208.7778876,[0.0009999994635581971, 1.569996953010559, 2.515901803970337, 6.283172607421875, 0.6000071167945862, 3.039996862411499, 3.1399874687194824],[-2.4601195363241763]
1691622208.8390048,[0.0009999998211860657, 1.5700019598007202, 2.515894651412964, 6.283177852630615, 0.6000049114227295, 3.040003776550293, 3.1400015354156494],[-2.5403762176944475]
1691622208.900237,[0.0009999998807907104, 1.5699985027313232, 2.5158896446228027, 6.283181190490723, 0.5999982357025146, 3.0400004386901855, 3.1399929523468018],[-2.704836793861936]
1691622208.9623752,[0.001, 1.570000171661377, 2.5158896446228027, 1.9047192836296745e-06, 0.6000022292137146, 3.0400028228759766, 3.1400036811828613],[-2.73641325043782]
1691622209.0227852,[0.000999999701976776, 1.5700019598007202, 2.515890121459961, 4.761798209074186e-06, 0.5999945998191833, 3.039994716644287, 3.1400022506713867],[-2.8071313875426553]
1691622209.0835109,[0.0009999995231628417, 1.5699975490570068, 2.5158908367156982, 1.3809946722176392e-05, 0.5999939441680908, 3.039998769760132, 3.1400139331817627],[-2.9459364180512977]
1691622209.1461115,[0.0009999993443489076, 1.5699994564056396, 2.515892267227173, 1.6826483260956593e-05, 0.599992036819458, 3.039992094039917, 3.1400082111358643],[-3.0036622584849515]
1691622209.2077641,[0.0009999994635581971, 1.5699983835220337, 2.5158932209014893, 1.2064685506629758e-05, 0.5999895334243774, 3.040003776550293, 3.1400210857391357],[-3.1324354002025374]
1691622209.2681906,[0.000999998927116394, 1.5700019598007202, 2.515887975692749, 1.3175040294299833e-05, 0.5999885201454163, 3.0399935245513916, 3.1400105953216553],[-3.163354134859207]
1691622209.3304377,[0.0009999982118606568, 1.5700024366378784, 2.515892505645752, 2.3016089471639134e-05, 0.5999886989593506, 3.0400021076202393, 3.140026569366455],[-3.2766680888401987]
1691622209.3923755,[0.0009999985694885253, 1.570001482963562, 2.5158917903900146, 2.0953375496901572e-05, 0.5999898314476013, 3.040003538131714, 3.1400296688079834],[-3.313836409527313]
1691622209.4546785,[0.000999998688697815, 1.570003628730774, 2.5158867835998535, 3.079442467424087e-05, 0.5999825596809387, 3.0400030612945557, 3.1400222778320312],[-3.3450841236782356]
1691622209.5172398,[0.0009999987483024597, 1.5700024366378784, 2.51588773727417, 2.825479896273464e-05, 0.5999867916107178, 3.0399997234344482, 3.1400225162506104],[-3.3355453467162435]
1691622209.5792685,[0.0009999983310699464, 1.5700019598007202, 2.515887498855591, 2.904770190070849e-05, 0.5999836325645447, 3.039996862411499, 3.1400253772735596],[-3.3875152463908567]
1691622209.6400745,[0.0009999985098838805, 1.570001482963562, 2.515897512435913, 1.82542917173123e-05, 0.5999877452850342, 3.0399980545043945, 3.1400136947631836],[-3.449681808976726]
1691622209.7023187,[0.0009999983906745912, 1.5700019598007202, 2.5158915519714355, 2.2858095690025948e-05, 0.5999834537506104, 3.0400009155273438, 3.1400160789489746],[-3.386035090632632]
1691622209.7638133,[0.0009999983906745912, 1.5700024366378784, 2.515888214111328, 1.888919905468356e-05, 0.5999886989593506, 3.0400009155273438, 3.140010118484497],[-3.3641616804182997]
1691622209.8251154,[0.0009999982118606568, 1.5699989795684814, 2.5158896446228027, 1.4921763977326918e-05, 0.5999913811683655, 3.0400032997131348, 3.1400146484375],[-3.3541295164912817]
1691622209.888874,[0.0009999985098838805, 1.56999933719635, 2.5158913135528564, 1.3492493053490762e-05, 0.5999925136566162, 3.0400006771087646, 3.1400094032287598],[-3.2761747041466176]
1691622209.9493365,[0.0009999986290931701, 1.5699983835220337, 2.5158908367156982, 5.238709491095506e-06, 0.6000000238418579, 3.0400054454803467, 3.140009641647339],[-3.241473320188101]
1691622210.0104663,[0.0009999988079071045, 1.5699987411499023, 2.515889883041382, 3.968896635342389e-06, 0.6000001430511475, 3.040009021759033, 3.140005111694336],[-3.1786490442903235]
1691622210.0723655,[0.0009999988675117493, 1.5700037479400635, 2.5158896446228027, 9.523596418148372e-07, 0.6000036001205444, 3.040008068084717, 3.140004873275757],[-2.9921499801453817]
1691622210.1350427,[0.0009999986290931701, 1.5699992179870605, 2.5158956050872803, 6.283178806304932, 0.6000039577484131, 3.0400054454803467, 3.1399941444396973],[-2.929161393262334]
1691622210.195039,[0.000999998688697815, 1.569998025894165, 2.515892505645752, 6.283169269561768, 0.6000111103057861, 3.0400023460388184, 3.139991283416748],[-2.806144622538536]
1691622210.2561326,[0.000999999225139618, 1.570001482963562, 2.5158958435058594, 6.283169269561768, 0.6000139713287354, 3.040006160736084, 3.139982223510742],[-2.745787512630101]
1691622210.3170497,[0.0009999991059303284, 1.5700010061264038, 2.5158915519714355, 6.283166408538818, 0.6000133156776428, 3.040003538131714, 3.1399831771850586],[-2.6454664999736104]
1691622210.3781013,[0.0009999998807907104, 1.5699974298477173, 2.5158965587615967, 6.283163070678711, 0.6000111103057861, 3.0400002002716064, 3.1399741172790527],[-2.521298805185858]
1691622210.439267,[0.0009999996423721313, 1.569998860359192, 2.5158956050872803, 6.28316068649292, 0.6000106334686279, 3.039997100830078, 3.139965772628784],[-2.4543634238351997]
1691622210.501007,[0.0010000001192092896, 1.5699973106384277, 2.5158963203430176, 6.283164024353027, 0.6000131368637085, 3.039996862411499, 3.139965772628784],[-2.401736121574556]
1691622210.562285,[0.0009999996423721313, 1.56999671459198, 2.5158934593200684, 6.283158779144287, 0.6000171303749084, 3.0399937629699707, 3.139965057373047],[-2.3578252324992204]
1691622210.624339,[0.0009999992847442628, 1.5699964761734009, 2.5158939361572266, 6.283163070678711, 0.6000155210494995, 3.039992570877075, 3.139969825744629],[-2.3348008021008946]
1691622210.6860366,[0.0009999991655349732, 1.570001482963562, 2.515896797180176, 6.283167839050293, 0.6000122427940369, 3.039999485015869, 3.139979362487793],[-2.38907268014933]
1691622210.7470703,[0.000999998927116394, 1.5700006484985352, 2.515894889831543, 6.283167839050293, 0.6000112295150757, 3.039994955062866, 3.1399788856506348],[-2.3351297225071934]
1691622210.8093414,[0.0009999988675117493, 1.5700021982192993, 2.515892267227173, 6.283173084259033, 0.6000115871429443, 3.0400047302246094, 3.139991283416748],[-2.47508543000972]
1691622210.8705523,[0.0009999984502792358, 1.5699992179870605, 2.5158944129943848, 6.283173084259033, 0.6000072360038757, 3.039996862411499, 3.1399893760681152],[-2.4969586624133653]
1691622210.9322488,[0.0009999985694885253, 1.5700010061264038, 2.5158894062042236, 6.283183574676514, 0.6000043749809265, 3.0400047302246094, 3.1400017738342285],[-2.582642564488693]
1691622211.2094302,[0.0010000040531158447, 1.5702182054519653, 2.440980911254883, 6.283180236816406, 0.6738107800483704, 3.040004253387451, 3.1411688327789307],[-2.9141954419453056]
1691622211.271183,[0.0010000028610229492, 1.5703365802764893, 2.3942227363586426, 0.00026904966216534376, 0.7201798558235168, 3.039959192276001, 3.1413679122924805],[-3.0546452203695424]
1691622211.3311894,[0.0010000039339065551, 1.5704569816589355, 2.3521382808685303, 0.0003731786855496466, 0.7734465003013611, 3.03996205329895, 3.1414804458618164],[-3.1414807737388433]
1691622211.3923595,[0.0010000038146972656, 1.5705206394195557, 2.3239569664001465, 0.00021174861467443407, 0.8240321278572083, 3.0399653911590576, 3.141554355621338],[-3.1784845828863664]
1691622211.4551399,[0.0010000035762786866, 1.5705516338348389, 2.3062498569488525, 0.00024746282724663615, 0.8786258697509766, 3.039952278137207, 3.1415858268737793],[-3.2564393184186784]
1691622211.5162013,[0.001000003218650818, 1.570586085319519, 2.3011069297790527, 0.0002527015458326787, 0.9059357643127441, 3.039961814880371, 3.141583204269409],[-3.302324096307516]
1691622211.5773475,[0.0010000030994415283, 1.5706599950790405, 2.2903761863708496, 0.00034921025508083403, 0.9827569127082825, 3.0399441719055176, 3.1416091918945312],[-3.317125642124421]
1691622211.6389525,[0.001000003457069397, 1.570692539215088, 2.2855236530303955, 0.00033032105420716107, 1.0372278690338135, 3.039952278137207, 3.1416068077087402],[-3.3608724462291035]
1691622211.7018588,[0.0010000030994415283, 1.5706580877304077, 2.283177375793457, 6.283132553100586, 1.0770883560180664, 3.0399866104125977, 3.141613245010376],[-3.415473748347393]
1691622211.7632663,[0.0010000033378601075, 1.5706915855407715, 2.2795751094818115, 0.00014714468852616847, 1.1463450193405151, 3.039968729019165, 3.1415913105010986],[-3.2865357832293745]
1691622211.8246121,[0.0010000030994415283, 1.570698618888855, 2.277874708175659, 0.00012365168367978185, 1.198839783668518, 3.0399739742279053, 3.141580581665039],[-3.288180399056853]
1691622211.8860376,[0.001000003457069397, 1.570717453956604, 2.276691436767578, 0.00015365175204351544, 1.2509496212005615, 3.039973258972168, 3.1415822505950928],[-3.1735507408913413]
1691622211.9470944,[0.001000003457069397, 1.5707422494888306, 2.2764129638671875, 0.0001679386041359976, 1.3026663064956665, 3.0399672985076904, 3.141577959060669],[-3.1648342872844712]
1691622212.0083485,[0.0010000035762786866, 1.5707684755325317, 2.2760708332061768, 8.539784175809473e-05, 1.3567702770233154, 3.039982557296753, 3.141582727432251],[-3.0538229143379367]
1691622212.0681665,[0.0010000035762786866, 1.5708155632019043, 2.27575945854187, 0.00016412917466368526, 1.4076201915740967, 3.039973258972168, 3.1415672302246094],[-2.9497190220368865]
1691622212.1303463,[0.0010000038146972656, 1.5708062648773193, 2.275503158569336, 4.5079821575200185e-05, 1.4621803760528564, 3.0399961471557617, 3.1415627002716064],[-2.791672070127122]
1691622212.1936831,[0.0010000030994415283, 1.570806622505188, 2.2752981185913086, 6.2831807136535645, 1.5165303945541382, 3.0400004386901855, 3.1415579319000244],[-2.661090258648186]
1691622212.2560735,[0.0010000022649765015, 1.570809245109558, 2.275153636932373, 6.2831645011901855, 1.571774959564209, 3.0399889945983887, 3.141563892364502],[-2.483472909658001]
1691622212.3177207,[0.0010000028610229492, 1.5708116292953491, 2.275047540664673, 6.28316593170166, 1.6231681108474731, 3.0399768352508545, 3.141526460647583],[-2.4050253273402284]
1691622212.379987,[0.0010000035762786866, 1.5708262920379639, 2.274967908859253, 6.283174991607666, 1.676152229309082, 3.0399563312530518, 3.141531467437744],[-2.1948452412668287]
1691622212.4403718,[0.0010000042915344239, 1.5708343982696533, 2.27492618560791, 6.283176898956299, 1.7287901639938354, 3.0399513244628906, 3.141531467437744],[-2.068375529584737]
1691622212.5014071,[0.0010000044107437134, 1.5708391666412354, 2.274911880493164, 1.7143936929642223e-05, 1.781419277191162, 3.0399184226989746, 3.141500234603882],[-1.891252328685249]
1691622212.563352,[0.0010000040531158447, 1.5708394050598145, 2.274902582168579, 2.508026773284655e-05, 1.8337922096252441, 3.0399155616760254, 3.1415152549743652],[-1.8167521000783873]
1691622212.6248524,[0.0010000046491622926, 1.5708434581756592, 2.2748911380767822, 4.71439998364076e-05, 1.8877346515655518, 3.0398895740509033, 3.1415202617645264],[-1.7531062359001564]
1691622212.6875818,[0.0010000053644180298, 1.5708463191986084, 2.2748911380767822, 0.00013571637100540102, 1.9417277574539185, 3.0398850440979004, 3.1415348052978516],[-1.7036039134752683]
1691622212.7486596,[0.0010000064373016358, 1.5708483457565308, 2.274886131286621, 0.00021047879999969155, 1.9955438375473022, 3.0398740768432617, 3.14153790473938],[-1.6911049904325897]
1691622212.8097224,[0.0010000067949295045, 1.5708388090133667, 2.2748990058898926, 0.0003411144716665149, 2.032557964324951, 3.039897918701172, 3.1415281295776367],[-1.7091955372295284]
1691622212.8717878,[0.0010000064373016358, 1.5708365440368652, 2.274894952774048, 0.000315081822918728, 2.0845396518707275, 3.0399115085601807, 3.141563653945923],[-1.6874868812960764]
1691622212.9333806,[0.0010000054836273194, 1.5708547830581665, 2.27487850189209, 0.00032936868956312537, 2.152769088745117, 3.039902687072754, 3.1416285037994385],[-1.782215581655732]
1691622212.994432,[0.0010000053644180298, 1.570825219154358, 2.2749087810516357, 0.00016873150889296085, 2.1901071071624756, 3.0399439334869385, 3.1416268348693848],[-1.7971814054321644]
1691622213.0544052,[0.0010000054836273194, 1.5708562135696411, 2.274899959564209, 0.00017127113824244589, 2.254591703414917, 3.039917230606079, 3.141690492630005],[-1.8507952466868733]
1691622213.1177254,[0.0010000054836273194, 1.5708423852920532, 2.2749462127685547, 0.00019365231855772436, 2.3038148880004883, 3.0399670600891113, 3.1417629718780518],[-1.9335184780791779]
1691622213.1798732,[0.001000006079673767, 1.5708099603652954, 2.2750003337860107, 8.127094770316035e-05, 2.3335657119750977, 3.0401253700256348, 3.141704559326172],[-1.9544048673580452]
1691622213.241027,[0.0010000067949295045, 1.570827603340149, 2.274944543838501, 6.063649198040366e-05, 2.351597785949707, 3.0399792194366455, 3.141692638397217],[-2.055547658557308]
1691622213.3036819,[0.0010000070333480834, 1.5708296298980713, 2.274941921234131, 6.283064842224121, 2.357795476913452, 3.0400848388671875, 3.141845703125],[-2.1460006190990444]
1691622213.3659277,[0.0010000070333480834, 1.5708446502685547, 2.2749106884002686, 6.283116817474365, 2.361727476119995, 3.039975166320801, 3.1417102813720703],[-2.230861993661602]
1691622213.4283319,[0.001000007152557373, 1.5708365440368652, 2.274928092956543, 6.28316068649292, 2.3643550872802734, 3.040071725845337, 3.141770839691162],[-2.2979617216859602]
1691622213.4891326,[0.001000006914138794, 1.5708447694778442, 2.2749125957489014, 6.283170223236084, 2.3664889335632324, 3.040006399154663, 3.141791582107544],[-2.3760803194379165]
1691622213.5510266,[0.001000006914138794, 1.5708413124084473, 2.2749195098876953, 1.6826483260956593e-05, 2.366971015930176, 3.039982318878174, 3.141707181930542],[-2.485446434361704]
1691622213.6132672,[0.001000006675720215, 1.570835828781128, 2.274933338165283, 1.888919905468356e-05, 2.3680579662323, 3.0400657653808594, 3.141730546951294],[-2.459790615603544]
1691622213.674068,[0.001000006914138794, 1.570841670036316, 2.2749171257019043, 6.98397070664214e-06, 2.3689472675323486, 3.039978504180908, 3.1416938304901123],[-2.3801918258533767]
1691622213.7344754,[0.0010000064373016358, 1.5708407163619995, 2.274919033050537, 6.283176898956299, 2.3692054748535156, 3.0400097370147705, 3.1417181491851807],[-2.4469627081578884]
1691622213.7961266,[0.0010000065565109253, 1.570841670036316, 2.274925947189331, 1.2698128557531163e-06, 2.3692657947540283, 3.040008068084717, 3.141664505004883],[-2.459626155243545]
1691622213.8575761,[0.001000006079673767, 1.5708361864089966, 2.274925708770752, 6.283180236816406, 2.3692662715911865, 3.03999400138855, 3.141650438308716],[-2.42722746843317]
1691622213.9191573,[0.0010000067949295045, 1.5708369016647339, 2.2749366760253906, 6.283157825469971, 2.3693079948425293, 3.040029287338257, 3.141678810119629],[-2.3734489553993314]
1691622213.9812694,[0.0010000061988830566, 1.5708357095718384, 2.2749392986297607, 6.283167362213135, 2.369295358657837, 3.0399951934814453, 3.1416375637054443],[-2.3915395842270324]
1691622214.0424447,[0.0010000065565109253, 1.5708317756652832, 2.2749550342559814, 6.283150672912598, 2.3693315982818604, 3.040038824081421, 3.1416521072387695],[-2.3538781870053587]
1691622214.10433,[0.001000006675720215, 1.57082998752594, 2.274959087371826, 6.283143997192383, 2.3693225383758545, 3.040015697479248, 3.141627550125122],[-2.2627672524147093]
1691622214.1660411,[0.0010000076293945313, 1.5708311796188354, 2.27496600151062, 6.283154487609863, 2.369312047958374, 3.0399975776672363, 3.1415963172912598],[-2.230204153352133]
1691622214.2273257,[0.0010000079870223998, 1.5708260536193848, 2.2749786376953125, 6.283148765563965, 2.3693349361419678, 3.0400333404541016, 3.1415910720825195],[-2.115082146304417]
1691622214.289199,[0.001000008225440979, 1.5708305835723877, 2.2749838829040527, 6.283167362213135, 2.3693156242370605, 3.040001153945923, 3.1415491104125977],[-2.067882149909422]
1691622214.3502412,[0.0010000088214874268, 1.5708273649215698, 2.2749874591827393, 6.28316593170166, 2.3693149089813232, 3.03999662399292, 3.141551971435547],[-2.003249426459944]
1691622214.4106042,[0.0010000079870223998, 1.5708247423171997, 2.2749886512756348, 6.28317403793335, 2.369307041168213, 3.0399816036224365, 3.1415228843688965],[-1.9142766888305844]
1691622214.472414,[0.0010000076293945313, 1.5708242654800415, 2.274991989135742, 6.2831807136535645, 2.369306802749634, 3.0399672985076904, 3.141500473022461],[-1.8236594046200922]
1691622214.5342152,[0.0010000076293945313, 1.5708229541778564, 2.2749974727630615, 6.283182621002197, 2.369300603866577, 3.03995943069458, 3.1414992809295654],[-1.7685654358507796]
1691622214.595342,[0.0010000073909759522, 1.5708272457122803, 2.2749998569488525, 1.14297790787532e-05, 2.3692893981933594, 3.0399417877197266, 3.141474962234497],[-1.7753082788218946]
1691622214.6561015,[0.001000007152557373, 1.5708221197128296, 2.2750043869018555, 9.683054486231413e-06, 2.3692994117736816, 3.0399515628814697, 3.1414713859558105],[-1.7499815041650189]
1691622214.7165806,[0.0010000073909759522, 1.5708229541778564, 2.2750046253204346, 9.048148058354855e-06, 2.3692893981933594, 3.0399441719055176, 3.1414859294891357],[-1.6988345874726978]
1691622214.779306,[0.0010000076293945313, 1.5708203315734863, 2.2750117778778076, 3.016536993527552e-06, 2.369298219680786, 3.039966344833374, 3.1415207386016846],[-1.7335355486000197]
1691622214.8409033,[0.0010000067949295045, 1.570820689201355, 2.2750165462493896, 8.413241630478296e-06, 2.36929988861084, 3.039963722229004, 3.1415164470672607],[-1.7815577432784553]
1691622214.9011438,[0.0010000072717666626, 1.5708187818527222, 2.275022268295288, 9.523596418148372e-07, 2.369306802749634, 3.039973258972168, 3.141535997390747],[-1.842736723424143]
1691622214.9633715,[0.0010000078678131105, 1.5708167552947998, 2.2750232219696045, 3.174532139382791e-07, 2.3693058490753174, 3.039987087249756, 3.1415514945983887],[-1.875793117298274]
1691622215.026125,[0.0010000083446502685, 1.5708125829696655, 2.275029420852661, 5.873615918972064e-06, 2.369309663772583, 3.039987325668335, 3.1415517330169678],[-1.9315449611254323]
1691622215.0860355,[0.0010000091791152953, 1.570813536643982, 2.2750279903411865, 3.174532139382791e-07, 2.369309425354004, 3.0399928092956543, 3.141569137573242],[-1.9483198560211652]
1691622215.1469102,[0.0010000094175338745, 1.57081937789917, 2.2750308513641357, 2.699083779589273e-06, 2.3693037033081055, 3.0399837493896484, 3.1415774822235107],[-2.0359769343637]
1691622215.209277,[0.0010000102519989013, 1.5708134174346924, 2.2750277519226074, 6.283185005187988, 2.3693017959594727, 3.0399928092956543, 3.141589879989624],[-2.1027476510114855]
1691622215.2702396,[0.0010000115633010864, 1.5708094835281372, 2.2750303745269775, 6.283178806304932, 2.3693015575408936, 3.039991617202759, 3.1416015625],[-2.17198529817042]
1691622215.3323483,[0.0010000119209289551, 1.570810317993164, 2.2750282287597656, 6.283181190490723, 2.3693020343780518, 3.039987564086914, 3.141598701477051],[-2.168202718012313]
1691622215.392621,[0.0010000123977661132, 1.5708116292953491, 2.275036334991455, 6.283181667327881, 2.36930251121521, 3.0399930477142334, 3.1416008472442627],[-2.2494459836904706]
1691622215.4539278,[0.0010000126361846924, 1.5708107948303223, 2.2750308513641357, 6.283183574676514, 2.3693015575408936, 3.0399911403656006, 3.1416075229644775],[-2.2744439211223155]
1691622215.5160108,[0.0010000120401382447, 1.570809006690979, 2.2750329971313477, 7.943644959595986e-07, 2.3692939281463623, 3.0399892330169678, 3.1416094303131104],[-2.32115060595098]
1691622215.5778346,[0.0010000122785568237, 1.5708081722259521, 2.2750344276428223, 2.2221724975679535e-06, 2.3692994117736816, 3.039994239807129, 3.1416027545928955],[-2.342037051226333]
1691622215.6392505,[0.0010000122785568237, 1.5708062648773193, 2.2750356197357178, 2.5396257115062326e-06, 2.3692939281463623, 3.0399951934814453, 3.1416032314300537],[-2.382987650289236]
1691622215.7002914,[0.0010000125169754028, 1.5708072185516357, 2.275033473968506, 9.523596418148372e-07, 2.3692989349365234, 3.0399961471557617, 3.1416027545928955],[-2.3611144371670973]
1691622215.762332,[0.0010000132322311403, 1.5708082914352417, 2.275038719177246, 6.191069132910343e-06, 2.3692917823791504, 3.0399880409240723, 3.141587972640991],[-2.3917040445005293]
1691622215.8234422,[0.0010000139474868775, 1.5708105564117432, 2.2750344276428223, 1.111232541006757e-05, 2.36928653717041, 3.0399742126464844, 3.1415765285491943],[-2.3655548635982107]
1691622215.8846195,[0.0010000143051147462, 1.5708056688308716, 2.2750403881073, 6.283181667327881, 2.369309902191162, 3.0399997234344482, 3.1415936946868896],[-2.345326255503851]
1691622215.946493,[0.0010000131130218507, 1.570804238319397, 2.2750418186187744, 6.283184051513672, 2.3692996501922607, 3.039990186691284, 3.1415796279907227],[-2.3487799200825683]
1691622216.0082874,[0.0010000139474868775, 1.570804238319397, 2.2750399112701416, 6.283175945281982, 2.369300127029419, 3.0399951934814453, 3.1415817737579346],[-2.2800355656443307]
1691622216.0702863,[0.001000014066696167, 1.5708004236221313, 2.2750473022460938, 6.283166408538818, 2.3693108558654785, 3.040009021759033, 3.141594171524048],[-2.2468146221191225]
1691622216.130916,[0.0010000134706497192, 1.5708017349243164, 2.2750442028045654, 6.283174991607666, 2.3693063259124756, 3.0399980545043945, 3.1415743827819824],[-2.129061242230353]
1691622216.1920123,[0.0010000141859054566, 1.570801019668579, 2.275047540664673, 6.283161163330078, 2.3693158626556396, 3.0400078296661377, 3.1415855884552],[-2.1361330206818607]
1691622216.2534654,[0.0010000145435333251, 1.5708000659942627, 2.2750473022460938, 6.283163547515869, 2.369305372238159, 3.039999008178711, 3.1415700912475586],[-2.0552187388018646]
1691622216.315023,[0.0010000143051147462, 1.5708034038543701, 2.2750465869903564, 6.28316593170166, 2.3693034648895264, 3.0399997234344482, 3.141558885574341],[-2.005058484502017]
1691622216.3766332,[0.0010000143051147462, 1.5707989931106567, 2.27504825592041, 6.283166408538818, 2.3693079948425293, 3.039994239807129, 3.1415505409240723],[-1.9438794424921264]
1691622216.4378943,[0.0010000147819519043, 1.5708030462265015, 2.27504563331604, 6.283168792724609, 2.369297742843628, 3.039978504180908, 3.1415457725524902],[-1.8877986749488584]
1691622216.4991736,[0.0010000147819519043, 1.5708000659942627, 2.2750461101531982, 6.283172607421875, 2.369305372238159, 3.0399820804595947, 3.1415395736694336],[-1.7063997253301035]
1691622216.5601377,[0.001000015139579773, 1.570802092552185, 2.275045156478882, 6.283182621002197, 2.369293212890625, 3.0399715900421143, 3.1415295600891113],[-1.8108315535567852]
1691622216.6222956,[0.0010000139474868775, 1.5707968473434448, 2.2750425338745117, 4.761798209074186e-06, 2.3692901134490967, 3.039968967437744, 3.1415276527404785],[-1.7397850115298592]
1691622216.6842604,[0.0010000134706497192, 1.5707989931106567, 2.2750449180603027, 5.873615918972064e-06, 2.3692939281463623, 3.039970636367798, 3.1415212154388428],[-1.7878072079660576]
1691622216.7451108,[0.0010000131130218507, 1.5708004236221313, 2.2750465869903564, 4.921256277157227e-06, 2.369292974472046, 3.0399768352508545, 3.1415457725524902],[-1.7582044825377448]
1691622216.8057199,[0.0010000134706497192, 1.5707976818084717, 2.275043249130249, 6.283182144165039, 2.3692967891693115, 3.0399913787841797, 3.141571521759033],[-1.7741570617103053]
1691622216.8667097,[0.001000013828277588, 1.5707968473434448, 2.27504301071167, 8.253783562395256e-06, 2.3692872524261475, 3.039977788925171, 3.141554117202759],[-1.8111604728024644]
1691622216.9291773,[0.0010000139474868775, 1.570802092552185, 2.2750444412231445, 4.126891781197628e-06, 2.3692970275878906, 3.039994239807129, 3.141571044921875],[-1.8549067383002251]
1691622216.9913707,[0.0010000144243240356, 1.5708034038543701, 2.275048017501831, 3.968896635342389e-06, 2.369298219680786, 3.039992332458496, 3.1415858268737793],[-1.8836871825021686]
1691622217.0523481,[0.0010000154972076415, 1.570796012878418, 2.2750473022460938, 5.079251423012465e-06, 2.3692984580993652, 3.0399978160858154, 3.141582727432251],[-1.8897721913605696]
1691622217.114702,[0.0010000163316726686, 1.5707958936691284, 2.275052070617676, 6.283183574676514, 2.369304895401001, 3.0400078296661377, 3.1416075229644775],[-1.9420703851644752]
1691622217.1773725,[0.0010000165700912475, 1.5707998275756836, 2.27504563331604, 6.28318452835083, 2.3692984580993652, 3.039992094039917, 3.1416127681732178],[-2.0113079579031456]
1691622217.2378626,[0.0010000164508819581, 1.5707964897155762, 2.275041103363037, 6.283182144165039, 2.3692972660064697, 3.04000186920166, 3.141624927520752],[-2.0359769343637]
1691622217.3000453,[0.001000016212463379, 1.5707955360412598, 2.2750403881073, 6.283178806304932, 2.369292974472046, 3.040008306503296, 3.141634702682495],[-2.122482843980264]
1691622217.3600628,[0.0010000163316726686, 1.5708006620407104, 2.2750446796417236, 6.283178329467773, 2.3692944049835205, 3.0400032997131348, 3.141627073287964],[-2.1323504414671905]
1691622217.421323,[0.0010000158548355103, 1.5707981586456299, 2.275043487548828, 6.283184051513672, 2.3692994117736816, 3.0400102138519287, 3.141627788543701],[-2.199943502460557]
1691622217.4831116,[0.001000015616416931, 1.5707978010177612, 2.2750437259674072, 5.873615918972064e-06, 2.3692922592163086, 3.0399999618530273, 3.1416285037994385],[-2.2366180965020463]
1691622217.5452914,[0.0010000150203704834, 1.5707985162734985, 2.2750437259674072, 8.413241630478296e-06, 2.3692867755889893, 3.0400002002716064, 3.1416263580322266],[-2.219349788693641]
1691622217.608033,[0.001000015616416931, 1.570801019668579, 2.2750403881073, 8.571237231080886e-06, 2.369288444519043, 3.03999924659729, 3.1416258811950684],[-2.280528946054307]
1691622217.6692736,[0.0010000154972076415, 1.5707950592041016, 2.27504301071167, 5.238709491095506e-06, 2.3692901134490967, 3.0400028228759766, 3.141623020172119],[-2.2941791381045267]
1691622217.7303212,[0.0010000147819519043, 1.5707993507385254, 2.275043487548828, 1.2698128557531163e-06, 2.369288444519043, 3.0400047302246094, 3.141620635986328],[-2.334307421492961]
1691622217.7925837,[0.0010000143051147462, 1.5707964897155762, 2.275041341781616, 6.283185005187988, 2.369296073913574, 3.040001153945923, 3.141623020172119],[-2.382000888716854]
