timestamp,joint_position,linear_potentiometer
1691621728.488604,[0.0, 0.0, 0.0, 0.0, 0.0, 0.0, 0.0],[0]
1691621728.552812,[0.0010000147819519043, 1.5707985162734985, 2.6399986743927, 1.888919905468356e-05, 0.5999823808670044, 3.040003538131714, 3.1400277614593506],[0]
1691621728.615533,[0.0010000146627426147, 1.570799708366394, 2.639998197555542, 1.6032119674491696e-05, 0.5999851822853088, 3.040005922317505, 3.1400344371795654],[-3.4245191477944124]
1691621728.676036,[0.0010000147819519043, 1.57080078125, 2.6399946212768555, 2.3810454877093434e-05, 0.5999860167503357, 3.03999924659729, 3.140028238296509],[-3.4380050176614265]
1691621728.7375221,[0.0010000146627426147, 1.570798397064209, 2.6399993896484375, 2.6350080588599667e-05, 0.5999826788902283, 3.040001153945923, 3.140021324157715],[-3.4625098349050583]
1691621728.8000505,[0.0010000146627426147, 1.5707963705062866, 2.639998435974121, 9.206143658957444e-06, 0.5999886989593506, 3.039996862411499, 3.140015125274658],[-3.4335645481030572]
1691621728.8624258,[0.0010000141859054566, 1.5707968473434448, 2.639998435974121, 1.5874124073889107e-05, 0.599989652633667, 3.040001153945923, 3.1400184631347656],[-3.347222125539675]
1691621728.9231148,[0.0010000141859054566, 1.5707939863204956, 2.63999605178833, 1.0794872650876641e-05, 0.5999934673309326, 3.0400004386901855, 3.1400177478790283],[-3.3704112256866883]
1691621728.984415,[0.001000013828277588, 1.570796012878418, 2.6400020122528076, 3.1745321393827908e-06, 0.6000022292137146, 3.0400025844573975, 3.140012741088867],[-3.266471472339445]
1691621729.046043,[0.0010000134706497192, 1.570799469947815, 2.640000104904175, 5.556162705033785e-06, 0.5999942421913147, 3.0400047302246094, 3.14001202583313],[-3.2421311662169603]
1691621729.106048,[0.0010000123977661132, 1.570793628692627, 2.6399991512298584, 6.283183574676514, 0.600000262260437, 3.0400071144104004, 3.1400129795074463],[-3.182102733834932]
1691621729.167723,[0.0010000120401382447, 1.5707933902740479, 2.640000343322754, 6.283177852630615, 0.6000063419342041, 3.0400047302246094, 3.1400017738342285],[-3.168945821911793]
1691621729.2294605,[0.0010000128746032715, 1.5707937479019165, 2.6399998664855957, 6.283174991607666, 0.6000069975852966, 3.0400073528289795, 3.1399986743927],[-2.927023400091935]
1691621729.290592,[0.0010000121593475343, 1.5707929134368896, 2.6400022506713867, 6.28317928314209, 0.6000065207481384, 3.0400047302246094, 3.1399941444396973],[-2.827360072018549]
1691621729.3513582,[0.0010000122785568237, 1.5707961320877075, 2.6399993896484375, 6.283173084259033, 0.6000106334686279, 3.0400002002716064, 3.1399784088134766],[-2.7566419224312932]
1691621729.4134696,[0.0010000125169754028, 1.5707958936691284, 2.6400058269500732, 6.283167839050293, 0.6000131368637085, 3.0400021076202393, 3.139982223510742],[-2.5992530782996712]
1691621729.4762976,[0.001000011682510376, 1.5707955360412598, 2.6400041580200195, 6.283165454864502, 0.6000151038169861, 3.039997100830078, 3.139974594116211],[-2.5497504645680285]
1691621729.53839,[0.0010000121593475343, 1.5707894563674927, 2.640005111694336, 6.283161163330078, 0.6000163555145264, 3.03999400138855, 3.139965057373047],[-2.437424008580355]
1691621729.5987008,[0.0010000122785568237, 1.5707951784133911, 2.6400041580200195, 6.2831597328186035, 0.6000120639801025, 3.039996385574341, 3.1399683952331543],[-2.402887343583112]
1691621729.6603389,[0.0009999991059303284, 1.570791244506836, 2.6399991512298584, 6.283163070678711, 0.6000145673751831, 3.039994239807129, 3.1399621963500977],[-2.340721369538021]
1691621729.7226915,[0.0009999892711639404, 1.5707902908325195, 2.6400036811828613, 6.28316068649292, 0.6000145673751831, 3.0399951934814453, 3.139965295791626],[-2.316381260635028]
1691621729.7845185,[0.0009999811053276063, 1.5707907676696777, 2.640007495880127, 6.283165454864502, 0.6000111103057861, 3.0399982929229736, 3.1399731636047363],[-2.316381260635028]
1691621729.8463616,[0.0009999625086784363, 1.5707911252975464, 2.6400036811828613, 6.283172130584717, 0.6000145673751831, 3.039996862411499, 3.1399779319763184],[-2.370324210671661]
1691621729.908166,[0.0009999487400054932, 1.5707964897155762, 2.6400020122528076, 6.283168792724609, 0.6000059843063354, 3.0400021076202393, 3.139986276626587],[-2.3463130168029234]
1691621729.9692454,[0.0009998990297317505, 1.570793628692627, 2.639997720718384, 6.283170700073242, 0.6000046133995056, 3.039997100830078, 3.1399898529052734],[-2.4255828652589635]
1691621730.0292556,[0.0009995975494384766, 1.5707968473434448, 2.640000104904175, 6.28317928314209, 0.6000059843063354, 3.03999662399292, 3.13999342918396],[-2.5176806755561296]
1691621730.0904064,[0.0009995879530906677, 1.5707978010177612, 2.6399970054626465, 6.2831830978393555, 0.6000005006790161, 3.039999485015869, 3.1399967670440674],[-2.6171792789155703]
1691621730.152288,[0.0009995880722999573, 1.5707968473434448, 2.640004873275757, 3.968896635342389e-06, 0.600002646446228, 3.0399982929229736, 3.1400017738342285],[-2.6740826489992653]
1691621730.2139266,[0.0009995901584625244, 1.5707967281341553, 2.639998197555542, 8.571237231080886e-06, 0.5999965071678162, 3.0399985313415527, 3.1400036811828613],[-2.833609585027087]
1691621730.2741504,[0.0009995912313461304, 1.5707985162734985, 2.6399993896484375, 9.048148058354855e-06, 0.5999926924705505, 3.0399975776672363, 3.140010118484497],[-2.8729157406034065]
1691621730.3348022,[0.0009995975494384766, 1.5707978010177612, 2.639998197555542, 9.683054486231413e-06, 0.5999950170516968, 3.039999485015869, 3.140007257461548],[-2.964684978228175]
1691621730.3982065,[0.0009996004700660705, 1.5707987546920776, 2.6399970054626465, 1.809629611670971e-05, 0.5999900102615356, 3.0399982929229736, 3.140019178390503],[-3.100036523313482]
1691621730.4597745,[0.000999603807926178, 1.5708017349243164, 2.6399967670440674, 1.82542917173123e-05, 0.599992036819458, 3.03999924659729, 3.140019178390503],[-3.149374918566861]
1691621730.5214107,[0.0009996068477630615, 1.5707968473434448, 2.6399998664855957, 1.9524104573065415e-05, 0.5999864935874939, 3.040004253387451, 3.1400272846221924],[-3.224698247914616]
1691621730.5829902,[0.0009996106028556824, 1.5707989931106567, 2.639997720718384, 1.4762305909243878e-05, 0.5999860167503357, 3.040001630783081, 3.140026807785034],[-3.3679442998744644]
1691621730.6453836,[0.0009996137619018555, 1.570798397064209, 2.6400022506713867, 1.9524104573065415e-05, 0.5999867916107178, 3.040008068084717, 3.140029191970825],[-3.390146634461888]
1691621730.706042,[0.0009996170401573182, 1.5707942247390747, 2.6399972438812256, 1.9841558241751045e-05, 0.5999876260757446, 3.0400052070617676, 3.1400299072265625],[-3.4174472899715425]
1691621730.7667208,[0.0009996209740638733, 1.570805311203003, 2.63999605178833, 2.6032626919914037e-05, 0.5999825596809387, 3.040003776550293, 3.1400325298309326],[-3.4608652160985973]
1691621730.8292394,[0.0009996263980865479, 1.57080078125, 2.6399970054626465, 2.428590232739225e-05, 0.5999807715415955, 3.0400002002716064, 3.1400179862976074],[-3.468266000954335]
1691621730.890015,[0.0009996302127838134, 1.570798397064209, 2.6399943828582764, 2.1905734683969058e-05, 0.599984884262085, 3.0400006771087646, 3.140012264251709],[-3.4636610680866995]
1691621730.9526987,[0.0009996335506439209, 1.5707945823669434, 2.6399950981140137, 1.4921763977326918e-05, 0.5999855399131775, 3.0400023460388184, 3.1400177478790283],[-3.3977118755687323]
1691621731.0150735,[0.0009996373057365418, 1.5707929134368896, 2.6400043964385986, 1.015850284602493e-05, 0.5999966263771057, 3.0399978160858154, 3.140012502670288],[-3.362845986729175]
1691621731.0770454,[0.0009996408224105834, 1.5707967281341553, 2.640000104904175, 5.556162705033785e-06, 0.5999994874000549, 3.0400002002716064, 3.140014410018921],[-3.402152343453543]
1691621731.139278,[0.0009996454119682312, 1.5707926750183105, 2.640000820159912, 1.9047192836296745e-06, 0.5999972820281982, 3.0400078296661377, 3.140012264251709],[-3.253972395478593]
1691621731.199908,[0.0009996488690376282, 1.5707950592041016, 2.640000104904175, 1.5945806808304042e-07, 0.6000037789344788, 3.0400073528289795, 3.140009880065918],[-3.149374918566861]
1691621731.2615073,[0.000999653697013855, 1.5707980394363403, 2.6399991512298584, 6.283182621002197, 0.6000025272369385, 3.040003776550293, 3.1400020122528076],[-3.069282268807494]
1691621731.3236725,[0.0009996579885482788, 1.5707978010177612, 2.640002727508545, 6.283180236816406, 0.6000034809112549, 3.0400025844573975, 3.1399998664855957],[-2.948896716811439]
1691621731.3870656,[0.0009996635913848877, 1.5707939863204956, 2.640002489089966, 6.283173084259033, 0.6000078916549683, 3.040006399154663, 3.1399874687194824],[-2.866995147248202]
1691621731.4480193,[0.0009996691942214966, 1.5707955360412598, 2.6400039196014404, 6.283167839050293, 0.6000059843063354, 3.04000186920166, 3.139986991882324],[-2.779008588271384]
1691621731.5098474,[0.0009996730089187622, 1.570794939994812, 2.640005350112915, 6.283166408538818, 0.6000122427940369, 3.0400021076202393, 3.1399788856506348],[-2.6166858972117817]
1691621731.5722752,[0.0009996762871742248, 1.5707917213439941, 2.6400036811828613, 6.2831645011901855, 0.6000152230262756, 3.0400002002716064, 3.1399734020233154],[-2.5528752136834374]
1691621731.6362174,[0.0009996817708015442, 1.5707920789718628, 2.6400022506713867, 6.283156871795654, 0.600014865398407, 3.0399961471557617, 3.139967203140259],[-2.481334924596988]
1691621731.6972463,[0.0009996994137763976, 1.5707961320877075, 2.6400017738342285, 6.283159255981445, 0.6000152230262756, 3.03999662399292, 3.1399731636047363],[-2.4489362322967674]
1691621731.7592442,[0.0009997063279151917, 1.5707929134368896, 2.640000104904175, 6.283159255981445, 0.6000166535377502, 3.0399951934814453, 3.1399648189544678],[-2.3645681021562073]
1691621731.8206697,[0.0009997126460075379, 1.5707931518554688, 2.6400034427642822, 6.283162593841553, 0.6000109314918518, 3.0399951934814453, 3.1399667263031006],[-2.3331562000815196]
1691621731.8822708,[0.0009997184872627257, 1.570790410041809, 2.640004873275757, 6.283163070678711, 0.6000134944915771, 3.039999485015869, 3.139982223510742],[-2.3796984450767447]
1691621731.9427295,[0.0009997240900993347, 1.5707956552505493, 2.640000104904175, 6.28316593170166, 0.6000142693519592, 3.0399973392486572, 3.1399776935577393],[-2.4051897876306887]
1691621732.0045087,[0.0009997294545173645, 1.5707981586456299, 2.640000104904175, 6.283171653747559, 0.6000096201896667, 3.0400028228759766, 3.1399929523468018],[-2.401571661288448]
1691621732.0662127,[0.0009997345209121703, 1.5707964897155762, 2.639998435974121, 6.283173084259033, 0.6000052094459534, 3.0400004386901855, 3.139991283416748],[-2.492518231469239]
1691621732.1279228,[0.00099973863363266, 1.5707926750183105, 2.6399989128112793, 6.283174991607666, 0.6000072360038757, 3.040001153945923, 3.1399948596954346],[-2.5367580875114593]
1691621732.1888723,[0.0009997440576553344, 1.570799469947815, 2.640000581741333, 6.283181667327881, 0.6000039577484131, 3.0399930477142334, 3.1399905681610107],[-2.5895499065911416]
1691621732.250028,[0.0009997480511665345, 1.5707958936691284, 2.6399998664855957, 0.0, 0.6000020503997803, 3.039999485015869, 3.1400020122528076],[-2.6890485687611547]
1691621732.3133125,[0.0009997528195381164, 1.570801019668579, 2.640000104904175, 9.206143658957444e-06, 0.5999971032142639, 3.03999400138855, 3.140000343322754],[-2.7885473147337883]
1691621732.3738956,[0.0009997583031654358, 1.5707976818084717, 2.640000104904175, 7.301423920580419e-06, 0.5999923944473267, 3.0400002002716064, 3.1400070190429688],[-2.8559762660066705]
1691621732.43604,[0.000999761164188385, 1.5707987546920776, 2.6399970054626465, 1.0952867341984529e-05, 0.5999893546104431, 3.03999400138855, 3.1400060653686523],[-2.953995009309499]
1691621732.4980567,[0.0009997696876525878, 1.5707989931106567, 2.640001058578491, 1.5874124073889107e-05, 0.5999893546104431, 3.039999008178711, 3.1400129795074463],[-3.0474089275115133]
1691621732.5601234,[0.0009997754096984863, 1.5707950592041016, 2.639997720718384, 1.7461390598327853e-05, 0.5999888777732849, 3.039994478225708, 3.1400184631347656],[-3.167301208040969]
1691621732.6203208,[0.0009997792243957519, 1.5707989931106567, 2.6399998664855957, 1.809629611670971e-05, 0.5999937653541565, 3.040005922317505, 3.1400246620178223],[-3.1862142691602826]
1691621732.6833134,[0.0009997856020927428, 1.570799469947815, 2.640000581741333, 1.1270321010670159e-05, 0.5999898314476013, 3.0399935245513916, 3.140019655227661],[-3.298377017800337]
1691621732.746078,[0.0009997891187667847, 1.5708000659942627, 2.6399989128112793, 1.2699591934506316e-05, 0.599989652633667, 3.040008068084717, 3.1400299072265625],[-3.3348875000637186]
1691621732.8082454,[0.000999792993068695, 1.5707967281341553, 2.639997959136963, 2.2858095690025948e-05, 0.5999854207038879, 3.0400021076202393, 3.140026330947876],[-3.3983697226497642]
1691621732.8702886,[0.000999796986579895, 1.5707972049713135, 2.6399950981140137, 2.7302439775667153e-05, 0.5999845862388611, 3.040001153945923, 3.140031099319458],[-3.3705756874097488]
1691621732.932432,[0.000999801278114319, 1.5707939863204956, 2.6399974822998047, 1.9683562641148455e-05, 0.599987268447876, 3.0400023460388184, 3.1400210857391357],[-3.4159671337495934]
1691621732.994548,[0.000999804437160492, 1.570796012878418, 2.6399950981140137, 1.14297790787532e-05, 0.5999876260757446, 3.03999662399292, 3.1400163173675537],[-3.4335645481030572]
1691621733.0550323,[0.0009998077154159547, 1.5707907676696777, 2.640000343322754, 1.5239217646012548e-05, 0.5999903082847595, 3.03999924659729, 3.140018939971924],[-3.351333667713435]
1691621733.1163197,[0.0009998116493225098, 1.5707956552505493, 2.639995813369751, 1.3809946722176392e-05, 0.5999910831451416, 3.039999485015869, 3.1400132179260254],[-3.301172865059868]
1691621733.1790085,[0.000999815046787262, 1.570801019668579, 2.639998197555542, 9.365601727040485e-06, 0.599996030330658, 3.039999485015869, 3.140012264251709],[-3.2771614735362418]
1691621733.2406106,[0.000999818742275238, 1.5707961320877075, 2.639997959136963, 3.174532139382791e-07, 0.6000009179115295, 3.0400054454803467, 3.1400134563446045],[-3.2038116422388323]
1691621733.301201,[0.000999822199344635, 1.5707964897155762, 2.640002489089966, 4.761798209074186e-06, 0.6000025272369385, 3.0400054454803467, 3.140010118484497],[-3.1201008012057314]
1691621733.3634903,[0.0009998254776000977, 1.5707974433898926, 2.6400020122528076, 6.2831807136535645, 0.6000047326087952, 3.0400052070617676, 3.140005111694336],[-3.0903333083463895]
1691621733.426044,[0.0009998287558555603, 1.570794939994812, 2.640003204345703, 6.283179759979248, 0.6000078916549683, 3.040006399154663, 3.140000820159912],[-3.000701958222325]
1691621733.4874735,[0.0009998311400413514, 1.5707961320877075, 2.640000104904175, 6.283173561096191, 0.6000117063522339, 3.0400054454803467, 3.1399950981140137],[-2.865021616199662]
1691621733.5487785,[0.0009998364448547364, 1.5707926750183105, 2.6400015354156494, 6.283168315887451, 0.6000112295150757, 3.0400025844573975, 3.139988899230957],[-2.7633848138816437]
1691621733.6115274,[0.0009998389482498168, 1.5707933902740479, 2.6400039196014404, 6.283166408538818, 0.6000083684921265, 3.040003538131714, 3.1399803161621094],[-2.636421166935579]
1691621733.6733549,[0.0009998412728309631, 1.5707956552505493, 2.640002727508545, 6.283166408538818, 0.6000122427940369, 3.0400004386901855, 3.1399755477905273],[-2.5388960735159545]
1691621733.736237,[0.0009998424053192139, 1.5707929134368896, 2.6400043964385986, 6.283163070678711, 0.6000083684921265, 3.0400028228759766, 3.139967441558838],[-2.4622575210289166]
1691621733.798066,[0.0009998488426208496, 1.5707954168319702, 2.640000820159912, 6.28316068649292, 0.6000159978866577, 3.0399985313415527, 3.139968156814575],[-2.430187754199433]
1691621733.8610914,[0.00099985271692276, 1.5707939863204956, 2.6400020122528076, 6.283156871795654, 0.6000203490257263, 3.0399935245513916, 3.139961004257202],[-2.35601616996664]
1691621733.9219756,[0.0009998566508293153, 1.570794939994812, 2.640001058578491, 6.283161163330078, 0.6000159978866577, 3.0399985313415527, 3.1399621963500977],[-2.3301959164975177]
1691621733.982392,[0.0009998589158058168, 1.5707964897155762, 2.640002727508545, 6.2831645011901855, 0.6000112295150757, 3.03999662399292, 3.139974355697632],[-2.360621056461715]
1691621734.0444863,[0.00099986332654953, 1.5707919597625732, 2.6399991512298584, 6.283171653747559, 0.6000099778175354, 3.039996862411499, 3.1399786472320557],[-2.350424522294383]
1691621734.1076767,[0.0009998661279678345, 1.5707967281341553, 2.640002965927124, 6.283172130584717, 0.6000083684921265, 3.039994239807129, 3.1399900913238525],[-2.385125633721472]
1691621734.1694067,[0.000999869167804718, 1.5707993507385254, 2.640001058578491, 6.283175468444824, 0.6000078916549683, 3.0399975776672363, 3.13999080657959],[-2.489393483861358]
1691621734.2303295,[0.0009998725056648255, 1.5707955360412598, 2.6400036811828613, 6.283174514770508, 0.6000030040740967, 3.0400002002716064, 3.1399974822998047],[-2.549421543613099]
1691621734.2926037,[0.0009998756647109986, 1.5707981586456299, 2.640000104904175, 6.283178329467773, 0.6000023484230042, 3.0399930477142334, 3.1399972438812256],[-2.6102719352454162]
1691621734.3550594,[0.000999878466129303, 1.5707998275756836, 2.640003204345703, 0.0, 0.5999966263771057, 3.03999924659729, 3.140002965927124],[-2.6656951563318643]
1691621734.4171987,[0.0009998818635940552, 1.5707981586456299, 2.6399974822998047, 5.556162705033785e-06, 0.5999963283538818, 3.0399980545043945, 3.140005350112915],[-2.8467664556520735]
1691621734.4775763,[0.0009998838901519775, 1.5707974433898926, 2.640001058578491, 9.523596418148372e-06, 0.5999925136566162, 3.0400002002716064, 3.140007257461548],[-2.9026831730884792]
1691621734.5393572,[0.0009998862147331238, 1.5707981586456299, 2.639998197555542, 1.0317960914107971e-05, 0.5999932885169983, 3.0399961471557617, 3.140007495880127],[-2.9944524357143814]
1691621734.6009028,[0.0009998886585235597, 1.5707989931106567, 2.6399993896484375, 1.2382138265820686e-05, 0.5999906063079834, 3.039999485015869, 3.1400184631347656],[-3.078656559328852]
1691621734.662336,[0.000999890685081482, 1.570799469947815, 2.6399965286254883, 1.6509031411260366e-05, 0.5999895334243774, 3.0399959087371826, 3.140014886856079],[-3.1659855169634112]
1691621734.7223942,[0.0009998927712440491, 1.570796012878418, 2.639997720718384, 2.3016089471639134e-05, 0.599983811378479, 3.040003538131714, 3.1400277614593506],[-3.2375262441059496]
1691621734.7844365,[0.0009998955726623535, 1.5707989931106567, 2.6399998664855957, 2.523826333344914e-05, 0.5999831557273865, 3.0400023460388184, 3.1400203704833984],[-3.309560407316359]
1691621734.8474085,[0.0009998980164527894, 1.5707963705062866, 2.639997959136963, 2.142882476618979e-05, 0.5999885201454163, 3.040006399154663, 3.140030860900879],[-3.321895029586833]
1691621734.9079561,[0.0009999002814292909, 1.570797085762024, 2.6399993896484375, 1.1905227438546717e-05, 0.5999910831451416, 3.039996862411499, 3.140026807785034],[-3.3534716697127593]
1691621734.9684584,[0.0009999030232429504, 1.5707967281341553, 2.6400015354156494, 1.6032119674491696e-05, 0.5999869704246521, 3.0400004386901855, 3.1400320529937744],[-3.4000143403721435]
1691621735.0304186,[0.000999904990196228, 1.5707958936691284, 2.639997720718384, 1.7461390598327853e-05, 0.5999874472618103, 3.0400006771087646, 3.1400234699249268],[-3.440143021597172]
1691621735.091285,[0.0009999078512191774, 1.5707968473434448, 2.640000343322754, 1.4762305909243878e-05, 0.5999871492385864, 3.03999662399292, 3.1400187015533447],[-3.3658062975549288]
1691621735.1529815,[0.0009999092817306518, 1.5707998275756836, 2.6400012969970703, 2.111137109750416e-05, 0.5999877452850342, 3.040001392364502, 3.1400203704833984],[-3.413171283170932]
1691621735.2142453,[0.0009999117851257325, 1.5707980394363403, 2.640001058578491, 1.1905227438546717e-05, 0.5999942421913147, 3.039997100830078, 3.1400153636932373],[-3.3337362684325034]
1691621735.2766407,[0.000999912679195404, 1.5707950592041016, 2.6399996280670166, 6.508522346848622e-06, 0.5999936461448669, 3.040003776550293, 3.1400129795074463],[-3.2807796280491663]
1691621735.3393369,[0.00099991512298584, 1.5707963705062866, 2.6400022506713867, 3.809438567259349e-06, 0.5999956727027893, 3.0399997234344482, 3.140015125274658],[-3.2613731644825332]
1691621735.4009976,[0.0009999166131019592, 1.5707941055297852, 2.640000104904175, 1.4292709238361567e-06, 0.5999996662139893, 3.0400052070617676, 3.140009880065918],[-3.1842407321833215]
1691621735.4633322,[0.0009999181628227234, 1.5707933902740479, 2.6400017738342285, 6.283180236816406, 0.6000069975852966, 3.0400049686431885, 3.1399967670440674],[-3.04823123349311]
1691621735.5250535,[0.0009999189972877502, 1.5707955360412598, 2.6400015354156494, 6.283176898956299, 0.6000092029571533, 3.0400116443634033, 3.1399998664855957],[-2.9799798586717423]
1691621735.5865731,[0.0009999210834503174, 1.5707951784133911, 2.640002727508545, 6.283176898956299, 0.6000088453292847, 3.040006399154663, 3.1399919986724854],[-2.8627191633537996]
1691621735.6470935,[0.000999922513961792, 1.5707963705062866, 2.6399993896484375, 6.283169746398926, 0.6000061631202698, 3.0400052070617676, 3.139988422393799],[-2.780324274632779]
1691621735.707108,[0.000999923586845398, 1.5707924365997314, 2.6400020122528076, 6.283174514770508, 0.6000099778175354, 3.040004253387451, 3.139979600906372],[-2.6143834492873537]
1691621735.7683396,[0.0009999247193336488, 1.5707926750183105, 2.640002489089966, 6.283163547515869, 0.6000122427940369, 3.0399951934814453, 3.1399738788604736],[-2.611258698602765]
1691621735.8304863,[0.0009999251961708068, 1.5707931518554688, 2.6400060653686523, 6.2831621170043945, 0.600012481212616, 3.039999008178711, 3.1399667263031006],[-2.4303522145217684]
1691621735.8923569,[0.0009999262690544128, 1.5707917213439941, 2.6400022506713867, 6.283161163330078, 0.6000134944915771, 3.0399956703186035, 3.1399683952331543],[-2.3747646374120617]
1691621735.9544437,[0.0009999269843101503, 1.570794701576233, 2.6400036811828613, 6.28316068649292, 0.6000142693519592, 3.0399954319000244, 3.1399600505828857],[-2.3297025359065393]
1691621736.0164106,[0.0009999280571937562, 1.5707924365997314, 2.6400020122528076, 6.283159255981445, 0.6000158786773682, 3.0399937629699707, 3.139958143234253],[-2.328551314534647]
1691621736.079309,[0.0009999284744262695, 1.5707955360412598, 2.6400012969970703, 6.2831621170043945, 0.6000158786773682, 3.0399985313415527, 3.1399736404418945],[-2.3463130168029234]
1691621736.1403844,[0.0009999298453330994, 1.5707958936691284, 2.6399993896484375, 6.283167362213135, 0.6000112295150757, 3.039996862411499, 3.139979362487793],[-2.392526345871111]
1691621736.2013383,[0.0009999306201934814, 1.5708004236221313, 2.6399991512298584, 6.283170700073242, 0.6000122427940369, 3.039996862411499, 3.1399874687194824],[-2.4038741053128128]
1691621736.263327,[0.0009999314546585082, 1.5707989931106567, 2.6400017738342285, 6.283174991607666, 0.6000049114227295, 3.0399932861328125, 3.139991521835327],[-2.401407201002547]
1691621736.3258352,[0.0009999313354492189, 1.5707933902740479, 2.639998197555542, 6.283178329467773, 0.6000068187713623, 3.039992570877075, 3.139991521835327],[-2.510115495758805]
1691621736.3871758,[0.0009999319314956665, 1.570794939994812, 2.6400022506713867, 0.0, 0.5999993681907654, 3.0399982929229736, 3.1399970054626465],[-2.548434780753551]
1691621736.4502172,[0.0009999316334724426, 1.5707963705062866, 2.6400036811828613, 2.699083779589273e-06, 0.6000010967254639, 3.0399997234344482, 3.140002489089966],[-2.639381457673014]
1691621736.5135105,[0.0009999317526817322, 1.570794939994812, 2.6399970054626465, 3.333990207465831e-06, 0.5999976396560669, 3.0399959087371826, 3.140000343322754],[-2.772265695905948]
1691621736.5746415,[0.0009999322891235353, 1.570801019668579, 2.639998197555542, 8.888689990271814e-06, 0.5999928116798401, 3.0399980545043945, 3.1400105953216553],[-2.8068024658736643]
1691621736.6361458,[0.0009999326467514038, 1.5707989931106567, 2.639998435974121, 1.0794872650876641e-05, 0.5999922156333923, 3.039996385574341, 3.1400082111358643],[-3.006129175433053]
1691621736.6980364,[0.000999933123588562, 1.5708019733428955, 2.6399993896484375, 1.5079759577929508e-05, 0.5999890565872192, 3.040004253387451, 3.1400156021118164],[-3.0551386039915864]
1691621736.7606885,[0.0009999333620071412, 1.5707944631576538, 2.640000820159912, 1.460431121813599e-05, 0.5999895334243774, 3.03999924659729, 3.140023708343506],[-3.173221818100181]
1691621736.82093,[0.0009999347925186157, 1.5708023309707642, 2.640001058578491, 2.523826333344914e-05, 0.5999898314476013, 3.040003538131714, 3.140026807785034],[-3.2556170107651834]
1691621736.882436,[0.0009999343156814576, 1.5707951784133911, 2.639998197555542, 2.88897063001059e-05, 0.5999845862388611, 3.039998769760132, 3.1400253772735596],[-3.322223952868687]
1691621736.9447122,[0.0009999347925186157, 1.5707968473434448, 2.6399967670440674, 1.6509031411260366e-05, 0.5999876260757446, 3.040006399154663, 3.140030860900879],[-3.3766607713604424]
1691621737.0075748,[0.0009999349117279053, 1.5707981586456299, 2.6399967670440674, 3.1269875762518495e-05, 0.5999801754951477, 3.040001392364502, 3.1400270462036133],[-3.45149088945056]
1691621737.06931,[0.0009999358654022216, 1.5708004236221313, 2.6399967670440674, 2.460335599607788e-05, 0.5999844074249268, 3.039999485015869, 3.1400327682495117],[-3.4302753115273634]
1691621737.1303058,[0.0009999359250068664, 1.570799708366394, 2.6399919986724854, 1.7778844267013483e-05, 0.5999850630760193, 3.040003776550293, 3.1400279998779297],[-3.4444190296137034]
1691621737.1913264,[0.0009999366998672485, 1.5707989931106567, 2.6399946212768555, 1.6826483260956593e-05, 0.5999842882156372, 3.039999485015869, 3.140012264251709],[-3.4440901059132543]
1691621737.2532897,[0.0009999377131462098, 1.5707968473434448, 2.640000820159912, 1.5079759577929508e-05, 0.5999901294708252, 3.0400030612945557, 3.140022039413452],[-3.425670380513072]
1691621737.3138897,[0.0009999390840530395, 1.5707955360412598, 2.640001058578491, 1.14297790787532e-05, 0.599997878074646, 3.0399985313415527, 3.1400182247161865],[-3.367450914719595]
1691621737.3751173,[0.000999939501285553, 1.5707956552505493, 2.6399953365325928, 7.301423920580419e-06, 0.5999926924705505, 3.0400023460388184, 3.140022039413452],[-3.3389990417150117]
1691621737.4369783,[0.0009999454021453857, 1.570794939994812, 2.640000343322754, 6.283184051513672, 0.6000007390975952, 3.040001630783081, 3.1400153636932373],[-3.216639635762023]
1691621737.4989479,[0.0009999500513076783, 1.5707929134368896, 2.6399989128112793, 1.5945806808304042e-07, 0.5999994874000549, 3.0400052070617676, 3.1400105953216553],[-3.1184561881174964]
1691621737.560521,[0.0009999532699584961, 1.5707963705062866, 2.6399996280670166, 6.283181667327881, 0.6000046133995056, 3.0400054454803467, 3.1399993896484375],[-3.104805900493545]
1691621737.6223366,[0.0009999556541442872, 1.5707945823669434, 2.639998197555542, 6.283181667327881, 0.6000015735626221, 3.040006399154663, 3.1399946212768555],[-2.966000666783374]
1691621737.6844816,[0.0009999583959579468, 1.5707939863204956, 2.6400020122528076, 6.283174991607666, 0.6000095009803772, 3.04000186920166, 3.13999080657959],[-2.8757115764638765]
1691621737.7456172,[0.0009999606013298035, 1.5707933902740479, 2.640000343322754, 6.2831711769104, 0.6000046133995056, 3.040006399154663, 3.139986276626587],[-2.707303704225254]
1691621737.8074732,[0.0009999632835388183, 1.5707916021347046, 2.6400034427642822, 6.28316593170166, 0.600013792514801, 3.039999485015869, 3.1399731636047363],[-2.609449632453758]
1691621737.8704422,[0.000999965250492096, 1.570797085762024, 2.6400036811828613, 6.283163070678711, 0.6000203490257263, 3.039996862411499, 3.1399717330932617],[-2.4823216869283615]
1691621737.9323094,[0.0009999669194221497, 1.570796012878418, 2.6399991512298584, 6.28315544128418, 0.600016176700592, 3.0399959087371826, 3.139963388442993],[-2.4533766617202155]
1691621737.9944148,[0.0009999691247940064, 1.5707958936691284, 2.640001058578491, 6.283157825469971, 0.6000171303749084, 3.039994716644287, 3.1399664878845215],[-2.3657193238392598]
1691621738.0569208,[0.0009999704360961915, 1.5707924365997314, 2.640003204345703, 6.283158302307129, 0.6000164747238159, 3.0399954319000244, 3.1399593353271484],[-2.316545720815526]
1691621738.119333,[0.000999971866607666, 1.5707955360412598, 2.640002727508545, 6.283158302307129, 0.6000176072120667, 3.0399932861328125, 3.139965534210205],[-2.275759602165766]
1691621738.1814022,[0.0009999731183052063, 1.5707939863204956, 2.6400034427642822, 6.283162593841553, 0.600016176700592, 3.040003776550293, 3.139976739883423],[-2.3297025359065393]
1691621738.2429578,[0.0009999744296073914, 1.570794939994812, 2.6400015354156494, 6.2831621170043945, 0.6000109314918518, 3.03999400138855, 3.1399760246276855],[-2.273128240091502]
1691621738.3043191,[0.0009999757409095765, 1.5707972049713135, 2.6400046348571777, 6.283171653747559, 0.6000075936317444, 3.040001153945923, 3.1399924755096436],[-2.3951577102916577]
1691621738.3653336,[0.0009999777674674988, 1.5707944631576538, 2.6400015354156494, 6.2831711769104, 0.6000088453292847, 3.0399932861328125, 3.1399896144866943],[-2.4306811351670676]
1691621738.4274547,[0.0009999786019325256, 1.5707980394363403, 2.639998197555542, 6.28317928314209, 0.6000088453292847, 3.03999662399292, 3.139995813369751],[-2.5466257155314516]
1691621738.4881525,[0.0009999800324440003, 1.5707950592041016, 2.6400020122528076, 6.2831807136535645, 0.6000025272369385, 3.03999662399292, 3.1399946212768555],[-2.6337897974523816]
1691621738.7660556,[0.0009999842643737794, 1.5708056688308716, 2.670252799987793, 0.0001003181459964253, 0.6596239805221558, 3.0008041858673096, 3.1411101818084717],[-3.048560155887542]
1691621738.8291082,[0.0009999853968620301, 1.5708225965499878, 2.6769375801086426, 0.00019936647731810808, 0.7171725034713745, 2.9620885848999023, 3.141364574432373],[-3.1304618642639066]
1691621738.892387,[0.0009999864101409913, 1.5708283185958862, 2.6804819107055664, 0.000217938213609159, 0.7704346776008606, 2.922337293624878, 3.141510248184204],[-3.272392088244267]
1691621738.9536622,[0.0009999871850013733, 1.5708352327346802, 2.6830122470855713, 0.00020698682055808604, 0.8227590918540955, 2.8753011226654053, 3.141552686691284],[-3.4097175855105895]
1691621739.0144942,[0.0009999883770942688, 1.5708260536193848, 2.6850199699401855, 0.00017936692165676504, 0.8744985461235046, 2.8272969722747803, 3.1415884494781494],[-3.4977046842797983]
1691621739.0764043,[0.0009999896287918092, 1.5708260536193848, 2.6862447261810303, 0.0001852405403042212, 0.9270706176757812, 2.7792117595672607, 3.1416354179382324],[-3.5228673651094717]
1691621739.137207,[0.0009999902248382568, 1.5708134174346924, 2.6876437664031982, 0.00017397021292708814, 0.9790812134742737, 2.7308294773101807, 3.141605854034424],[-3.5684233471879376]
1691621739.1979625,[0.0009999912977218628, 1.5708155632019043, 2.6879427433013916, 0.00013206493167672306, 1.0321024656295776, 2.6834075450897217, 3.141592025756836],[-3.5072434775173447]
1691621739.2607193,[0.0009999921321868896, 1.5707933902740479, 2.6880970001220703, 6.283126354217529, 1.071685791015625, 2.6468186378479004, 3.141602039337158],[-3.486027886991041]
1691621739.3223133,[0.0009999929666519166, 1.570840835571289, 2.6882007122039795, 0.00021555805869866163, 1.1378552913665771, 2.5886483192443848, 3.1415398120880127],[-3.4240257623478314]
1691621739.383293,[0.000999994158744812, 1.5707801580429077, 2.688354969024658, 6.283106803894043, 1.1778509616851807, 2.5579147338867188, 3.141556739807129],[-3.4324133152885783]
1691621739.4460769,[0.0009999945163726807, 1.5708221197128296, 2.6883926391601562, 0.0001831763656809926, 1.2446690797805786, 2.5180392265319824, 3.1415209770202637],[-3.2087454857082673]
1691621739.5087614,[0.0009999961256980897, 1.5708281993865967, 2.6884515285491943, 0.00015333430201280862, 1.3007922172546387, 2.4938766956329346, 3.1414923667907715],[-3.0280025082015296]
1691621739.569953,[0.0009999966025352478, 1.5708203315734863, 2.6885032653808594, 0.00010016014857683331, 1.3553169965744019, 2.4783806800842285, 3.141484260559082],[-2.878671873333905]
1691621739.6310163,[0.000999997854232788, 1.5708155632019043, 2.6885416507720947, 0.00013254184159450233, 1.4070626497268677, 2.47053599357605, 3.141435146331787],[-2.6966137596913025]
1691621739.6922839,[0.0009999980926513673, 1.5708121061325073, 2.688566207885742, 4.396946678753011e-05, 1.4606703519821167, 2.469432830810547, 3.14142107963562],[-2.541034059557215]
1691621739.7543275,[0.0009999990463256836, 1.5707939863204956, 2.688614845275879, 6.283131122589111, 1.5165818929672241, 2.4756600856781006, 3.141489028930664],[-2.3144077384846984]
1691621739.8171806,[0.000999998927116394, 1.5707882642745972, 2.688654661178589, 6.283119201660156, 1.569861888885498, 2.4812686443328857, 3.14154314994812],[-2.0522584610354064]
1691621739.8782723,[0.0010000003576278687, 1.570798397064209, 2.6886777877807617, 6.28312873840332, 1.626164197921753, 2.4846248626708984, 3.141519069671631],[-1.980225053242592]
1691621739.9399052,[0.0009999998211860657, 1.5707958936691284, 2.6886706352233887, 1.6984478861559182e-05, 1.6810736656188965, 2.4869282245635986, 3.141530752182007],[-1.7261348691066167]
1691621740.000258,[0.0010000002384185792, 1.5708072185516357, 2.6886603832244873, 6.283167839050293, 1.7316536903381348, 2.4890050888061523, 3.141552686691284],[-1.6049282290220275]
1691621740.0630152,[0.0010000002384185792, 1.5708037614822388, 2.688664674758911, 1.6984478861559182e-05, 1.7851057052612305, 2.4897449016571045, 3.1415317058563232],[-1.50970624358544]
1691621740.1233594,[0.0010000009536743164, 1.5708049535751343, 2.688659429550171, 6.015957842464559e-05, 1.8379861116409302, 2.4905738830566406, 3.1415247917175293],[-1.4781300515939733]
1691621740.1861315,[0.0010000016689300536, 1.5708216428756714, 2.6886472702026367, 0.00014603287854697555, 1.8916391134262085, 2.4915919303894043, 3.141500234603882],[-1.456256963231612]
1691621740.2478566,[0.0010000017881393432, 1.570810317993164, 2.6886634826660156, 9.523889457341284e-05, 1.931303858757019, 2.4919981956481934, 3.141512155532837],[-1.5034567885155408]
1691621740.309293,[0.001000001072883606, 1.5708324909210205, 2.6886301040649414, 0.0002584157045930624, 1.9992791414260864, 2.4921252727508545, 3.1415340900421143],[-1.5185870485047543]
1691621740.3699043,[0.0010000011920928956, 1.5708309412002563, 2.6886374950408936, 0.0002904784632846713, 2.053025960922241, 2.4922072887420654, 3.141538381576538],[-1.5947317446826392]
1691621740.4322855,[0.0010000022649765015, 1.5708292722702026, 2.6886377334594727, 0.00030222570057958364, 2.105795383453369, 2.492241621017456, 3.1415562629699707],[-1.610026471402831]
1691621740.4941688,[0.0010000029802322387, 1.5708234310150146, 2.6886491775512695, 0.000305875699268654, 2.1592772006988525, 2.492271900177002, 3.1415696144104004],[-1.7080443205596554]
1691621740.5547757,[0.0010000044107437134, 1.5708144903182983, 2.688659429550171, 0.00031222475809045136, 2.212886333465576, 2.492324113845825, 3.141580820083618],[-1.722516759246952]
1691621740.6169183,[0.001000005006790161, 1.5708212852478027, 2.6886584758758545, 0.00031222475809045136, 2.263810396194458, 2.4923384189605713, 3.141596794128418],[-1.7670852996246358]
1691621740.6801322,[0.001000006675720215, 1.570812463760376, 2.6886582374572754, 0.00024222412321250886, 2.3191535472869873, 2.492368698120117, 3.1416139602661133],[-1.8188900752629693]
1691621740.7426765,[0.0010000058412551881, 1.5708255767822266, 2.6886491775512695, 0.00017111313354689628, 2.372774600982666, 2.492377996444702, 3.141636848449707],[-1.8522753836557708]
1691621740.8022835,[0.001000006675720215, 1.5708324909210205, 2.6886422634124756, 9.142945054918528e-05, 2.4252920150756836, 2.492387056350708, 3.1416544914245605],[-1.906382622121222]
1691621740.8635292,[0.001000006675720215, 1.5708184242248535, 2.6886613368988037, 1.873120345408097e-05, 2.47983455657959, 2.492403268814087, 3.141676425933838],[-1.87677987542767]
1691621740.9248393,[0.001000006914138794, 1.57081937789917, 2.688659906387329, 6.650864816037938e-05, 2.5298638343811035, 2.4923880100250244, 3.1416428089141846],[-1.8932258451393666]
1691621740.9876409,[0.0010000089406967164, 1.570805311203003, 2.688678741455078, 7.460881988663459e-06, 2.5872154235839844, 2.4923763275146484, 3.141627073287964],[-1.9333540183320896]
1691621741.0493894,[0.0010000081062316894, 1.5708322525024414, 2.6886448860168457, 0.00023190763022284955, 2.6243538856506348, 2.4923315048217773, 3.1415953636169434],[-1.8507952466868733]
1691621741.1103685,[0.0010000077486038209, 1.5708063840866089, 2.6886754035949707, 9.365601727040485e-06, 2.6909735202789307, 2.49237060546875, 3.141611337661743],[-1.880726908005487]
1691621741.172433,[0.0010000097751617432, 1.5707851648330688, 2.688715934753418, 6.283018112182617, 2.7418010234832764, 2.4923975467681885, 3.1416473388671875],[-1.7697166529244626]
1691621741.2339034,[0.00100001060962677, 1.5708032846450806, 2.6886909008026123, 1.4762305909243878e-05, 2.7733912467956543, 2.4924306869506836, 3.1416399478912354],[-1.7988260015327822]
1691621741.295858,[0.0010000114440917968, 1.5708212852478027, 2.6886723041534424, 7.857186574256048e-05, 2.7944109439849854, 2.492326021194458, 3.141592025756836],[-1.7864915311704863]
1691621741.3581314,[0.0010000123977661132, 1.570815086364746, 2.688681125640869, 7.174735219450668e-05, 2.803575038909912, 2.4924328327178955, 3.141662359237671],[-1.8065556034219712]
1691621741.419801,[0.0010000133514404296, 1.570821762084961, 2.688674211502075, 6.746100552845746e-05, 2.806358575820923, 2.4923689365386963, 3.1416361331939697],[-1.781064364497178]
1691621741.4810715,[0.0010000139474868775, 1.5708178281784058, 2.6886730194091797, 5.381051596486941e-05, 2.8093693256378174, 2.49237060546875, 3.1416192054748535],[-1.7175829731959578]
1691621741.543087,[0.0010000150203704834, 1.5708121061325073, 2.6886777877807617, 4.285764953237958e-05, 2.8109989166259766, 2.4924185276031494, 3.1416468620300293],[-1.7843535563995712]
1691621741.6047108,[0.0010000147819519043, 1.570816159248352, 2.688668966293335, 4.09529275202658e-05, 2.8127737045288086, 2.4923458099365234, 3.141615390777588],[-1.7707034104223955]
1691621741.667015,[0.0010000152587890626, 1.5708105564117432, 2.688680410385132, 4.000057015218772e-05, 2.8134262561798096, 2.492396593093872, 3.141629695892334],[-1.7443898790967163]
1691621741.7290978,[0.001000015139579773, 1.5708165168762207, 2.688676118850708, 4.063547385158017e-05, 2.813636541366577, 2.4923739433288574, 3.1416242122650146],[-1.7114979705919915]
1691621741.7910342,[0.0010000137090682983, 1.5708154439926147, 2.6886723041534424, 4.603217894327827e-05, 2.813762903213501, 2.492361068725586, 3.141611337661743],[-1.7001502635984131]
1691621741.8533056,[0.001000015139579773, 1.570814847946167, 2.6886768341064453, 4.111238740733825e-05, 2.8138959407806396, 2.4923758506774902, 3.141613721847534],[-1.676961473319118]
1691621741.915824,[0.0010000157356262207, 1.5708155632019043, 2.6886696815490723, 4.079493373865262e-05, 2.81394624710083, 2.492353916168213, 3.1415982246398926],[-1.6463720099095172]
1691621741.9783697,[0.0010000164508819581, 1.5708210468292236, 2.688675880432129, 3.7302947021089494e-05, 2.8140058517456055, 2.4923603534698486, 3.1416027545928955],[-1.6532793076431282]
1691621742.0392594,[0.0010000164508819581, 1.570815086364746, 2.6886801719665527, 3.0317514756461605e-05, 2.814101457595825, 2.4923574924468994, 3.141603946685791],[-1.7249836523249145]
1691621742.1021726,[0.001000016689300537, 1.5708181858062744, 2.688676118850708, 1.7301932530244812e-05, 2.81414532661438, 2.492367744445801, 3.141622304916382],[-1.667916201336638]
1691621742.1638694,[0.001000016689300537, 1.570815086364746, 2.68867564201355, 9.523596418148372e-06, 2.8141889572143555, 2.492374897003174, 3.141632318496704],[-1.6812374202344575]
1691621742.2256646,[0.0010000178813934326, 1.570813536643982, 2.6886796951293945, 8.253783562395256e-06, 2.814235210418701, 2.492365598678589, 3.141618490219116],[-1.6458786315100913]
1691621742.288062,[0.0010000180006027222, 1.5708131790161133, 2.6886789798736572, 2.8570789254445117e-06, 2.814274549484253, 2.492372989654541, 3.141617774963379],[-1.7471856916081248]
1691621742.3508365,[0.001000017762184143, 1.5708122253417969, 2.6886754035949707, 2.064177351712715e-06, 2.814302444458008, 2.49236798286438, 3.1416170597076416],[-1.7286017622359755]
1691621742.4128735,[0.0010000176429748534, 1.5708112716674805, 2.6886770725250244, 8.888689990271814e-06, 2.8143129348754883, 2.492363929748535, 3.1416139602661133],[-1.7292596004097296]
1691621742.4744477,[0.0010000180006027222, 1.5708147287368774, 2.688676357269287, 2.381630565650994e-06, 2.8143253326416016, 2.492373466491699, 3.1416127681732178],[-1.7710323295896466]
1691621742.5367389,[0.001000018358230591, 1.570813536643982, 2.6886777877807617, 0.0, 2.814332962036133, 2.4923744201660156, 3.1416120529174805],[-1.7466923129263374]
1691621742.5995898,[0.00100001859664917, 1.5708147287368774, 2.6886749267578125, 6.283182144165039, 2.814326286315918, 2.4923620223999023, 3.1416144371032715],[-1.7690588145956894]
1691621742.6613116,[0.00100001859664917, 1.5708122253417969, 2.6886749267578125, 6.283175945281982, 2.8143365383148193, 2.492363214492798, 3.1416172981262207],[-1.7868204503684166]
1691621742.7237823,[0.0010000194311141969, 1.5708165168762207, 2.68867564201355, 6.283174991607666, 2.814335346221924, 2.49235463142395, 3.1416172981262207],[-1.8114893920487924]
1691621742.7861605,[0.0010000197887420654, 1.5708138942718506, 2.688676118850708, 6.283173084259033, 2.8143296241760254, 2.492347002029419, 3.141627550125122],[-1.8100092554454266]
1691621742.8480535,[0.001000019907951355, 1.570813775062561, 2.688676357269287, 6.2831711769104, 2.814331293106079, 2.492349624633789, 3.141627073287964],[-1.8419144251542803]
1691621742.9083474,[0.0010000202655792237, 1.5708125829696655, 2.6886749267578125, 6.283169269561768, 2.8143343925476074, 2.4923486709594727, 3.141619920730591],[-1.7902741019854413]
1691621742.9698272,[0.001000019907951355, 1.5708168745040894, 2.688676118850708, 6.283168315887451, 2.814333915710449, 2.492337226867676, 3.1416079998016357],[-1.8341848216184804]
1691621743.0311735,[0.001000019669532776, 1.5708144903182983, 2.6886754035949707, 6.283182144165039, 2.814328908920288, 2.4923181533813477, 3.1415884494781494],[-1.8489861904097322]
1691621743.0923116,[0.001000019907951355, 1.5708131790161133, 2.6886730194091797, 6.283175468444824, 2.814335823059082, 2.4923295974731445, 3.141597032546997],[-1.8141207460427928]
1691621743.153429,[0.0010000195503234864, 1.5708144903182983, 2.6886751651763916, 6.283173561096191, 2.8143346309661865, 2.4923200607299805, 3.1415860652923584],[-1.8004705976495312]
1691621743.2144217,[0.001000020146369934, 1.5708099603652954, 2.6886770725250244, 6.283176898956299, 2.814333915710449, 2.4923183917999268, 3.1415812969207764],[-1.8266196780831825]
1691621743.2761698,[0.001000020742416382, 1.5708128213882446, 2.68867564201355, 6.283178806304932, 2.8143303394317627, 2.492323875427246, 3.141580581665039],[-1.7874782887662022]
1691621743.3373036,[0.001000020980834961, 1.5708121061325073, 2.688676595687866, 6.283178329467773, 2.8143396377563477, 2.492323398590088, 3.1415722370147705],[-1.696532154276365]
1691621743.397896,[0.0010000202655792237, 1.5708115100860596, 2.6886746883392334, 6.283177852630615, 2.8143434524536133, 2.4923253059387207, 3.1415727138519287],[-1.7027816158793823]
1691621743.459327,[0.0010000203847885132, 1.5708099603652954, 2.68867826461792, 6.283174514770508, 2.814345121383667, 2.4923276901245117, 3.1415762901306152],[-1.730739736309806]
1691621743.521251,[0.0010000205039978028, 1.570810317993164, 2.6886777877807617, 6.2831645011901855, 2.814340591430664, 2.492323398590088, 3.141576051712036],[-1.711991349173605]
1691621743.5823343,[0.001000020742416382, 1.5708085298538208, 2.6886796951293945, 6.283173561096191, 2.814345359802246, 2.492323160171509, 3.1415786743164062],[-1.6894603953613583]
1691621743.6447945,[0.0010000208616256713, 1.5708069801330566, 2.6886744499206543, 6.283170700073242, 2.814340829849243, 2.4923269748687744, 3.1415815353393555],[-1.6888025573371506]
1691621743.7068117,[0.0010000216960906983, 1.570812463760376, 2.6886725425720215, 6.283162593841553, 2.8143503665924072, 2.492326021194458, 3.14158034324646],[-1.6611733625204297]
1691621743.769328,[0.0010000216960906983, 1.570807695388794, 2.688678741455078, 6.283164978027344, 2.814342975616455, 2.492327928543091, 3.1415858268737793],[-1.6610089030402788]
1691621743.8299966,[0.001000021815299988, 1.5708116292953491, 2.6886770725250244, 6.283166408538818, 2.8143467903137207, 2.4923274517059326, 3.1415858268737793],[-1.651305793977948]
1691621743.8924923,[0.0010000221729278564, 1.5708069801330566, 2.688674211502075, 6.2831645011901855, 2.814349412918091, 2.492326498031616, 3.1415867805480957],[-1.6236766049251834]
1691621743.954439,[0.001000021815299988, 1.5708082914352417, 2.6886768341064453, 6.283166408538818, 2.8143470287323, 2.4923319816589355, 3.141594886779785],[-1.6077240393424204]
1691621744.01608,[0.001000022292137146, 1.5708062648773193, 2.688676118850708, 6.283155918121338, 2.81435227394104, 2.492344856262207, 3.1416196823120117],[-1.5766412093288982]
1691621744.0766184,[0.0010000226497650147, 1.570809006690979, 2.688678503036499, 6.283150672912598, 2.8143515586853027, 2.492337226867676, 3.1416172981262207],[-1.639793631361172]
1691621744.1379633,[0.0010000226497650147, 1.570806860923767, 2.6886777877807617, 6.283158302307129, 2.814356565475464, 2.4923431873321533, 3.141613245010376],[-1.6731789049796995]
1691621744.1992912,[0.0010000231266021728, 1.5708069801330566, 2.6886792182922363, 6.283159255981445, 2.8143575191497803, 2.4923477172851562, 3.1416125297546387],[-1.6644625521551402]
1691621744.2615063,[0.0010000243186950683, 1.5708115100860596, 2.6886777877807617, 6.2831645011901855, 2.814352035522461, 2.4923391342163086, 3.141606092453003],[-1.6281170100253899]
1691621744.3222902,[0.0010000238418579103, 1.5708094835281372, 2.6886770725250244, 6.283169746398926, 2.814356565475464, 2.4923388957977295, 3.1416049003601074],[-1.6215386321376546]
1691621744.3832152,[0.0010000245571136475, 1.5708059072494507, 2.6886777877807617, 6.283170700073242, 2.814357280731201, 2.4923391342163086, 3.141597032546997],[-1.6351887665194444]
1691621744.4453745,[0.0010000243186950683, 1.5708072185516357, 2.6886801719665527, 6.283176898956299, 2.8143529891967773, 2.49233341217041, 3.141592025756836],[-1.656732956609269]
1691621744.5071907,[0.0010000253915786743, 1.5708063840866089, 2.6886789798736572, 6.283169746398926, 2.8143537044525146, 2.492339611053467, 3.141602039337158],[-1.6825530962291217]
1691621744.5675282,[0.0010000259876251222, 1.5708105564117432, 2.6886792182922363, 6.283175945281982, 2.8143579959869385, 2.4923417568206787, 3.141596794128418],[-1.701794858769401]
1691621744.629325,[0.0010000259876251222, 1.5708062648773193, 2.6886825561523438, 6.283176898956299, 2.8143558502197266, 2.492337942123413, 3.1416006088256836],[-1.706070806286045]
1691621744.6913385,[0.0010000255107879639, 1.5708094835281372, 2.6886789798736572, 6.283171653747559, 2.814357280731201, 2.492341995239258, 3.14160418510437],[-1.7422519048539389]
1691621744.753223,[0.0010000253915786743, 1.570805311203003, 2.6886794567108154, 6.283169746398926, 2.814358949661255, 2.492337226867676, 3.1416101455688477],[-1.745705555567011]
1691621744.814166,[0.0010000249147415162, 1.5708096027374268, 2.6886777877807617, 6.283171653747559, 2.8143537044525146, 2.4923360347747803, 3.1416165828704834],[-1.763467188903784]
1691621744.8760395,[0.001000024437904358, 1.570807695388794, 2.688678741455078, 6.283167839050293, 2.8143486976623535, 2.4923317432403564, 3.1416165828704834],[-1.7710323295896466]
1691621744.9388041,[0.0010000249147415162, 1.570805549621582, 2.6886801719665527, 6.283170700073242, 2.814349889755249, 2.49233341217041, 3.1416146755218506],[-1.7851758543851788]
1691621745.0009341,[0.0010000240802764892, 1.5708072185516357, 2.688678026199341, 6.283166408538818, 2.814344644546509, 2.492328643798828, 3.1416165828704834],[-1.8149430441744456]
1691621745.0628529,[0.0010000234842300415, 1.570805549621582, 2.688678503036499, 6.283166885375977, 2.814345598220825, 2.492330312728882, 3.141608715057373],[-1.7915897788105577]
1691621745.1258245,[0.0010000230073928832, 1.570807695388794, 2.688676118850708, 6.283174991607666, 2.8143422603607178, 2.49231219291687, 3.1415843963623047],[-1.794550051704698]
1691621745.1884816,[0.0010000230073928832, 1.5708047151565552, 2.68867826461792, 6.283179759979248, 2.814344882965088, 2.4923112392425537, 3.1415767669677734],[-1.7935632940675257]
1691621745.249296,[0.0010000232458114624, 1.5708019733428955, 2.6886770725250244, 6.28317403793335, 2.814345121383667, 2.4923150539398193, 3.1415786743164062],[-1.7769528747091539]
1691621745.311264,[0.0010000228881835937, 1.5708050727844238, 2.6886749267578125, 6.283181190490723, 2.8143417835235596, 2.4923129081726074, 3.1415677070617676],[-1.7720190870952206]
1691621745.3741543,[0.0010000224113464356, 1.5708060264587402, 2.6886749267578125, 6.283178329467773, 2.814343214035034, 2.492319107055664, 3.141566038131714],[-1.7631382697511522]
1691621745.43612,[0.0010000225305557252, 1.5708105564117432, 2.6886792182922363, 6.283175468444824, 2.8143486976623535, 2.4923150539398193, 3.1415648460388184],[-1.7613292144230135]
1691621745.4974523,[0.0010000219345092773, 1.5708016157150269, 2.688678503036499, 6.283178806304932, 2.814347505569458, 2.492321252822876, 3.141566038131714],[-1.7432386621934601]
1691621745.5604851,[0.0010000224113464356, 1.5707989931106567, 2.688676118850708, 6.283171653747559, 2.8143529891967773, 2.4923288822174072, 3.141575336456299],[-1.6985056684428064]
1691621745.6222837,[0.0010000231266021728, 1.5708039999008179, 2.6886794567108154, 6.283172130584717, 2.8143539428710938, 2.492326021194458, 3.1415743827819824],[-1.7022882373236987]
1691621745.6831021,[0.0010000232458114624, 1.5708003044128418, 2.688682794570923, 6.283169746398926, 2.8143486976623535, 2.4923224449157715, 3.141573905944824],[-1.639629171900526]
1691621745.744211,[0.0010000234842300415, 1.5707993507385254, 2.6886770725250244, 6.283163547515869, 2.81435227394104, 2.4923226833343506, 3.141583204269409],[-1.6333797125064302]
1691621745.8052173,[0.0010000234842300415, 1.5707998275756836, 2.6886768341064453, 6.283163070678711, 2.8143467903137207, 2.492323160171509, 3.1415765285491943],[-1.6340375503272613]
1691621745.867079,[0.0010000241994857788, 1.570802092552185, 2.68867564201355, 6.283165454864502, 2.8143506050109863, 2.4923229217529297, 3.141582727432251],[-1.6149602544864676]
1691621745.9280548,[0.0010000239610671996, 1.5708016157150269, 2.688678741455078, 6.28316593170166, 2.8143513202667236, 2.4923181533813477, 3.1415891647338867],[-1.6105198497052369]
1691621745.9902673,[0.0010000240802764892, 1.5707980394363403, 2.688680410385132, 6.283164978027344, 2.814349412918091, 2.492327928543091, 3.1415796279907227],[-1.596705257736751]
1691621746.051305,[0.001000024676322937, 1.570801019668579, 2.688680410385132, 6.283160209655762, 2.8143508434295654, 2.4923312664031982, 3.1415884494781494],[-1.618907281048839]
1691621746.1143897,[0.001000024437904358, 1.5708019733428955, 2.6886818408966064, 6.283154487609863, 2.8143622875213623, 2.492341995239258, 3.1416127681732178],[-1.6202229565885191]
1691621746.1760297,[0.0010000240802764892, 1.570798397064209, 2.688678741455078, 6.283161163330078, 2.8143539428710938, 2.4923346042633057, 3.141603946685791],[-1.6374911989257008]
1691621746.2375705,[0.001000019907951355, 1.57080078125, 2.6886816024780273, 6.283161640167236, 2.814363479614258, 2.492342472076416, 3.1416072845458984],[-1.6105198497052369]
1691621746.2995436,[0.0010000195503234864, 1.5707968473434448, 2.6886777877807617, 6.283161163330078, 2.814361572265625, 2.4923408031463623, 3.1416075229644775],[-1.6194006593751111]
1691621746.3614414,[0.001000019669532776, 1.5708013772964478, 2.688680410385132, 6.2831621170043945, 2.814354181289673, 2.492335557937622, 3.1416006088256836],[-1.6661071469951545]
1691621746.4224882,[0.0010000187158584594, 1.570801019668579, 2.6886813640594482, 6.283169269561768, 2.814356565475464, 2.492339849472046, 3.1416008472442627],[-1.6162759299978195]
1691621746.4852767,[0.001000017523765564, 1.5707998275756836, 2.688680648803711, 6.283173561096191, 2.814357280731201, 2.4923346042633057, 3.1415982246398926],[-1.6406159286666413]
1691621746.546411,[0.001000017285346985, 1.5707985162734985, 2.688680410385132, 6.283176898956299, 2.814352035522461, 2.4923362731933594, 3.1415936946868896],[-1.624498902157815]
1691621746.608514,[0.0010000170469284058, 1.5707987546920776, 2.6886792182922363, 6.283173561096191, 2.8143556118011475, 2.492337226867676, 3.141597032546997],[-1.6615022814811837]
1691621746.6692507,[0.0010000168085098266, 1.5707899332046509, 2.6886789798736572, 6.283174991607666, 2.814354181289673, 2.4923386573791504, 3.1416008472442627],[-1.6919272879739466]
1691621746.7300317,[0.0010000163316726686, 1.5708050727844238, 2.6886777877807617, 6.283173084259033, 2.814354181289673, 2.4923346042633057, 3.1416032314300537],[-1.7448832577718978]
1691621746.792324,[0.0010000168085098266, 1.5708037614822388, 2.6886789798736572, 6.283174991607666, 2.814349889755249, 2.4923312664031982, 3.141610622406006],[-1.7096889158046489]
1691621746.854636,[0.001000017523765564, 1.5708016157150269, 2.6886789798736572, 6.283168315887451, 2.8143515586853027, 2.492330551147461, 3.1416053771972656],[-1.7309041958550395]
1691621746.9171667,[0.0010000169277191162, 1.5707972049713135, 2.688678026199341, 6.28317403793335, 2.814349412918091, 2.492326498031616, 3.141611337661743],[-1.7445543386549527]
1691621746.9781518,[0.001000017523765564, 1.570801019668579, 2.6886789798736572, 6.283168315887451, 2.8143486976623535, 2.492332696914673, 3.141613245010376],[-1.7572177251121623]
1691621747.0393682,[0.001000016689300537, 1.5707978010177612, 2.6886794567108154, 6.283170700073242, 2.8143486976623535, 2.4923298358917236, 3.141611337661743],[-1.7205432448097777]
1691621747.101384,[0.0010000160932540894, 1.5707955360412598, 2.688678741455078, 6.283168315887451, 2.8143458366394043, 2.492323875427246, 3.141610622406006],[-1.8098447958236412]
1691621747.1623936,[0.0010000168085098266, 1.5707954168319702, 2.688678026199341, 6.2831711769104, 2.814344644546509, 2.4923248291015625, 3.141603946685791],[-1.7957012689553904]
1691621747.2243607,[0.0010000171661376954, 1.5707987546920776, 2.6886770725250244, 6.283178329467773, 2.814337968826294, 2.4923088550567627, 3.1415820121765137],[-1.7626448910233934]
1691621747.2862797,[0.001000016689300537, 1.57080078125, 2.68867564201355, 0.0, 2.8143393993377686, 2.4923095703125, 3.1415696144104004],[-1.7973458650415006]
1691621747.3479104,[0.0010000169277191162, 1.57077157497406, 2.688678026199341, 6.283183574676514, 2.8143444061279297, 2.492314100265503, 3.141577959060669],[-1.6966966137893902]
1691621747.4102452,[0.0010000164508819581, 1.570799708366394, 2.6886796951293945, 0.0, 2.8143434524536133, 2.4923107624053955, 3.141571521759033],[-1.7785974706123786]
1691621747.472495,[0.001000016212463379, 1.5708006620407104, 2.6886775493621826, 6.28317928314209, 2.8143458366394043, 2.4923179149627686, 3.141570806503296],[-1.707550941989169]
1691621747.5333905,[0.0010000150203704834, 1.5707989931106567, 2.688676118850708, 6.283176898956299, 2.8143460750579834, 2.492319107055664, 3.1415703296661377],[-1.7440609599807144]
1691621747.5944605,[0.0010000157356262207, 1.5707955360412598, 2.688680648803711, 6.283175468444824, 2.8143417835235596, 2.4923202991485596, 3.141571283340454],[-1.7496525850383158]
1691621747.657122,[0.001000016212463379, 1.5707942247390747, 2.6886789798736572, 6.283174991607666, 2.8143553733825684, 2.492328643798828, 3.141575574874878],[-1.7152805397532973]
1691621747.717652,[0.0010000164508819581, 1.5707956552505493, 2.68867826461792, 6.283169269561768, 2.8143529891967773, 2.492327928543091, 3.141571283340454],[-1.6753168783790613]
1691621747.7791207,[0.0010000168085098266, 1.5707981586456299, 2.6886775493621826, 6.283171653747559, 2.81435489654541, 2.492321014404297, 3.141573905944824],[-1.675645797365857]
1691621747.8392868,[0.001000016689300537, 1.5707954168319702, 2.6886816024780273, 6.283168315887451, 2.8143527507781982, 2.492326498031616, 3.141577959060669],[-1.6659426875104728]
1691621747.9022996,[0.0010000169277191162, 1.5707978010177612, 2.688681125640869, 6.283168315887451, 2.8143532276153564, 2.4923245906829834, 3.141575813293457],[-1.6133156601105378]
1691621747.964451,[0.001000016689300537, 1.5707976818084717, 2.6886825561523438, 6.283165454864502, 2.81435489654541, 2.492327928543091, 3.1415796279907227],[-1.605750526170684]
1691621748.0271487,[0.001000016212463379, 1.5707954168319702, 2.6886813640594482, 6.283167839050293, 2.8143503665924072, 2.4923226833343506, 3.141580104827881],[-1.6266368749799842]
1691621748.0872557,[0.0010000169277191162, 1.5707950592041016, 2.6886820793151855, 6.283171653747559, 2.814349889755249, 2.4923250675201416, 3.141580581665039],[-1.6284459289260005]
1691621748.1501014,[0.001000016689300537, 1.5707981586456299, 2.6886813640594482, 6.283166408538818, 2.814352512359619, 2.4923317432403564, 3.141594886779785],[-1.6011456621853817]
1691621748.21129,[0.0010000170469284058, 1.5707926750183105, 2.6886842250823975, 6.283155918121338, 2.8143584728240967, 2.4923501014709473, 3.141608715057373],[-1.626307956082636]
1691621748.274434,[0.0010000165700912475, 1.570798397064209, 2.6886770725250244, 6.283163547515869, 2.8143532276153564, 2.4923341274261475, 3.141611099243164],[-1.6300905234379568]
1691621748.336171,[0.0010000154972076415, 1.5707985162734985, 2.6886799335479736, 6.2831645011901855, 2.8143577575683594, 2.4923417568206787, 3.141608715057373],[-1.608875255369027]
1691621748.3980827,[0.001000015139579773, 1.5707951784133911, 2.688685417175293, 6.283165454864502, 2.8143560886383057, 2.4923408031463623, 3.1416072845458984],[-1.6268013344288805]
1691621748.4592938,[0.0010000152587890626, 1.570796012878418, 2.6886794567108154, 6.283174991607666, 2.8143539428710938, 2.4923341274261475, 3.14159893989563],[-1.651141334506826]
1691621748.5201705,[0.0010000144243240356, 1.5708004236221313, 2.6886799335479736, 6.283173084259033, 2.8143577575683594, 2.4923338890075684, 3.1416008472442627],[-1.6524570102800082]
1691621748.581284,[0.0010000141859054566, 1.5707919597625732, 2.6886825561523438, 6.283174991607666, 2.8143537044525146, 2.4923365116119385, 3.141597032546997],[-1.6156180922409644]
1691621748.644519,[0.0010000146627426147, 1.5707978010177612, 2.68867826461792, 6.283176898956299, 2.814354181289673, 2.492335796356201, 3.1415979862213135],[-1.6735078239625465]
1691621748.7074425,[0.0010000135898590088, 1.570798397064209, 2.6886789798736572, 6.283175468444824, 2.8143529891967773, 2.492339849472046, 3.14159893989563],[-1.651141334506826]
1691621748.7678938,[0.0010000143051147462, 1.570802092552185, 2.6886770725250244, 6.283173084259033, 2.814352035522461, 2.4923319816589355, 3.1416032314300537],[-1.6989990469878742]
1691621748.8305087,[0.0010000145435333251, 1.570796012878418, 2.6886796951293945, 6.283174991607666, 2.8143491744995117, 2.492332935333252, 3.1416075229644775],[-1.7029460753982513]
1691621748.8924005,[0.0010000143051147462, 1.5707972049713135, 2.688683032989502, 6.283175468444824, 2.814350128173828, 2.4923338890075684, 3.141610622406006],[-1.686993502783196]
1691621748.9558172,[0.0010000141859054566, 1.5707989931106567, 2.6886796951293945, 6.283171653747559, 2.814345598220825, 2.492333173751831, 3.1416127681732178],[-1.7414296070753226]
1691621749.0170827,[0.0010000141859054566, 1.5707978010177612, 2.688680410385132, 6.283169746398926, 2.8143503665924072, 2.4923338890075684, 3.141613245010376],[-1.6991635065032042]
1691621749.077938,[0.0010000145435333251, 1.5707945823669434, 2.6886796951293945, 6.283168792724609, 2.8143484592437744, 2.4923291206359863, 3.141613245010376],[-1.7226812187843936]
1691621749.139632,[0.0010000143051147462, 1.5707954168319702, 2.688681125640869, 6.283167362213135, 2.8143484592437744, 2.492325782775879, 3.141611337661743],[-1.727615004980023]
1691621749.2009828,[0.0010000149011611939, 1.5708000659942627, 2.6886813640594482, 6.283173561096191, 2.8143482208251953, 2.492330312728882, 3.1416094303131104],[-1.8256329202562727]
1691621749.2620223,[0.0010000145435333251, 1.570802092552185, 2.6886789798736572, 6.283181190490723, 2.814342737197876, 2.4923205375671387, 3.1415891647338867],[-1.7815577432784553]
1691621749.324138,[0.0010000144243240356, 1.5708003044128418, 2.6886794567108154, 6.283181190490723, 2.814337730407715, 2.4923112392425537, 3.1415765285491943],[-1.8197123734182117]
1691621749.3860931,[0.0010000143051147462, 1.5708000659942627, 2.6886796951293945, 1.1118177098978776e-06, 2.8143436908721924, 2.4923150539398193, 3.141575336456299],[-1.7299174385859808]
1691621749.4485013,[0.0010000133514404296, 1.5707978010177612, 2.688676357269287, 7.943644959595986e-07, 2.8143417835235596, 2.4923131465911865, 3.1415762901306152],[-1.7411006879649746]
1691621749.5103626,[0.001000012993812561, 1.5707989931106567, 2.6886794567108154, 6.283181190490723, 2.8143398761749268, 2.4923148155212402, 3.1415677070617676],[-1.7090310777047977]
1691621749.5737195,[0.0010000133514404296, 1.570799708366394, 2.688683032989502, 6.283178329467773, 2.8143460750579834, 2.4923202991485596, 3.1415770053863525],[-1.7438965004229494]
1691621749.6356666,[0.0010000134706497192, 1.570799469947815, 2.688676357269287, 6.283176898956299, 2.814342737197876, 2.4923155307769775, 3.141568422317505],[-1.7517905593731584]
1691621749.6960225,[0.001000012993812561, 1.5707958936691284, 2.6886823177337646, 6.283176422119141, 2.814347743988037, 2.492321014404297, 3.1415700912475586],[-1.6730144454885034]
1691621749.758816,[0.001000012993812561, 1.5707978010177612, 2.6886801719665527, 6.283175468444824, 2.8143491744995117, 2.4923295974731445, 3.1415770053863525],[-1.7138004039847712]
1691621749.8202808,[0.0010000132322311403, 1.5707989931106567, 2.6886796951293945, 6.283176898956299, 2.814347743988037, 2.492324113845825, 3.1415774822235107],[-1.7192275685307585]
1691621749.8822834,[0.001000012993812561, 1.5707951784133911, 2.68867826461792, 6.283171653747559, 2.8143503665924072, 2.4923276901245117, 3.1415789127349854],[-1.6534437671162028]
1691621749.9432824,[0.0010000128746032715, 1.5707944631576538, 2.688683271408081, 6.283174991607666, 2.814352035522461, 2.4923315048217773, 3.1415820121765137],[-1.6782771492821107]
1691621750.0045707,[0.001000012755393982, 1.5707937479019165, 2.688678741455078, 6.283172607421875, 2.8143463134765625, 2.492323398590088, 3.1415774822235107],[-1.6647914711219338]
1691621750.0670369,[0.0010000128746032715, 1.5707944631576538, 2.6886813640594482, 6.2831711769104, 2.814352512359619, 2.4923243522644043, 3.1415743827819824],[-1.6526214697523318]
1691621750.1293926,[0.0010000120401382447, 1.570796012878418, 2.6886792182922363, 6.283173561096191, 2.8143503665924072, 2.4923267364501953, 3.1415789127349854],[-1.580752694482511]
1691621750.1911108,[0.0010000121593475343, 1.5707972049713135, 2.6886789798736572, 6.283173084259033, 2.814347743988037, 2.4923255443573, 3.1415774822235107],[-1.5999944462069873]
1691621750.2523928,[0.0010000123977661132, 1.5707950592041016, 2.6886820793151855, 6.2831711769104, 2.814347982406616, 2.4923276901245117, 3.141584873199463],[-1.6069017421849627]
1691621750.3150284,[0.0010000123977661132, 1.5707937479019165, 2.6886820793151855, 6.2831645011901855, 2.8143556118011475, 2.492342233657837, 3.141606092453003],[-1.6616667409617871]
1691621750.3770368,[0.0010000118017196656, 1.570793628692627, 2.68868350982666, 6.283161640167236, 2.8143539428710938, 2.492347240447998, 3.1416125297546387],[-1.627952550575307]
1691621750.4393368,[0.0010000112056732177, 1.5707945823669434, 2.6886770725250244, 6.283169269561768, 2.8143529891967773, 2.4923441410064697, 3.141608476638794],[-1.6159470111190972]
1691621750.5003304,[0.001000011682510376, 1.5707976818084717, 2.688680648803711, 6.283164024353027, 2.8143558502197266, 2.4923431873321533, 3.1416144371032715],[-1.6220320104710195]
1691621750.562192,[0.0010000120401382447, 1.5707987546920776, 2.6886818408966064, 6.283169746398926, 2.8143582344055176, 2.492340087890625, 3.1416072845458984],[-1.6246633616047852]
1691621750.6236537,[0.0010000121593475343, 1.5707937479019165, 2.6886842250823975, 6.283167839050293, 2.814356803894043, 2.4923436641693115, 3.1416053771972656],[-1.6378201178432643]
1691621750.6851315,[0.0010000114440917968, 1.5707916021347046, 2.6886796951293945, 6.283173561096191, 2.81435489654541, 2.492342233657837, 3.1416027545928955],[-1.6414382259758424]
1691621750.7462213,[0.0010000118017196656, 1.5707987546920776, 2.688680410385132, 6.283174991607666, 2.8143534660339355, 2.4923341274261475, 3.141594886779785],[-1.6651203900893319]
1691621750.8090992,[0.0010000120401382447, 1.5707955360412598, 2.6886813640594482, 6.283174514770508, 2.8143537044525146, 2.4923367500305176, 3.1416001319885254],[-1.6439051179258564]
1691621750.8706427,[0.0010000123977661132, 1.570794939994812, 2.6886792182922363, 6.28317928314209, 2.8143482208251953, 2.492335557937622, 3.1415963172912598],[-1.714458242102567]
1691621750.932383,[0.0010000126361846924, 1.5707989931106567, 2.688680410385132, 6.283179759979248, 2.81434965133667, 2.492326259613037, 3.141599416732788],[-1.6985056684428064]
1691621750.995039,[0.0010000123977661132, 1.5707967281341553, 2.688678741455078, 6.283180236816406, 2.814347505569458, 2.492328643798828, 3.1416049003601074],[-1.6797572847521174]
1691621751.0549874,[0.0010000125169754028, 1.5707933902740479, 2.688682794570923, 6.283180236816406, 2.8143441677093506, 2.492323637008667, 3.1416072845458984],[-1.7170895945985432]
1691621751.1160827,[0.0010000128746032715, 1.5707954168319702, 2.68868350982666, 6.283176898956299, 2.8143434524536133, 2.4923298358917236, 3.141613245010376],[-1.68025066324486]
1691621751.1779807,[0.0010000126361846924, 1.5707933902740479, 2.6886777877807617, 6.283176898956299, 2.8143460750579834, 2.4923274517059326, 3.1416127681732178],[-1.7784330110213376]
1691621751.238281,[0.001000013828277588, 1.570798397064209, 2.688680410385132, 6.283176898956299, 2.814344882965088, 2.492330312728882, 3.141613245010376],[-1.7381404160000788]
1691621751.300934,[0.0010000143051147462, 1.5707933902740479, 2.688681125640869, 6.283173084259033, 2.8143420219421387, 2.492330312728882, 3.141615152359009],[-1.7697166529244626]
1691621751.363295,[0.0010000146627426147, 1.5707968473434448, 2.688680410385132, 6.283173561096191, 2.814344644546509, 2.492326021194458, 3.141606092453003],[-1.7792553089781418]
1691621751.4244723,[0.0010000144243240356, 1.570798397064209, 2.6886770725250244, 6.283178329467773, 2.8143372535705566, 2.492314577102661, 3.1415927410125732],[-1.7804065261243807]
1691621751.4844646,[0.0010000143051147462, 1.5707954168319702, 2.688681125640869, 9.523596418148372e-07, 2.8143441677093506, 2.4923148155212402, 3.1415815353393555],[-1.7022882373236987]
1691621751.5448606,[0.0010000144243240356, 1.5707978010177612, 2.688680648803711, 6.283178329467773, 2.8143467903137207, 2.4923226833343506, 3.1415891647338867],[-1.7769528747091539]
1691621751.6073537,[0.0010000141859054566, 1.5707961320877075, 2.688681125640869, 0.0, 2.8143420219421387, 2.492314577102661, 3.141569137573242],[-1.7616581335721573]
1691621751.6693335,[0.0010000147819519043, 1.570793628692627, 2.6886796951293945, 6.283182144165039, 2.8143420219421387, 2.492321014404297, 3.1415786743164062],[-1.822014808274561]
1691621751.7303202,[0.0010000145435333251, 1.5707980394363403, 2.6886801719665527, 3.174532139382791e-07, 2.814345121383667, 2.4923255443573, 3.141568899154663],[-1.7149516206925404]
1691621751.7914164,[0.0010000150203704834, 1.5707961320877075, 2.6886816024780273, 6.28318452835083, 2.814347505569458, 2.4923243522644043, 3.141568183898926],[-1.70771540151251]
1691621751.8532975,[0.0010000154972076415, 1.5707964897155762, 2.6886799335479736, 6.283181190490723, 2.814347743988037, 2.492325782775879, 3.141566276550293],[-1.716925135066382]
1691621751.9143596,[0.001000015139579773, 1.5707917213439941, 2.6886825561523438, 6.283180236816406, 2.8143489360809326, 2.4923276901245117, 3.1415698528289795],[-1.676468094835505]
1691621751.9749656,[0.0010000154972076415, 1.5707955360412598, 2.6886813640594482, 6.283176422119141, 2.8143486976623535, 2.492321729660034, 3.141568899154663],[-1.6434117395331633]
1691621752.037378,[0.0010000158548355103, 1.5707929134368896, 2.688680410385132, 6.283177852630615, 2.8143463134765625, 2.4923276901245117, 3.141573667526245],[-1.6399580908219673]
1691621752.0999892,[0.0010000159740447998, 1.5707950592041016, 2.688683271408081, 6.283174991607666, 2.814347743988037, 2.492326498031616, 3.1415746212005615],[-1.6873224217916298]
1691621752.1622376,[0.0010000165700912475, 1.5707978010177612, 2.6886813640594482, 6.283175945281982, 2.814345121383667, 2.4923253059387207, 3.1415774822235107],[-1.611999984620394]
1691621752.223273,[0.001000017285346985, 1.5707926750183105, 2.688680410385132, 6.283171653747559, 2.81434965133667, 2.4923245906829834, 3.141582727432251],[-1.5902913403876215]
1691621752.284574,[0.001000017762184143, 1.5707963705062866, 2.6886801719665527, 6.283169269561768, 2.81434965133667, 2.4923288822174072, 3.141584873199463],[-1.5937449881634582]
1691621752.3461666,[0.0010000178813934326, 1.5707980394363403, 2.688681125640869, 6.283168792724609, 2.814349412918091, 2.4923315048217773, 3.1415891647338867],[-1.6371622800087335]
1691621752.4078202,[0.0010000180006027222, 1.5707929134368896, 2.688683032989502, 6.283160209655762, 2.8143558502197266, 2.492347240447998, 3.141615390777588],[-1.6029547158801996]
1691621752.4693387,[0.001000018358230591, 1.5707968473434448, 2.688678503036499, 6.283163070678711, 2.8143508434295654, 2.4923391342163086, 3.1416127681732178],[-1.6054216073107814]
1691621752.5302172,[0.0010000195503234864, 1.570794939994812, 2.688683032989502, 6.283172130584717, 2.814351797103882, 2.4923460483551025, 3.141606092453003],[-1.5871666115028598]
1691621752.5929484,[0.0010000191926956177, 1.5707944631576538, 2.6886813640594482, 6.283173561096191, 2.8143560886383057, 2.492344379425049, 3.141608476638794],[-1.59851431138815]
1691621752.6548152,[0.001000018835067749, 1.5707931518554688, 2.6886847019195557, 6.283174514770508, 2.814347743988037, 2.492337465286255, 3.1415960788726807],[-1.6776193112993973]
1691621752.7156959,[0.0010000195503234864, 1.5707950592041016, 2.688685655593872, 6.283174991607666, 2.814349412918091, 2.492340326309204, 3.141596794128418],[-1.6401225502829118]
1691621752.7775247,[0.00100001859664917, 1.5707989931106567, 2.6886813640594482, 6.283181667327881, 2.8143508434295654, 2.492337942123413, 3.1415982246398926],[-1.6610089030402788]
1691621752.8400497,[0.0010000182390213013, 1.570797085762024, 2.6886837482452393, 1.2698128557531163e-06, 2.814352035522461, 2.492332696914673, 3.141598701477051],[-1.633708631416548]
1691621752.9012873,[0.001000017762184143, 1.5707956552505493, 2.688685894012451, 6.28317928314209, 2.8143491744995117, 2.4923365116119385, 3.1415960788726807],[-1.6407803881281826]
1691621752.963131,[0.001000017523765564, 1.5707961320877075, 2.688683271408081, 6.283176898956299, 2.8143513202667236, 2.4923365116119385, 3.1416006088256836],[-1.662817957330236]
1691621753.025512,[0.0010000170469284058, 1.5707968473434448, 2.688678026199341, 6.283176898956299, 2.8143515586853027, 2.4923322200775146, 3.141599655151367],[-1.7062352658079971]
1691621753.086881,[0.0010000174045562745, 1.5707933902740479, 2.688687562942505, 6.283181667327881, 2.814345598220825, 2.4923319816589355, 3.141611099243164],[-1.7424163644101331]
1691621753.1492648,[0.0010000180006027222, 1.5707945823669434, 2.6886799335479736, 6.283178329467773, 2.814347743988037, 2.4923341274261475, 3.141613245010376],[-1.7601779974060003]
1691621753.2102287,[0.0010000178813934326, 1.5707963705062866, 2.688680410385132, 6.28317928314209, 2.8143486976623535, 2.492335557937622, 3.1416196823120117],[-1.7493236659122426]
1691621753.272268,[0.0010000178813934326, 1.5707974433898926, 2.6886823177337646, 6.283175945281982, 2.8143444061279297, 2.492333173751831, 3.1416144371032715],[-1.7754727384099025]
1691621753.333281,[0.0010000181198120117, 1.5707967281341553, 2.6886816024780273, 6.283175945281982, 2.8143444061279297, 2.4923319816589355, 3.1416146755218506],[-1.7751438192340458]
1691621753.3942242,[0.001000017762184143, 1.5707981586456299, 2.6886796951293945, 6.283176422119141, 2.8143470287323, 2.4923319816589355, 3.141611337661743],[-1.734522305889704]
1691621753.456072,[0.001000017523765564, 1.5707987546920776, 2.6886837482452393, 6.283178329467773, 2.8143413066864014, 2.4923219680786133, 3.1415982246398926],[-1.7652762442546046]
1691621753.5179875,[0.0010000174045562745, 1.5707987546920776, 2.6886799335479736, 6.283185005187988, 2.814333915710449, 2.492305040359497, 3.141575813293457],[-1.7771173342987578]
1691621753.5793624,[0.0010000174045562745, 1.5707961320877075, 2.6886789798736572, 5.079251423012465e-06, 2.8143415451049805, 2.4923181533813477, 3.1415796279907227],[-1.7907674807936549]
1691621753.6409974,[0.0010000169277191162, 1.5707978010177612, 2.688678741455078, 6.283184051513672, 2.8143389225006104, 2.4923174381256104, 3.1415789127349854],[-1.7419229857420213]
1691621753.7020211,[0.0010000170469284058, 1.5707968473434448, 2.6886792182922363, 4.761798209074186e-06, 2.8143346309661865, 2.492313861846924, 3.141569137573242],[-1.7267927072710165]
1691621753.7633116,[0.0010000181198120117, 1.5707985162734985, 2.6886794567108154, 0.0, 2.8143420219421387, 2.492319345474243, 3.1415741443634033],[-1.7707034104223955]
1691621753.8238516,[0.0010000184774398805, 1.5707978010177612, 2.688678741455078, 3.174532139382791e-07, 2.814340353012085, 2.4923107624053955, 3.1415677070617676],[-1.7016303992516095]
1691621753.8849216,[0.0010000187158584594, 1.5707931518554688, 2.6886801719665527, 1.7467241377744358e-06, 2.814344644546509, 2.4923198223114014, 3.1415698528289795],[-1.6856778267555708]
1691621753.9461813,[0.0010000190734863281, 1.5708011388778687, 2.6886825561523438, 6.283180236816406, 2.814349889755249, 2.492331027984619, 3.141573429107666],[-1.6889670168429731]
1691621754.0092,[0.0010000190734863281, 1.5707951784133911, 2.6886823177337646, 6.2831830978393555, 2.814345359802246, 2.4923224449157715, 3.1415650844573975],[-1.7355090631850194]
1691621754.071399,[0.0010000193119049073, 1.5707981586456299, 2.6886816024780273, 6.283176898956299, 2.814347505569458, 2.4923248291015625, 3.1415743827819824],[-1.6741656619300624]
1691621754.1323633,[0.0010000190734863281, 1.5707963705062866, 2.6886801719665527, 6.283175945281982, 2.814347743988037, 2.4923276901245117, 3.1415815353393555],[-1.7078798610360055]
1691621754.1949787,[0.0010000190734863281, 1.5707920789718628, 2.6886823177337646, 6.283180236816406, 2.814345598220825, 2.4923243522644043, 3.1415774822235107],[-1.6601866056417878]
1691621754.2560446,[0.001000020742416382, 1.5707955360412598, 2.6886820793151855, 6.283176422119141, 2.814347743988037, 2.4923291206359863, 3.141583204269409],[-1.5631555386576268]
1691621754.3166,[0.0010000208616256713, 1.5707961320877075, 2.68868088722229, 6.283183574676514, 2.814347743988037, 2.4923243522644043, 3.1415822505950928],[-1.633215253051594]
1691621754.377803,[0.0010000213384628296, 1.5707950592041016, 2.688685178756714, 6.2831711769104, 2.814347743988037, 2.4923295974731445, 3.14157772064209],[-1.6124933629280942]
1691621754.4393454,[0.0010000213384628296, 1.5707950592041016, 2.688680648803711, 6.283174991607666, 2.8143486976623535, 2.4923338890075684, 3.1415867805480957],[-1.6753168783790613]
1691621754.5022495,[0.001000020980834961, 1.5707964897155762, 2.6886847019195557, 6.283163547515869, 2.8143534660339355, 2.492351770401001, 3.1416127681732178],[-1.5823972885692754]
1691621754.5628767,[0.0010000206232070924, 1.5707929134368896, 2.6886825561523438, 6.283168315887451, 2.8143460750579834, 2.4923410415649414, 3.1416125297546387],[-1.5623332416967368]
1691621754.6248608,[0.001000020146369934, 1.5707951784133911, 2.6886823177337646, 6.283167839050293, 2.8143513202667236, 2.4923391342163086, 3.1416049003601074],[-1.5695694550757333]
1691621754.6931686,[0.001000020146369934, 1.570793628692627, 2.6886823177337646, 6.283169269561768, 2.81435227394104, 2.492345094680786, 3.141613245010376],[-1.5874955303303642]
1691621754.7477012,[0.0010000202655792237, 1.5707964897155762, 2.688681125640869, 6.283170223236084, 2.8143463134765625, 2.492337465286255, 3.1416072845458984],[-1.6008167433336804]
1691621754.8094897,[0.0010000206232070924, 1.5707974433898926, 2.688683271408081, 6.283176898956299, 2.81435227394104, 2.4923386573791504, 3.1416053771972656],[-1.5942383664223927]
1691621754.8702304,[0.0010000208616256713, 1.5707978010177612, 2.6886825561523438, 6.283180236816406, 2.8143532276153564, 2.4923341274261475, 3.1416008472442627],[-1.619071740490782]
1691621754.9323275,[0.0010000208616256713, 1.5707937479019165, 2.688682794570923, 6.283182621002197, 2.8143510818481445, 2.492332696914673, 3.1415963172912598],[-1.6583775513783732]
1691621754.9926403,[0.001000020980834961, 1.570794939994812, 2.6886813640594482, 6.283181190490723, 2.814347743988037, 2.492337226867676, 3.1415963172912598],[-1.6723566075252372]
1691621755.0539172,[0.001000020742416382, 1.5708006620407104, 2.6886799335479736, 6.2831807136535645, 2.814349412918091, 2.4923362731933594, 3.1415960788726807],[-1.6647914711219338]
1691621755.1152477,[0.0010000213384628296, 1.5707963705062866, 2.688683271408081, 6.283185005187988, 2.8143486976623535, 2.4923346042633057, 3.1416027545928955],[-1.6669294444208325]
1691621755.1777713,[0.0010000216960906983, 1.570793628692627, 2.6886794567108154, 6.283180236816406, 2.8143482208251953, 2.49233078956604, 3.1416120529174805],[-1.7022882373236987]
1691621755.2394588,[0.0010000208616256713, 1.5707967281341553, 2.6886823177337646, 6.283178806304932, 2.8143470287323, 2.492335796356201, 3.1416125297546387],[-1.7259704095659063]
1691621755.3014839,[0.001000020980834961, 1.5707976818084717, 2.6886823177337646, 6.283179759979248, 2.814349412918091, 2.4923410415649414, 3.141613721847534],[-1.7246547332458295]
1691621755.3634293,[0.0010000216960906983, 1.5707967281341553, 2.6886823177337646, 6.283175945281982, 2.814347505569458, 2.4923343658447266, 3.141611337661743],[-1.754915291141274]
1691621755.4257557,[0.0010000214576721192, 1.570794939994812, 2.68867826461792, 6.283177852630615, 2.8143444061279297, 2.4923319816589355, 3.141613721847534],[-1.7601779974060003]
1691621755.4850414,[0.001000020742416382, 1.5707972049713135, 2.6886799335479736, 6.28317928314209, 2.814340114593506, 2.4923253059387207, 3.141611337661743],[-1.75475083157311]
1691621755.5469325,[0.0010000216960906983, 1.5707961320877075, 2.6886825561523438, 6.349064278765582e-07, 2.8143393993377686, 2.492321491241455, 3.1415979862213135],[-1.7644539463654874]
1691621755.6090245,[0.0010000214576721192, 1.5707972049713135, 2.6886813640594482, 6.98397070664214e-06, 2.8143303394317627, 2.492305278778076, 3.141571283340454],[-1.7693877337597579]
1691621755.6703598,[0.0010000221729278564, 1.5707951784133911, 2.6886813640594482, 6.0316110648273025e-06, 2.814337730407715, 2.4923171997070312, 3.1415774822235107],[-1.7332066295047093]
1691621755.732417,[0.0010000219345092773, 1.5707968473434448, 2.688681125640869, 4.286349849280668e-06, 2.814337730407715, 2.4923155307769775, 3.141576051712036],[-1.7162672969392876]
1691621755.7929258,[0.001000021815299988, 1.570802092552185, 2.6886801719665527, 3.6514434214041103e-06, 2.8143415451049805, 2.492314577102661, 3.141568422317505],[-1.7243258141673676]
1691621755.8560326,[0.0010000231266021728, 1.5707937479019165, 2.688678741455078, 5.238709491095506e-06, 2.8143458366394043, 2.492323160171509, 3.141571283340454],[-1.6942297211101258]
1691621755.9163852,[0.0010000228881835937, 1.5707968473434448, 2.6886775493621826, 3.809438567259349e-06, 2.8143391609191895, 2.4923195838928223, 3.141569137573242],[-1.7202143257390907]
1691621755.9779615,[0.0010000231266021728, 1.5707956552505493, 2.6886789798736572, 1.5945806808304042e-07, 2.8143444061279297, 2.4923222064971924, 3.141571521759033],[-1.6889670168429731]
1691621756.0382464,[0.0010000231266021728, 1.5707998275756836, 2.6886823177337646, 6.2831807136535645, 2.8143486976623535, 2.492327928543091, 3.141575336456299],[-1.68025066324486]
1691621756.0995936,[0.0010000234842300415, 1.5707955360412598, 2.6886775493621826, 6.283181190490723, 2.814349412918091, 2.4923267364501953, 3.141578435897827],[-1.6966966137893902]
1691621756.160398,[0.0010000237226486207, 1.5707926750183105, 2.6886849403381348, 6.283178329467773, 2.8143460750579834, 2.4923276901245117, 3.141580581665039],[-1.639793631361172]
1691621756.2221882,[0.001000024437904358, 1.5707939863204956, 2.688680648803711, 6.283182144165039, 2.8143491744995117, 2.4923295974731445, 3.141583204269409],[-1.6705475531387681]
1691621756.2834306,[0.001000024676322937, 1.5707941055297852, 2.688685417175293, 6.283173561096191, 2.8143470287323, 2.492328643798828, 3.141582727432251],[-1.6491678208650615]
1691621756.3454278,[0.0010000245571136475, 1.570793628692627, 2.6886768341064453, 6.283173084259033, 2.8143467903137207, 2.4923300743103027, 3.1415834426879883],[-1.6373267394671427]
1691621756.4069066,[0.0010000240802764892, 1.5707981586456299, 2.6886792182922363, 6.283174991607666, 2.814347743988037, 2.4923312664031982, 3.1415836811065674],[-1.6141379572966617]
1691621756.4693775,[0.0010000228881835937, 1.5707913637161255, 2.688678741455078, 6.283175945281982, 2.814347505569458, 2.4923288822174072, 3.141584634780884],[-1.5782858033795002]
1691621756.5311277,[0.0010000240802764892, 1.5707976818084717, 2.688678741455078, 6.283175945281982, 2.814349889755249, 2.492326498031616, 3.141585111618042],[-1.696861073302569]
