timestamp,joint_position,linear_potentiometer
1691621832.8950949,[0.0, 0.0, 0.0, 0.0, 0.0, 0.0, 0.0],[0]
1691621832.947035,[0.001000004529953003, 1.5707958936691284, 2.5158965587615967, 7.943644959595986e-07, 2.144134998321533, 3.0735301971435547, 3.141619920730591],[0]
1691621833.00721,[0.0010000044107437134, 1.5707981586456299, 2.5158915519714355, 6.28318452835083, 2.144139051437378, 3.073535919189453, 3.141618490219116],[-2.112615247162595]
1691621833.0682132,[0.0010000052452087402, 1.5707985162734985, 2.5158934593200684, 6.283183574676514, 2.1441378593444824, 3.0735249519348145, 3.141622543334961],[-2.0836703003327033]
1691621833.1306705,[0.001000005006790161, 1.5707968473434448, 2.5158936977386475, 0.0, 2.144131660461426, 3.073531150817871, 3.1416218280792236],[-2.202081483015983]
1691621833.1922858,[0.0010000051259994507, 1.5707978010177612, 2.515892505645752, 4.6038030632189475e-06, 2.144134759902954, 3.0735280513763428, 3.1416232585906982],[-2.2104689455084885]
1691621833.2538033,[0.001000005006790161, 1.570797085762024, 2.5158956050872803, 5.873615918972064e-06, 2.144132375717163, 3.073526620864868, 3.1416196823120117],[-2.2931923771875544]
1691621833.3159776,[0.0010000046491622926, 1.5707933902740479, 2.515894889831543, 1.6826483260956593e-05, 2.1441380977630615, 3.07352614402771, 3.1416218280792236],[-2.32411088933554]
1691621833.3783715,[0.0010000044107437134, 1.5707956552505493, 2.5158941745758057, 9.683054486231413e-06, 2.144129514694214, 3.0735251903533936, 3.141615867614746],[-2.2981261818440646]
1691621833.4413471,[0.0010000042915344239, 1.57080078125, 2.5158910751342773, 1.14297790787532e-05, 2.1441307067871094, 3.0735268592834473, 3.1416165828704834],[-2.3971312336417783]
1691621833.502315,[0.0010000040531158447, 1.5707967281341553, 2.515892267227173, 9.523596418148372e-06, 2.1441283226013184, 3.073526620864868, 3.1416139602661133],[-2.357496312036918]
1691621833.5632322,[0.001000004529953003, 1.570801019668579, 2.5158939361572266, 9.523596418148372e-06, 2.144129991531372, 3.073523759841919, 3.141602039337158],[-2.348944380302836]
1691621833.6253815,[0.001000004529953003, 1.5707933902740479, 2.51589035987854, 5.873615918972064e-06, 2.1441304683685303, 3.073514461517334, 3.1415891647338867],[-2.3519046643023915]
1691621833.687479,[0.0010000046491622926, 1.5707951784133911, 2.5158939361572266, 6.283174991607666, 2.14414381980896, 3.0735437870025635, 3.1416172981262207],[-2.3232885883888477]
1691621833.7480106,[0.0010000044107437134, 1.5707989931106567, 2.5158965587615967, 0.0, 2.1441378593444824, 3.0735247135162354, 3.1416001319885254],[-2.278719884559766]
1691621833.810687,[0.0010000046491622926, 1.5707899332046509, 2.5158956050872803, 6.283174991607666, 2.1441519260406494, 3.0735363960266113, 3.1416146755218506],[-2.259149129917871]
1691621833.8732123,[0.001000005006790161, 1.5707942247390747, 2.515897035598755, 6.283169746398926, 2.1441476345062256, 3.0735397338867188, 3.1416127681732178],[-2.2346445755013553]
1691621833.9342244,[0.0010000047683715822, 1.570794939994812, 2.515892744064331, 6.283171653747559, 2.1441421508789062, 3.0735280513763428, 3.1416027545928955],[-2.167544877995047]
1691621833.995669,[0.0010000048875808715, 1.570790410041809, 2.5158944129943848, 6.283169746398926, 2.144150733947754, 3.073542594909668, 3.141602039337158],[-2.101760891432931]
1691621834.0574865,[0.0010000061988830566, 1.5707968473434448, 2.5158913135528564, 6.283169269561768, 2.1441407203674316, 3.0735223293304443, 3.1415860652923584],[-2.032523277417282]
1691621834.120019,[0.0010000064373016358, 1.5707933902740479, 2.515894651412964, 6.28316593170166, 2.144143581390381, 3.0735247135162354, 3.1415855884552],[-1.9928884580852477]
1691621834.1809535,[0.001000006914138794, 1.5707931518554688, 2.5158915519714355, 6.283165454864502, 2.144141435623169, 3.0735177993774414, 3.141575336456299],[-2.0075253818666314]
1691621834.2427232,[0.0010000075101852417, 1.5707950592041016, 2.5158982276916504, 6.283176898956299, 2.1441407203674316, 3.0735092163085938, 3.1415624618530273],[-1.8780955529428975]
1691621834.3050888,[0.0010000063180923462, 1.5707933902740479, 2.5158939361572266, 6.283175945281982, 2.1441385746002197, 3.0735199451446533, 3.1415579319000244],[-1.8083646592348692]
1691621834.3684106,[0.0010000061988830566, 1.5707950592041016, 2.515895366668701, 3.174532139382791e-07, 2.144130229949951, 3.0735082626342773, 3.1415421962738037],[-1.7848469351904552]
1691621834.4292638,[0.0010000059604644775, 1.5708013772964478, 2.515895366668701, 5.556162705033785e-06, 2.1441328525543213, 3.073512315750122, 3.141538619995117],[-1.7932343748564226]
1691621834.4901993,[0.0010000058412551881, 1.5707980394363403, 2.5158939361572266, 6.825975560786901e-06, 2.144129753112793, 3.0735056400299072, 3.141540050506592],[-1.7503104232923528]
1691621834.5527163,[0.0010000044107437134, 1.570797085762024, 2.5158944129943848, 3.6514434214041103e-06, 2.144134998321533, 3.073516368865967, 3.141554594039917],[-1.7603424569793842]
1691621834.6155992,[0.0010000038146972656, 1.570799708366394, 2.51589298248291, 1.1118177098978776e-06, 2.1441378593444824, 3.0735273361206055, 3.141569137573242],[-1.7667563804650186]
1691621834.6761034,[0.001000003218650818, 1.5707968473434448, 2.5158934593200684, 4.4527823774842545e-06, 2.1441311836242676, 3.0735132694244385, 3.1415576934814453],[-1.7878072079660576]
1691621834.7380996,[0.001000003457069397, 1.5707933902740479, 2.5158915519714355, 6.508522346848622e-06, 2.144139051437378, 3.073530435562134, 3.1415765285491943],[-1.8029374918549286]
1691621834.8005822,[0.0010000035762786866, 1.5707998275756836, 2.515897035598755, 7.460881988663459e-06, 2.144136428833008, 3.0735223293304443, 3.1415796279907227],[-1.880233528927986]
1691621834.8629827,[0.0010000036954879762, 1.5708026885986328, 2.5158956050872803, 1.0635414582793601e-05, 2.1441328525543213, 3.0735268592834473, 3.141582489013672],[-1.913125470744428]
1691621834.9232702,[0.001000003457069397, 1.5707968473434448, 2.5158920288085938, 1.9047192836296745e-06, 2.1441378593444824, 3.073531150817871, 3.141598701477051],[-1.9649302929331216]
1691621834.984499,[0.0010000044107437134, 1.5707967281341553, 2.515892267227173, 4.126891781197628e-06, 2.144132614135742, 3.0735249519348145, 3.1416099071502686],[-2.0167351323804135]
1691621835.0460656,[0.0010000047683715822, 1.5707989931106567, 2.515892267227173, 1.7467241377744358e-06, 2.1441352367401123, 3.0735268592834473, 3.1416163444519043],[-2.0580145567461936]
1691621835.1066835,[0.001000005006790161, 1.5707964897155762, 2.5158913135528564, 7.943644959595986e-07, 2.144134759902954, 3.0735244750976562, 3.1416172981262207],[-2.117549045487941]
1691621835.1689677,[0.0010000048875808715, 1.5707961320877075, 2.5158915519714355, 5.079251423012465e-06, 2.144134998321533, 3.073528528213501, 3.141623020172119],[-2.1803727588791255]
1691621835.2298138,[0.0010000041723251343, 1.5708000659942627, 2.51589035987854, 3.1745321393827908e-06, 2.1441400051116943, 3.0735347270965576, 3.1416256427764893],[-2.1402445199404116]
1691621835.2914047,[0.0010000040531158447, 1.5707980394363403, 2.5158936977386475, 5.714157850889023e-06, 2.1441404819488525, 3.073533773422241, 3.1416215896606445],[-2.2938502177980733]
1691621835.3522997,[0.0010000042915344239, 1.5707976818084717, 2.5158939361572266, 2.8570789254445117e-06, 2.144132614135742, 3.0735342502593994, 3.141627550125122],[-2.3084871722068434]
1691621835.4134395,[0.0010000038146972656, 1.5707942247390747, 2.5158915519714355, 1.1587773769861087e-05, 2.1441352367401123, 3.0735301971435547, 3.141625165939331],[-2.2879296524178865]
1691621835.477283,[0.0010000040531158447, 1.5707989931106567, 2.5158939361572266, 6.666517492703861e-06, 2.1441304683685303, 3.073528528213501, 3.1416242122650146],[-2.3718043529018655]
1691621835.5392878,[0.0010000035762786866, 1.5707944631576538, 2.51589298248291, 8.253783562395256e-06, 2.144134521484375, 3.0735321044921875, 3.1416218280792236],[-2.3701597504248846]
1691621835.6008365,[0.0010000030994415283, 1.5707972049713135, 2.51589035987854, 5.079251423012465e-06, 2.144131660461426, 3.0735254287719727, 3.1416196823120117],[-2.3839744118690236]
1691621835.6629615,[0.0010000022649765015, 1.5707989931106567, 2.515892744064331, 8.413241630478296e-06, 2.1441354751586914, 3.0735244750976562, 3.141606092453003],[-2.379369524560017]
1691621835.724665,[0.0010000029802322387, 1.5708017349243164, 2.51589035987854, 4.126891781197628e-06, 2.1441171169281006, 3.0735111236572266, 3.141594886779785],[-2.3961444719629976]
1691621835.7871656,[0.0010000026226043702, 1.5707929134368896, 2.515892267227173, 6.283184051513672, 2.144139289855957, 3.073535442352295, 3.1416139602661133],[-2.3331562000815196]
1691621835.848034,[0.0010000027418136596, 1.570796012878418, 2.515892744064331, 1.9047192836296745e-06, 2.144134283065796, 3.0735220909118652, 3.1416001319885254],[-2.30996731375198]
1691621835.9102015,[0.0010000029802322387, 1.5707942247390747, 2.5158934593200684, 6.283178806304932, 2.1441454887390137, 3.0735342502593994, 3.141613245010376],[-2.2821735474337608]
1691621835.9729831,[0.0010000028610229492, 1.5707967281341553, 2.51589298248291, 6.283174514770508, 2.144146680831909, 3.0735344886779785, 3.141618013381958],[-2.29615265995996]
1691621836.0355468,[0.0010000027418136596, 1.5707933902740479, 2.515899181365967, 6.283173084259033, 2.1441452503204346, 3.0735268592834473, 3.1416008472442627],[-2.210633405562363]
1691621836.0964046,[0.001000003218650818, 1.570794701576233, 2.5158963203430176, 6.283166408538818, 2.144152879714966, 3.0735390186309814, 3.1416006088256836],[-2.092057755930179]
1691621836.157637,[0.0010000028610229492, 1.5707924365997314, 2.5158934593200684, 6.2831711769104, 2.1441402435302734, 3.0735247135162354, 3.1415903568267822],[-2.095182494412024]
1691621836.220201,[0.0010000039339065551, 1.570794701576233, 2.5158936977386475, 6.2831711769104, 2.144150972366333, 3.07352876663208, 3.1415863037109375],[-2.0246292046932504]
1691621836.2823052,[0.0010000030994415283, 1.5707964897155762, 2.5158936977386475, 6.283172607421875, 2.1441409587860107, 3.073523998260498, 3.141570568084717],[-1.9299003636828318]
1691621836.3429134,[0.0010000027418136596, 1.5707958936691284, 2.5158936977386475, 6.283176898956299, 2.144139051437378, 3.0735158920288086, 3.141554117202759],[-1.9101651957039794]
1691621836.404256,[0.0010000022649765015, 1.5707933902740479, 2.5158915519714355, 6.283182621002197, 2.1441404819488525, 3.073518753051758, 3.1415531635284424],[-1.8384607724657698]
1691621836.4664574,[0.0010000020265579224, 1.5708004236221313, 2.515892744064331, 9.523596418148372e-07, 2.144131660461426, 3.0735085010528564, 3.1415371894836426],[-1.8024441130109412]
1691621836.5279136,[0.001000002145767212, 1.570798397064209, 2.5158915519714355, 3.6514434214041103e-06, 2.1441311836242676, 3.07351016998291, 3.141545057296753],[-1.7878072079660576]
1691621836.5900621,[0.0010000015497207643, 1.5707937479019165, 2.515894889831543, 8.253783562395256e-06, 2.1441283226013184, 3.0735058784484863, 3.1415350437164307],[-1.6919272879739466]
1691621836.6511273,[0.0010000013113021851, 1.570799469947815, 2.5158917903900146, 6.0316110648273025e-06, 2.144134283065796, 3.073516368865967, 3.1415493488311768],[-1.7450477173306058]
1691621836.7130594,[0.0010000017881393432, 1.5707968473434448, 2.515892744064331, 1.5872660696913954e-06, 2.1441397666931152, 3.0735251903533936, 3.1415650844573975],[-1.7220233806355596]
1691621836.7739258,[0.0010000011920928956, 1.5707951784133911, 2.5158939361572266, 3.968896635342389e-06, 2.144129991531372, 3.07351016998291, 3.141551971435547],[-1.7835312584179688]
1691621836.836038,[0.0010000017881393432, 1.5707931518554688, 2.5158984661102295, 5.714157850889023e-06, 2.1441383361816406, 3.0735230445861816, 3.141568422317505],[-1.8029374918549286]
1691621836.8972237,[0.0010000020265579224, 1.5707968473434448, 2.5158915519714355, 7.778335202601738e-06, 2.1441352367401123, 3.073529005050659, 3.1415843963623047],[-1.830566709449682]
1691621836.9603179,[0.001000002145767212, 1.5707939863204956, 2.5158956050872803, 1.015850284602493e-05, 2.1441380977630615, 3.073535442352295, 3.141582727432251],[-1.9343407768171947]
1691621837.0219676,[0.0010000015497207643, 1.570794701576233, 2.5158913135528564, 6.3490642787655815e-06, 2.144139528274536, 3.0735340118408203, 3.14159893989563],[-1.8902655704672817]
1691621837.0834146,[0.001000002145767212, 1.5707978010177612, 2.5158956050872803, 3.49198535332107e-06, 2.1441338062286377, 3.07352352142334, 3.1416022777557373],[-1.9535825685149004]
1691621837.1460476,[0.0010000014305114747, 1.5707963705062866, 2.51589035987854, 2.381630565650994e-06, 2.144136428833008, 3.0735321044921875, 3.1416139602661133],[-2.0540675196635076]
1691621837.2070308,[0.0010000027418136596, 1.5708000659942627, 2.515892267227173, 2.064177351712715e-06, 2.144136905670166, 3.0735299587249756, 3.1416189670562744],[-2.121660544219934]
1691621837.2689137,[0.0010000027418136596, 1.570796012878418, 2.5158917903900146, 0.0, 2.1441357135772705, 3.0735294818878174, 3.141620635986328],[-2.1739588182927307]
1691621837.3296099,[0.0010000025033950807, 1.5707968473434448, 2.5158915519714355, 4.921256277157227e-06, 2.1441378593444824, 3.0735325813293457, 3.1416189670562744],[-2.1723142181889084]
1691621837.3911164,[0.0010000022649765015, 1.5707989931106567, 2.5158944129943848, 8.571237231080886e-06, 2.144131898880005, 3.0735275745391846, 3.141618490219116],[-2.2007658026703445]
1691621837.4522853,[0.001000002145767212, 1.5707968473434448, 2.515894889831543, 4.286349849280668e-06, 2.1441376209259033, 3.073524236679077, 3.141618013381958],[-2.266878755367513]
1691621837.512661,[0.0010000028610229492, 1.5707991123199463, 2.5158915519714355, 1.0317960914107971e-05, 2.144134283065796, 3.073531150817871, 3.141615390777588],[-2.3025666061882375]
1691621837.5741484,[0.0010000026226043702, 1.5707976818084717, 2.5158908367156982, 1.2222680197737645e-05, 2.144131898880005, 3.0735280513763428, 3.1416139602661133],[-2.2581623692534096]
1691621837.6361017,[0.0010000025033950807, 1.5707958936691284, 2.5158956050872803, 1.0317960914107971e-05, 2.144130229949951, 3.073521852493286, 3.1416196823120117],[-2.3389123072377505]
1691621837.697324,[0.0010000026226043702, 1.5707968473434448, 2.515894889831543, 9.683054486231413e-06, 2.1441330909729004, 3.0735275745391846, 3.1416215896606445],[-2.3760803194379165]
1691621837.7579594,[0.0010000035762786866, 1.5707950592041016, 2.5158939361572266, 4.286349849280668e-06, 2.1441359519958496, 3.073530912399292, 3.1416068077087402],[-2.3892371404197332]
1691621837.81925,[0.0010000035762786866, 1.5707987546920776, 2.51589298248291, 9.365601727040485e-06, 2.144120216369629, 3.07350492477417, 3.1415953636169434],[-2.3346363418980483]
1691621837.8804045,[0.001000003218650818, 1.570794701576233, 2.5158956050872803, 6.283180236816406, 2.1441400051116943, 3.073540449142456, 3.1416120529174805],[-2.3334851204837785]
1691621837.9424267,[0.001000003457069397, 1.5707929134368896, 2.5158989429473877, 6.283183574676514, 2.144143581390381, 3.073524236679077, 3.141599416732788],[-2.310131773924662]
1691621838.0054913,[0.0010000038146972656, 1.5707941055297852, 2.5158939361572266, 6.283178329467773, 2.1441421508789062, 3.0735292434692383, 3.141606092453003],[-2.2635895529954357]
1691621838.0664568,[0.001000004529953003, 1.5707933902740479, 2.515892267227173, 6.283168315887451, 2.144151210784912, 3.0735409259796143, 3.141618013381958],[-2.2186919484384013]
1691621838.1282456,[0.001000004529953003, 1.5707972049713135, 2.515894651412964, 6.283176422119141, 2.144138813018799, 3.073528528213501, 3.141599655151367],[-2.184648719430816]
1691621838.1884763,[0.001000005006790161, 1.5707956552505493, 2.515897035598755, 6.283165454864502, 2.144150972366333, 3.0735366344451904, 3.1416053771972656],[-2.1354751808113406]
1691621838.249649,[0.0010000054836273194, 1.570794939994812, 2.5158956050872803, 6.283169269561768, 2.14414644241333, 3.0735254287719727, 3.141592025756836],[-2.086137198988371]
1691621838.3113697,[0.0010000054836273194, 1.5707898139953613, 2.515894889831543, 6.283169269561768, 2.144150733947754, 3.073523998260498, 3.1415858268737793],[-1.9969999533882303]
1691621838.3731318,[0.0010000059604644775, 1.5707926750183105, 2.5158963203430176, 6.283172130584717, 2.144148349761963, 3.0735249519348145, 3.1415815353393555],[-1.947004177925375]
1691621838.4349182,[0.0010000053644180298, 1.5707942247390747, 2.515892267227173, 6.283177375793457, 2.1441328525543213, 3.073512315750122, 3.1415555477142334],[-1.8692147299226243]
1691621838.4965563,[0.0010000058412551881, 1.570794939994812, 2.515899658203125, 6.283178329467773, 2.1441407203674316, 3.0735185146331787, 3.1415560245513916],[-1.8761220366740707]
1691621838.5581884,[0.001000005602836609, 1.5707993507385254, 2.5158913135528564, 5.238709491095506e-06, 2.144132614135742, 3.0735044479370117, 3.141533851623535],[-1.7073864824659823]
1691621838.620841,[0.001000005602836609, 1.5707954168319702, 2.515892267227173, 3.968896635342389e-06, 2.1441290378570557, 3.0735085010528564, 3.141530752182007],[-1.7506393424203168]
1691621838.6822758,[0.0010000042915344239, 1.5707945823669434, 2.515894889831543, 9.523596418148372e-06, 2.144129514694214, 3.0735082626342773, 3.1415343284606934],[-1.7736636829505874]
1691621838.7443402,[0.001000005006790161, 1.5707956552505493, 2.5158934593200684, 6.666517492703861e-06, 2.1441304683685303, 3.0735085010528564, 3.1415486335754395],[-1.7910963999999339]
1691621838.8063118,[0.0010000044107437134, 1.5708000659942627, 2.515894651412964, 3.1745321393827908e-06, 2.144134759902954, 3.0735254287719727, 3.141570568084717],[-1.7925765364361466]
1691621838.867994,[0.001000004529953003, 1.5707968473434448, 2.515892267227173, 5.556162705033785e-06, 2.1441307067871094, 3.073516607284546, 3.1415579319000244],[-1.7957012689553904]
1691621838.9292948,[0.0010000051259994507, 1.5707991123199463, 2.515892267227173, 6.349064278765582e-07, 2.1441426277160645, 3.073526620864868, 3.1415796279907227],[-1.761822593146967]
1691621838.9898808,[0.0010000051259994507, 1.5707989931106567, 2.515892744064331, 2.699083779589273e-06, 2.144139528274536, 3.0735270977020264, 3.141583204269409],[-1.8945415227889228]
1691621839.0512843,[0.0010000046491622926, 1.5707972049713135, 2.51589298248291, 6.3490642787655815e-06, 2.1441385746002197, 3.0735273361206055, 3.1415841579437256],[-1.91115195404468]
1691621839.113031,[0.0010000052452087402, 1.570798397064209, 2.515892744064331, 2.381630565650994e-06, 2.144146203994751, 3.073530912399292, 3.141599416732788],[-1.967890569004334]
1691621839.1751971,[0.0010000052452087402, 1.5707921981811523, 2.5158944129943848, 0.0, 2.1441357135772705, 3.0735249519348145, 3.1416032314300537],[-1.9723309832169766]
1691621839.2372317,[0.0010000057220458985, 1.5707974433898926, 2.515892744064331, 1.2698001228272915e-06, 2.144141912460327, 3.073530673980713, 3.1416165828704834],[-2.0728159467362395]
1691621839.298248,[0.0010000059604644775, 1.5707950592041016, 2.5158934593200684, 2.2221724975679535e-06, 2.144134759902954, 3.0735275745391846, 3.1416144371032715],[-2.1221539240755742]
1691621839.3595765,[0.0010000052452087402, 1.5707974433898926, 2.5158956050872803, 5.873615918972064e-06, 2.1441352367401123, 3.0735280513763428, 3.1416189670562744],[-2.1737943582814947]
1691621839.422214,[0.001000005006790161, 1.5707921981811523, 2.515894651412964, 4.444344995135907e-06, 2.144134283065796, 3.07353138923645, 3.141620635986328],[-2.1946807812313858]
1691621839.4860795,[0.0010000039339065551, 1.570802927017212, 2.515892744064331, 1.2222680197737645e-05, 2.144134998321533, 3.07352876663208, 3.141623020172119],[-2.2677010559728337]
1691621839.5461004,[0.0010000039339065551, 1.5707963705062866, 2.5158934593200684, 1.3809946722176392e-05, 2.144134521484375, 3.0735325813293457, 3.141618490219116],[-2.2621094119536664]
1691621839.6062207,[0.0010000039339065551, 1.5707981586456299, 2.5158917903900146, 5.873615918972064e-06, 2.144136905670166, 3.0735268592834473, 3.1416196823120117],[-2.321808446697474]
1691621839.6692855,[0.001000004529953003, 1.5707972049713135, 2.515894889831543, 1.111232541006757e-05, 2.1441268920898438, 3.073523998260498, 3.141623020172119],[-2.332827279680068]
1691621839.729791,[0.001000004529953003, 1.5708032846450806, 2.5158896446228027, 4.6038030632189475e-06, 2.144129991531372, 3.073528528213501, 3.1416189670562744],[-2.365883784080513]
1691621839.791269,[0.001000005006790161, 1.5707964897155762, 2.51589035987854, 8.253783562395256e-06, 2.1441333293914795, 3.0735292434692383, 3.1416215896606445],[-2.3660482443219713]
1691621839.8511617,[0.0010000048875808715, 1.5707958936691284, 2.5158891677856445, 5.556162705033785e-06, 2.1441357135772705, 3.0735275745391846, 3.1416091918945312],[-2.3250976504782113]
1691621839.9122841,[0.001000004529953003, 1.5707985162734985, 2.515892267227173, 1.015850284602493e-05, 2.1441280841827393, 3.073507070541382, 3.1415913105010986],[-2.353220346101115]
1691621839.97283,[0.0010000042915344239, 1.5707956552505493, 2.5158979892730713, 6.28318452835083, 2.1441433429718018, 3.0735387802124023, 3.1416172981262207],[-2.3466419372375706]
1691621840.0344474,[0.0010000035762786866, 1.5707955360412598, 2.51589298248291, 2.064177351712715e-06, 2.1441380977630615, 3.073523759841919, 3.1415979862213135],[-2.295494819338298]
1691621840.0946999,[0.0010000039339065551, 1.5707968473434448, 2.515890121459961, 6.283179759979248, 2.144141912460327, 3.073526382446289, 3.1416099071502686],[-2.3081582518656805]
1691621840.1560702,[0.001000003457069397, 1.5707967281341553, 2.5158956050872803, 6.283174991607666, 2.1441500186920166, 3.073538064956665, 3.1416170597076416],[-2.2604648108148133]
1691621840.2180188,[0.0010000035762786866, 1.5707964897155762, 2.5158934593200684, 6.283172130584717, 2.1441397666931152, 3.0735251903533936, 3.1415979862213135],[-2.185471019551677]
1691621840.2798386,[0.0010000028610229492, 1.5707902908325195, 2.5158939361572266, 6.283168315887451, 2.14414381980896, 3.073533773422241, 3.1416049003601074],[-2.117713505434993]
1691621840.3399992,[0.0010000028610229492, 1.5707955360412598, 2.5158917903900146, 6.283173561096191, 2.14414119720459, 3.0735230445861816, 3.141596794128418],[-2.046502365545817]
1691621840.4022853,[0.0010000030994415283, 1.5707933902740479, 2.5158913135528564, 6.283165454864502, 2.1441473960876465, 3.0735292434692383, 3.141587495803833],[-2.0425553287662357]
1691621840.463947,[0.0010000025033950807, 1.5707942247390747, 2.515894651412964, 6.283170223236084, 2.144143581390381, 3.0735223293304443, 3.1415793895721436],[-1.9356564548069466]
1691621840.524712,[0.0010000025033950807, 1.5707998275756836, 2.5158939361572266, 6.283173561096191, 2.1441359519958496, 3.0735116004943848, 3.1415560245513916],[-1.8407632075833844]
1691621840.5870347,[0.0010000027418136596, 1.5707921981811523, 2.5158896446228027, 6.28317403793335, 2.144141674041748, 3.0735185146331787, 3.1415534019470215],[-1.8797401498519926]
1691621840.6494062,[0.0010000029802322387, 1.5707933902740479, 2.51589298248291, 6.508522346848622e-06, 2.1441309452056885, 3.0735111236572266, 3.141536235809326],[-1.7563954272618598]
1691621840.7111592,[0.0010000027418136596, 1.570801019668579, 2.5158913135528564, 1.7467241377744358e-06, 2.1441333293914795, 3.0735085010528564, 3.1415340900421143],[-1.7341933867925168]
1691621840.7719777,[0.0010000020265579224, 1.5707976818084717, 2.5158915519714355, 1.2064685506629758e-05, 2.144131660461426, 3.0735087394714355, 3.1415324211120605],[-1.737318118241066]
1691621840.8351088,[0.0010000015497207643, 1.5707987546920776, 2.5158920288085938, 1.3492493053490762e-05, 2.1441266536712646, 3.0735068321228027, 3.141536235809326],[-1.7200498662039805]
1691621840.8975525,[0.0010000013113021851, 1.570799708366394, 2.5158920288085938, 4.6038030632189475e-06, 2.1441404819488525, 3.0735294818878174, 3.1415717601776123],[-1.7511327211134458]
1691621840.9590683,[0.0010000014305114747, 1.570794701576233, 2.5158910751342773, 5.238709491095506e-06, 2.1441333293914795, 3.0735135078430176, 3.141559362411499],[-1.7758016575863966]
1691621841.0202332,[0.0010000014305114747, 1.5707961320877075, 2.515894651412964, 1.4292709238361567e-06, 2.1441378593444824, 3.073529005050659, 3.1415772438049316],[-1.8231660257147198]
1691621841.082756,[0.0010000019073486328, 1.5707987546920776, 2.5158915519714355, 7.618877134518698e-06, 2.14414119720459, 3.0735297203063965, 3.1415822505950928],[-1.8535910609727029]
1691621841.1442099,[0.001000002145767212, 1.5707958936691284, 2.5158939361572266, 4.6038030632189475e-06, 2.144137144088745, 3.0735280513763428, 3.141589879989624],[-1.8789178513953526]
1691621841.2067022,[0.0010000022649765015, 1.5707955360412598, 2.51589298248291, 3.49198535332107e-06, 2.144144058227539, 3.0735363960266113, 3.141598701477051],[-1.9622989364726897]
1691621841.2673907,[0.0010000011920928956, 1.5707937479019165, 2.515890598297119, 6.28318452835083, 2.1441290378570557, 3.073519706726074, 3.1416075229644775],[-1.9565428443704822]
1691621841.3292184,[0.001000001072883606, 1.5707958936691284, 2.51589035987854, 1.1118177098978776e-06, 2.144132614135742, 3.0735280513763428, 3.141615390777588],[-2.0655797114462424]
1691621841.3902266,[0.0010000013113021851, 1.5707981586456299, 2.5158908367156982, 6.666517492703861e-06, 2.1441378593444824, 3.0735223293304443, 3.141617774963379],[-2.0519295412871905]
1691621841.4522848,[0.0010000007152557373, 1.5707955360412598, 2.5158915519714355, 2.064177351712715e-06, 2.1441361904144287, 3.073530673980713, 3.1416172981262207],[-2.117713505434993]
1691621841.5138028,[0.0010000013113021851, 1.5708004236221313, 2.5158915519714355, 9.365601727040485e-06, 2.1441357135772705, 3.07352876663208, 3.1416196823120117],[-2.1728075982180624]
1691621841.5751343,[0.0010000014305114747, 1.5707963705062866, 2.5158896446228027, 8.571237231080886e-06, 2.1441311836242676, 3.073529005050659, 3.1416192054748535],[-2.25043274429263]
1691621841.637243,[0.0010000020265579224, 1.5707991123199463, 2.5158872604370117, 7.14342877472518e-06, 2.144134998321533, 3.0735297203063965, 3.141619920730591],[-2.2489526033920315]
1691621841.6983633,[0.0010000017881393432, 1.570797085762024, 2.51589298248291, 1.0000508154917043e-05, 2.144131660461426, 3.073523759841919, 3.1416189670562744],[-2.3025666061882375]
1691621841.7599676,[0.001000002384185791, 1.5707978010177612, 2.5158863067626953, 7.936330803204328e-06, 2.1441333293914795, 3.0735268592834473, 3.141620635986328],[-2.2798711055080676]
1691621841.8212306,[0.0010000027418136596, 1.5707963705062866, 2.515892267227173, 7.14342877472518e-06, 2.1441333293914795, 3.073530435562134, 3.141623020172119],[-2.367363926260994]
1691621841.8831391,[0.0010000026226043702, 1.570799469947815, 2.5158956050872803, 5.714157850889023e-06, 2.144134283065796, 3.073523998260498, 3.1416170597076416],[-2.375258018170219]
1691621841.9424827,[0.0010000027418136596, 1.570798397064209, 2.5158896446228027, 4.126891781197628e-06, 2.1441307067871094, 3.0735278129577637, 3.1416139602661133],[-2.326742252398769]
1691621842.0043726,[0.0010000038146972656, 1.570794939994812, 2.5158896446228027, 9.048148058354855e-06, 2.1441237926483154, 3.0735085010528564, 3.141592264175415],[-2.3321694388795873]
1691621842.06591,[0.001000003457069397, 1.5707956552505493, 2.515892744064331, 6.28318452835083, 2.1441385746002197, 3.0735363960266113, 3.141610622406006],[-2.283653688692201]
1691621842.128513,[0.0010000026226043702, 1.5707993507385254, 2.5158956050872803, 6.283181190490723, 2.1441359519958496, 3.0735201835632324, 3.1416008472442627],[-2.3389123072377505]
1691621842.1891966,[0.0010000026226043702, 1.5707985162734985, 2.515892744064331, 6.283177375793457, 2.144137144088745, 3.0735273361206055, 3.1416053771972656],[-2.290067634331029]
1691621842.250747,[0.0010000029802322387, 1.5707931518554688, 2.515892505645752, 6.2831711769104, 2.14414644241333, 3.073538303375244, 3.141611099243164],[-2.2392494578798905]
1691621842.3122885,[0.0010000029802322387, 1.5708006620407104, 2.5158915519714355, 6.283176898956299, 2.1441385746002197, 3.0735249519348145, 3.141592502593994],[-2.1874445398611977]
1691621842.3747065,[0.0010000028610229492, 1.5707954168319702, 2.5158891677856445, 6.283174514770508, 2.1441490650177, 3.0735280513763428, 3.141601324081421],[-2.087946258028714]
1691621842.4363642,[0.0010000026226043702, 1.5707911252975464, 2.5158917903900146, 6.283166408538818, 2.1441421508789062, 3.0735199451446533, 3.1415936946868896],[-2.055054278924414]
1691621842.4980905,[0.0010000026226043702, 1.570794701576233, 2.5158944129943848, 6.283166408538818, 2.1441476345062256, 3.0735294818878174, 3.1415858268737793],[-2.0310431387501406]
1691621842.5597372,[0.001000002145767212, 1.5707945823669434, 2.5158941745758057, 6.2831711769104, 2.1441426277160645, 3.0735268592834473, 3.141580820083618],[-1.9764424779717293]
1691621842.6222854,[0.001000002145767212, 1.5707978010177612, 2.5158896446228027, 6.283176422119141, 2.144139051437378, 3.0735135078430176, 3.1415622234344482],[-1.8932258451393666]
1691621842.684286,[0.0010000014305114747, 1.5707939863204956, 2.515896797180176, 6.283176898956299, 2.1441380977630615, 3.073524236679077, 3.1415648460388184],[-1.8420788848079235]
1691621842.7470095,[0.001000002145767212, 1.5707967281341553, 2.5158891677856445, 6.283182621002197, 2.1441359519958496, 3.0735104084014893, 3.14154314994812],[-1.8180677771117977]
1691621842.809446,[0.001000002145767212, 1.5707951784133911, 2.5158934593200684, 4.444344995135907e-06, 2.144127368927002, 3.073507785797119, 3.1415393352508545],[-1.7705389508390088]
1691621842.8706605,[0.0010000020265579224, 1.570794701576233, 2.5158915519714355, 2.381630565650994e-06, 2.144132614135742, 3.073509693145752, 3.14154314994812],[-1.727779464522292]
1691621842.933183,[0.001000001072883606, 1.5707993507385254, 2.515892505645752, 5.873615918972064e-06, 2.144132614135742, 3.073509693145752, 3.1415412425994873],[-1.7582044825377448]
1691621843.21111,[0.0010000003576278687, 1.5706192255020142, 2.582382917404175, 6.283171653747559, 2.0669963359832764, 3.0512781143188477, 3.1404926776885986],[-1.8914167883888326]
1691621843.2729151,[0.0010000003576278687, 1.5705381631851196, 2.5996603965759277, 6.283150672912598, 2.0191729068756104, 3.0479094982147217, 3.140172243118286],[-1.970193005987618]
1691621843.3336172,[0.0009999996423721313, 1.5704678297042847, 2.6121127605438232, 0.00011682717740768567, 1.963553786277771, 3.0449275970458984, 3.1400482654571533],[-2.1060368496546262]
1691621843.3949358,[0.0009999994635581971, 1.5703777074813843, 2.6206798553466797, 0.00012508095824159682, 1.9087469577789307, 3.043444871902466, 3.140059232711792],[-2.1407378998592987]
1691621843.4570155,[0.000999999225139618, 1.5703030824661255, 2.625096082687378, 6.282978057861328, 1.8666192293167114, 3.0426135063171387, 3.139993190765381],[-2.153072398380179]
1691621843.5192456,[0.000999999701976776, 1.570183277130127, 2.6304075717926025, 6.283183574676514, 1.7963862419128418, 3.0410165786743164, 3.139899730682373],[-2.2145804469131627]
1691621843.579614,[0.0009999992847442628, 1.5701117515563965, 2.633174419403076, 6.283127784729004, 1.7420263290405273, 3.0407772064208984, 3.1398696899414062],[-2.3033889070086735]
1691621843.6409256,[0.000999998927116394, 1.5700888633728027, 2.63614821434021, 6.283030033111572, 1.6856828927993774, 3.040574789047241, 3.139866828918457],[-2.328222394144492]
1691621843.7024043,[0.0009999991655349732, 1.5700912475585938, 2.6371028423309326, 6.283052921295166, 1.6292895078659058, 3.040493965148926, 3.1398959159851074],[-2.356180630195856]
1691621843.7641394,[0.0009999991059303284, 1.570084810256958, 2.6385579109191895, 6.283138275146484, 1.5730197429656982, 3.0402941703796387, 3.1399080753326416],[-2.433312500359609]
1691621843.8245811,[0.0009999988675117493, 1.5700410604476929, 2.639233350753784, 6.283077716827393, 1.5204498767852783, 3.0402750968933105, 3.1399497985839844],[-2.4535411220721848]
1691621843.8866556,[0.0009999995231628417, 1.5700410604476929, 2.6393725872039795, 5.396704636950744e-06, 1.4645135402679443, 3.040170192718506, 3.139944553375244],[-2.4426867392943055]
1691621843.9475882,[0.0009999992847442628, 1.5700269937515259, 2.639528274536133, 5.142888403497636e-05, 1.4083826541900635, 3.040163993835449, 3.1399612426757812],[-2.4444958030269257]
1691621844.009347,[0.0009999993443489076, 1.5699777603149414, 2.6397008895874023, 6.2831010818481445, 1.350370168685913, 3.040147542953491, 3.1399357318878174],[-2.467026871653086]
1691621844.0703201,[0.0009999991655349732, 1.5699775218963623, 2.63979172706604, 6.283112525939941, 1.2980341911315918, 3.0401129722595215, 3.139939785003662],[-2.5056750643509496]
1691621844.132288,[0.000999998927116394, 1.5699539184570312, 2.6398744583129883, 6.282989025115967, 1.2416455745697021, 3.040121078491211, 3.1399426460266113],[-2.449922994377583]
1691621844.1933868,[0.0009999992847442628, 1.5699398517608643, 2.6399285793304443, 6.28287935256958, 1.1852588653564453, 3.0401108264923096, 3.139960527420044],[-2.434792643303982]
1691621844.2556276,[0.0009999988079071045, 1.5699596405029297, 2.6399521827697754, 6.282883167266846, 1.1299266815185547, 3.0400917530059814, 3.1399893760681152],[-2.4285431509875868]
1691621844.3162448,[0.0009999991059303284, 1.5699867010116577, 2.6399481296539307, 6.282979965209961, 1.0740333795547485, 3.040032148361206, 3.1399905681610107],[-2.4066699302541648]
1691621844.3792484,[0.0009999992847442628, 1.5700047016143799, 2.6399388313293457, 6.283148765563965, 1.0161019563674927, 3.0400023460388184, 3.1399965286254883],[-2.3885792993393573]
1691621844.4414039,[0.000999999225139618, 1.5699989795684814, 2.6399636268615723, 6.283123970031738, 0.9619300961494446, 3.0400097370147705, 3.1400020122528076],[-2.3297025359065393]
1691621844.5024629,[0.0009999993443489076, 1.5699583292007446, 2.640021324157715, 6.282978057861328, 0.9032402634620667, 3.040044069290161, 3.1400015354156494],[-2.2769108230891564]
1691621844.564544,[0.000999999225139618, 1.569960117340088, 2.6400320529937744, 6.283010482788086, 0.8518674373626709, 3.0400230884552, 3.1399998664855957],[-2.1862933196773056]
1691621844.6260102,[0.000999998688697815, 1.5699450969696045, 2.640062093734741, 6.2828803062438965, 0.7956490516662598, 3.0400631427764893, 3.140015125274658],[-2.195338621374306]
1691621844.6873524,[0.0009999989867210388, 1.5699312686920166, 2.6400833129882812, 6.282787322998047, 0.7390010952949524, 3.040071487426758, 3.14003324508667],[-2.115246606248687]
1691621844.7492626,[0.0009999991655349732, 1.569930911064148, 2.640096426010132, 6.282731533050537, 0.691504716873169, 3.040102481842041, 3.1400580406188965],[-2.048146964234588]
1691621844.8109717,[0.0009999993443489076, 1.5699615478515625, 2.640059471130371, 6.283094882965088, 0.6551516652107239, 3.039999485015869, 3.140016555786133],[-2.0668953905636993]
1691621844.8723767,[0.0009999991655349732, 1.5699970722198486, 2.6400158405303955, 6.283171653747559, 0.6296051740646362, 3.040025472640991, 3.1400418281555176],[-2.114753226416432]
1691621844.934041,[0.0009999995827674865, 1.5699918270111084, 2.640014171600342, 6.2830810546875, 0.6169224977493286, 3.0400514602661133, 3.1400840282440186],[-2.059659155561407]
1691621844.9956725,[0.0010000007152557373, 1.5699535608291626, 2.6400721073150635, 6.282978534698486, 0.6122126579284668, 3.0400376319885254, 3.140072822570801],[-2.0765985244144565]
1691621845.0562015,[0.0010000011920928956, 1.5699503421783447, 2.640066623687744, 6.282980442047119, 0.6085265278816223, 3.0400567054748535, 3.1400768756866455],[-2.080545562094614]
1691621845.118217,[0.0010000013113021851, 1.5699682235717773, 2.640047788619995, 6.2830305099487305, 0.6057189106941223, 3.040053129196167, 3.140070676803589],[-2.1635978379550367]
1691621845.1808014,[0.0010000017881393432, 1.5699681043624878, 2.640050172805786, 6.283048152923584, 0.6045011281967163, 3.040041446685791, 3.140066623687744],[-2.1473162989389953]
1691621845.2424822,[0.0010000022649765015, 1.5699695348739624, 2.6400444507598877, 6.283106803894043, 0.6020487546920776, 3.0400381088256836, 3.1400725841522217],[-2.258820209695599]
1691621845.3044128,[0.0010000015497207643, 1.5699650049209595, 2.6400554180145264, 6.2831010818481445, 0.6017112731933594, 3.0400421619415283, 3.140066146850586],[-2.254215326666172]
1691621845.3671682,[0.0010000025033950807, 1.5699670314788818, 2.6400482654571533, 6.283132076263428, 0.6010772585868835, 3.0400476455688477, 3.140075922012329],[-2.354700488140242]
1691621845.428271,[0.0010000029802322387, 1.5699747800827026, 2.640043020248413, 6.283156871795654, 0.6006423830986023, 3.0400495529174805, 3.140073776245117],[-2.40469640675993]
1691621845.491031,[0.0010000033378601075, 1.5699660778045654, 2.640044689178467, 6.3490642787655815e-06, 0.6000894904136658, 3.0400502681732178, 3.140079975128174],[-2.5976084728709923]
1691621845.5532694,[0.0010000033378601075, 1.5699660778045654, 2.6400437355041504, 2.523826333344914e-05, 0.5998475551605225, 3.0400428771972656, 3.140073776245117],[-2.664215010628414]
1691621845.6150403,[0.0010000041723251343, 1.5699729919433594, 2.6400437355041504, 3.3651504054432735e-05, 0.599777102470398, 3.040048122406006, 3.1400725841522217],[-2.7607534415614636]
1691621845.6762443,[0.001000005006790161, 1.5699702501296997, 2.6400437355041504, 4.031802382087335e-05, 0.5997701287269592, 3.0400431156158447, 3.1400680541992188],[-2.839530176617918]
1691621845.7373009,[0.0010000051259994507, 1.5699759721755981, 2.640040874481201, 4.285764953237958e-05, 0.5997642278671265, 3.0400421619415283, 3.140061378479004],[-2.9656717446430747]
1691621845.80027,[0.001000005602836609, 1.5699784755706787, 2.6400389671325684, 6.015957842464559e-05, 0.5997598171234131, 3.040039539337158, 3.1400554180145264],[-3.0283314305331124]
1691621845.8623068,[0.0010000046491622926, 1.5699745416641235, 2.640036106109619, 6.00015846430324e-05, 0.599762499332428, 3.0400407314300537, 3.1400580406188965],[-3.0928002273201014]
1691621845.9232616,[0.001000004529953003, 1.569977045059204, 2.6400415897369385, 4.8413810873171315e-05, 0.5997679233551025, 3.040040969848633, 3.140047311782837],[-3.250683164986963]
1691621845.985951,[0.0010000042915344239, 1.5699758529663086, 2.6400368213653564, 5.4285963415168226e-05, 0.5997709631919861, 3.0400354862213135, 3.1400418281555176],[-3.3347230384012825]
1691621846.0483203,[0.0010000035762786866, 1.5699763298034668, 2.6400399208068848, 6.047703209333122e-05, 0.5997733473777771, 3.040034532546997, 3.140042304992676],[-3.35511628666745]
1691621846.1094923,[0.0010000041723251343, 1.5699753761291504, 2.6400387287139893, 5.873177360626869e-05, 0.5997790694236755, 3.0400359630584717, 3.1400370597839355],[-3.4223811442110708]
1691621846.171854,[0.0010000036954879762, 1.56997549533844, 2.6400396823883057, 5.4920870752539486e-05, 0.5997944474220276, 3.040034294128418, 3.1400303840637207],[-3.4500107326966596]
1691621846.233728,[0.0010000036954879762, 1.5699764490127563, 2.6400363445281982, 5.349306229618378e-05, 0.5997998118400574, 3.0400283336639404, 3.140018939971924],[-3.4763246340164726]
1691621846.2951136,[0.0010000038146972656, 1.5699795484542847, 2.640033006668091, 5.079398033558391e-05, 0.5998098254203796, 3.040022134780884, 3.1400046348571777],[-3.416789442758945]
1691621846.3562002,[0.0010000027418136596, 1.5699812173843384, 2.6400351524353027, 5.5555778089910746e-05, 0.5998223423957825, 3.0400166511535645, 3.13999605178833],[-3.460700754219533]
1691621846.4191754,[0.001000002384185791, 1.5699800252914429, 2.6400327682495117, 5.111143036629073e-05, 0.5998392105102539, 3.040015697479248, 3.139991283416748],[-3.3985341844207286]
1691621846.4812722,[0.0010000022649765015, 1.5699790716171265, 2.640037775039673, 4.7461449867114425e-05, 0.5998544096946716, 3.040010690689087, 3.139995813369751],[-3.378963235658356]
1691621846.5433607,[0.0010000025033950807, 1.5699790716171265, 2.640040874481201, 3.809584814007394e-05, 0.599866509437561, 3.040010690689087, 3.1399905681610107],[-3.3260065706896937]
1691621846.6044664,[0.001000003218650818, 1.5699810981750488, 2.640033483505249, 4.238219844410196e-05, 0.5998752117156982, 3.040008068084717, 3.139986276626587],[-3.2728854729189805]
1691621846.6660397,[0.0010000026226043702, 1.5699784755706787, 2.6400394439697266, 3.0634968425147235e-05, 0.5998928546905518, 3.04001522064209, 3.139983654022217],[-3.159078139084537]
1691621846.7283025,[0.001000002384185791, 1.5699820518493652, 2.640035629272461, 2.428590232739225e-05, 0.5999077558517456, 3.040010452270508, 3.1399788856506348],[-3.0997076007574087]
1691621846.7903738,[0.0010000027418136596, 1.569976806640625, 2.640037775039673, 2.7302439775667153e-05, 0.5999299883842468, 3.040008306503296, 3.1399741172790527],[-2.982611236170999]
1691621846.8517592,[0.001000002384185791, 1.5699775218963623, 2.6400351524353027, 1.6032119674491696e-05, 0.5999425053596497, 3.040006160736084, 3.139969825744629],[-2.8628836242697866]
1691621846.9142518,[0.0010000026226043702, 1.5699726343154907, 2.6400368213653564, 8.888689990271814e-06, 0.5999609231948853, 3.0400044918060303, 3.1399636268615723],[-2.689377490095861]
1691621846.977003,[0.0010000025033950807, 1.5699784755706787, 2.640038013458252, 1.2064685506629758e-05, 0.5999737977981567, 3.039998769760132, 3.1399590969085693],[-2.604844736923407]
1691621847.0378275,[0.0010000011920928956, 1.5699795484542847, 2.640038013458252, 8.571237231080886e-06, 0.599979817867279, 3.039997100830078, 3.139948844909668],[-2.584451630239734]
1691621847.099204,[0.0010000017881393432, 1.5699787139892578, 2.640036106109619, 3.016536993527552e-06, 0.5999867916107178, 3.0399892330169678, 3.139944553375244],[-2.388250378800406]
1691621847.1601422,[0.0010000017881393432, 1.5699788331985474, 2.6400341987609863, 2.5396257115062326e-06, 0.5999880433082581, 3.039987802505493, 3.1399431228637695],[-2.390059441774842]
1691621847.2225103,[0.0010000014305114747, 1.5699800252914429, 2.6400346755981445, 5.079251423012465e-06, 0.5999934673309326, 3.0399842262268066, 3.139941453933716],[-2.352891425650214]
1691621847.2841094,[0.001000002384185791, 1.5699812173843384, 2.6400387287139893, 7.943644959595986e-07, 0.5999980568885803, 3.039973497390747, 3.139940023422241],[-2.330689297090312]
1691621847.3449132,[0.001000002145767212, 1.5699831247329712, 2.640031576156616, 6.3490642787655815e-06, 0.5999953746795654, 3.039977550506592, 3.139951229095459],[-2.317368021721026]
1691621847.4079394,[0.0010000022649765015, 1.5699857473373413, 2.6400325298309326, 6.3490642787655815e-06, 0.5999947786331177, 3.0399811267852783, 3.1399621963500977],[-2.278226504156318]
1691621847.4699228,[0.0010000027418136596, 1.5699872970581055, 2.6400339603424072, 9.841050086834002e-06, 0.5999993681907654, 3.0399835109710693, 3.1399621963500977],[-2.363745800960156]
1691621847.5313823,[0.001000003457069397, 1.5699849128723145, 2.640028715133667, 1.7143936929642223e-05, 0.599992036819458, 3.0399787425994873, 3.139971971511841],[-2.4140706436238353]
1691621847.5929582,[0.0010000040531158447, 1.5699855089187622, 2.6400277614593506, 2.2540642021340318e-05, 0.5999922156333923, 3.039980173110962, 3.1399734020233154],[-2.441042135923089]
1691621847.6552672,[0.0010000033378601075, 1.5699894428253174, 2.6400234699249268, 2.492080966476351e-05, 0.5999917387962341, 3.039980411529541, 3.1399760246276855],[-2.5214632656260587]
1691621847.7164502,[0.0010000033378601075, 1.5699883699417114, 2.6400272846221924, 2.476281406416092e-05, 0.5999884009361267, 3.03998064994812, 3.1399810314178467],[-2.5982663150397993]
1691621847.7774317,[0.0010000033378601075, 1.5699900388717651, 2.640024423599243, 2.539772140153218e-05, 0.5999871492385864, 3.039982795715332, 3.139988422393799],[-2.6837858275303366]
1691621847.8393295,[0.001000003457069397, 1.5699857473373413, 2.6400184631347656, 2.904770190070849e-05, 0.5999836325645447, 3.039975881576538, 3.139983892440796],[-2.794138982340121]
1691621847.9015238,[0.001000003218650818, 1.5699859857559204, 2.640021562576294, 3.539822864695452e-05, 0.5999771356582642, 3.039980173110962, 3.1399924755096436],[-2.9334373797284887]
1691621847.9630702,[0.0010000029802322387, 1.5699931383132935, 2.640019655227661, 3.8572761695832014e-05, 0.5999769568443298, 3.0399773120880127, 3.139991521835327],[-2.961724679037443]
1691621848.0233867,[0.0010000014305114747, 1.5699931383132935, 2.6400177478790283, 4.254019586369395e-05, 0.5999780893325806, 3.039980173110962, 3.140002965927124],[-3.026028974233429]
1691621848.0854564,[0.0010000022649765015, 1.5699937343597412, 2.6400187015533447, 3.984257273259573e-05, 0.5999745726585388, 3.0399773120880127, 3.140002965927124],[-3.141151851050852]
1691621848.147027,[0.0010000025033950807, 1.5699907541275024, 2.640016794204712, 3.412695150473155e-05, 0.5999788641929626, 3.0399816036224365, 3.1400039196014404],[-3.1503616867130915]
1691621848.2082858,[0.0010000020265579224, 1.5699905157089233, 2.6400132179260254, 4.9366171879228204e-05, 0.5999785661697388, 3.0399794578552246, 3.1400134563446045],[-3.255452549235301]
1691621848.2704017,[0.0010000019073486328, 1.5699962377548218, 2.640014886856079, 5.254070129012689e-05, 0.5999734401702881, 3.039982557296753, 3.1400134563446045],[-3.327651187179364]
1691621848.333329,[0.0010000022649765015, 1.5699923038482666, 2.6400089263916016, 4.079493373865262e-05, 0.5999796390533447, 3.0399837493896484, 3.140012502670288],[-3.328473495434603]
1691621848.3949115,[0.001000003218650818, 1.5699940919876099, 2.6400134563446045, 3.809584814007394e-05, 0.5999836325645447, 3.0399866104125977, 3.1400108337402344],[-3.370904610856712]
1691621848.4550824,[0.0010000035762786866, 1.5699950456619263, 2.6400160789489746, 4.047748006996699e-05, 0.5999804139137268, 3.0399796962738037, 3.1399986743927],[-3.3694244553542214]
1691621848.5166879,[0.0010000029802322387, 1.5699920654296875, 2.6400158405303955, 4.492182415560819e-05, 0.5999826788902283, 3.039980888366699, 3.1400065422058105],[-3.35199151447743]
1691621848.5783076,[0.0010000027418136596, 1.5699957609176636, 2.6400108337402344, 4.031802382087335e-05, 0.5999885201454163, 3.0399842262268066, 3.1399967670440674],[-3.316138872333673]
1691621848.640203,[0.0010000029802322387, 1.56999671459198, 2.6400115489959717, 3.619112976593897e-05, 0.5999928116798401, 3.039984703063965, 3.1400015354156494],[-3.2589062414199774]
1691621848.702074,[0.0010000029802322387, 1.5699937343597412, 2.6400113105773926, 3.0634968425147235e-05, 0.5999974012374878, 3.0399844646453857, 3.1399986743927],[-3.2913051692046915]
1691621848.7652636,[0.0010000029802322387, 1.5699950456619263, 2.640012741088867, 2.3333543140324764e-05, 0.6000099778175354, 3.0399904251098633, 3.13999605178833],[-3.10201005867178]
1691621848.826182,[0.0010000026226043702, 1.5699923038482666, 2.64001727104187, 1.7778844267013483e-05, 0.6000145673751831, 3.039989471435547, 3.1399970054626465],[-3.07980778804724]
1691621848.8882082,[0.0010000029802322387, 1.569992184638977, 2.6400134563446045, 1.4762305909243878e-05, 0.6000169515609741, 3.039990186691284, 3.1399898529052734],[-2.990998752379405]
1691621848.950738,[0.0010000027418136596, 1.5699880123138428, 2.640018939971924, 8.888689990271814e-06, 0.6000247001647949, 3.0399928092956543, 3.139979362487793],[-2.8564696487256036]
1691621849.0122826,[0.0010000025033950807, 1.5699927806854248, 2.640017032623291, 9.206143658957444e-06, 0.600029468536377, 3.0399885177612305, 3.1399760246276855],[-2.7133887500097815]
1691621849.0742097,[0.001000003218650818, 1.5699918270111084, 2.6400158405303955, 6.283183574676514, 0.6000291705131531, 3.0399882793426514, 3.1399710178375244],[-2.6321451915546046]
1691621849.136614,[0.0010000036954879762, 1.5699937343597412, 2.640014886856079, 1.4292709238361567e-06, 0.6000322103500366, 3.0399856567382812, 3.139967441558838],[-2.536264706131025]
1691621849.1978238,[0.0010000025033950807, 1.5699936151504517, 2.640014171600342, 6.28318452835083, 0.6000375747680664, 3.039978504180908, 3.139962673187256],[-2.476730033818669]
1691621849.2596188,[0.0010000030994415283, 1.5699920654296875, 2.640010356903076, 6.283185005187988, 0.6000367999076843, 3.039984941482544, 3.139958143234253],[-2.418346611540501]
1691621849.3201945,[0.0010000033378601075, 1.5699931383132935, 2.640010118484497, 6.283181190490723, 0.6000367999076843, 3.0399787425994873, 3.1399548053741455],[-2.3323338990794045]
1691621849.3810592,[0.0010000041723251343, 1.5699942111968994, 2.640014171600342, 6.283180236816406, 0.6000353693962097, 3.0399811267852783, 3.1399500370025635],[-2.3093094730632515]
1691621849.4434965,[0.0010000044107437134, 1.5699900388717651, 2.6400146484375, 6.28318452835083, 0.6000345945358276, 3.0399794578552246, 3.139963388442993],[-2.268358896460635]
1691621849.5046976,[0.001000004529953003, 1.569993019104004, 2.6400110721588135, 0.0, 0.6000364422798157, 3.0399832725524902, 3.1399760246276855],[-2.3433527329276105]
1691621849.56881,[0.0010000047683715822, 1.5699927806854248, 2.6400136947631836, 1.2698128557531163e-06, 0.6000344157218933, 3.039987564086914, 3.1399717330932617],[-2.3884148390697786]
1691621849.6292899,[0.0010000047683715822, 1.5699955224990845, 2.640014171600342, 1.3809946722176392e-05, 0.6000293493270874, 3.0399856567382812, 3.139981269836426],[-2.4681780942442515]
1691621849.690976,[0.0010000041723251343, 1.5699946880340576, 2.640012502670288, 1.0317960914107971e-05, 0.6000317335128784, 3.039980411529541, 3.1399803161621094],[-2.469658237591027]
1691621849.7521715,[0.001000004529953003, 1.5699959993362427, 2.640014886856079, 1.3175040294299833e-05, 0.6000275611877441, 3.039987325668335, 3.1399927139282227],[-2.535606864293488]
1691621849.814228,[0.0010000035762786866, 1.5699949264526367, 2.6400086879730225, 1.412739948136732e-05, 0.6000248789787292, 3.0399820804595947, 3.1399900913238525],[-2.6130677647787603]
1691621849.8745513,[0.0010000036954879762, 1.5699994564056396, 2.640009880065918, 2.0953375496901572e-05, 0.6000177264213562, 3.039985418319702, 3.140000343322754],[-2.6961203776593274]
1691621849.9363742,[0.0010000040531158447, 1.5699982643127441, 2.6400067806243896, 2.2223188352654688e-05, 0.6000214219093323, 3.0399744510650635, 3.1399986743927],[-2.7967703554260814]
1691621849.9981308,[0.0010000035762786866, 1.5699975490570068, 2.6400063037872314, 2.873024823202286e-05, 0.6000102758407593, 3.039982557296753, 3.1400017738342285],[-2.86567945987863]
1691621850.060033,[0.0010000029802322387, 1.570000410079956, 2.6400036811828613, 3.11118783429265e-05, 0.6000123620033264, 3.0399816036224365, 3.1400043964385986],[-2.9398513597415237]
1691621850.1214454,[0.0010000027418136596, 1.5700045824050903, 2.6399998664855957, 4.698453994933516e-05, 0.6000033020973206, 3.0399858951568604, 3.1400203704833984],[-3.03885694568228]
1691621850.1829228,[0.0010000025033950807, 1.5700039863586426, 2.640001058578491, 4.555673149297945e-05, 0.6000049114227295, 3.039984703063965, 3.1400094032287598],[-3.105299284352259]
1691621850.2461147,[0.0010000028610229492, 1.570001482963562, 2.640000343322754, 3.4603865060489625e-05, 0.6000087261199951, 3.0399868488311768, 3.140016555786133],[-3.219764403662802]
1691621850.306055,[0.0010000027418136596, 1.56999671459198, 2.6400041580200195, 3.142933201161213e-05, 0.6000099778175354, 3.0399887561798096, 3.1400234699249268],[-3.224369324956948]
1691621850.3683212,[0.0010000025033950807, 1.5699949264526367, 2.6400058269500732, 3.0476972824544646e-05, 0.6000068187713623, 3.0399932861328125, 3.1400246620178223],[-3.276010242582638]
1691621850.4302678,[0.001000002145767212, 1.5699979066848755, 2.6399998664855957, 3.3968957723118365e-05, 0.6000056862831116, 3.0399892330169678, 3.140019655227661],[-3.383568164419664]
1691621850.4926643,[0.0010000017881393432, 1.56999671459198, 2.6400041580200195, 3.34920478053391e-05, 0.6000025272369385, 3.0399906635284424, 3.140019655227661],[-3.382088008722312]
1691621850.553253,[0.0010000016689300536, 1.5700023174285889, 2.6400022506713867, 4.09529275202658e-05, 0.6000034809112549, 3.0399856567382812, 3.140014171600342],[-3.377812003502507]
1691621850.616069,[0.0010000019073486328, 1.5699974298477173, 2.640000343322754, 3.3016596717061475e-05, 0.6000049114227295, 3.0399909019470215, 3.140009880065918],[-3.32995365031152]
1691621850.678234,[0.0010000025033950807, 1.5700021982192993, 2.6400022506713867, 2.7937347113038413e-05, 0.6000104546546936, 3.039992332458496, 3.1400115489959717],[-3.294429939451702]
1691621850.7398407,[0.0010000025033950807, 1.5700019598007202, 2.640002727508545, 2.7460435376269743e-05, 0.600012481212616, 3.0399909019470215, 3.140010356903076],[-3.2600574721748776]
1691621850.8005157,[0.001000003218650818, 1.569997787475586, 2.6400046348571777, 1.7619386198930442e-05, 0.6000096201896667, 3.039987087249756, 3.1400105953216553],[-3.203482719349452]
1691621850.8622842,[0.001000003457069397, 1.569996953010559, 2.640000343322754, 1.6032119674491696e-05, 0.6000187397003174, 3.0399928092956543, 3.140002727508545],[-3.092142382254735]
1691621850.923178,[0.0010000035762786866, 1.5699955224990845, 2.6400036811828613, 1.2382138265820686e-05, 0.6000231504440308, 3.039989948272705, 3.1400020122528076],[-3.0469155439256297]
1691621850.9847307,[0.001000004529953003, 1.5699951648712158, 2.640000581741333, 4.126891781197628e-06, 0.6000253558158875, 3.039991855621338, 3.139998435974121],[-2.9574486914602907]
1691621851.0463774,[0.0010000046491622926, 1.5699950456619263, 2.6400039196014404, 7.618877134518698e-06, 0.6000312566757202, 3.039994716644287, 3.139991283416748],[-2.9107417611618547]
1691621851.1075323,[0.0010000052452087402, 1.5699955224990845, 2.640007257461548, 1.5945806808304042e-07, 0.600030779838562, 3.039994716644287, 3.139984130859375],[-2.7870671674720158]
1691621851.1701093,[0.001000004529953003, 1.56999671459198, 2.640005588531494, 6.283181190490723, 0.6000336408615112, 3.039989709854126, 3.1399831771850586],[-2.690857636113375]
1691621851.2311773,[0.0010000040531158447, 1.5699957609176636, 2.6400041580200195, 6.283175468444824, 0.6000322103500366, 3.0399863719940186, 3.1399753093719482],[-2.592510196183118]
1691621851.293529,[0.0010000036954879762, 1.5699950456619263, 2.6400089263916016, 6.283178329467773, 0.6000329852104187, 3.039987325668335, 3.1399731636047363],[-2.4666979509146616]
1691621851.3550422,[0.0010000036954879762, 1.5699996948242188, 2.6400036811828613, 6.283174514770508, 0.6000293493270874, 3.039984703063965, 3.1399667263031006],[-2.3972956939222985]
1691621851.417062,[0.001000003218650818, 1.569997787475586, 2.6400086879730225, 6.283173084259033, 0.6000286936759949, 3.03998064994812, 3.139962911605835],[-2.324439809715625]
1691621851.4786575,[0.0010000027418136596, 1.56999671459198, 2.640005350112915, 6.283175468444824, 0.6000328063964844, 3.039975881576538, 3.1399660110473633],[-2.328880234925608]
1691621851.5411446,[0.0010000040531158447, 1.5699917078018188, 2.640005350112915, 6.283176898956299, 0.6000336408615112, 3.039982795715332, 3.139965534210205],[-2.3116119154878123]
1691621851.6034079,[0.0010000048875808715, 1.5699962377548218, 2.6400105953216553, 6.283180236816406, 0.6000250577926636, 3.0399863719940186, 3.1399788856506348],[-2.330689297090312]
1691621851.6653697,[0.0010000053644180298, 1.5699996948242188, 2.640005111694336, 6.283182144165039, 0.6000257134437561, 3.039987564086914, 3.139974594116211],[-2.310131773924662]
1691621851.7273462,[0.001000005602836609, 1.5699979066848755, 2.640005111694336, 6.283183574676514, 0.6000218391418457, 3.0399892330169678, 3.139991521835327],[-2.415386326044742]
1691621851.789363,[0.001000005006790161, 1.5699962377548218, 2.640002727508545, 6.283181667327881, 0.6000201106071472, 3.0399889945983887, 3.1399850845336914],[-2.4629153624837263]
1691621851.8520594,[0.001000005602836609, 1.5700007677078247, 2.6400036811828613, 7.778335202601738e-06, 0.6000180840492249, 3.0399889945983887, 3.1399965286254883],[-2.527383841617369]
1691621851.9140668,[0.0010000057220458985, 1.5700010061264038, 2.640002727508545, 1.2699591934506316e-05, 0.6000112295150757, 3.0399837493896484, 3.139991044998169],[-2.611587619723665]
1691621851.976039,[0.0010000064373016358, 1.5700032711029053, 2.6400034427642822, 1.2222680197737645e-05, 0.6000093817710876, 3.0399880409240723, 3.140002965927124],[-2.7010541980720766]
1691621852.0375922,[0.001000007152557373, 1.5699985027313232, 2.640000104904175, 1.7461390598327853e-05, 0.6000078916549683, 3.03998064994812, 3.1399965286254883],[-2.7699632449449596]
1691621852.0992877,[0.0010000073909759522, 1.570000410079956, 2.639996290206909, 2.3810454877093434e-05, 0.6000080704689026, 3.0399866104125977, 3.1400065422058105],[-2.8520292043334687]
1691621852.159697,[0.0010000077486038209, 1.5699951648712158, 2.6400015354156494, 2.539772140153218e-05, 0.6000043749809265, 3.0399837493896484, 3.1400082111358643],[-2.940344742835064]
1691621852.22229,[0.0010000077486038209, 1.5700035095214844, 2.639998197555542, 2.1905734683969058e-05, 0.6000053882598877, 3.0399863719940186, 3.1400187015533447],[-3.0781631755962793]
1691621852.2842627,[0.0010000078678131105, 1.5700007677078247, 2.6399993896484375, 2.841279456333723e-05, 0.6000049114227295, 3.0399887561798096, 3.140019416809082],[-3.096747297799566]
1691621852.3461769,[0.0010000081062316894, 1.570002794265747, 2.6399972438812256, 3.809584814007394e-05, 0.5999955534934998, 3.0399932861328125, 3.140028238296509],[-3.208087639898391]
1691621852.4073243,[0.0010000085830688477, 1.570002794265747, 2.6399967670440674, 3.7302947021089494e-05, 0.5999925136566162, 3.0399951934814453, 3.1400206089019775],[-3.273214396036823]
1691621852.4691114,[0.0010000085830688477, 1.5699989795684814, 2.640000343322754, 2.3810454877093434e-05, 0.5999950170516968, 3.0400006771087646, 3.1400270462036133],[-3.3089025608389377]
1691621852.5298939,[0.0010000088214874268, 1.5700006484985352, 2.63999605178833, 2.476281406416092e-05, 0.5999953746795654, 3.039991617202759, 3.1400246620178223],[-3.381101238270084]
1691621852.5908566,[0.0010000085830688477, 1.5700026750564575, 2.6399946212768555, 3.539822864695452e-05, 0.5999909043312073, 3.0399959087371826, 3.140028953552246],[-3.426163765968199]
1691621852.651798,[0.0010000083446502685, 1.570001482963562, 2.6399927139282227, 3.3334050385747105e-05, 0.5999928116798401, 3.039982795715332, 3.140012502670288],[-3.38850201690903]
1691621852.7140353,[0.001000008225440979, 1.5699999332427979, 2.640001058578491, 3.079442467424087e-05, 0.5999956727027893, 3.03999662399292, 3.1400134563446045],[-3.379785544349545]
1691621852.774822,[0.0010000084638595581, 1.5699989795684814, 2.6399986743927, 2.3968450477696024e-05, 0.5999956727027893, 3.039987087249756, 3.140010118484497],[-3.3118628700221278]
1691621852.836886,[0.0010000090599060058, 1.569998860359192, 2.640000820159912, 2.4127908545779064e-05, 0.6000055074691772, 3.0399913787841797, 3.1400163173675537],[-3.3237041076507485]
1691621852.8967376,[0.0010000088214874268, 1.5700017213821411, 2.639998197555542, 1.9206650904379785e-05, 0.6000082492828369, 3.039992094039917, 3.140011787414551],[-3.220422249549034]
1691621852.958237,[0.0010000094175338745, 1.570000410079956, 2.6399950981140137, 7.301423920580419e-06, 0.6000092029571533, 3.03999662399292, 3.140011787414551],[-3.1904902660754915]
1691621853.0198772,[0.0010000089406967164, 1.5700021982192993, 2.6400022506713867, 3.809438567259349e-06, 0.6000140905380249, 3.0399959087371826, 3.140007257461548],[-3.0699401137290026]
1691621853.0815306,[0.0010000085830688477, 1.5700002908706665, 2.6400034427642822, 6.2831830978393555, 0.6000139713287354, 3.039996862411499, 3.1399993896484375],[-2.972908031960814]
1691621853.1420388,[0.0010000079870223998, 1.569998025894165, 2.640002727508545, 6.283181190490723, 0.6000163555145264, 3.0399973392486572, 3.1399991512298584],[-2.8765338811420906]
1691621853.2042582,[0.001000008225440979, 1.5699957609176636, 2.6399998664855957, 6.283178329467773, 0.6000185608863831, 3.0399951934814453, 3.1399855613708496],[-2.7132242893087515]
1691621853.2670286,[0.0010000083446502685, 1.5699974298477173, 2.6400020122528076, 6.283176898956299, 0.6000218391418457, 3.039989709854126, 3.1399829387664795],[-2.6554985974141996]
1691621853.3274906,[0.0010000087022781373, 1.5699970722198486, 2.640003204345703, 6.283170223236084, 0.6000185608863831, 3.0399954319000244, 3.1399734020233154],[-2.5420208223578964]
1691621853.3904116,[0.0010000079870223998, 1.569997787475586, 2.640002727508545, 6.283168792724609, 0.6000221967697144, 3.03999400138855, 3.1399717330932617],[-2.4308455954900308]
1691621853.4523697,[0.001000008225440979, 1.5699942111968994, 2.6400036811828613, 6.28316593170166, 0.6000198125839233, 3.039989948272705, 3.139963388442993],[-2.35502940859562]
1691621853.5147257,[0.0010000081062316894, 1.5699974298477173, 2.6400043964385986, 6.283168315887451, 0.6000255346298218, 3.0399909019470215, 3.1399645805358887],[-2.3106251544439105]
1691621853.5761287,[0.0010000075101852417, 1.569998025894165, 2.639996290206909, 6.283169746398926, 0.6000229716300964, 3.0399866104125977, 3.1399686336517334],[-2.299112942796875]
1691621853.637609,[0.001000006675720215, 1.5699979066848755, 2.6400034427642822, 6.283167362213135, 0.6000258326530457, 3.0399856567382812, 3.1399683952331543],[-2.28562721039509]
1691621853.6996832,[0.0010000070333480834, 1.569998860359192, 2.6400058269500732, 6.283170223236084, 0.6000226736068726, 3.039992570877075, 3.139983654022217],[-2.3216439865105487]
1691621853.762644,[0.0010000065565109253, 1.5699983835220337, 2.640001058578491, 6.283172607421875, 0.6000179052352905, 3.039990186691284, 3.139981508255005],[-2.367363926260994]
1691621853.82416,[0.0010000064373016358, 1.5700032711029053, 2.6400017738342285, 6.283179759979248, 0.6000217199325562, 3.03999400138855, 3.139989137649536],[-2.4038741053128128]
1691621853.886121,[0.001000006675720215, 1.5700010061264038, 2.6400022506713867, 6.283180236816406, 0.600014865398407, 3.03999400138855, 3.139988899230957],[-2.43808184990784]
1691621853.9497936,[0.0010000065565109253, 1.56999933719635, 2.640002965927124, 1.5945806808304042e-07, 0.6000077724456787, 3.0400002002716064, 3.1400012969970703],[-2.5716237100361465]
1691621854.010245,[0.0010000063180923462, 1.5699989795684814, 2.639998197555542, 6.283182621002197, 0.6000111103057861, 3.039992332458496, 3.1399950981140137],[-2.6867461194438476]
1691621854.07174,[0.001000005602836609, 1.570000171661377, 2.639998197555542, 7.618877134518698e-06, 0.6000053882598877, 3.0399959087371826, 3.1400091648101807],[-2.7155267391441886]
1691621854.1330972,[0.0010000053644180298, 1.56999933719635, 2.640000343322754, 9.523596418148372e-06, 0.5999988913536072, 3.0399887561798096, 3.140002965927124],[-2.783449029801609]
1691621854.1936123,[0.0010000053644180298, 1.5700010061264038, 2.6400015354156494, 1.6826483260956593e-05, 0.599999189376831, 3.039991855621338, 3.140007972717285],[-2.9013674852957063]
1691621854.2548943,[0.0010000057220458985, 1.5700007677078247, 2.639997959136963, 1.7143936929642223e-05, 0.6000001430511475, 3.0399837493896484, 3.1400065422058105],[-2.92110280383786]
1691621854.317066,[0.0010000063180923462, 1.569997787475586, 2.6400015354156494, 2.2063730284571648e-05, 0.5999965071678162, 3.0399906635284424, 3.1400177478790283],[-3.0625393585997465]
1691621854.3792338,[0.0010000057220458985, 1.570004940032959, 2.639996290206909, 2.9365153750404716e-05, 0.5999912619590759, 3.039992570877075, 3.1400222778320312],[-3.1173049589712973]
1691621854.4406006,[0.0010000061988830566, 1.5699973106384277, 2.6399993896484375, 1.82542917173123e-05, 0.5999926924705505, 3.0399906635284424, 3.140016794204712],[-3.2769970119706207]
1691621854.5027504,[0.001000006675720215, 1.56999933719635, 2.639998435974121, 2.1270829165587202e-05, 0.5999903082847595, 3.039994478225708, 3.1400303840637207],[-3.2524922417439077]
1691621854.5654182,[0.0010000057220458985, 1.5700037479400635, 2.6399950981140137, 3.65085834346246e-05, 0.5999802947044373, 3.0399951934814453, 3.1400275230407715],[-3.2868647063926746]
1691621854.6265163,[0.001000005006790161, 1.570006012916565, 2.6399950981140137, 2.7937347113038413e-05, 0.5999851822853088, 3.039996862411499, 3.140026569366455],[-3.314000871154542]
1691621854.687726,[0.0010000048875808715, 1.5699994564056396, 2.6399970054626465, 1.6826483260956593e-05, 0.5999922156333923, 3.039992332458496, 3.1400229930877686],[-3.3577476738531087]
1691621854.7492805,[0.001000004529953003, 1.570001482963562, 2.6399993896484375, 2.873024823202286e-05, 0.5999888777732849, 3.0400002002716064, 3.1400210857391357],[-3.37008230224141]
1691621854.8102982,[0.0010000041723251343, 1.5699996948242188, 2.6399941444396973, 1.9841558241751045e-05, 0.599989652633667, 3.039992332458496, 3.140011787414551],[-3.347715510591317]
1691621854.8723466,[0.0010000041723251343, 1.5700031518936157, 2.639995574951172, 1.90486571227666e-05, 0.5999922156333923, 3.0400002002716064, 3.140017032623291],[-3.341465966789276]
1691621854.9341273,[0.0010000041723251343, 1.5700035095214844, 2.6399950981140137, 1.428685754945036e-05, 0.599998414516449, 3.039991617202759, 3.140012264251709],[-3.276010242582638]
1691621854.9950857,[0.0010000044107437134, 1.570002794265747, 2.6399950981140137, 9.523596418148372e-06, 0.5999958515167236, 3.0400004386901855, 3.140014410018921],[-3.2182842504345315]
1691621855.0581753,[0.0010000040531158447, 1.5700017213821411, 2.639998197555542, 6.3490642787655815e-06, 0.6000022292137146, 3.0400028228759766, 3.1400158405303955],[-3.1510195321491916]
1691621855.1196883,[0.0010000039339065551, 1.5699996948242188, 2.6399970054626465, 3.968896635342389e-06, 0.6000025272369385, 3.0400054454803467, 3.140007972717285],[-3.057934444560163]
1691621855.180817,[0.0010000041723251343, 1.56999671459198, 2.6400015354156494, 6.283182621002197, 0.6000061631202698, 3.040003538131714, 3.139997720718384],[-2.952350398800118]
1691621855.2412875,[0.0010000039339065551, 1.5700006484985352, 2.640000820159912, 6.283180236816406, 0.6000107526779175, 3.0400023460388184, 3.1399929523468018],[-2.842490472530125]
1691621855.3023906,[0.001000003218650818, 1.5699964761734009, 2.6400036811828613, 6.2831711769104, 0.6000117063522339, 3.039999485015869, 3.1399896144866943],[-2.7523659426911147]
1691621855.3647387,[0.0010000030994415283, 1.5699962377548218, 2.640003204345703, 6.283168315887451, 0.6000152230262756, 3.03999924659729, 3.1399879455566406],[-2.6209618720447994]
1691621855.426124,[0.0010000039339065551, 1.570000410079956, 2.6400039196014404, 6.2831645011901855, 0.6000140905380249, 3.0400006771087646, 3.1399741172790527],[-2.577708748939822]
1691621855.490261,[0.0010000046491622926, 1.5699951648712158, 2.6400012969970703, 6.283163070678711, 0.6000171303749084, 3.0399980545043945, 3.139972686767578],[-2.4903802462555045]
1691621855.552163,[0.0010000035762786866, 1.569997787475586, 2.640005350112915, 6.283167839050293, 0.6000156998634338, 3.0399961471557617, 3.1399636268615723],[-2.3122697561877525]
1691621855.6128354,[0.0010000039339065551, 1.5700002908706665, 2.6400046348571777, 6.2831573486328125, 0.6000166535377502, 3.0399889945983887, 3.1399667263031006],[-2.348615459862504]
1691621855.6738186,[0.0010000041723251343, 1.5699973106384277, 2.640000581741333, 6.283168315887451, 0.6000205874443054, 3.039994239807129, 3.139969825744629],[-2.269016736951588]
1691621855.734398,[0.0010000041723251343, 1.5699944496154785, 2.639998197555542, 6.283162593841553, 0.6000183820724487, 3.039992094039917, 3.1399707794189453],[-2.275101761642461]
1691621855.7962024,[0.0010000040531158447, 1.5699992179870605, 2.640000820159912, 6.283168315887451, 0.6000166535377502, 3.0399959087371826, 3.139981985092163],[-2.3020732256983707]
1691621855.8575232,[0.0010000039339065551, 1.5700006484985352, 2.640000104904175, 6.283173561096191, 0.6000102758407593, 3.0399959087371826, 3.1399776935577393],[-2.344339494212081]
1691621855.9192483,[0.001000003457069397, 1.56999671459198, 2.639997720718384, 6.283179759979248, 0.6000096201896667, 3.0399985313415527, 3.139991521835327],[-2.3941709486277567]
1691621855.9803083,[0.001000003218650818, 1.570000171661377, 2.6400012969970703, 6.283176898956299, 0.6000043749809265, 3.039992094039917, 3.1399877071380615],[-2.4997544893842663]
1691621856.0431771,[0.001000003457069397, 1.5700006484985352, 2.6400017738342285, 6.283182144165039, 0.6000061631202698, 3.0400006771087646, 3.139998435974121],[-2.541527440956576]
1691621856.1048653,[0.0010000033378601075, 1.5700017213821411, 2.6400012969970703, 6.283183574676514, 0.6000028848648071, 3.0399956703186035, 3.139991283416748],[-2.6527027668953833]
1691621856.1671264,[0.0010000029802322387, 1.570001244544983, 2.6400012969970703, 5.079251423012465e-06, 0.5999994874000549, 3.0400049686431885, 3.1400020122528076],[-2.6607613373918744]
1691621856.2282445,[0.0010000029802322387, 1.570003628730774, 2.639997720718384, 8.413241630478296e-06, 0.59999680519104, 3.039991617202759, 3.140002727508545],[-2.7398669258943174]
1691621856.2902172,[0.0010000036954879762, 1.5700006484985352, 2.6399996280670166, 1.4762305909243878e-05, 0.5999948978424072, 3.0399932861328125, 3.140014886856079],[-2.8248931590840876]
1691621856.3522391,[0.0010000029802322387, 1.5700032711029053, 2.6399972438812256, 1.460431121813599e-05, 0.5999971032142639, 3.03999400138855, 3.140010118484497],[-2.9222540308622174]
1691621856.4131753,[0.0010000026226043702, 1.570001482963562, 2.639995574951172, 1.460431121813599e-05, 0.5999901294708252, 3.039994955062866, 3.1400177478790283],[-3.0533295307220536]
1691621856.4741528,[0.001000003457069397, 1.5700032711029053, 2.6400012969970703, 1.873120345408097e-05, 0.5999836325645447, 3.039992094039917, 3.1400225162506104],[-3.116153729837911]
1691621856.5360987,[0.001000003218650818, 1.5700031518936157, 2.63999605178833, 2.80953408946516e-05, 0.5999855399131775, 3.039994955062866, 3.1400160789489746],[-3.1743730478738925]
1691621856.5979154,[0.0010000038146972656, 1.570001244544983, 2.6400015354156494, 2.0318469978519715e-05, 0.5999898314476013, 3.0399982929229736, 3.1400258541107178],[-3.2648268568731025]
1691621856.659611,[0.0010000038146972656, 1.570002794265747, 2.6399943828582764, 1.6826483260956593e-05, 0.5999925136566162, 3.0399978160858154, 3.140026569366455],[-3.2564393184186784]
1691621856.7202446,[0.0010000047683715822, 1.5700035095214844, 2.6399996280670166, 3.158732579322532e-05, 0.5999831557273865, 3.039994955062866, 3.140031576156616],[-3.4378405558222167]
1691621856.7813108,[0.0010000053644180298, 1.5700030326843262, 2.6399967670440674, 2.9365153750404716e-05, 0.5999827980995178, 3.0399930477142334, 3.1400277614593506],[-3.3653129124109964]
1691621856.8440592,[0.0010000053644180298, 1.570006251335144, 2.639997959136963, 2.7777889044955373e-05, 0.599983274936676, 3.040001392364502, 3.140019416809082],[-3.382910317440247]
1691621856.9048765,[0.0010000052452087402, 1.5700007677078247, 2.6399943828582764, 1.82542917173123e-05, 0.5999898314476013, 3.0399935245513916, 3.140015125274658],[-3.363997218706178]
1691621856.9670422,[0.0010000054836273194, 1.5699987411499023, 2.6399967670440674, 1.7619386198930442e-05, 0.599989652633667, 3.0400028228759766, 3.140026807785034],[-3.3306114969307012]
1691621857.0291893,[0.0010000048875808715, 1.5700035095214844, 2.639997959136963, 1.2857586625614204e-05, 0.5999891757965088, 3.0399978160858154, 3.14001727104187],[-3.315316564182323]
1691621857.091861,[0.001000005006790161, 1.5700010061264038, 2.6399967670440674, 1.0794872650876641e-05, 0.5999931693077087, 3.0399997234344482, 3.140019416809082],[-3.218777634841532]
1691621857.1533084,[0.001000005006790161, 1.5700010061264038, 2.6399991512298584, 6.283185005187988, 0.59999680519104, 3.0399975776672363, 3.1400091648101807],[-3.184734116423962]
1691621857.2160826,[0.001000004529953003, 1.570001482963562, 2.640000343322754, 6.2831830978393555, 0.5999994874000549, 3.0400068759918213, 3.1400113105773926],[-3.067144272841078]
1691621857.2777405,[0.0010000046491622926, 1.5699992179870605, 2.6400020122528076, 6.283176422119141, 0.6000034809112549, 3.040003538131714, 3.1400015354156494],[-3.0025110305953104]
1691621857.3401618,[0.0010000044107437134, 1.569998860359192, 2.6399991512298584, 6.283178329467773, 0.6000077724456787, 3.0400044918060303, 3.1399943828582764],[-2.932121691567245]
1691621857.4008956,[0.0010000038146972656, 1.5699987411499023, 2.639998435974121, 6.283170223236084, 0.6000107526779175, 3.040003538131714, 3.139986515045166],[-2.7418404547726913]
1691621857.4622579,[0.0010000035762786866, 1.5699985027313232, 2.6400012969970703, 6.283168315887451, 0.6000107526779175, 3.040001153945923, 3.139983654022217],[-2.6512226213530665]
1691621857.5235062,[0.0010000046491622926, 1.5699964761734009, 2.6400082111358643, 6.283164024353027, 0.6000122427940369, 3.0399961471557617, 3.139975070953369],[-2.5298507483632577]
1691621857.584961,[0.0010000039339065551, 1.5699975490570068, 2.6400012969970703, 6.283163547515869, 0.6000128388404846, 3.040001153945923, 3.1399729251861572],[-2.4645599661355764]
1691621857.646736,[0.001000004529953003, 1.569998860359192, 2.640002727508545, 6.283162593841553, 0.60001140832901, 3.0399980545043945, 3.139965772628784],[-2.4061765493778053]
1691621857.7094223,[0.0010000048875808715, 1.5699989795684814, 2.6400046348571777, 6.2831645011901855, 0.6000147461891174, 3.039997100830078, 3.139967679977417],[-2.292534536580217]
1691621857.7709,[0.0010000044107437134, 1.5700019598007202, 2.6399996280670166, 6.283163070678711, 0.6000182032585144, 3.0399956703186035, 3.139965534210205],[-2.319670464283126]
1691621857.8322957,[0.0010000051259994507, 1.5699982643127441, 2.639998435974121, 6.283164978027344, 0.6000063419342041, 3.039991617202759, 3.139967918395996],[-2.222638990016238]
1691621857.893415,[0.001000004529953003, 1.569997787475586, 2.640000104904175, 6.283166408538818, 0.6000127196311951, 3.040004253387451, 3.1399829387664795],[-2.320986145764859]
1691621857.9553251,[0.0010000041723251343, 1.569998025894165, 2.6399993896484375, 6.283168315887451, 0.6000159978866577, 3.039994955062866, 3.13997745513916],[-2.339899068489407]
1691621858.0160513,[0.0010000047683715822, 1.570001482963562, 2.640000581741333, 6.283177375793457, 0.6000101566314697, 3.040001392364502, 3.139991044998169],[-2.419333373387421]
1691621858.077641,[0.001000005006790161, 1.5700039863586426, 2.6399986743927, 6.28317403793335, 0.6000041365623474, 3.039994239807129, 3.1399872303009033],[-2.428872071628282]
1691621858.139703,[0.0010000046491622926, 1.5699992179870605, 2.6400034427642822, 6.283179759979248, 0.6000068187713623, 3.0399999618530273, 3.1399991512298584],[-2.488735642269535]
1691621858.201494,[0.0010000048875808715, 1.5700031518936157, 2.640002727508545, 6.283181190490723, 0.6000007390975952, 3.03999400138855, 3.13999342918396],[-2.6002398415675403]
1691621858.2624972,[0.001000005006790161, 1.5700007677078247, 2.6400020122528076, 4.444344995135907e-06, 0.6000006198883057, 3.0400002002716064, 3.140010356903076],[-2.706645861456637]
1691621858.3234396,[0.0010000051259994507, 1.5700021982192993, 2.640000581741333, 1.2698128557531163e-06, 0.5999947786331177, 3.0399935245513916, 3.1400012969970703],[-2.804500014217364]
1691621858.3860571,[0.0010000054836273194, 1.5700010061264038, 2.6399970054626465, 1.0794872650876641e-05, 0.5999941229820251, 3.0399951934814453, 3.140009641647339],[-2.8364054199061934]
1691621858.448384,[0.001000005006790161, 1.5699983835220337, 2.639997720718384, 1.2699591934506316e-05, 0.5999891757965088, 3.0399930477142334, 3.140005588531494],[-3.0153389992093595]
1691621858.5094206,[0.0010000040531158447, 1.570001482963562, 2.6399986743927, 1.888919905468356e-05, 0.5999858379364014, 3.03999924659729, 3.140015125274658],[-3.0130365431907675]
1691621858.5723069,[0.0010000042915344239, 1.5700035095214844, 2.6399991512298584, 2.3810454877093434e-05, 0.5999891757965088, 3.0399930477142334, 3.140015125274658],[-3.1574335253726997]
1691621858.634391,[0.001000005006790161, 1.5700021982192993, 2.639998435974121, 1.0794872650876641e-05, 0.5999869704246521, 3.040003776550293, 3.140022039413452],[-3.1215809530075176]
1691621858.6960752,[0.0010000047683715822, 1.5700074434280396, 2.639996290206909, 3.444440517341718e-05, 0.5999831557273865, 3.0399930477142334, 3.1400256156921387],[-3.224698247914616]
1691621858.7574558,[0.0010000051259994507, 1.570001482963562, 2.6399986743927, 1.793683804862667e-05, 0.5999842882156372, 3.0400023460388184, 3.1400320529937744],[-3.326499955633682]
1691621858.8178852,[0.0010000058412551881, 1.5699973106384277, 2.6399972438812256, 1.841374978539534e-05, 0.5999858379364014, 3.0400030612945557, 3.140028953552246],[-3.396231719652955]
1691621858.880161,[0.001000005006790161, 1.5700030326843262, 2.639997959136963, 2.9365153750404716e-05, 0.599979043006897, 3.04000186920166, 3.1400258541107178],[-3.3468932021733084]
1691621858.9425037,[0.0010000042915344239, 1.5700055360794067, 2.6399924755096436, 2.079391742881853e-05, 0.5999827980995178, 3.0400002002716064, 3.1400153636932373],[-3.4028101905651376]
1691621859.003846,[0.001000005006790161, 1.570001482963562, 2.6399996280670166, 2.0953375496901572e-05, 0.5999839305877686, 3.03999924659729, 3.140017032623291],[-3.3598856759941897]
1691621859.0660174,[0.0010000046491622926, 1.5699989795684814, 2.6399991512298584, 1.3969404790259432e-05, 0.5999891757965088, 3.039997100830078, 3.140010118484497],[-3.351333667713435]
1691621859.1274636,[0.001000005006790161, 1.5699994564056396, 2.6399941444396973, 1.111232541006757e-05, 0.5999913811683655, 3.0400002002716064, 3.140012502670288],[-3.3215661063060864]
1691621859.1877708,[0.0010000046491622926, 1.570001482963562, 2.6399970054626465, 8.095788871287368e-06, 0.5999969840049744, 3.0400044918060303, 3.1400129795074463],[-3.2567682414819803]
1691621859.2501926,[0.0010000051259994507, 1.5699989795684814, 2.6399950981140137, 2.699083779589273e-06, 0.5999996662139893, 3.0400047302246094, 3.140012502670288],[-3.205456256701821]
1691621859.312286,[0.0010000051259994507, 1.5700010061264038, 2.6399989128112793, 3.333990207465831e-06, 0.6000061631202698, 3.040008544921875, 3.140012502670288],[-3.111384352136002]
1691621859.3744066,[0.0010000051259994507, 1.5699964761734009, 2.6399989128112793, 6.283177375793457, 0.6000015735626221, 3.0400075912475586, 3.140005588531494],[-3.0015242638426187]
1691621859.4459796,[0.0010000042915344239, 1.569996953010559, 2.640002727508545, 6.283173561096191, 0.6000083684921265, 3.0400099754333496, 3.1400020122528076],[-2.911728527088918]
1691621859.4983594,[0.0010000044107437134, 1.5699940919876099, 2.6399996280670166, 6.2831711769104, 0.6000078916549683, 3.0400044918060303, 3.1399919986724854],[-2.78229780420318]
1691621859.559881,[0.0010000047683715822, 1.56999933719635, 2.640002489089966, 6.283168315887451, 0.6000111103057861, 3.0400054454803467, 3.1399857997894287],[-2.7120730644079973]
1691621859.620315,[0.0010000041723251343, 1.5699959993362427, 2.640002727508545, 6.283161640167236, 0.6000122427940369, 3.0400006771087646, 3.1399800777435303],[-2.5841227091921013]
1691621859.6807158,[0.0010000044107437134, 1.5699955224990845, 2.6400015354156494, 6.283166408538818, 0.6000134944915771, 3.03999924659729, 3.139976739883423],[-2.516858373382135]
1691621859.7423198,[0.0010000047683715822, 1.570000410079956, 2.6400020122528076, 6.283160209655762, 0.600013792514801, 3.0399935245513916, 3.139967203140259],[-2.4002559790070386]
1691621859.8035612,[0.0010000061988830566, 1.569998025894165, 2.6400034427642822, 6.2831525802612305, 0.600013792514801, 3.03999400138855, 3.1399643421173096],[-2.343023812501075]
1691621859.864997,[0.0010000059604644775, 1.5699974298477173, 2.6400012969970703, 6.283161163330078, 0.6000139713287354, 3.0399909019470215, 3.1399638652801514],[-2.288258572710032]
1691621859.9260368,[0.0010000061988830566, 1.56999671459198, 2.640002727508545, 6.283165454864502, 0.6000156998634338, 3.039989948272705, 3.1399621963500977],[-2.302402146024749]
1691621859.9879887,[0.001000006079673767, 1.5699944496154785, 2.6400046348571777, 6.283164978027344, 0.6000098586082458, 3.040003776550293, 3.1399776935577393],[-2.3512468234079105]
1691621860.0502489,[0.0010000053644180298, 1.5699989795684814, 2.6400022506713867, 6.283166408538818, 0.6000098586082458, 3.039999008178711, 3.139972448348999],[-2.338090006200268]
1691621860.1108341,[0.0010000053644180298, 1.5700017213821411, 2.640000343322754, 6.283173561096191, 0.6000080704689026, 3.0400004386901855, 3.1399877071380615],[-2.3959800116839243]
1691621860.172357,[0.0010000052452087402, 1.5699982643127441, 2.6399970054626465, 6.283174514770508, 0.6000080704689026, 3.0399951934814453, 3.1399881839752197],[-2.4354504846180416]
1691621860.2334344,[0.0010000058412551881, 1.5699999332427979, 2.640000104904175, 6.283178806304932, 0.6000047326087952, 3.0399980545043945, 3.1400020122528076],[-2.5308375110752728]
1691621860.2952712,[0.0010000052452087402, 1.5700024366378784, 2.6399991512298584, 6.28317928314209, 0.6000034809112549, 3.039992570877075, 3.13999342918396],[-2.5981018544972647]
1691621860.35608,[0.001000005602836609, 1.5700017213821411, 2.6399993896484375, 3.174532139382791e-07, 0.599999189376831, 3.0399999618530273, 3.140002727508545],[-2.74512966964454]
1691621860.417072,[0.0010000059604644775, 1.56999933719635, 2.6399989128112793, 3.6514434214041103e-06, 0.5999985337257385, 3.0399951934814453, 3.140007257461548],[-2.7951257472402453]
1691621860.480314,[0.0010000061988830566, 1.5700002908706665, 2.6399967670440674, 9.523596418148372e-06, 0.599987268447876, 3.0400004386901855, 3.140009880065918],[-2.8951179684941293]
1691621860.542297,[0.0010000057220458985, 1.5700037479400635, 2.640001058578491, 1.0952867341984529e-05, 0.5999936461448669, 3.0399961471557617, 3.1400108337402344],[-2.970441115775332]
1691621860.6023688,[0.0010000054836273194, 1.5700044631958008, 2.6399967670440674, 1.4921763977326918e-05, 0.5999922156333923, 3.040001630783081, 3.140017032623291],[-3.065993044261816]
1691621860.6636963,[0.0010000047683715822, 1.5700055360794067, 2.640000104904175, 2.3016089471639134e-05, 0.5999827980995178, 3.0399985313415527, 3.140019655227661],[-3.0942803787323663]
1691621860.724699,[0.0010000054836273194, 1.5700037479400635, 2.640000581741333, 1.444485315005295e-05, 0.5999877452850342, 3.0399997234344482, 3.1400206089019775],[-3.1521707616725334]
1691621860.786058,[0.0010000059604644775, 1.570003628730774, 2.6399941444396973, 2.7460435376269743e-05, 0.5999825596809387, 3.040003538131714, 3.1400203704833984],[-3.2260139397560725]
1691621860.8471477,[0.0010000063180923462, 1.5700023174285889, 2.6400017738342285, 1.4762305909243878e-05, 0.5999850630760193, 3.040001153945923, 3.140026807785034],[-3.331104881898003]
1691621860.909684,[0.0010000067949295045, 1.5700019598007202, 2.6399996280670166, 1.7301932530244812e-05, 0.5999817252159119, 3.040001153945923, 3.140026807785034],[-3.3166322572278024]
1691621860.9713867,[0.0010000061988830566, 1.5700067281723022, 2.6399929523468018, 2.2063730284571648e-05, 0.599985659122467, 3.03999924659729, 3.140026807785034],[-3.445734724426954]
1691621861.033088,[0.0010000114440917968, 1.5700026750564575, 2.6399941444396973, 1.9524104573065415e-05, 0.5999888777732849, 3.040001153945923, 3.140017509460449],[-3.352978284631802]
1691621861.093601,[0.0010000126361846924, 1.5699987411499023, 2.6399948596954346, 1.5556670405203477e-05, 0.5999880433082581, 3.0399961471557617, 3.1400134563446045],[-3.386692937633468]
1691621861.154948,[0.0010000126361846924, 1.570003628730774, 2.6399996280670166, 1.444485315005295e-05, 0.5999876260757446, 3.0399997234344482, 3.1400187015533447],[-3.3107116386624766]
1691621861.2164693,[0.0010000119209289551, 1.5700010061264038, 2.6399950981140137, 1.4921763977326918e-05, 0.5999928116798401, 3.03999400138855, 3.140015125274658],[-3.266307010791583]
1691621861.2777543,[0.0010000118017196656, 1.5699985027313232, 2.639998197555542, 8.253783562395256e-06, 0.5999919176101685, 3.0400044918060303, 3.140012741088867],[-3.2771614735362418]
1691621861.3392873,[0.0010000119209289551, 1.570000410079956, 2.639998435974121, 3.1745321393827908e-06, 0.5999948978424072, 3.040006399154663, 3.1400132179260254],[-3.1858853463281225]
1691621861.4010699,[0.0010000119209289551, 1.5699985027313232, 2.6400020122528076, 1.9047192836296745e-06, 0.6000030040740967, 3.040008068084717, 3.140012264251709],[-3.1102331230684443]
1691621861.4623268,[0.0010000123977661132, 1.570000410079956, 2.639997720718384, 6.2831830978393555, 0.6000013947486877, 3.040003538131714, 3.140002489089966],[-3.068459962661409]
1691621861.5229595,[0.0010000132322311403, 1.5699996948242188, 2.639998435974121, 6.283176898956299, 0.6000059843063354, 3.040008306503296, 3.1399993896484375],[-2.8837701625727163]
1691621861.5870144,[0.0010000126361846924, 1.570000171661377, 2.639998197555542, 6.283170700073242, 0.6000037789344788, 3.0400030612945557, 3.1399872303009033],[-2.7947968256059226]
1691621861.6496916,[0.0010000134706497192, 1.5699989795684814, 2.640002727508545, 6.283170700073242, 0.60001140832901, 3.0400052070617676, 3.1399893760681152],[-2.7230919317795426]
1691621861.7125075,[0.001000014066696167, 1.56999671459198, 2.6400012969970703, 6.2831645011901855, 0.6000123620033264, 3.0399975776672363, 3.1399810314178467],[-2.5982663150397993]
1691621861.772305,[0.001000013828277588, 1.5699974298477173, 2.6400058269500732, 6.283156871795654, 0.6000145673751831, 3.04000186920166, 3.139972686767578],[-2.508635351938755]
1691621861.8346748,[0.0010000144243240356, 1.5699950456619263, 2.640005350112915, 6.28316068649292, 0.6000139713287354, 3.039999485015869, 3.13996958732605],[-2.3588119938910195]
1691621861.896165,[0.0010000137090682983, 1.5700002908706665, 2.6399991512298584, 6.2831621170043945, 0.6000155210494995, 3.039997100830078, 3.139962911605835],[-2.4101235964409855]
1691621861.9569898,[0.0010000137090682983, 1.56999671459198, 2.640000104904175, 6.2831597328186035, 0.600013017654419, 3.0399975776672363, 3.139967441558838],[-2.2908899350757905]
1691621862.0180106,[0.001000013828277588, 1.5699989795684814, 2.640000104904175, 6.2831645011901855, 0.6000133156776428, 3.0399935245513916, 3.139967441558838],[-2.3769026207107435]
1691621862.0794263,[0.0010000143051147462, 1.569998860359192, 2.6400043964385986, 6.283160209655762, 0.6000112295150757, 3.039999485015869, 3.1399831771850586],[-2.3384189266146542]
1691621862.1424077,[0.0010000141859054566, 1.5700021982192993, 2.6400012969970703, 6.283165454864502, 0.6000128388404846, 3.039994478225708, 3.139976978302002],[-2.3538781870053587]
1691621862.2034152,[0.0010000144243240356, 1.570000410079956, 2.6400046348571777, 6.283176422119141, 0.6000099778175354, 3.0400006771087646, 3.1399893760681152],[-2.37427125665575]
1691621862.2651505,[0.0010000135898590088, 1.570000171661377, 2.6400017738342285, 6.283176898956299, 0.6000055074691772, 3.0400002002716064, 3.1399877071380615],[-2.4163730878691645]
1691621862.3277595,[0.0010000132322311403, 1.5699975490570068, 2.640000104904175, 6.283180236816406, 0.6000022292137146, 3.04000186920166, 3.1400015354156494],[-2.534784562001456]
1691621862.3902552,[0.0010000131130218507, 1.5700044631958008, 2.639998435974121, 6.2831830978393555, 0.6000059843063354, 3.0399959087371826, 3.139998435974121],[-2.5647163689429173]
1691621862.4512737,[0.001000013828277588, 1.5699999332427979, 2.6399991512298584, 4.769112820213195e-07, 0.5999987125396729, 3.0400044918060303, 3.140007257461548],[-2.6926667034933156]
1691621862.5125036,[0.0010000135898590088, 1.5700002908706665, 2.640000343322754, 2.8570789254445117e-06, 0.6000005006790161, 3.039999485015869, 3.140003204345703],[-2.7288480569389337]
1691621862.5743132,[0.0010000133514404296, 1.570000410079956, 2.640003204345703, 9.523596418148372e-06, 0.599992036819458, 3.0400025844573975, 3.140014410018921],[-2.8230840896330345]
1691621862.6349652,[0.0010000132322311403, 1.5700017213821411, 2.6400015354156494, 1.111232541006757e-05, 0.5999912619590759, 3.0399951934814453, 3.140005588531494],[-2.954652853520225]
1691621862.6966977,[0.0010000135898590088, 1.5700021982192993, 2.639998197555542, 1.3492493053490762e-05, 0.5999926924705505, 3.040001153945923, 3.140019655227661],[-3.000537497099024]
1691621862.7577307,[0.0010000132322311403, 1.569998860359192, 2.640000343322754, 1.1270321010670159e-05, 0.5999898314476013, 3.040004253387451, 3.140019655227661],[-3.1074372811004585]
1691621862.8183966,[0.0010000134706497192, 1.5700006484985352, 2.6399993896484375, 9.683054486231413e-06, 0.599984884262085, 3.039996385574341, 3.140021562576294],[-3.2580839337460734]
1691621862.8816798,[0.0010000133514404296, 1.5700031518936157, 2.6399989128112793, 1.6509031411260366e-05, 0.5999844074249268, 3.039999008178711, 3.140026807785034],[-3.2727210113604692]
1691621862.9422636,[0.001000012993812561, 1.5700064897537231, 2.6399950981140137, 2.9365153750404716e-05, 0.5999830365180969, 3.0399982929229736, 3.140031099319458],[-3.342123813486329]
1691621863.0037203,[0.0010000128746032715, 1.5700054168701172, 2.6399967670440674, 2.492080966476351e-05, 0.5999830365180969, 3.0399985313415527, 3.140029191970825],[-3.3434395068938065]
1691621863.0659904,[0.0010000123977661132, 1.5700019598007202, 2.639995813369751, 1.7461390598327853e-05, 0.599987268447876, 3.040001153945923, 3.140028715133667],[-3.39162679028359]
1691621863.1281624,[0.0010000128746032715, 1.5700039863586426, 2.6399967670440674, 1.9524104573065415e-05, 0.5999906063079834, 3.0400006771087646, 3.140028953552246],[-3.3541295164912817]
1691621863.1882896,[0.0010000131130218507, 1.5700042247772217, 2.639998197555542, 1.7023339751176536e-05, 0.5999931693077087, 3.039994239807129, 3.1400129795074463],[-3.322059491227622]
1691621863.2512617,[0.001000014066696167, 1.5700031518936157, 2.6399946212768555, 1.7619386198930442e-05, 0.5999917387962341, 3.0400044918060303, 3.1400246620178223],[-3.3667930678503635]
1691621863.3132718,[0.0010000149011611939, 1.5700019598007202, 2.639997720718384, 1.3175040294299833e-05, 0.599992036819458, 3.0399956703186035, 3.1400134563446045],[-3.3166322572278024]
1691621863.3746724,[0.0010000141859054566, 1.5700024366378784, 2.639997959136963, 7.936330803204328e-06, 0.5999988913536072, 3.0400004386901855, 3.140014410018921],[-3.2454203964263066]
1691621863.4361782,[0.0010000139474868775, 1.570001482963562, 2.6399970054626465, 5.873615918972064e-06, 0.6000012755393982, 3.040004014968872, 3.140012502670288],[-3.22288917166079]
1691621863.4990916,[0.001000013828277588, 1.5699996948242188, 2.640000820159912, 6.283184051513672, 0.5999990105628967, 3.0400047302246094, 3.140014886856079],[-3.139671698967923]
1691621863.5612283,[0.001000012993812561, 1.570001244544983, 2.6399989128112793, 6.283180236816406, 0.6000023484230042, 3.0400032997131348, 3.1400012969970703],[-3.048560155887542]
1691621863.6232033,[0.001000014066696167, 1.570000171661377, 2.640000581741333, 6.283174991607666, 0.6000078916549683, 3.0400094985961914, 3.1399953365325928],[-2.9905053690549077]
1691621863.6871548,[0.001000014066696167, 1.5699940919876099, 2.6399991512298584, 6.2831711769104, 0.6000075936317444, 3.0400028228759766, 3.139991283416748],[-2.885579233004065]
1691621863.7494478,[0.0010000137090682983, 1.5699959993362427, 2.640003204345703, 6.283167839050293, 0.6000099778175354, 3.040003776550293, 3.139984130859375],[-2.740195847371717]
1691621863.8113968,[0.0010000141859054566, 1.5699962377548218, 2.640000820159912, 6.283166408538818, 0.6000128388404846, 3.040003538131714, 3.1399741172790527],[-2.604022434168499]
1691621863.8723958,[0.0010000144243240356, 1.569998860359192, 2.640002489089966, 6.283160209655762, 0.6000117063522339, 3.039998769760132, 3.1399760246276855],[-2.5311664319810134]
1691621863.9351635,[0.0010000149011611939, 1.5700006484985352, 2.640000104904175, 6.2831597328186035, 0.600017249584198, 3.0399932861328125, 3.139965534210205],[-2.399269217304677]
1691621863.9971962,[0.0010000150203704834, 1.5699985027313232, 2.639998435974121, 6.2831621170043945, 0.6000166535377502, 3.039999485015869, 3.1399590969085693],[-2.3821653489784036]
1691621864.0589418,[0.0010000154972076415, 1.569995403289795, 2.640000104904175, 6.2831621170043945, 0.6000127196311951, 3.0399937629699707, 3.1399645805358887],[-2.324933190287263]
