timestamp,joint_position,linear_potentiometer
1691622286.0734928,[0.0, 0.0, 0.0, 0.0, 0.0, 0.0, 0.0],[0]
1691622286.128563,[0.0010000089406967164, 1.5699959993362427, 2.639998435974121, 6.283163070678711, 0.6000233292579651, 3.0399832725524902, 3.139960289001465],[0]
1691622286.190261,[0.0010000103712081909, 1.569995403289795, 2.6399967670440674, 6.28316593170166, 0.6000226736068726, 3.0399816036224365, 3.1399643421173096],[-2.288423032856403]
1691622286.2511365,[0.0010000104904174805, 1.5699973106384277, 2.6399993896484375, 6.283173561096191, 0.6000209450721741, 3.0399889945983887, 3.1399803161621094],[-2.2877651922721114]
1691622286.3129706,[0.0010000100135803224, 1.5699949264526367, 2.6399993896484375, 6.283163547515869, 0.6000221967697144, 3.039987802505493, 3.1399784088134766],[-2.325426570860712]
1691622286.3747747,[0.0010000114440917968, 1.5699950456619263, 2.6400020122528076, 6.283170700073242, 0.6000163555145264, 3.039987325668335, 3.1399757862091064],[-2.3422015114382835]
1691622286.4366138,[0.0010000110864639283, 1.5699975490570068, 2.640001058578491, 6.283178329467773, 0.6000139713287354, 3.039985179901123, 3.139991044998169],[-2.4071633111323907]
1691622286.4972725,[0.0010000119209289551, 1.5699998140335083, 2.6399965286254883, 6.283178806304932, 0.6000102758407593, 3.039989948272705, 3.140000104904175],[-2.4944917563140185]
1691622286.5592449,[0.0010000109672546388, 1.56999933719635, 2.6399996280670166, 3.1745321393827908e-06, 0.6000095009803772, 3.0399911403656006, 3.1399989128112793],[-2.5267259998267004]
1691622286.6217647,[0.0010000114440917968, 1.5699987411499023, 2.6399970054626465, 6.508522346848622e-06, 0.6000025272369385, 3.0399911403656006, 3.1399986743927],[-2.6181660423291824]
1691622286.6841152,[0.0010000110864639283, 1.5699999332427979, 2.6399991512298584, 7.778335202601738e-06, 0.6000036001205444, 3.0399887561798096, 3.1400063037872314],[-2.7418404547726913]
1691622286.744871,[0.0010000132322311403, 1.5700019598007202, 2.6399927139282227, 1.2540133866423275e-05, 0.6000009179115295, 3.0399863719940186, 3.1400060653686523],[-2.7862448634459716]
1691622286.8063924,[0.0010000141859054566, 1.5700045824050903, 2.6399950981140137, 1.90486571227666e-05, 0.5999956727027893, 3.0399863719940186, 3.140002965927124],[-2.9079459244165546]
1691622286.867921,[0.0010000121593475343, 1.5700035095214844, 2.639996290206909, 2.111137109750416e-05, 0.5999925136566162, 3.039987564086914, 3.1400091648101807],[-2.991163213488074]
1691622286.9290054,[0.0010000126361846924, 1.5700010061264038, 2.6399941444396973, 1.2222680197737645e-05, 0.5999966263771057, 3.039992332458496, 3.1400203704833984],[-3.052507224700714]
1691622286.9904346,[0.0010000118017196656, 1.5699989795684814, 2.6400022506713867, 1.6191577742574736e-05, 0.5999919176101685, 3.0399913787841797, 3.140012264251709],[-3.086550699366726]
1691622287.052162,[0.0010000131130218507, 1.5700007677078247, 2.6399950981140137, 1.5397212337120436e-05, 0.5999895334243774, 3.039999485015869, 3.140026569366455],[-3.205785179597636]
1691622287.114491,[0.0010000131130218507, 1.5700019598007202, 2.6399924755096436, 3.508058944134973e-05, 0.5999839305877686, 3.039999485015869, 3.1400251388549805],[-3.217461943094913]
1691622287.1751337,[0.001000012993812561, 1.570001482963562, 2.6399943828582764, 3.158732579322532e-05, 0.5999866724014282, 3.039992570877075, 3.140026569366455],[-3.2648268568731025]
1691622287.2361302,[0.0010000112056732177, 1.570005178451538, 2.6399953365325928, 3.0159519155859016e-05, 0.5999871492385864, 3.039991617202759, 3.1400275230407715],[-3.3473865872232764]
1691622287.2972426,[0.0010000113248825073, 1.5699985027313232, 2.6399965286254883, 2.6508076189202257e-05, 0.5999854207038879, 3.0399951934814453, 3.1400222778320312],[-3.2638400876063876]
1691622287.3597748,[0.0010000109672546388, 1.5700024366378784, 2.639997720718384, 2.2381183953257278e-05, 0.5999913811683655, 3.0399820804595947, 3.140014171600342],[-3.3107116386624766]
1691622287.4209893,[0.001000011682510376, 1.5699999332427979, 2.6399967670440674, 2.904770190070849e-05, 0.5999876260757446, 3.039994955062866, 3.1400129795074463],[-3.2730499344777653]
1691622287.482294,[0.0010000114440917968, 1.570002794265747, 2.6399950981140137, 2.158828283427283e-05, 0.5999893546104431, 3.0399913787841797, 3.140011787414551],[-3.268280549383933]
1691622287.545252,[0.0010000123977661132, 1.5699973106384277, 2.639995813369751, 1.5556670405203477e-05, 0.5999948978424072, 3.039996862411499, 3.1400086879730225],[-3.2230536331370625]
1691622287.6070724,[0.0010000126361846924, 1.569998025894165, 2.640000104904175, 1.047595651471056e-05, 0.5999982357025146, 3.039998769760132, 3.1400039196014404],[-3.12898171233474]
1691622287.6673317,[0.0010000121593475343, 1.5700010061264038, 2.639996290206909, 6.825975560786901e-06, 0.6000001430511475, 3.040001153945923, 3.1400091648101807],[-3.1196074172765136]
1691622287.7300658,[0.0010000131130218507, 1.5699987411499023, 2.639996290206909, 6.283184051513672, 0.600005030632019, 3.0400002002716064, 3.1400034427642822],[-2.9901764468398357]
1691622287.792174,[0.001000012993812561, 1.5699974298477173, 2.6399948596954346, 6.283181190490723, 0.6000065207481384, 3.0400023460388184, 3.140002965927124],[-2.9054790097002323]
1691622287.8541987,[0.0010000133514404296, 1.5699957609176636, 2.6399998664855957, 6.283173561096191, 0.6000055074691772, 3.03999662399292, 3.1399972438812256],[-2.8026909450915314]
1691622287.914177,[0.001000012755393982, 1.5699957609176636, 2.640000104904175, 6.283171653747559, 0.6000117063522339, 3.0399959087371826, 3.1399881839752197],[-2.6767140193698933]
1691622287.9755728,[0.0010000133514404296, 1.5699970722198486, 2.639995813369751, 6.283170223236084, 0.6000128388404846, 3.0399985313415527, 3.1399855613708496],[-2.621455253766032]
1691622288.0376565,[0.001000012993812561, 1.570001482963562, 2.6400020122528076, 6.283160209655762, 0.6000152230262756, 3.039994716644287, 3.139976739883423],[-2.498932187327567]
1691622288.098338,[0.0010000135898590088, 1.5699957609176636, 2.6399986743927, 6.283163070678711, 0.6000118851661682, 3.0399906635284424, 3.139972448348999],[-2.424760563679696]
1691622288.1593347,[0.0010000132322311403, 1.56999671459198, 2.6400012969970703, 6.283161163330078, 0.6000133156776428, 3.039994716644287, 3.139963388442993],[-2.3265777922058066]
1691622288.2202783,[0.0010000125169754028, 1.5699964761734009, 2.639993906021118, 6.2831645011901855, 0.6000127196311951, 3.0399863719940186, 3.139960527420044],[-2.286449511113054]
1691622288.2822862,[0.0010000119209289551, 1.5699955224990845, 2.6399950981140137, 6.2831597328186035, 0.6000136137008667, 3.039984703063965, 3.1399614810943604],[-2.2487881432929426]
1691622288.344262,[0.001000012755393982, 1.56999671459198, 2.640002489089966, 6.283165454864502, 0.6000140905380249, 3.0399889945983887, 3.13997483253479],[-2.2556954676231524]
1691622288.4061975,[0.0010000122785568237, 1.569996953010559, 2.640000820159912, 6.283166885375977, 0.6000098586082458, 3.039987325668335, 3.1399803161621094],[-2.289903174182673]
1691622288.4671855,[0.0010000126361846924, 1.5699959993362427, 2.6400036811828613, 6.283169746398926, 0.6000049114227295, 3.039992570877075, 3.1399800777435303],[-2.303882287503331]
1691622288.528964,[0.0010000126361846924, 1.5699985027313232, 2.63999605178833, 6.283181667327881, 0.6000087261199951, 3.0399880409240723, 3.1399853229522705],[-2.3821653489784036]
1691622288.5911725,[0.0010000128746032715, 1.5700024366378784, 2.6399996280670166, 6.283176898956299, 0.60001140832901, 3.039989948272705, 3.139986753463745],[-2.4069988508394413]
1691622288.651284,[0.0010000135898590088, 1.5700010061264038, 2.6399993896484375, 6.28318452835083, 0.6000010967254639, 3.039992332458496, 3.1399967670440674],[-2.497780964457197]
1691622288.712967,[0.001000014066696167, 1.5700031518936157, 2.6399986743927, 6.283185005187988, 0.6000022292137146, 3.039991617202759, 3.139997959136963],[-2.6119165408454577]
1691622288.7735345,[0.001000013828277588, 1.5700017213821411, 2.6399970054626465, 8.730695299163926e-06, 0.5999969840049744, 3.039994239807129, 3.140002965927124],[-2.7026988049222824]
1691622288.8350608,[0.0010000137090682983, 1.5699996948242188, 2.63999605178833, 1.5397212337120436e-05, 0.5999941229820251, 3.0399904251098633, 3.140002489089966],[-2.7418404547726913]
1691622288.896224,[0.0010000135898590088, 1.5699999332427979, 2.639997720718384, 1.9524104573065415e-05, 0.5999903082847595, 3.0399951934814453, 3.1400113105773926],[-2.8987361097572095]
1691622288.9583478,[0.0010000139474868775, 1.570004940032959, 2.6399974822998047, 1.7461390598327853e-05, 0.599992036819458, 3.0399930477142334, 3.140009641647339],[-2.968467582867502]
1691622289.0201504,[0.001000013828277588, 1.5700037479400635, 2.6399927139282227, 3.0634968425147235e-05, 0.5999825596809387, 3.0399911403656006, 3.140016794204712],[-3.0737227221077794]
1691622289.0809882,[0.0010000137090682983, 1.5700067281723022, 2.6399943828582764, 3.0317514756461605e-05, 0.5999809503555298, 3.0399880409240723, 3.140015125274658],[-3.1201008012057314]
1691622289.1423314,[0.0010000132322311403, 1.5700024366378784, 2.63999342918396, 3.444440517341718e-05, 0.599983811378479, 3.039997100830078, 3.140026569366455],[-3.235059321633774]
1691622289.203138,[0.0010000119209289551, 1.570002794265747, 2.6399929523468018, 3.253968679928221e-05, 0.5999845862388611, 3.0399951934814453, 3.140029191970825],[-3.293443169889296]
1691622289.2652388,[0.0010000122785568237, 1.570006251335144, 2.639991521835327, 2.6032626919914037e-05, 0.5999888777732849, 3.03999924659729, 3.1400246620178223],[-3.347057663856352]
1691622289.327412,[0.0010000115633010864, 1.5699998140335083, 2.6399991512298584, 2.5715173251228407e-05, 0.5999822020530701, 3.03999662399292, 3.140029191970825],[-3.4648123012824437]
1691622289.389287,[0.0010000103712081909, 1.5700017213821411, 2.6399998664855957, 2.9682607419090346e-05, 0.5999812483787537, 3.0400009155273438, 3.1400279998779297],[-3.3483733573307446]
1691622289.4512117,[0.0010000103712081909, 1.5699992179870605, 2.639996290206909, 2.0953375496901572e-05, 0.5999860167503357, 3.0399909019470215, 3.1400089263916016],[-3.289167168566515]
1691622289.514143,[0.0010000100135803224, 1.570001482963562, 2.6399950981140137, 2.428590232739225e-05, 0.5999888777732849, 3.039999008178711, 3.140021562576294],[-3.3447552003191197]
1691622289.5759432,[0.0010000103712081909, 1.5700010061264038, 2.63999605178833, 2.2220559912966564e-05, 0.5999952554702759, 3.039992570877075, 3.140012502670288],[-3.287193629557073]
1691622289.6371439,[0.0010000088214874268, 1.569998860359192, 2.639997720718384, 1.6826483260956593e-05, 0.5999934673309326, 3.039996385574341, 3.1400158405303955],[-3.263511164519664]
1691622289.6982696,[0.001000009298324585, 1.5699983835220337, 2.6399950981140137, 1.6509031411260366e-05, 0.599994421005249, 3.039994239807129, 3.1400113105773926],[-3.1952596474631325]
1691622289.7599676,[0.001000009536743164, 1.569998025894165, 2.6399967670440674, 6.98397070664214e-06, 0.5999952554702759, 3.03999662399292, 3.1400113105773926],[-3.09806298799265]
1691622289.8223717,[0.001000009536743164, 1.5699964761734009, 2.6399993896484375, 2.8570789254445117e-06, 0.600001871585846, 3.039999485015869, 3.1400012969970703],[-3.0602369015547533]
1691622289.8846426,[0.0010000084638595581, 1.5699994564056396, 2.6399991512298584, 6.2831807136535645, 0.6000069975852966, 3.040005683898926, 3.1399965286254883],[-2.9937945912610537]
1691622289.9459696,[0.0010000077486038209, 1.5700017213821411, 2.6399991512298584, 6.28317928314209, 0.600006639957428, 3.040001153945923, 3.13999342918396],[-2.8217684027777166]
1691622290.0070999,[0.0010000075101852417, 1.569998860359192, 2.6400012969970703, 6.2831711769104, 0.6000088453292847, 3.0400025844573975, 3.139991521835327],[-2.7081260076912086]
1691622290.0694137,[0.0010000070333480834, 1.56999671459198, 2.640002965927124, 6.283166408538818, 0.6000095009803772, 3.0399980545043945, 3.1399805545806885],[-2.582642564488693]
1691622290.1310227,[0.0010000065565109253, 1.5699999332427979, 2.6399986743927, 6.283163547515869, 0.6000118851661682, 3.040001630783081, 3.13997745513916],[-2.5162005316468252]
1691622290.192435,[0.0010000064373016358, 1.5699962377548218, 2.6400012969970703, 6.283163547515869, 0.6000179052352905, 3.0399980545043945, 3.1399710178375244],[-2.4040385656018213]
1691622290.254128,[0.0010000070333480834, 1.5699982643127441, 2.6399970054626465, 6.2831621170043945, 0.60001140832901, 3.0399932861328125, 3.1399662494659424],[-2.3734489553993314]
1691622290.3153112,[0.001000006914138794, 1.570000171661377, 2.6399993896484375, 6.283161163330078, 0.600013792514801, 3.0399906635284424, 3.1399638652801514],[-2.305526889165171]
1691622290.3770747,[0.0010000065565109253, 1.570000410079956, 2.6399993896484375, 6.283163070678711, 0.6000112295150757, 3.0399889945983887, 3.1399614810943604],[-2.277404203487859]
1691622290.439078,[0.0010000064373016358, 1.570000171661377, 2.6400034427642822, 6.283166408538818, 0.6000106334686279, 3.03999924659729, 3.1399810314178467],[-2.29237007642888]
1691622290.5008562,[0.001000006675720215, 1.569996953010559, 2.6400065422058105, 6.283163547515869, 0.600009024143219, 3.0400054454803467, 3.1399803161621094],[-2.2811867866037128]
1691622290.562302,[0.0010000061988830566, 1.5699989795684814, 2.6400046348571777, 6.283171653747559, 0.6000099778175354, 3.0399975776672363, 3.139984607696533],[-2.3204927652077023]
1691622290.623539,[0.001000006079673767, 1.569997787475586, 2.6400034427642822, 6.283174991607666, 0.6000092029571533, 3.0400021076202393, 3.13999080657959],[-2.402887343583112]
1691622290.6860185,[0.001000006079673767, 1.5699996948242188, 2.639997720718384, 6.283181667327881, 0.6000028848648071, 3.0400004386901855, 3.1399903297424316],[-2.440055373910446]
1691622290.7468364,[0.0010000061988830566, 1.570000171661377, 2.6399970054626465, 0.0, 0.6000017523765564, 3.039999008178711, 3.139998435974121],[-2.548105859802114]
1691622290.8077312,[0.0010000064373016358, 1.570000410079956, 2.6399991512298584, 9.523596418148372e-07, 0.599999189376831, 3.0399959087371826, 3.1399905681610107],[-2.603857973618185]
1691622290.869723,[0.0010000058412551881, 1.570001482963562, 2.640000820159912, 3.809438567259349e-06, 0.5999910831451416, 3.0399959087371826, 3.1400017738342285],[-2.6827990635756254]
1691622290.9302645,[0.0010000057220458985, 1.5700007677078247, 2.63999605178833, 1.3334498362382874e-05, 0.5999884009361267, 3.039994955062866, 3.140002965927124],[-2.810585065124543]
1691622290.9913688,[0.0010000064373016358, 1.5700019598007202, 2.63999605178833, 1.90486571227666e-05, 0.5999939441680908, 3.039994239807129, 3.1400086879730225],[-2.8946245856037938]
1691622291.052322,[0.001000006675720215, 1.5699985027313232, 2.639998197555542, 2.476281406416092e-05, 0.5999926924705505, 3.039994716644287, 3.140007257461548],[-2.9095905342581316]
1691622291.1142766,[0.001000006079673767, 1.570001482963562, 2.6399967670440674, 1.7619386198930442e-05, 0.5999919176101685, 3.0399985313415527, 3.140016555786133],[-3.096253913981449]
1691622291.1751418,[0.0010000061988830566, 1.570005178451538, 2.6399972438812256, 1.793716728570871e-05, 0.5999895334243774, 3.03999400138855, 3.1400187015533447],[-3.0796433268009804]
1691622291.2364795,[0.001000006675720215, 1.5700050592422485, 2.639996290206909, 3.777839810936712e-05, 0.5999807715415955, 3.040001153945923, 3.1400272846221924],[-3.191970418895883]
1691622291.298218,[0.001000007152557373, 1.5699998140335083, 2.6400012969970703, 2.873024823202286e-05, 0.5999877452850342, 3.0400028228759766, 3.140030860900879],[-3.1932861103099532]
1691622291.35932,[0.0010000070333480834, 1.5700021982192993, 2.63999605178833, 1.428685754945036e-05, 0.5999893546104431, 3.0400028228759766, 3.140021562576294],[-3.2648268568731025]
1691622291.420157,[0.001000006675720215, 1.5700039863586426, 2.6399993896484375, 3.0476972824544646e-05, 0.5999815464019775, 3.0400032997131348, 3.140028238296509],[-3.328473495434603]
1691622291.4821644,[0.0010000057220458985, 1.5700006484985352, 2.639993190765381, 3.158732579322532e-05, 0.5999860167503357, 3.0399982929229736, 3.140026092529297],[-3.392778022605169]
1691622291.5441713,[0.0010000044107437134, 1.570001482963562, 2.6399965286254883, 2.2381183953257278e-05, 0.5999867916107178, 3.039994239807129, 3.1400084495544434],[-3.3151521025528825]
1691622291.6061134,[0.0010000046491622926, 1.570003628730774, 2.639993190765381, 2.0953375496901572e-05, 0.5999926924705505, 3.039999485015869, 3.1400153636932373],[-3.2679516262824793]
1691622291.6684992,[0.0010000047683715822, 1.5700017213821411, 2.639991283416748, 1.7143936929642223e-05, 0.599989652633667, 3.0399980545043945, 3.1400065422058105],[-3.3135074862736853]
1691622291.7291996,[0.001000004529953003, 1.570002794265747, 2.6399989128112793, 1.873120345408097e-05, 0.5999888777732849, 3.0399985313415527, 3.1400115489959717],[-3.269267318694847]
1691622291.7911978,[0.0010000027418136596, 1.5700031518936157, 2.6399967670440674, 9.841050086834002e-06, 0.5999953746795654, 3.0400021076202393, 3.1400089263916016],[-3.1822671952447474]
1691622291.8542473,[0.001000002145767212, 1.5699999332427979, 2.6399950981140137, 3.333990207465831e-06, 0.6000022292137146, 3.0400054454803467, 3.14001202583313],[-3.12487017930965]
1691622291.9161627,[0.001000002145767212, 1.5700010061264038, 2.6399996280670166, 0.0, 0.5999994874000549, 3.0400054454803467, 3.1400082111358643],[-3.0418172470064255]
1691622291.9782348,[0.001000002384185791, 1.5699996948242188, 2.640000104904175, 6.283183574676514, 0.6000046133995056, 3.040003538131714, 3.140000820159912],[-2.95021240517514]
1691622292.0392199,[0.0010000019073486328, 1.5700024366378784, 2.639998197555542, 6.283173561096191, 0.6000082492828369, 3.0400047302246094, 3.1399998664855957],[-2.856963031446712]
1691622292.10047,[0.0010000027418136596, 1.5699970722198486, 2.640000820159912, 6.283172607421875, 0.6000098586082458, 3.040001153945923, 3.1399965286254883],[-2.7355909467728217]
1691622292.1623278,[0.0010000022649765015, 1.5699998140335083, 2.6400036811828613, 6.28316593170166, 0.6000096201896667, 3.040003776550293, 3.139984369277954],[-2.6431640514992525]
1691622292.2237365,[0.0010000017881393432, 1.5699949264526367, 2.640005111694336, 6.283167362213135, 0.6000140905380249, 3.0400002002716064, 3.1399784088134766],[-2.513404704310273]
1691622292.284401,[0.001000002384185791, 1.5699940919876099, 2.639997720718384, 6.283168315887451, 0.600013792514801, 3.0400004386901855, 3.13997483253479],[-2.435614944947081]
1691622292.3451893,[0.0010000009536743164, 1.5699994564056396, 2.6400017738342285, 6.283170700073242, 0.6000151038169861, 3.039994716644287, 3.1399712562561035],[-2.330689297090312]
1691622292.4074202,[0.001000001072883606, 1.5699996948242188, 2.640003204345703, 6.283161163330078, 0.6000104546546936, 3.0399904251098633, 3.1399707794189453],[-2.276088522428604]
1691622292.467802,[0.0010000001192092896, 1.5699985027313232, 2.6399989128112793, 6.283161640167236, 0.6000127196311951, 3.039989948272705, 3.1399619579315186],[-2.263260632762555]
1691622292.5290036,[0.0010000001192092896, 1.5699985027313232, 2.640000104904175, 6.283163547515869, 0.6000147461891174, 3.0399928092956543, 3.1399707794189453],[-2.2532285660370013]
1691622292.5916636,[0.0010000005960464477, 1.5699974298477173, 2.6400022506713867, 6.283166885375977, 0.6000128388404846, 3.0400002002716064, 3.1399762630462646],[-2.2821735474337608]
1691622292.6523957,[0.0009999997615814209, 1.5700026750564575, 2.640000104904175, 6.283177375793457, 0.6000075936317444, 3.039994716644287, 3.139976739883423],[-2.312434216363238]
1691622292.7146037,[0.0009999990463256836, 1.5700019598007202, 2.6400043964385986, 6.283174991607666, 0.6000078916549683, 3.0400054454803467, 3.139988660812378],[-2.379533984818278]
1691622292.777028,[0.0009999984502792358, 1.5699959993362427, 2.640001058578491, 6.283178329467773, 0.6000036001205444, 3.0399930477142334, 3.139986276626587],[-2.445811485757546]
1691622292.8371873,[0.0009999982714653016, 1.5699999332427979, 2.6399972438812256, 6.283181190490723, 0.5999966263771057, 3.0400047302246094, 3.1399993896484375],[-2.523436790925331]
1691622292.8991644,[0.0009999982714653016, 1.5700007677078247, 2.6400012969970703, 6.349064278765582e-07, 0.6000017523765564, 3.0399975776672363, 3.139998435974121],[-2.594154801543015]
1691622292.9613829,[0.0009999977350234985, 1.5699999332427979, 2.639995574951172, 7.618877134518698e-06, 0.6000013947486877, 3.0399997234344482, 3.1400082111358643],[-2.6966137596913025]
1691622293.0229824,[0.0009999973773956298, 1.570002794265747, 2.6399989128112793, 1.3334498362382874e-05, 0.5999955534934998, 3.0399935245513916, 3.1400039196014404],[-2.790191922824895]
1691622293.0851996,[0.0009999977946281433, 1.5700019598007202, 2.6399972438812256, 1.5714666005806066e-05, 0.5999912619590759, 3.0399951934814453, 3.1400105953216553],[-2.8725868187420858]
1691622293.1471238,[0.0009999973177909852, 1.5700042247772217, 2.6400022506713867, 2.158828283427283e-05, 0.5999963283538818, 3.039991855621338, 3.140004873275757],[-2.954652853520225]
1691622293.2084165,[0.0009999975562095642, 1.5700010061264038, 2.6399965286254883, 2.3175547539722174e-05, 0.5999890565872192, 3.0399978160858154, 3.1400251388549805],[-3.0752028732496877]
1691622293.270427,[0.0009999979138374329, 1.5699987411499023, 2.640000104904175, 1.5874124073889107e-05, 0.5999877452850342, 3.039997100830078, 3.140017509460449],[-3.12437679535765]
1691622293.332483,[0.0009999976754188537, 1.570001244544983, 2.63999605178833, 1.7619386198930442e-05, 0.5999919176101685, 3.0400002002716064, 3.1400303840637207],[-3.241473320188101]
1691622293.3943233,[0.0009999979138374329, 1.5700019598007202, 2.639995813369751, 2.841279456333723e-05, 0.599984884262085, 3.0400004386901855, 3.14003324508667],[-3.2743656269578825]
1691622293.4572825,[0.0009999973773956298, 1.5700039863586426, 2.6399927139282227, 4.3492553231772035e-05, 0.5999804139137268, 3.0399999618530273, 3.1400246620178223],[-3.2776548582347482]
1691622293.518146,[0.0009999967813491821, 1.5700010061264038, 2.6400020122528076, 3.238169301766902e-05, 0.5999827980995178, 3.04000186920166, 3.140028953552246],[-3.3840615496571855]
1691622293.5793123,[0.000999996840953827, 1.5700047016143799, 2.6399998664855957, 2.142882476618979e-05, 0.599985659122467, 3.0400002002716064, 3.140028715133667],[-3.395244949055157]
1691622293.6417687,[0.0009999966621398926, 1.5700024366378784, 2.6399991512298584, 2.80953408946516e-05, 0.5999869704246521, 3.0399911403656006, 3.1400084495544434],[-3.36646414441743]
1691622293.7041988,[0.0009999963045120238, 1.5700026750564575, 2.63999605178833, 2.5873168851830997e-05, 0.5999871492385864, 3.040003776550293, 3.140016555786133],[-3.344261815282537]
1691622293.76444,[0.0009999963641166686, 1.5700037479400635, 2.639997720718384, 2.0953375496901572e-05, 0.5999910831451416, 3.039994716644287, 3.1400091648101807],[-3.2426245507414495]
1691622293.8268185,[0.0009999955296516418, 1.5699992179870605, 2.639998197555542, 1.4921763977326918e-05, 0.5999909043312073, 3.040006399154663, 3.1400105953216553],[-3.242295627724853]
1691622293.8882723,[0.000999994993209839, 1.5700045824050903, 2.640000104904175, 8.095788871287368e-06, 0.5999945998191833, 3.0400009155273438, 3.140009641647339],[-3.2385130131118665]
1691622293.9497137,[0.0009999952912330627, 1.570001482963562, 2.6399989128112793, 2.8570789254445117e-06, 0.5999977588653564, 3.0400068759918213, 3.1400108337402344],[-3.1714127427677985]
1691622294.011343,[0.0009999955296516418, 1.5700007677078247, 2.640001058578491, 6.283184051513672, 0.6000001430511475, 3.0400049686431885, 3.1400129795074463],[-3.090826692136461]
1691622294.0737069,[0.0009999951124191285, 1.5699983835220337, 2.640000343322754, 6.283177852630615, 0.6000058650970459, 3.0400054454803467, 3.1400041580200195],[-2.9997151914863096]
1691622294.1375425,[0.000999994993209839, 1.5699946880340576, 2.6400020122528076, 6.283179759979248, 0.6000074744224548, 3.0400054454803467, 3.1400034427642822],[-2.7768705979663]
1691622294.1980157,[0.0009999946355819702, 1.5699957609176636, 2.6399989128112793, 6.283171653747559, 0.6000071167945862, 3.0400054454803467, 3.1399950981140137],[-2.7452941303905805]
1691622294.2602496,[0.0009999940395355226, 1.5699962377548218, 2.6400034427642822, 6.283167362213135, 0.6000111103057861, 3.0400047302246094, 3.139984130859375],[-2.6951336136015738]
1691622294.321863,[0.0009999938607215882, 1.5699962377548218, 2.640004873275757, 6.283166408538818, 0.6000101566314697, 3.040006399154663, 3.1399776935577393],[-2.5444877293939068]
1691622294.3828619,[0.00099999338388443, 1.5699973106384277, 2.640002727508545, 6.283162593841553, 0.6000106334686279, 3.039998769760132, 3.139976978302002],[-2.4755788111501706]
1691622294.4436693,[0.0009999931454658508, 1.569997787475586, 2.6400020122528076, 6.2831621170043945, 0.6000192165374756, 3.039992094039917, 3.1399714946746826],[-2.340885829748351]
1691622294.506639,[0.0009999927878379822, 1.570000171661377, 2.6399991512298584, 6.283160209655762, 0.6000104546546936, 3.039991855621338, 3.139965772628784],[-2.325591031052264]
1691622294.568301,[0.0009999929070472718, 1.5699999332427979, 2.6399996280670166, 6.283160209655762, 0.6000158786773682, 3.039994478225708, 3.1399621963500977],[-2.275759602165766]
1691622294.6313763,[0.0009999927878379822, 1.56999933719635, 2.640000104904175, 6.283161163330078, 0.6000164747238159, 3.039994716644287, 3.1399760246276855],[-2.2711547185689622]
1691622294.693348,[0.0009999926090240479, 1.570001482963562, 2.639998197555542, 6.283160209655762, 0.600013792514801, 3.039996862411499, 3.139981985092163],[-2.2145804469131627]
1691622294.7560415,[0.0009999922513961792, 1.5699970722198486, 2.640007734298706, 6.283168315887451, 0.6000107526779175, 3.0399951934814453, 3.139979600906372],[-2.3025666061882375]
1691622294.8170948,[0.0009999918937683107, 1.5700002908706665, 2.640002727508545, 6.283171653747559, 0.6000087261199951, 3.0400002002716064, 3.139986276626587],[-2.3558517097376277]
1691622294.878266,[0.0009999915957450867, 1.56999671459198, 2.640001058578491, 6.283174991607666, 0.6000047326087952, 3.0400054454803467, 3.139989137649536],[-2.4444958030269257]
1691622294.9396317,[0.0009999913573265076, 1.5699985027313232, 2.640000343322754, 6.28318452835083, 0.6000009179115295, 3.040005683898926, 3.1399986743927],[-2.531659813341251]
1691622295.0013278,[0.0009999908208847047, 1.5700002908706665, 2.640000104904175, 1.4292709238361567e-06, 0.6000005006790161, 3.0399980545043945, 3.1399941444396973],[-2.59267465671811]
1691622295.063548,[0.0009999909996986388, 1.570000410079956, 2.640000104904175, 8.095788871287368e-06, 0.5999966263771057, 3.040003776550293, 3.1400020122528076],[-2.661583640534355]
1691622295.1250267,[0.0009999916553497315, 1.5700056552886963, 2.6399989128112793, 1.1905227438546717e-05, 0.599994421005249, 3.0399906635284424, 3.1400012969970703],[-2.7811465786163168]
1691622295.1869113,[0.0009999918341636659, 1.5700010061264038, 2.6399991512298584, 1.6984478861559182e-05, 0.5999931693077087, 3.0399985313415527, 3.140007257461548],[-2.8697909829600756]
1691622295.2484555,[0.0009999913573265076, 1.5700041055679321, 2.6399989128112793, 1.5397212337120436e-05, 0.5999919176101685, 3.039994239807129, 3.1400115489959717],[-2.9965904302155626]
1691622295.309787,[0.0009999915957450867, 1.5699999332427979, 2.639998435974121, 2.7142981707584113e-05, 0.5999874472618103, 3.03999400138855, 3.140022039413452],[-3.043132936510417]
1691622295.3712842,[0.0009999910593032836, 1.5700006484985352, 2.640000104904175, 1.5714666005806066e-05, 0.5999871492385864, 3.0399959087371826, 3.1400134563446045],[-3.1217454143201357]
1691622295.4337928,[0.00099999076128006, 1.570001482963562, 2.639997720718384, 2.1905734683969058e-05, 0.5999913811683655, 3.040001392364502, 3.140028953552246],[-3.2189420963110704]
1691622295.4950392,[0.000999990463256836, 1.5700050592422485, 2.639997720718384, 3.7937854358460754e-05, 0.5999850630760193, 3.040004014968872, 3.140031337738037],[-3.2827531669302674]
1691622295.5566843,[0.0009999908208847047, 1.5700041055679321, 2.639997959136963, 2.158828283427283e-05, 0.5999904274940491, 3.0400032997131348, 3.1400299072265625],[-3.2839043979624676]
1691622295.6178596,[0.0009999905824661255, 1.5700031518936157, 2.639998197555542, 2.1746276615886018e-05, 0.5999901294708252, 3.040003538131714, 3.140026807785034],[-3.374851692307891]
1691622295.6793025,[0.0009999909996986388, 1.570000410079956, 2.6400020122528076, 2.2858095690025948e-05, 0.599987268447876, 3.0399985313415527, 3.1400272846221924],[-3.3401502734085393]
1691622295.742638,[0.0009999911785125732, 1.5700047016143799, 2.6399972438812256, 2.6984986106981523e-05, 0.5999831557273865, 3.0399909019470215, 3.1400065422058105],[-3.3457419703998124]
1691622295.8023946,[0.0009999912977218628, 1.5700030326843262, 2.6399967670440674, 2.6032626919914037e-05, 0.5999863147735596, 3.0400075912475586, 3.1400134563446045],[-3.3988631079635074]
1691622295.8632524,[0.0009999908208847047, 1.570001482963562, 2.639995813369751, 2.158828283427283e-05, 0.5999888777732849, 3.039996862411499, 3.140009641647339],[-3.301008403454163]
1691622295.9260657,[0.0009999902248382568, 1.5699998140335083, 2.6399991512298584, 1.6032119674491696e-05, 0.5999926924705505, 3.040001392364502, 3.1400153636932373],[-3.3237041076507485]
1691622295.987043,[0.000999990463256836, 1.5700031518936157, 2.6399950981140137, 9.365601727040485e-06, 0.5999936461448669, 3.0400044918060303, 3.140007734298706],[-3.2302899383600714]
1691622296.0480936,[0.0009999897480010987, 1.5699983835220337, 2.6399970054626465, 7.778335202601738e-06, 0.5999982357025146, 3.0400023460388184, 3.1400134563446045],[-3.1832539637092374]
1691622296.1093364,[0.0009999899268150329, 1.5699989795684814, 2.640000104904175, 2.5396257115062326e-06, 0.6000030040740967, 3.040005922317505, 3.140015125274658],[-3.0589212118373896]
1691622296.3859148,[0.0009999897480010987, 1.5702065229415894, 2.5792672634124756, 0.00012095406418666244, 0.6658405661582947, 3.0611419677734375, 3.141052007675171],[-2.5979373939549517]
1691622296.4480479,[0.0009999886751174928, 1.5702961683273315, 2.5558505058288574, 4.190528852632269e-05, 0.7241157293319702, 3.065718173980713, 3.1413662433624268],[-2.521956646947957]
1691622296.5093393,[0.0009999884366989136, 1.5703885555267334, 2.546048164367676, 6.2830705642700195, 0.7642724514007568, 3.067481517791748, 3.1414544582366943],[-2.38183642845551]
1691622296.5702078,[0.0009999886751174928, 1.570502758026123, 2.5350565910339355, 0.00013063712685834616, 0.8312948346138, 3.0700600147247314, 3.141554355621338],[-2.3454907157198557]
1691622296.633887,[0.000999988317489624, 1.5705071687698364, 2.529437780380249, 4.286349849280668e-06, 0.8860183954238892, 3.071150302886963, 3.141531229019165],[-2.281680167017846]
1691622296.6955543,[0.0009999884366989136, 1.5705997943878174, 2.526233434677124, 0.0001831763656809926, 0.9253053665161133, 3.072038173675537, 3.141578197479248],[-2.2624383321837946]
1691622296.756048,[0.0009999877214431764, 1.570615291595459, 2.5225515365600586, 6.283164024353027, 0.994198739528656, 3.0726823806762695, 3.1415855884552],[-2.261287111381784]
1691622296.8171835,[0.000999988317489624, 1.5706493854522705, 2.5201871395111084, 9.206143658957444e-06, 1.0454555749893188, 3.0728204250335693, 3.1416027545928955],[-2.267536595851376]
1691622296.878203,[0.0009999879598617553, 1.570669174194336, 2.518763780593872, 2.0318469978519715e-05, 1.0972243547439575, 3.072983980178833, 3.141584634780884],[-2.277568663621156]
1691622296.9402645,[0.000999988317489624, 1.5706881284713745, 2.5179829597473145, 1.6191577742574736e-05, 1.1497516632080078, 3.0730719566345215, 3.141603469848633],[-2.288258572710032]
1691622297.0022998,[0.0009999881982803345, 1.5707013607025146, 2.516960859298706, 2.3175547539722174e-05, 1.2031887769699097, 3.0731797218322754, 3.141606569290161],[-2.312763136714811]
1691622297.0640392,[0.0009999883770942688, 1.5707175731658936, 2.5161802768707275, 3.34920478053391e-05, 1.2582687139511108, 3.0732226371765137, 3.141606092453003],[-2.3379255459933788]
1691622297.12626,[0.0009999885559082032, 1.5707355737686157, 2.5159785747528076, 6.571574340341613e-05, 1.3110227584838867, 3.0732712745666504, 3.1416125297546387],[-2.3515757438547444]
1691622297.1887815,[0.0009999887943267823, 1.5707632303237915, 2.5159108638763428, 8.571529906475917e-05, 1.3635658025741577, 3.0732815265655518, 3.141608476638794],[-2.3732844951486625]
1691622297.2503138,[0.0009999895095825196, 1.5708069801330566, 2.515869617462158, 0.0001284134923480451, 1.4174840450286865, 3.073333978652954, 3.141619920730591],[-2.4152218657414006]
1691622297.311319,[0.0009999894499778748, 1.5708439350128174, 2.5158424377441406, 0.00015254139725584537, 1.4704550504684448, 3.0733649730682373, 3.1416008472442627],[-2.3775604617327]
1691622297.3730485,[0.0009999892711639404, 1.5708513259887695, 2.5158345699310303, 0.0001798438315745443, 1.5235698223114014, 3.0734035968780518, 3.1416094303131104],[-2.3964733925217643]
1691622297.434807,[0.0009999895691871644, 1.5708478689193726, 2.5158331394195557, 0.00011381063814042136, 1.5738691091537476, 3.073415994644165, 3.1416049003601074],[-2.40469640675993]
1691622297.4960523,[0.0009999889135360717, 1.5708460807800293, 2.5158255100250244, 0.00011000120139215142, 1.6269338130950928, 3.0734381675720215, 3.1416032314300537],[-2.3926908061458465]
1691622297.5579882,[0.0009999889135360717, 1.570849895477295, 2.5158133506774902, 0.0003849244676530361, 1.6665418148040771, 3.0734448432922363, 3.141561985015869],[-2.372462193898393]
1691622297.6205647,[0.0009999887943267823, 1.5708587169647217, 2.5157952308654785, 0.0001853985304478556, 1.732600212097168, 3.073441982269287, 3.141618013381958],[-2.3897305212321798]
1691622297.6824496,[0.0009999892711639404, 1.5708636045455933, 2.515793561935425, 0.0002966695465147495, 1.7874237298965454, 3.0734434127807617, 3.1416094303131104],[-2.360621056461715]
1691622297.744082,[0.0009999887943267823, 1.5708603858947754, 2.515794515609741, 0.0002080971753457561, 1.8378205299377441, 3.0734641551971436, 3.1416268348693848],[-2.3250976504782113]
1691622297.8061783,[0.0009999893307685852, 1.5708571672439575, 2.515794515609741, 0.0004990525776520371, 1.8949402570724487, 3.0734899044036865, 3.141584873199463],[-2.2852982901092926]
1691622297.8673353,[0.0009999889731407165, 1.5708603858947754, 2.515791654586792, 0.0004176221555098891, 1.944789171218872, 3.0734922885894775, 3.141594409942627],[-2.2655630744092377]
1691622297.9282913,[0.0009999887347221376, 1.570833444595337, 2.5158157348632812, 1.2857586625614204e-05, 1.9848958253860474, 3.0735504627227783, 3.1416101455688477],[-2.23283551460865]
1691622297.9904141,[0.0009999884963035584, 1.5708622932434082, 2.5157899856567383, 0.00039619478047825396, 2.0476627349853516, 3.0735397338867188, 3.141601324081421],[-2.1785636986844574]
1691622298.051387,[0.00099998939037323, 1.570830225944519, 2.51583194732666, 0.0003119072935078293, 2.090489625930786, 3.073683261871338, 3.1416852474212646],[-2.0716647274619997]
1691622298.1134317,[0.0009999895095825196, 1.5708335638046265, 2.5158205032348633, 0.00022206510766409338, 2.115628242492676, 3.0736312866210938, 3.141636371612549],[-2.078736503144821]
1691622298.1736827,[0.0009999898672103883, 1.5708212852478027, 2.51583194732666, 5.8889767387881875e-05, 2.1306874752044678, 3.0736937522888184, 3.141599416732788],[-2.0331811168295553]
1691622298.2360404,[0.0009999897480010987, 1.5708473920822144, 2.5158097743988037, 2.508026773284655e-05, 2.13490891456604, 3.0736379623413086, 3.1416380405426025],[-2.0109790382440718]
1691622298.2976165,[0.0009999902248382568, 1.5708506107330322, 2.515796422958374, 1.0794872650876641e-05, 2.137378692626953, 3.0735487937927246, 3.1416172981262207],[-2.055876578313474]
1691622298.3596103,[0.0009999902248382568, 1.5708322525024414, 2.5158212184906006, 6.2831315994262695, 2.1403987407684326, 3.0736753940582275, 3.141639471054077],[-1.9478264767339493]
1691622298.4215384,[0.0009999900460243225, 1.5708361864089966, 2.515812635421753, 6.283177375793457, 2.1411397457122803, 3.07363224029541, 3.141599416732788],[-1.9366432133064717]
1691622298.482961,[0.0009999901056289672, 1.5708444118499756, 2.5158004760742188, 1.1118177098978776e-06, 2.1421782970428467, 3.0735671520233154, 3.1416015625],[-1.9108230345971005]
1691622298.5447443,[0.0009999897480010987, 1.570834755897522, 2.515808343887329, 6.283183574676514, 2.143496513366699, 3.0736167430877686, 3.14160418510437],[-1.9328606390918526]
1691622298.6082566,[0.0009999900460243225, 1.5708413124084473, 2.515810966491699, 4.031802382087335e-05, 2.1436688899993896, 3.073596954345703, 3.1415610313415527],[-1.9170725042173846]
1691622298.669288,[0.0009999900460243225, 1.5708361864089966, 2.5158097743988037, 2.1905734683969058e-05, 2.1437690258026123, 3.073601007461548, 3.14160418510437],[-1.875793117298274]
1691622298.7309878,[0.0009999900460243225, 1.5708421468734741, 2.515808343887329, 2.2381183953257278e-05, 2.1438612937927246, 3.073592185974121, 3.1416079998016357],[-1.9109874943208054]
1691622298.7929325,[0.0009999899864196777, 1.5708414316177368, 2.515808582305908, 3.508077497826889e-05, 2.1439249515533447, 3.073589324951172, 3.1415891647338867],[-1.9022711291981715]
1691622298.8545907,[0.0009999900460243225, 1.5708388090133667, 2.51580810546875, 2.142882476618979e-05, 2.143946647644043, 3.0736000537872314, 3.1416072845458984],[-1.8486572710887628]
1691622298.9161797,[0.0009999905824661255, 1.5708436965942383, 2.515806198120117, 1.7778844267013483e-05, 2.1439733505249023, 3.073579788208008, 3.1416118144989014],[-1.970521925559447]
1691622298.9773302,[0.0009999910593032836, 1.5708364248275757, 2.5158066749572754, 1.9683562641148455e-05, 2.1440508365631104, 3.0736000537872314, 3.1416211128234863],[-2.026438262989472]
1691622299.0401788,[0.000999991238117218, 1.5708364248275757, 2.5158050060272217, 1.2382138265820686e-05, 2.144102096557617, 3.073603630065918, 3.141630172729492],[-1.9780870759042113]
1691622299.1002762,[0.0009999913573265076, 1.5708394050598145, 2.515803575515747, 1.14297790787532e-05, 2.144109010696411, 3.073578119277954, 3.141634941101074],[-2.040746270276889]
1691622299.162127,[0.0009999917149543763, 1.5708364248275757, 2.51580548286438, 1.2222680197737645e-05, 2.144120454788208, 3.073586940765381, 3.1416375637054443],[-2.15833511807103]
1691622299.224605,[0.0009999921917915344, 1.5708343982696533, 2.5158045291900635, 1.6667025192873552e-05, 2.1441309452056885, 3.073582649230957, 3.1416373252868652],[-2.1428758795272915]
1691622299.287921,[0.0009999920725822448, 1.570837140083313, 2.5158066749572754, 1.9206650904379785e-05, 2.1441283226013184, 3.073584794998169, 3.1416401863098145],[-2.2080020447234734]
1691622299.3505573,[0.0009999926090240479, 1.5708332061767578, 2.515803813934326, 1.793683804862667e-05, 2.144129514694214, 3.073573589324951, 3.1416380405426025],[-2.183168579225274]
1691622299.4124439,[0.000999992549419403, 1.5708330869674683, 2.5158023834228516, 2.508026773284655e-05, 2.144129991531372, 3.0735700130462646, 3.141641616821289],[-2.194187401126205]
1691622299.4760678,[0.0009999926686286927, 1.5708311796188354, 2.5158066749572754, 2.2540642021340318e-05, 2.144129514694214, 3.07356858253479, 3.141632318496704],[-2.2300396932752506]
1691622299.5387177,[0.0009999926090240479, 1.5708324909210205, 2.5158071517944336, 2.079391742881853e-05, 2.144134283065796, 3.0735602378845215, 3.141629457473755],[-2.239578378055626]
1691622299.599339,[0.0009999935030937195, 1.5708292722702026, 2.515808343887329, 1.6667025192873552e-05, 2.1441352367401123, 3.073559284210205, 3.1416282653808594],[-2.3283868543394686]
1691622299.6601872,[0.0009999929666519166, 1.5708247423171997, 2.515807628631592, 1.3969404790259432e-05, 2.144138813018799, 3.0735650062561035, 3.1416244506835938],[-2.2533930261413735]
1691622299.7234678,[0.0009999935626983643, 1.5708216428756714, 2.5158090591430664, 1.4921763977326918e-05, 2.144129991531372, 3.073539972305298, 3.141597032546997],[-2.258655749584757]
1691622299.7847376,[0.0009999933242797851, 1.5708191394805908, 2.5158121585845947, 1.428685754945036e-05, 2.1441380977630615, 3.0735363960266113, 3.141606092453003],[-2.2716480989469336]
1691622299.846235,[0.0009999935626983643, 1.570817470550537, 2.5158145427703857, 5.714157850889023e-06, 2.1441457271575928, 3.073545455932617, 3.141611337661743],[-2.259149129917871]
1691622299.909117,[0.0009999935030937195, 1.5708168745040894, 2.515817880630493, 1.0000508154917043e-05, 2.144136905670166, 3.0735344886779785, 3.1415982246398926],[-2.263425092878897]
1691622299.9705215,[0.0009999934434890747, 1.570813775062561, 2.515819549560547, 9.523596418148372e-07, 2.1441595554351807, 3.073552131652832, 3.141608715057373],[-2.101431971574888]
1691622300.0318253,[0.0009999942183494567, 1.5708184242248535, 2.5158207416534424, 3.333990207465831e-06, 2.1441400051116943, 3.0735270977020264, 3.1415979862213135],[-2.205041763838595]
1691622300.0945263,[0.0009999942183494567, 1.5708128213882446, 2.515825033187866, 6.283178329467773, 2.1441457271575928, 3.0735268592834473, 3.1416032314300537],[-2.060974834626619]
1691622300.1578631,[0.0009999948143959046, 1.570816159248352, 2.515834331512451, 6.283177375793457, 2.144148826599121, 3.0735292434692383, 3.141594409942627],[-2.0871239584621737]
1691622300.219396,[0.0009999945163726807, 1.5708152055740356, 2.51583194732666, 6.283174991607666, 2.1441431045532227, 3.073516845703125, 3.1415927410125732],[-2.1063657695230016]
1691622300.280381,[0.0009999945163726807, 1.570812463760376, 2.5158402919769287, 6.283168792724609, 2.144153594970703, 3.0735268592834473, 3.141594409942627],[-2.059659155561407]
1691622300.3421981,[0.0009999942183494567, 1.5708115100860596, 2.515845775604248, 6.283172130584717, 2.1441540718078613, 3.0735161304473877, 3.1415860652923584],[-1.937136592558553]
1691622300.4035606,[0.0009999937415122986, 1.5708098411560059, 2.515847682952881, 6.283169269561768, 2.1441550254821777, 3.0735104084014893, 3.1415822505950928],[-1.8970084184109264]
1691622300.4657717,[0.0009999942779541015, 1.5708082914352417, 2.5158541202545166, 6.283174991607666, 2.1441569328308105, 3.0735137462615967, 3.141568422317505],[-1.8604983670604915]
1691622300.5262353,[0.0009999948143959046, 1.5708072185516357, 2.515862464904785, 6.283176898956299, 2.14414644241333, 3.07350492477417, 3.1415631771087646],[-1.8779310932529085]
1691622300.5872462,[0.0009999951124191285, 1.5708096027374268, 2.515855550765991, 6.283176422119141, 2.1441450119018555, 3.0735011100769043, 3.141563892364502],[-1.7853403139827813]
1691622300.6495695,[0.0009999954104423522, 1.5708134174346924, 2.515857458114624, 9.523596418148372e-07, 2.1441421508789062, 3.073495388031006, 3.1415579319000244],[-1.8333625233913335]
1691622300.7100973,[0.0009999954104423522, 1.5708072185516357, 2.5158581733703613, 7.460881988663459e-06, 2.1441409587860107, 3.0734944343566895, 3.141550064086914],[-1.7572177251121623]
1691622300.771841,[0.000999995470046997, 1.5708072185516357, 2.515862464904785, 5.714157850889023e-06, 2.1441519260406494, 3.0735137462615967, 3.141575336456299],[-1.8304022498075296]
1691622300.8326018,[0.0009999963045120238, 1.5708118677139282, 2.5158634185791016, 8.888689990271814e-06, 2.1441385746002197, 3.0734922885894775, 3.141569137573242],[-1.794550051704698]
1691622300.8931024,[0.0009999961853027345, 1.570805549621582, 2.5158650875091553, 1.5556670405203477e-05, 2.144139289855957, 3.073497772216797, 3.1415674686431885],[-1.8409276672358759]
1691622300.956106,[0.0009999966025352478, 1.5708059072494507, 2.515869617462158, 1.015850284602493e-05, 2.1441421508789062, 3.073509454727173, 3.1415843963623047],[-1.8425722637698412]
1691622301.017468,[0.0009999964237213134, 1.5708082914352417, 2.515871524810791, 1.047595651471056e-05, 2.1441402435302734, 3.0734970569610596, 3.1415858268737793],[-1.8792467707775062]
1691622301.0791714,[0.0009999966025352478, 1.5708059072494507, 2.5158729553222656, 3.49198535332107e-06, 2.1441471576690674, 3.0735056400299072, 3.141601324081421],[-1.9779226161101762]
1691622301.1404157,[0.000999996066093445, 1.5708072185516357, 2.515874147415161, 1.5872660696913954e-06, 2.1441500186920166, 3.0735111236572266, 3.1416053771972656],[-1.9963421141323505]
1691622301.2010138,[0.0009999969005584717, 1.5708063840866089, 2.5158755779266357, 3.333990207465831e-06, 2.1441380977630615, 3.073497772216797, 3.141620397567749],[-2.0099922792711093]
1691622301.2630696,[0.000999997079372406, 1.5708000659942627, 2.515883207321167, 1.4292709238361567e-06, 2.1441469192504883, 3.073509931564331, 3.141627073287964],[-2.0502849425569414]
1691622301.3259766,[0.0009999974370002746, 1.570802092552185, 2.5158848762512207, 6.2831830978393555, 2.1441457271575928, 3.07350754737854, 3.1416172981262207],[-2.0966626337160554]
1691622301.387122,[0.0009999977946281433, 1.5708019733428955, 2.51589298248291, 1.4292709238361567e-06, 2.14414381980896, 3.073516368865967, 3.141627073287964],[-2.206521904273247]
1691622301.4470315,[0.0009999979138374329, 1.5708030462265015, 2.515887975692749, 1.4292709238361567e-06, 2.1441421508789062, 3.0735061168670654, 3.1416289806365967],[-2.1890891401401227]
1691622301.5090494,[0.0009999979138374329, 1.5708017349243164, 2.51589035987854, 6.3490642787655815e-06, 2.1441376209259033, 3.073507308959961, 3.141627550125122],[-2.23217767428986]
1691622301.5713787,[0.0009999982118606568, 1.5708023309707642, 2.515894889831543, 5.079251423012465e-06, 2.1441409587860107, 3.073511838912964, 3.141622304916382],[-2.255037627195868]
1691622301.6328142,[0.0009999982714653016, 1.5707968473434448, 2.5158920288085938, 1.3809946722176392e-05, 2.1441380977630615, 3.0735111236572266, 3.1416172981262207],[-2.3224662874471846]
1691622301.693236,[0.0009999982714653016, 1.5707991123199463, 2.515894889831543, 9.841050086834002e-06, 2.144139528274536, 3.073509454727173, 3.1416218280792236],[-2.290067634331029]
1691622301.7562711,[0.0009999989867210388, 1.5708030462265015, 2.5158939361572266, 8.095788871287368e-06, 2.144144058227539, 3.073514461517334, 3.141617774963379],[-2.3348008021008946]
