timestamp,joint_position,linear_potentiometer
1691622038.6611512,[0.0, 0.0, 0.0, 0.0, 0.0, 0.0, 0.0],[0]
1691622038.713262,[0.0010000202655792237, 1.5699982643127441, 2.6400017738342285, 6.2831830978393555, 0.6000000238418579, 3.039996862411499, 3.1399989128112793],[0]
1691622038.7750783,[0.0010000214576721192, 1.5699973106384277, 2.639998197555542, 6.283175945281982, 0.6000080704689026, 3.0399951934814453, 3.1399970054626465],[-2.493504993887775]
1691622038.8370762,[0.001000020980834961, 1.5699996948242188, 2.6399991512298584, 6.283182144165039, 0.600002646446228, 3.0399985313415527, 3.140001058578491],[-2.6321451915546046]
1691622038.8976579,[0.0010000208616256713, 1.5700007677078247, 2.6399972438812256, 4.761798209074186e-06, 0.6000005006790161, 3.0399982929229736, 3.1400039196014404],[-2.7089483111629233]
1691622038.9592493,[0.0010000214576721192, 1.5699992179870605, 2.6399972438812256, 9.683054486231413e-06, 0.599994421005249, 3.0399959087371826, 3.1400082111358643],[-2.8365698807835957]
1691622039.0214322,[0.001000020980834961, 1.570002794265747, 2.6399974822998047, 1.2699591934506316e-05, 0.5999977588653564, 3.03999400138855, 3.140002727508545],[-2.8665017644827944]
1691622039.082421,[0.0010000213384628296, 1.570001244544983, 2.6399993896484375, 1.90486571227666e-05, 0.5999898314476013, 3.0399980545043945, 3.140009880065918],[-2.9847492304365053]
1691622039.143431,[0.0010000197887420654, 1.56999933719635, 2.639997959136963, 2.492080966476351e-05, 0.5999864935874939, 3.0400025844573975, 3.140019655227661],[-3.096747297799566]
1691622039.2063947,[0.0010000118017196656, 1.5700021982192993, 2.6399991512298584, 2.841279456333723e-05, 0.5999869704246521, 3.0399997234344482, 3.140016555786133],[-3.1380270855674492]
1691622039.2682495,[0.0010000100135803224, 1.570001244544983, 2.63999605178833, 3.508077497826889e-05, 0.599984884262085, 3.0400028228759766, 3.1400227546691895],[-3.2225602487090526]
1691622039.32929,[0.0010000087022781373, 1.5700024366378784, 2.639993190765381, 2.841279456333723e-05, 0.599983811378479, 3.0400054454803467, 3.140026092529297],[-3.3514981294040154]
1691622039.391263,[0.0010000075101852417, 1.5700024366378784, 2.639995813369751, 2.3333543140324764e-05, 0.5999858379364014, 3.040001153945923, 3.140028238296509],[-3.2686094724864794]
1691622039.452443,[0.0010000079870223998, 1.5700019598007202, 2.639993667602539, 3.285714046796784e-05, 0.599985659122467, 3.039998769760132, 3.140028238296509],[-3.3610369079359033]
1691622039.5129488,[0.0010000077486038209, 1.5700031518936157, 2.640000104904175, 2.6508076189202257e-05, 0.599984884262085, 3.040003776550293, 3.1400249004364014],[-3.3582410589583915]
1691622039.5741522,[0.0010000079870223998, 1.5700032711029053, 2.6399967670440674, 2.3810454877093434e-05, 0.5999885201454163, 3.039991855621338, 3.140014171600342],[-3.33768334836768]
1691622039.6350625,[0.0010000073909759522, 1.5700002908706665, 2.6399941444396973, 2.0318469978519715e-05, 0.5999886989593506, 3.040001153945923, 3.1400198936462402],[-3.3098893305567265]
1691622039.697027,[0.0010000075101852417, 1.5700037479400635, 2.6399965286254883, 2.04764637601329e-05, 0.5999919176101685, 3.0399961471557617, 3.1400094032287598],[-3.2419667047093395]
1691622039.7586606,[0.0010000064373016358, 1.5700017213821411, 2.6399993896484375, 1.3175040294299833e-05, 0.5999998450279236, 3.0399985313415527, 3.140014410018921],[-3.266471472339445]
1691622039.8194842,[0.001000006675720215, 1.5700023174285889, 2.6399965286254883, 7.936330803204328e-06, 0.59999680519104, 3.0400030612945557, 3.1400091648101807],[-3.233085783699847]
1691622039.881969,[0.0010000064373016358, 1.5700007677078247, 2.6399991512298584, 2.381630565650994e-06, 0.600004255771637, 3.0400073528289795, 3.1400105953216553],[-3.107108358520945]
1691622039.9447825,[0.0010000063180923462, 1.5700019598007202, 2.640003204345703, 6.283181667327881, 0.6000020503997803, 3.0400049686431885, 3.1399998664855957],[-3.070926881119003]
1691622040.0046558,[0.0010000061988830566, 1.5700032711029053, 2.6399993896484375, 6.283178329467773, 0.6000065207481384, 3.0400054454803467, 3.1399974822998047],[-2.9109062221490842]
1691622040.0654423,[0.0010000064373016358, 1.569998025894165, 2.639998435974121, 6.283174991607666, 0.6000117063522339, 3.0400054454803467, 3.139988422393799],[-2.8112429084853794]
1691622040.1270745,[0.0010000057220458985, 1.56999671459198, 2.640002489089966, 6.283168315887451, 0.6000128388404846, 3.040006399154663, 3.1399898529052734],[-2.691022096783133]
1691622040.188281,[0.0010000052452087402, 1.5699999332427979, 2.640000581741333, 6.283166408538818, 0.600013017654419, 3.0400021076202393, 3.1399786472320557],[-2.6183305028989]
1691622040.2514682,[0.0010000048875808715, 1.5699987411499023, 2.640001058578491, 6.283163070678711, 0.6000131368637085, 3.0400032997131348, 3.139979124069214],[-2.508635351938755]
1691622040.3123846,[0.0010000042915344239, 1.5699985027313232, 2.6400012969970703, 6.28316068649292, 0.6000101566314697, 3.0400030612945557, 3.139971971511841],[-2.3344718816954035]
1691622040.3752882,[0.0010000030994415283, 1.5699985027313232, 2.6400012969970703, 6.283166885375977, 0.6000163555145264, 3.039996862411499, 3.139972448348999],[-2.3741067964040563]
1691622040.4366639,[0.0010000028610229492, 1.5699974298477173, 2.640002727508545, 6.283161163330078, 0.6000174880027771, 3.0399911403656006, 3.1399660110473633],[-2.3389123072377505]
1691622040.4978333,[0.0010000025033950807, 1.570000171661377, 2.639997959136963, 6.283163070678711, 0.600012481212616, 3.0399909019470215, 3.139965057373047],[-2.321808446697474]
1691622040.559246,[0.0010000026226043702, 1.5700002908706665, 2.6399996280670166, 6.28316593170166, 0.600014865398407, 3.039999008178711, 3.139979839324951],[-2.342037051226333]
1691622040.6214209,[0.0010000022649765015, 1.5699959993362427, 2.640001058578491, 6.2831645011901855, 0.600016176700592, 3.0400009155273438, 3.1399831771850586],[-2.308980552720088]
1691622040.6822755,[0.0010000026226043702, 1.5700007677078247, 2.6400036811828613, 6.283173561096191, 0.6000041365623474, 3.0399978160858154, 3.1399898529052734],[-2.3369387847562884]
1691622040.743472,[0.001000003457069397, 1.5700021982192993, 2.640001058578491, 6.283171653747559, 0.6000034809112549, 3.039997100830078, 3.1399855613708496],[-2.4119326597182598]
1691622040.8051357,[0.0010000028610229492, 1.5699985027313232, 2.6400012969970703, 6.283175945281982, 0.6000030040740967, 3.0400030612945557, 3.139996290206909],[-2.509293193634402]
1691622040.8666847,[0.0010000025033950807, 1.5700007677078247, 2.640002965927124, 6.283182144165039, 0.6000028848648071, 3.0400049686431885, 3.140000104904175],[-2.527219381169377]
1691622040.92707,[0.0010000020265579224, 1.5700019598007202, 2.6400020122528076, 6.283180236816406, 0.5999994874000549, 3.03999662399292, 3.139996290206909],[-2.6265535316701114]
1691622040.9885542,[0.0010000022649765015, 1.5699994564056396, 2.639997720718384, 6.98397070664214e-06, 0.6000009179115295, 3.0400009155273438, 3.140002965927124],[-2.7249009996561915]
1691622041.05029,[0.0010000016689300536, 1.5700026750564575, 2.6399993896484375, 9.365601727040485e-06, 0.5999976396560669, 3.039998769760132, 3.1400058269500732],[-2.791178687690916]
1691622041.111961,[0.0010000011920928956, 1.570000410079956, 2.6400017738342285, 1.3492493053490762e-05, 0.5999955534934998, 3.0399956703186035, 3.1400060653686523],[-2.87817849051676]
1691622041.1720097,[0.0010000002384185792, 1.5699987411499023, 2.6399967670440674, 2.111137109750416e-05, 0.5999869704246521, 3.0399951934814453, 3.1400115489959717],[-2.9793220143069723]
1691622041.232971,[0.0009999994635581971, 1.5700035095214844, 2.639996290206909, 2.0953375496901572e-05, 0.5999893546104431, 3.0399978160858154, 3.1400210857391357],[-3.0502047678750817]
1691622041.2949526,[0.0009999995827674865, 1.5700054168701172, 2.63999605178833, 2.7619893444352783e-05, 0.5999839305877686, 3.0399975776672363, 3.1400086879730225],[-3.1656565941966743]
1691622041.3570795,[0.0009999994635581971, 1.5700024366378784, 2.639998197555542, 1.6032119674491696e-05, 0.5999926924705505, 3.03999924659729, 3.1400258541107178],[-3.266800395435987]
1691622041.419026,[0.0009999991059303284, 1.5700045824050903, 2.640002489089966, 1.6984478861559182e-05, 0.5999869704246521, 3.040008068084717, 3.140028238296509],[-3.3186057968292206]
1691622041.4792657,[0.0009999983310699464, 1.5699989795684814, 2.639998435974121, 1.6667025192873552e-05, 0.5999879240989685, 3.0400099754333496, 3.140028715133667],[-3.3855417053849655]
1691622041.5422752,[0.0009999983310699464, 1.5700026750564575, 2.639997720718384, 2.428590232739225e-05, 0.5999847650527954, 3.0400044918060303, 3.1400246620178223],[-3.3638327569943374]
1691622041.605067,[0.0009999982118606568, 1.5700017213821411, 2.6399998664855957, 2.5715173251228407e-05, 0.5999858379364014, 3.0400075912475586, 3.14003324508667],[-3.3991920315074173]
1691622041.6655421,[0.0009999985694885253, 1.5700035095214844, 2.63999605178833, 2.841279456333723e-05, 0.5999855399131775, 3.039999485015869, 3.1400134563446045],[-3.357254288750344]
1691622041.7274315,[0.0009999977946281433, 1.570005178451538, 2.639997720718384, 3.269914668635465e-05, 0.5999763011932373, 3.0399978160858154, 3.140017032623291],[-3.324033030938699]
1691622041.7901819,[0.000999997079372406, 1.5700017213821411, 2.639993190765381, 1.7461390598327853e-05, 0.5999898314476013, 3.0400023460388184, 3.1400091648101807],[-3.3143297944098276]
1691622041.850984,[0.0009999974370002746, 1.5699998140335083, 2.6399970054626465, 1.460431121813599e-05, 0.5999901294708252, 3.0399997234344482, 3.1400153636932373],[-3.2498608573810364]
1691622041.9123363,[0.0009999972581863404, 1.5699996948242188, 2.639997720718384, 8.888689990271814e-06, 0.5999971032142639, 3.040003776550293, 3.140010118484497],[-3.2289742464624824]
1691622041.9731455,[0.000999997079372406, 1.570001482963562, 2.6399993896484375, 3.809438567259349e-06, 0.5999998450279236, 3.040003776550293, 3.1400115489959717],[-3.155788911687318]
1691622042.0343778,[0.0009999967813491821, 1.5700026750564575, 2.639998197555542, 6.283183574676514, 0.6000065207481384, 3.0400023460388184, 3.1400084495544434],[-3.0765185631711702]
1691622042.094934,[0.0009999971985816957, 1.5699996948242188, 2.6400022506713867, 6.283177375793457, 0.6000058650970459, 3.040008068084717, 3.1400020122528076],[-2.97471710386599]
1691622042.1569884,[0.000999997615814209, 1.5699983835220337, 2.640000820159912, 6.283173084259033, 0.6000096201896667, 3.040008306503296, 3.1399943828582764],[-2.848246603693761]
1691622042.2183714,[0.0009999973177909852, 1.5699998140335083, 2.640001058578491, 6.283170700073242, 0.6000087261199951, 3.0400054454803467, 3.139984130859375],[-2.7413470725499534]
1691622042.27996,[0.0009999967217445374, 1.5699949264526367, 2.639997959136963, 6.283165454864502, 0.6000102758407593, 3.040003776550293, 3.1399898529052734],[-2.5930035777887595]
1691622042.3406563,[0.000999996840953827, 1.5699989795684814, 2.6400017738342285, 6.283159255981445, 0.6000144481658936, 3.04000186920166, 3.1399810314178467],[-2.52442355358665]
1691622042.4033642,[0.0009999967217445374, 1.5699987411499023, 2.6400012969970703, 6.283159255981445, 0.6000169515609741, 3.03999924659729, 3.1399686336517334],[-2.413412802418376]
1691622042.4655683,[0.0009999961853027345, 1.56999671459198, 2.640002965927124, 6.283159255981445, 0.6000115871429443, 3.0399906635284424, 3.139967441558838],[-2.388250378800406]
1691622042.5274816,[0.0009999961853027345, 1.570000171661377, 2.640000104904175, 6.283157825469971, 0.6000156998634338, 3.0399904251098633, 3.139965295791626],[-2.2746083812520554]
1691622042.5891523,[0.000999995768070221, 1.5699973106384277, 2.640000820159912, 6.2831549644470215, 0.6000139713287354, 3.0399932861328125, 3.139965534210205],[-2.2644118535810778]
1691622042.650603,[0.0009999958872795105, 1.5699979066848755, 2.640000104904175, 6.283164978027344, 0.6000133156776428, 3.039997100830078, 3.139975070953369],[-2.2479658428004305]
1691622042.7123604,[0.0009999957084655762, 1.5700019598007202, 2.6400017738342285, 6.2831645011901855, 0.6000123620033264, 3.0399978160858154, 3.139982223510742],[-2.2943435982580516]
1691622042.7749255,[0.0009999963641166686, 1.5699994564056396, 2.6399996280670166, 6.283168315887451, 0.6000122427940369, 3.039996862411499, 3.1399881839752197],[-2.2843115292566596]
1691622042.8365235,[0.0009999964833259582, 1.5700061321258545, 2.640000104904175, 6.283171653747559, 0.6000096201896667, 3.039996862411499, 3.1399893760681152],[-2.3783827630147636]
1691622042.896463,[0.0009999964833259582, 1.5699962377548218, 2.640002727508545, 6.283170223236084, 0.6000093817710876, 3.0400023460388184, 3.1399893760681152],[-2.462586441755898]
1691622042.9582884,[0.0009999959468841553, 1.5699985027313232, 2.6400036811828613, 6.283182621002197, 0.6000056862831116, 3.040001153945923, 3.1399986743927],[-2.5354424038346473]
1691622043.019863,[0.0009999961853027345, 1.5699994564056396, 2.640000820159912, 6.349064278765582e-07, 0.5999993681907654, 3.0400054454803467, 3.1399998664855957],[-2.604022434168499]
1691622043.0807803,[0.000999996066093445, 1.5700006484985352, 2.6400020122528076, 5.714157850889023e-06, 0.599999189376831, 3.039996385574341, 3.140002965927124],[-2.7198027175301296]
1691622043.1427813,[0.0009999967217445374, 1.5700042247772217, 2.6399970054626465, 6.0316110648273025e-06, 0.5999934673309326, 3.039996385574341, 3.1400039196014404],[-2.8072958483775086]
1691622043.205847,[0.0009999964833259582, 1.5700026750564575, 2.6399996280670166, 1.5874124073889107e-05, 0.5999910831451416, 3.0399975776672363, 3.1400094032287598],[-2.9247209459551167]
1691622043.266999,[0.0009999971389770509, 1.5700044631958008, 2.6399948596954346, 1.857174538599793e-05, 0.5999886989593506, 3.039997100830078, 3.1400105953216553],[-3.0298115810378423]
1691622043.3273046,[0.0009999973773956298, 1.570000410079956, 2.6399998664855957, 2.6032626919914037e-05, 0.5999877452850342, 3.03999924659729, 3.140019655227661],[-3.056454293661669]
1691622043.3888333,[0.0009999971389770509, 1.5700074434280396, 2.639993667602539, 2.7302439775667153e-05, 0.5999855399131775, 3.0399980545043945, 3.1400210857391357],[-3.1564467571582973]
1691622043.451959,[0.0009999971389770509, 1.5700026750564575, 2.639995813369751, 3.269914668635465e-05, 0.5999809503555298, 3.039997100830078, 3.140028715133667],[-3.2031537964611436]
1691622043.5133288,[0.0009999974966049194, 1.570004940032959, 2.639998435974121, 3.222223313059658e-05, 0.5999858379364014, 3.040003776550293, 3.140030860900879],[-3.2827531669302674]
1691622043.57426,[0.0009999974966049194, 1.570002794265747, 2.6399924755096436, 2.9524611818487756e-05, 0.599984884262085, 3.0400078296661377, 3.140031099319458],[-3.3468932021733084]
1691622043.637688,[0.0009999976754188537, 1.5700010061264038, 2.6399941444396973, 3.587367609725334e-05, 0.5999796390533447, 3.040003776550293, 3.1400225162506104],[-3.3480444339604727]
1691622043.7005854,[0.0009999973177909852, 1.570001244544983, 2.639993190765381, 2.9365153750404716e-05, 0.599987268447876, 3.0400073528289795, 3.1400306224823],[-3.3579121355545904]
1691622043.7612169,[0.0009999974370002746, 1.5700039863586426, 2.6399946212768555, 2.6350080588599667e-05, 0.5999844074249268, 3.039994955062866, 3.1400153636932373],[-3.3621881398913365]
1691622043.8223004,[0.0009999971389770509, 1.5700030326843262, 2.63999342918396, 2.3650996809010394e-05, 0.5999888777732849, 3.0400028228759766, 3.1400210857391357],[-3.35445843988222]
1691622043.8835528,[0.0009999973177909852, 1.570001244544983, 2.6399970054626465, 1.7143936929642223e-05, 0.5999866724014282, 3.039997100830078, 3.140007257461548],[-3.291140707615492]
1691622043.9460545,[0.0009999975562095642, 1.570000410079956, 2.639993906021118, 1.9841558241751045e-05, 0.5999952554702759, 3.0400054454803467, 3.1400113105773926],[-3.300350557034098]
1691622044.007818,[0.0009999974966049194, 1.5699989795684814, 2.640001058578491, 1.0952867341984529e-05, 0.5999953746795654, 3.040005683898926, 3.140007734298706],[-3.2107190231636693]
1691622044.0702465,[0.0009999975562095642, 1.5699994564056396, 2.6399970054626465, 5.396704636950744e-06, 0.5999972820281982, 3.04000186920166, 3.1400136947631836],[-3.166972285269988]
1691622044.1327467,[0.000999997854232788, 1.5700024366378784, 2.639997720718384, 6.283185005187988, 0.6000033020973206, 3.0400054454803467, 3.1400036811828613],[-3.0594145954794727]
1691622044.194895,[0.0009999985098838805, 1.5699959993362427, 2.640005350112915, 6.283175468444824, 0.6000047326087952, 3.0400118827819824, 3.140000820159912],[-2.9592577631069634]
1691622044.2555506,[0.0009999982118606568, 1.569998860359192, 2.6400020122528076, 6.283173561096191, 0.6000102758407593, 3.040006637573242, 3.139993906021118],[-2.8487399863786624]
1691622044.3183637,[0.0009999984502792358, 1.5700002908706665, 2.640002489089966, 6.283167362213135, 0.6000151038169861, 3.040003538131714, 3.1399893760681152],[-2.768812019481748]
1691622044.3808165,[0.0009999983310699464, 1.570000410079956, 2.640000820159912, 6.283161640167236, 0.6000128388404846, 3.040003538131714, 3.1399803161621094],[-2.6025422892236802]
1691622044.4409645,[0.0009999986290931701, 1.5699987411499023, 2.6400036811828613, 6.283161640167236, 0.6000155210494995, 3.0399978160858154, 3.1399786472320557],[-2.547776938851551]
1691622044.5012803,[0.0009999984502792358, 1.56999671459198, 2.6400022506713867, 6.283157825469971, 0.6000120639801025, 3.039999485015869, 3.1399707794189453],[-2.418839992463023]
1691622044.5629678,[0.0009999982714653016, 1.569995403289795, 2.6399993896484375, 6.2831573486328125, 0.6000127196311951, 3.0399978160858154, 3.139967441558838],[-2.3617722781104633]
1691622044.6253285,[0.0009999987483024597, 1.5699996948242188, 2.6400022506713867, 6.2831573486328125, 0.600013017654419, 3.0399887561798096, 3.1399612426757812],[-2.2920411561268024]
1691622044.6872764,[0.0009999986290931701, 1.5699999332427979, 2.6399996280670166, 6.283160209655762, 0.6000171303749084, 3.0399928092956543, 3.139965534210205],[-2.2649052339348232]
1691622044.7494137,[0.0009999993443489076, 1.5700007677078247, 2.640000343322754, 6.283168315887451, 0.6000112295150757, 3.0399959087371826, 3.139979362487793],[-2.2902320944795838]
1691622044.8104389,[0.0009999992847442628, 1.569995403289795, 2.640000104904175, 6.283164978027344, 0.6000087261199951, 3.0399959087371826, 3.139979362487793],[-2.303224446844187]
1691622044.8713102,[0.0009999995827674865, 1.5699974298477173, 2.6400022506713867, 6.283165454864502, 0.6000088453292847, 3.039999485015869, 3.1399872303009033],[-2.3448328748570533]
1691622044.931437,[0.0009999991059303284, 1.5700019598007202, 2.6400046348571777, 6.283176422119141, 0.600006639957428, 3.040001153945923, 3.1399879455566406],[-2.4132483421175315]
1691622044.9934838,[0.0009999994635581971, 1.569998860359192, 2.6400020122528076, 6.283175468444824, 0.6000074744224548, 3.040001630783081, 3.13999605178833],[-2.501892474756793]
1691622045.055234,[0.0010000001192092896, 1.5699950456619263, 2.6400020122528076, 6.283181667327881, 0.6000006198883057, 3.0399997234344482, 3.1399989128112793],[-2.546296794584815]
1691622045.1161215,[0.0009999999403953552, 1.5700010061264038, 2.639998435974121, 6.283181667327881, 0.600000262260437, 3.039996862411499, 3.1400046348571777],[-2.6374079305066216]
1691622045.1769404,[0.0009999995231628417, 1.570002794265747, 2.6399953365325928, 9.841050086834002e-06, 0.600002646446228, 3.040001392364502, 3.140002489089966],[-2.7221051674949988]
1691622045.237798,[0.0009999996423721313, 1.5700032711029053, 2.6399991512298584, 3.333990207465831e-06, 0.5999955534934998, 3.0399951934814453, 3.140002965927124],[-2.8265377677010775]
1691622045.299926,[0.0009999995827674865, 1.5700023174285889, 2.639997959136963, 1.6946933101280592e-05, 0.5999907851219177, 3.0400002002716064, 3.1400065422058105],[-2.941989353162992]
1691622045.3610678,[0.0009999998807907104, 1.570004940032959, 2.6399950981140137, 2.142882476618979e-05, 0.5999882817268372, 3.039997100830078, 3.140012502670288],[-2.991492135706169]
1691622045.4213684,[0.0009999998211860657, 1.5700042247772217, 2.639993667602539, 2.873024823202286e-05, 0.5999825596809387, 3.0399997234344482, 3.140017509460449],[-3.0334297268029924]
1691622045.4817104,[0.0009999994635581971, 1.5700010061264038, 2.63999080657959, 3.4921318729175255e-05, 0.5999866724014282, 3.039999485015869, 3.1400153636932373],[-3.1799647355315663]
1691622045.5454738,[0.000999999225139618, 1.5700024366378784, 2.639993906021118, 2.7302439775667153e-05, 0.5999826788902283, 3.0400009155273438, 3.1400184631347656],[-3.2021670278026506]
1691622045.6073458,[0.0009999991655349732, 1.5700056552886963, 2.6399993896484375, 1.4762305909243878e-05, 0.5999885201454163, 3.0400044918060303, 3.1400249004364014],[-3.3177834886571205]
1691622045.6689782,[0.0009999988079071045, 1.5700007677078247, 2.6399950981140137, 2.428590232739225e-05, 0.59998619556427, 3.0400002002716064, 3.1400296688079834],[-3.346399817125851]
1691622045.7302604,[0.0009999986290931701, 1.5700058937072754, 2.6399941444396973, 3.3334050385747105e-05, 0.5999820232391357, 3.0400023460388184, 3.140026330947876],[-3.3366965783688682]
1691622045.792442,[0.0009999985694885253, 1.570000410079956, 2.6399998664855957, 2.9365153750404716e-05, 0.5999869704246521, 3.0400025844573975, 3.140026569366455],[-3.377154156562497]
1691622045.8544602,[0.0009999985694885253, 1.570002794265747, 2.6399998664855957, 1.7143936929642223e-05, 0.5999923944473267, 3.040001630783081, 3.1400187015533447],[-3.3630104484393346]
1691622045.9160388,[0.0009999983310699464, 1.5699998140335083, 2.6399950981140137, 2.2223188352654688e-05, 0.5999879240989685, 3.039999008178711, 3.140017032623291],[-3.3447552003191197]
1691622045.9774342,[0.0009999977946281433, 1.5699982643127441, 2.639997720718384, 2.2540642021340318e-05, 0.5999888777732849, 3.0400002002716064, 3.1400136947631836],[-3.31942810500824]
1691622046.039273,[0.0009999980330467225, 1.5700030326843262, 2.6399967670440674, 1.6826483260956593e-05, 0.5999898314476013, 3.040008544921875, 3.1400089263916016],[-3.2829176285054738]
1691622046.0995054,[0.0009999977946281433, 1.5700010061264038, 2.639998197555542, 1.0952867341984529e-05, 0.5999928116798401, 3.0400009155273438, 3.1400132179260254],[-3.209238870068493]
1691622046.1600623,[0.0009999979734420777, 1.56999933719635, 2.6400012969970703, 5.079251423012465e-06, 0.5999994874000549, 3.04000186920166, 3.1400091648101807],[-3.201344720594608]
1691622046.2225773,[0.0009999979138374329, 1.570000171661377, 2.6400015354156494, 6.28318452835083, 0.6000028848648071, 3.040010929107666, 3.140004873275757],[-3.0881953119497254]
1691622046.285664,[0.0009999979734420777, 1.5699999332427979, 2.6400034427642822, 6.2831807136535645, 0.6000074744224548, 3.040008544921875, 3.140000581741333],[-2.985407074834439]
1691622046.3477437,[0.0009999982118606568, 1.570001244544983, 2.640002727508545, 6.283172607421875, 0.60001140832901, 3.0400071144104004, 3.1399972438812256],[-2.858607640532785]
1691622046.4098368,[0.0009999980926513673, 1.5699989795684814, 2.6400022506713867, 6.283168792724609, 0.6000111103057861, 3.0400044918060303, 3.1399903297424316],[-2.7438139836846123]
1691622046.4723384,[0.000999997854232788, 1.570001482963562, 2.640007257461548, 6.283165454864502, 0.6000134944915771, 3.0400044918060303, 3.1399879455566406],[-2.6957914563058254]
1691622046.533334,[0.0009999979138374329, 1.56999671459198, 2.640001058578491, 6.283160209655762, 0.6000147461891174, 3.0399999618530273, 3.139976739883423],[-2.544158808452939]
1691622046.5946152,[0.0009999979734420777, 1.5699999332427979, 2.6399970054626465, 6.283159255981445, 0.6000144481658936, 3.0399959087371826, 3.1399779319763184],[-2.424760563679696]
1691622046.6561007,[0.0009999979734420777, 1.5699983835220337, 2.6400043964385986, 6.283159255981445, 0.6000136137008667, 3.03999400138855, 3.139962911605835],[-2.379533984818278]
1691622046.7185948,[0.0009999983310699464, 1.5699982643127441, 2.6400039196014404, 6.283158779144287, 0.6000179052352905, 3.039991855621338, 3.139958620071411],[-2.282338007572795]
1691622046.7802835,[0.0009999982714653016, 1.570001482963562, 2.6399989128112793, 6.283159255981445, 0.6000203490257263, 3.0399909019470215, 3.1399617195129395],[-2.3025666061882375]
1691622046.8413672,[0.0009999982714653016, 1.569993495941162, 2.6400036811828613, 6.28316068649292, 0.6000080704689026, 3.0399956703186035, 3.1399731636047363],[-2.2754306819037184]
1691622046.9033382,[0.0009999982118606568, 1.569996953010559, 2.6400036811828613, 6.283163547515869, 0.6000156998634338, 3.0399980545043945, 3.1399776935577393],[-2.3283868543394686]
1691622046.966103,[0.0009999977350234985, 1.570000171661377, 2.6399991512298584, 6.283173561096191, 0.6000092029571533, 3.0399951934814453, 3.139972686767578],[-2.298784022478474]
1691622047.0264754,[0.0009999979138374329, 1.570000171661377, 2.6399991512298584, 6.283171653747559, 0.6000069975852966, 3.040001392364502, 3.139995574951172],[-2.374435716907649]
1691622047.089421,[0.0009999971985816957, 1.5700026750564575, 2.640001058578491, 6.283174514770508, 0.600009024143219, 3.039998769760132, 3.1399900913238525],[-2.431667897107988]
1691622047.1523118,[0.0009999971985816957, 1.5700017213821411, 2.6399989128112793, 6.283182144165039, 0.6000063419342041, 3.040001153945923, 3.13999605178833],[-2.5323176551579394]
1691622047.2134218,[0.000999997615814209, 1.570001244544983, 2.6400012969970703, 6.2831807136535645, 0.5999996662139893, 3.0399999618530273, 3.139998197555542],[-2.6074761057765103]
1691622047.2746925,[0.0009999974966049194, 1.5699992179870605, 2.640000104904175, 5.079251423012465e-06, 0.5999952554702759, 3.0400025844573975, 3.1400046348571777],[-2.6952980742772925]
1691622047.3360367,[0.0009999975562095642, 1.570002794265747, 2.640001058578491, 9.683054486231413e-06, 0.5999948978424072, 3.0399951934814453, 3.140002965927124],[-2.8517002825336455]
1691622047.398247,[0.0009999973177909852, 1.5700017213821411, 2.639998197555542, 1.7301932530244812e-05, 0.5999922156333923, 3.03999662399292, 3.1400089263916016],[-2.879658638974766]
1691622047.4608867,[0.0009999972581863404, 1.5700007677078247, 2.640000104904175, 2.0318469978519715e-05, 0.5999910831451416, 3.0399959087371826, 3.140012264251709],[-2.970605576852611]
1691622047.522216,[0.000999997079372406, 1.5700017213821411, 2.6399946212768555, 2.857225263142027e-05, 0.5999867916107178, 3.040003776550293, 3.140021324157715],[-3.0618815137246034]
1691622047.5829754,[0.0009999971985816957, 1.5700030326843262, 2.6399941444396973, 2.2540642021340318e-05, 0.5999904274940491, 3.0399973392486572, 3.1400163173675537],[-3.1516773775895164]
1691622047.6463704,[0.0009999975562095642, 1.5700026750564575, 2.640001058578491, 8.253783562395256e-06, 0.5999909043312073, 3.0400092601776123, 3.140019416809082],[-3.2857134753259234]
1691622047.7071333,[0.0009999974966049194, 1.5700045824050903, 2.639997720718384, 2.460335599607788e-05, 0.5999863147735596, 3.0400025844573975, 3.1400279998779297],[-3.3261710323374127]
1691622047.7689128,[0.0009999970197677613, 1.5699975490570068, 2.6399970054626465, 1.82542917173123e-05, 0.5999819040298462, 3.040006399154663, 3.1400296688079834],[-3.3801144678279913]
1691622047.8310933,[0.0009999967813491821, 1.5700042247772217, 2.6399970054626465, 2.428590232739225e-05, 0.5999874472618103, 3.040004253387451, 3.1400246620178223],[-3.3574187504509863]
1691622047.8924298,[0.000999996840953827, 1.5700042247772217, 2.639993906021118, 2.3650996809010394e-05, 0.59998619556427, 3.0400021076202393, 3.1400279998779297],[-3.409388661930418]
1691622047.9526546,[0.0009999967217445374, 1.5700039863586426, 2.6399950981140137, 3.190477946191095e-05, 0.599981427192688, 3.03999400138855, 3.1400115489959717],[-3.31827687355955]
1691622048.014407,[0.0009999969601631165, 1.5700031518936157, 2.639993667602539, 2.1270829165587202e-05, 0.5999876260757446, 3.0399980545043945, 3.140017032623291],[-3.347057663856352]
1691622048.0760205,[0.000999997079372406, 1.5700006484985352, 2.640001058578491, 1.6509031411260366e-05, 0.5999869704246521, 3.0400002002716064, 3.140010118484497],[-3.3108761002844553]
1691622048.1388412,[0.0009999971389770509, 1.5700024366378784, 2.6399986743927, 1.6509031411260366e-05, 0.5999922156333923, 3.0400009155273438, 3.140016555786133],[-3.3107116386624766]
1691622048.2010324,[0.0009999973177909852, 1.5700023174285889, 2.6399974822998047, 1.14297790787532e-05, 0.5999947786331177, 3.0400047302246094, 3.140014410018921],[-3.2363750136113594]
1691622048.2633815,[0.0009999969601631165, 1.5700002908706665, 2.6399993896484375, 3.016536993527552e-06, 0.5999965071678162, 3.0400054454803467, 3.140011787414551],[-3.1268437151412405]
1691622048.3238168,[0.0009999971985816957, 1.5700017213821411, 2.639998197555542, 6.283183574676514, 0.6000071167945862, 3.0400054454803467, 3.140005588531494],[-3.0304694257132367]
1691622048.38501,[0.0009999975562095642, 1.5699996948242188, 2.640002965927124, 6.283178329467773, 0.600004255771637, 3.0400068759918213, 3.140005111694336],[-2.969289888241385]
1691622048.4462383,[0.0009999974966049194, 1.5699949264526367, 2.640003204345703, 6.283173561096191, 0.6000112295150757, 3.040008306503296, 3.1399993896484375],[-2.8299914458746955]
1691622048.5070517,[0.000999998152256012, 1.569998860359192, 2.640002727508545, 6.283168792724609, 0.6000087261199951, 3.040003776550293, 3.1399896144866943],[-2.754997314820202]
1691622048.5692477,[0.0009999983906745912, 1.5699973106384277, 2.640002727508545, 6.283166408538818, 0.6000107526779175, 3.040003776550293, 3.139981269836426],[-2.660596876764058]
1691622048.6295514,[0.0009999980330467225, 1.5699994564056396, 2.6400034427642822, 6.283162593841553, 0.6000139713287354, 3.03999924659729, 3.1399800777435303],[-2.5497504645680285]
1691622048.6907997,[0.0009999983906745912, 1.5699944496154785, 2.640007495880127, 6.283162593841553, 0.6000153422355652, 3.03999662399292, 3.1399760246276855],[-2.5063329060311053]
1691622048.967135,[0.000999998152256012, 1.5702083110809326, 2.672175645828247, 3.174532139382791e-07, 0.6733618378639221, 2.9913723468780518, 3.141134262084961],[-2.3384189266146542]
1691622049.0282485,[0.0009999971389770509, 1.5702929496765137, 2.6771504878997803, 0.0001884150697151199, 0.7195954322814941, 2.9604737758636475, 3.141324281692505],[-2.3525625052001264]
1691622049.0898223,[0.0009999971985816957, 1.5704245567321777, 2.680598735809326, 0.00026984402211382985, 0.7729156613349915, 2.9206032752990723, 3.141460657119751],[-2.446633787471024]
1691622049.1506443,[0.0009999971389770509, 1.5705074071884155, 2.682961940765381, 0.00021809767349623144, 0.8246240019798279, 2.8744542598724365, 3.1415414810180664],[-2.5002478706208606]
1691622049.212339,[0.0009999985098838805, 1.5705372095108032, 2.685040235519409, 0.00012793803762178868, 0.8756722211837769, 2.8271570205688477, 3.141561508178711],[-2.58823422235107]
1691622049.2736285,[0.0009999971985816957, 1.5705922842025757, 2.686295986175537, 0.00013857345038559288, 0.9275093674659729, 2.77891206741333, 3.1416001319885254],[-2.6630637862051136]
1691622049.3350804,[0.0009999975562095642, 1.5705945491790771, 2.6874501705169678, 6.283110618591309, 0.9677385091781616, 2.743605613708496, 3.141594886779785],[-2.69760052376145]
1691622049.3972683,[0.0009999977946281433, 1.5706806182861328, 2.6878740787506104, 0.00017492257757112384, 1.0327953100204468, 2.6837728023529053, 3.141569137573242],[-2.7579576085370205]
1691622049.4580877,[0.000999997079372406, 1.5707069635391235, 2.6880455017089844, 0.0002080971753457561, 1.084891438484192, 2.635981559753418, 3.1415631771087646],[-2.8112429084853794]
1691622049.5190344,[0.0009999969601631165, 1.5707347393035889, 2.6881754398345947, 0.00022571656154468656, 1.1378989219665527, 2.5894203186035156, 3.141522169113159],[-2.8847569282588856]
1691622049.5798888,[0.0009999971985816957, 1.5707253217697144, 2.688305377960205, 0.0001679386041359976, 1.1916011571884155, 2.5492589473724365, 3.1415233612060547],[-2.8472598383304666]
1691622049.6401966,[0.0009999974370002746, 1.5707454681396484, 2.688352108001709, 0.00018825560982804745, 1.2429561614990234, 2.5190048217773438, 3.141509771347046],[-2.827195611154576]
1691622049.7020206,[0.0009999973773956298, 1.5707632303237915, 2.6884100437164307, 0.00020095374202355742, 1.2978099584579468, 2.494837999343872, 3.1414992809295654],[-2.86847529555752]
1691622049.7625399,[0.0009999971985816957, 1.5707931518554688, 2.688459873199463, 0.00023111325572244823, 1.3473174571990967, 2.480034589767456, 3.1415040493011475],[-2.8084470742281393]
1691622049.8237493,[0.0009999971985816957, 1.5708439350128174, 2.6885030269622803, 0.00023603452427778393, 1.4013850688934326, 2.470857620239258, 3.1414759159088135],[-2.717829189024896]
1691622049.8845952,[0.000999997854232788, 1.5708539485931396, 2.6885530948638916, 0.00021143116464372724, 1.4554412364959717, 2.469240665435791, 3.141509771347046],[-2.6581299673740317]
1691622049.9460826,[0.000999998152256012, 1.5708388090133667, 2.688610792160034, 0.00015571592666674405, 1.5107388496398926, 2.474905252456665, 3.141512393951416],[-2.56932126296199]
1691622050.007287,[0.0009999983310699464, 1.570855736732483, 2.6886203289031982, 0.00024984299670904875, 1.5609577894210815, 2.4806618690490723, 3.1415791511535645],[-2.483472909658001]
1691622050.0685427,[0.0009999976754188537, 1.5708500146865845, 2.6886398792266846, 0.0001861929049482569, 1.6152534484863281, 2.4841413497924805, 3.141526937484741],[-2.3565095506548994]
1691622050.1293898,[0.000999998688697815, 1.57085120677948, 2.6886439323425293, 0.0002068273606710136, 1.6661349534988403, 2.4863593578338623, 3.1415975093841553],[-2.1862933196773056]
1691622050.1910372,[0.000999998152256012, 1.5708365440368652, 2.688671588897705, 0.00014254088455345482, 1.7199420928955078, 2.4889309406280518, 3.141603946685791],[-2.1601441780093498]
1691622050.2522984,[0.0009999973177909852, 1.5708212852478027, 2.688692808151245, 3.9207669033203274e-05, 1.7764971256256104, 2.4897971153259277, 3.1416008472442627],[-2.0563699579490806]
1691622050.3140967,[0.0009999982714653016, 1.5708270072937012, 2.6886935234069824, 6.635065074078739e-05, 1.8276958465576172, 2.490666627883911, 3.1415841579437256],[-1.8956927407411348]
1691622050.3745236,[0.0009999982118606568, 1.5708305835723877, 2.6886918544769287, 6.825536547694355e-05, 1.880037784576416, 2.4916675090789795, 3.1415605545043945],[-1.8628008024881137]
1691622050.4363005,[0.0009999982118606568, 1.570821762084961, 2.688699722290039, 4.952416566084139e-05, 1.932869553565979, 2.4920501708984375, 3.141563653945923],[-1.7850113947877368]
1691622050.4983637,[0.0009999975562095642, 1.5708304643630981, 2.6886863708496094, 5.47628769709263e-05, 1.9871753454208374, 2.4920732975006104, 3.1415441036224365],[-1.6565684971331864]
1691622050.5597522,[0.0009999979138374329, 1.5708354711532593, 2.6886773109436035, 4.698453994933516e-05, 2.0409727096557617, 2.492098569869995, 3.1415467262268066],[-1.6039414724484762]
1691622050.6218145,[0.0009999977350234985, 1.5708407163619995, 2.6886727809906006, 6.127139931777492e-05, 2.093172073364258, 2.492112398147583, 3.141524314880371],[-1.573187561869632]
1691622050.6829793,[0.0009999973177909852, 1.5708473920822144, 2.6886703968048096, 6.889027281431481e-05, 2.145995855331421, 2.492154359817505, 3.1415295600891113],[-1.5065815160253813]
1691622050.7451348,[0.0009999971985816957, 1.5708532333374023, 2.688656806945801, 6.90482702339068e-05, 2.1997904777526855, 2.4921953678131104, 3.141541004180908],[-1.4955627402927372]
1691622050.8060994,[0.0009999973177909852, 1.5708575248718262, 2.688655138015747, 0.0001647640747250989, 2.254505157470703, 2.4922211170196533, 3.141557455062866],[-1.5085550281627285]
1691622050.8681223,[0.000999997615814209, 1.5708489418029785, 2.68865966796875, 6.190630665514618e-05, 2.3035354614257812, 2.49228835105896, 3.141603946685791],[-1.500825439072457]
1691622050.9297566,[0.0009999973177909852, 1.5708504915237427, 2.6886603832244873, 0.00018190655100625008, 2.3585264682769775, 2.492293119430542, 3.1415908336639404],[-1.5463806813626977]
1691622050.9923868,[0.0009999976754188537, 1.5708414316177368, 2.6886751651763916, 0.00021095425472594798, 2.411287546157837, 2.492347240447998, 3.1416027545928955],[-1.5379932532705898]
1691622051.053358,[0.0009999971985816957, 1.5708339214324951, 2.6886775493621826, 0.00029587518656626344, 2.4650986194610596, 2.4923512935638428, 3.141587495803833],[-1.5891401244766044]
1691622051.1160533,[0.000999996840953827, 1.5708401203155518, 2.6886677742004395, 0.00031857381691224873, 2.517972707748413, 2.4923598766326904, 3.1415858268737793],[-1.5870021520893254]
1691622051.1764214,[0.0009999969005584717, 1.5708545446395874, 2.6886613368988037, 0.00026889165746979415, 2.5694854259490967, 2.4923806190490723, 3.1416001319885254],[-1.642589442214998]
1691622051.2392488,[0.0009999976754188537, 1.5708614587783813, 2.6886448860168457, 0.00033476538374088705, 2.6235525608062744, 2.492368698120117, 3.1415891647338867],[-1.6468653883102906]
1691622051.2997022,[0.0009999973177909852, 1.5708564519882202, 2.6886539459228516, 0.0003095271240454167, 2.674988031387329, 2.4923717975616455, 3.141605854034424],[-1.7555731294155095]
1691622051.3613057,[0.0009999973773956298, 1.5708332061767578, 2.6886768341064453, 0.00010396958532510325, 2.7144851684570312, 2.4924159049987793, 3.1416304111480713],[-1.6656137685415628]
1691622051.4227886,[0.0009999977350234985, 1.5708354711532593, 2.688682794570923, 0.00011952479690080509, 2.765986680984497, 2.4924964904785156, 3.141700029373169],[-1.7978392438704764]
1691622051.4852068,[0.0009999980926513673, 1.5708194971084595, 2.68870210647583, 5.777795013273135e-05, 2.784689426422119, 2.4924654960632324, 3.1417062282562256],[-1.7869849099676223]
1691622051.546955,[0.0009999980926513673, 1.5708388090133667, 2.6886749267578125, 9.682615927886218e-05, 2.801609992980957, 2.4924559593200684, 3.1416983604431152],[-1.7823800412504511]
1691622051.607887,[0.0009999976754188537, 1.570845365524292, 2.6886696815490723, 6.28315544128418, 2.805575132369995, 2.492431879043579, 3.141709089279175],[-1.8613206654237628]
1691622051.669889,[0.0009999977946281433, 1.570838212966919, 2.68865966796875, 6.666517492703861e-06, 2.8070781230926514, 2.4923830032348633, 3.1416256427764893],[-1.8996397737829205]
1691622051.7299397,[0.000999997615814209, 1.5708268880844116, 2.688676118850708, 6.283138275146484, 2.8105340003967285, 2.492457151412964, 3.1416938304901123],[-1.9016132903403005]
1691622051.7919035,[0.0009999977946281433, 1.5708413124084473, 2.688669204711914, 6.283149242401123, 2.812250852584839, 2.4923977851867676, 3.141648530960083],[-1.8160942615655866]
1691622051.852199,[0.0009999979138374329, 1.570838212966919, 2.6886656284332275, 6.2831645011901855, 2.813155174255371, 2.492385149002075, 3.1416258811950684],[-1.9011199111986732]
1691622051.915365,[0.0009999980926513673, 1.5708351135253906, 2.688669204711914, 6.283162593841553, 2.8135106563568115, 2.492393970489502, 3.1416285037994385],[-1.9593386605078642]
1691622051.9761193,[0.0009999980330467225, 1.5708354711532593, 2.6886727809906006, 6.2831807136535645, 2.813638925552368, 2.4923810958862305, 3.141596794128418],[-1.8861540779575878]
1691622052.037779,[0.0009999979734420777, 1.5708332061767578, 2.6886675357818604, 6.283167839050293, 2.8137896060943604, 2.492391586303711, 3.1416101455688477],[-1.8675701331204082]
1691622052.0981493,[0.0009999982714653016, 1.57083261013031, 2.6886661052703857, 6.283169269561768, 2.813875675201416, 2.492387056350708, 3.14159893989563],[-1.8244817027989768]
1691622052.1609664,[0.0009999982118606568, 1.5708295106887817, 2.688668727874756, 6.283166885375977, 2.8139753341674805, 2.4923911094665527, 3.1415975093841553],[-1.7909319403967139]
1691622052.2222943,[0.0009999980330467225, 1.5708281993865967, 2.6886699199676514, 6.28315544128418, 2.8140602111816406, 2.4923903942108154, 3.1416079998016357],[-1.7832023392264487]
1691622052.285263,[0.0009999979138374329, 1.5708272457122803, 2.688668727874756, 6.283154487609863, 2.8141632080078125, 2.4923932552337646, 3.1416008472442627],[-1.736495820485969]
1691622052.3470032,[0.0009999982118606568, 1.5708216428756714, 2.6886699199676514, 6.283152103424072, 2.8141822814941406, 2.49239444732666, 3.1416027545928955],[-1.6794283657577171]
1691622052.4082022,[0.000999998152256012, 1.5708204507827759, 2.6886746883392334, 6.283155918121338, 2.814207077026367, 2.492380142211914, 3.1416032314300537],[-1.661831200442541]
1691622052.4690185,[0.000999998152256012, 1.5708246231079102, 2.688671827316284, 6.283153533935547, 2.814281940460205, 2.492372512817383, 3.14159893989563],[-1.5845352609037289]
1691622052.530231,[0.0009999983310699464, 1.5708242654800415, 2.6886675357818604, 6.283157825469971, 2.8143117427825928, 2.492361068725586, 3.141584634780884],[-1.56381337622892]
1691622052.592317,[0.0009999991059303284, 1.5708199739456177, 2.688671827316284, 6.283165454864502, 2.814323902130127, 2.49235200881958, 3.141575574874878],[-1.5319082566499012]
1691622052.6533055,[0.000999999701976776, 1.5708200931549072, 2.6886706352233887, 6.283171653747559, 2.814326047897339, 2.492337942123413, 3.1415700912475586],[-1.5161201582085175]
1691622052.7140148,[0.0009999995231628417, 1.5708187818527222, 2.6886708736419678, 6.2831711769104, 2.814326047897339, 2.49232816696167, 3.141573429107666],[-1.5179292110893459]
1691622052.7760797,[0.0009999992847442628, 1.5708180665969849, 2.688668727874756, 6.283168792724609, 2.814335584640503, 2.4923360347747803, 3.141575336456299],[-1.5072393534022703]
1691622052.8380146,[0.000999999225139618, 1.570814847946167, 2.6886675357818604, 6.283164024353027, 2.8143534660339355, 2.49234938621521, 3.141599655151367],[-1.51184421510288]
1691622052.8994572,[0.0009999992847442628, 1.570817470550537, 2.6886699199676514, 6.283171653747559, 2.8143458366394043, 2.4923360347747803, 3.1415908336639404],[-1.4891488263463493]
1691622052.9609263,[0.000999999701976776, 1.5708129405975342, 2.6886708736419678, 6.283170700073242, 2.8143622875213623, 2.492352247238159, 3.141594886779785],[-1.5495054095698728]
1691622053.0222876,[0.0009999989867210388, 1.5708128213882446, 2.6886708736419678, 6.283164978027344, 2.8143608570098877, 2.4923460483551025, 3.141597032546997],[-1.5460517626070338]
1691622053.0853896,[0.0009999991059303284, 1.5708094835281372, 2.6886675357818604, 6.2831711769104, 2.8143582344055176, 2.4923460483551025, 3.141601324081421],[-1.58782444915845]
1691622053.148103,[0.0009999991655349732, 1.570807695388794, 2.688668727874756, 6.283166885375977, 2.8143653869628906, 2.4923582077026367, 3.141603946685791],[-1.540789062593652]
1691622053.2092493,[0.0009999995231628417, 1.5708112716674805, 2.6886696815490723, 6.283167839050293, 2.814364194869995, 2.4923534393310547, 3.141603946685791],[-1.6152891733634211]
1691622053.2708185,[0.000999999225139618, 1.5708085298538208, 2.688673973083496, 6.283163547515869, 2.814363956451416, 2.4923510551452637, 3.1416079998016357],[-1.6494967398038554]
1691622053.3322423,[0.000999999701976776, 1.5708082914352417, 2.6886708736419678, 6.2831621170043945, 2.8143649101257324, 2.4923503398895264, 3.1416163444519043],[-1.6624890383670672]
1691622053.3944159,[0.0009999995827674865, 1.5708081722259521, 2.6886730194091797, 6.283165454864502, 2.814361095428467, 2.4923510551452637, 3.1416146755218506],[-1.6950520186660445]
1691622053.4577084,[0.0009999995231628417, 1.5708072185516357, 2.6886727809906006, 6.283159255981445, 2.8143632411956787, 2.492347478866577, 3.141622304916382],[-1.7212010829530153]
1691622053.5200346,[0.0009999994039535524, 1.5708072185516357, 2.6886703968048096, 6.2831597328186035, 2.8143608570098877, 2.4923417568206787, 3.141630172729492],[-1.7463633938059326]
1691622053.5808744,[0.0009999993443489076, 1.5708081722259521, 2.688668966293335, 6.2831621170043945, 2.8143599033355713, 2.4923436641693115, 3.141627550125122],[-1.7332066295047093]
1691622053.643353,[0.0009999995231628417, 1.5708050727844238, 2.688673734664917, 6.283166408538818, 2.8143577575683594, 2.4923393726348877, 3.141620397567749],[-1.7601779974060003]
1691622053.7051823,[0.0009999998807907104, 1.5708037614822388, 2.6886708736419678, 6.283168792724609, 2.8143560886383057, 2.492337226867676, 3.141613245010376],[-1.7371536586897331]
1691622053.7669666,[0.0009999994635581971, 1.570802092552185, 2.688673496246338, 6.283173561096191, 2.8143508434295654, 2.4923267364501953, 3.141601324081421],[-1.7771173342987578]
1691622053.8272433,[0.0009999994039535524, 1.570809245109558, 2.6886675357818604, 6.28318452835083, 2.814340591430664, 2.4923043251037598, 3.1415774822235107],[-1.7368247395875378]
1691622053.8882787,[0.0009999997615814209, 1.5708037614822388, 2.688671827316284, 6.283177852630615, 2.8143534660339355, 2.492314338684082, 3.14158296585083],[-1.7317264935835492]
1691622053.9494429,[0.001, 1.570801019668579, 2.6886677742004395, 6.283169746398926, 2.8143506050109863, 2.4923155307769775, 3.141585350036621],[-1.7438965004229494]
1691622054.0116239,[0.0009999999403953552, 1.570801019668579, 2.688666582107544, 6.283171653747559, 2.8143539428710938, 2.4923112392425537, 3.1415767669677734],[-1.736495820485969]
1691622054.0723746,[0.0009999995827674865, 1.5708030462265015, 2.6886730194091797, 6.283173084259033, 2.8143556118011475, 2.492321252822876, 3.141580820083618],[-1.7624804314477913]
1691622054.134152,[0.0009999996423721313, 1.570805311203003, 2.6886706352233887, 6.283177375793457, 2.8143529891967773, 2.4923150539398193, 3.141575336456299],[-1.6924206665005992]
1691622054.1960285,[0.0009999996423721313, 1.5708013772964478, 2.6886699199676514, 6.283168315887451, 2.8143558502197266, 2.4923207759857178, 3.1415774822235107],[-1.6480166045840046]
1691622054.258237,[0.0009999994635581971, 1.5707989931106567, 2.6886746883392334, 6.283168315887451, 2.814365863800049, 2.492325782775879, 3.141585111618042],[-1.6912694499405547]
1691622054.3197134,[0.0009999994635581971, 1.5707963705062866, 2.6886727809906006, 6.283168315887451, 2.814359188079834, 2.4923243522644043, 3.1415786743164062],[-1.651141334506826]
1691622054.3808682,[0.0009999992847442628, 1.5707963705062866, 2.688671827316284, 6.283170700073242, 2.8143575191497803, 2.4923274517059326, 3.141582727432251],[-1.6820597177299794]
1691622054.442358,[0.0009999998211860657, 1.5707951784133911, 2.6886744499206543, 6.2831621170043945, 2.814357042312622, 2.492323160171509, 3.141587257385254],[-1.6147957950482117]
1691622054.5047421,[0.0009999995827674865, 1.5707978010177612, 2.68867564201355, 6.283164978027344, 2.8143608570098877, 2.4923226833343506, 3.1415891647338867],[-1.514146645994183]
1691622054.5662112,[0.0009999996423721313, 1.5708017349243164, 2.688678026199341, 6.28316068649292, 2.8143625259399414, 2.4923224449157715, 3.1415841579437256],[-1.6082174176386568]
1691622054.6277928,[0.0009999993443489076, 1.570801019668579, 2.688671350479126, 6.283161163330078, 2.814361333847046, 2.492321014404297, 3.1415743827819824],[-1.5499987877125438]
1691622054.6895587,[0.0009999994635581971, 1.5707961320877075, 2.68867564201355, 6.283164978027344, 2.814361333847046, 2.4923269748687744, 3.1415791511535645],[-1.5511500033837609]
1691622054.7520664,[0.0009999995827674865, 1.5707985162734985, 2.688674211502075, 6.283166885375977, 2.81435489654541, 2.4923224449157715, 3.141580104827881],[-1.5532879753631204]
1691622054.813378,[0.0009999998211860657, 1.5707954168319702, 2.688673257827759, 6.283166408538818, 2.8143575191497803, 2.49233341217041, 3.141584873199463],[-1.558386216334321]
1691622054.8732603,[0.0009999997615814209, 1.5707963705062866, 2.6886801719665527, 6.283160209655762, 2.814366579055786, 2.492338180541992, 3.1416101455688477],[-1.5557548661384948]
1691622054.935524,[0.001, 1.5708013772964478, 2.688676595687866, 6.283164024353027, 2.8143601417541504, 2.4923243522644043, 3.141603946685791],[-1.541282440713736]
1691622054.997018,[0.000999999701976776, 1.5707989931106567, 2.688678741455078, 6.283169746398926, 2.814364194869995, 2.492328643798828, 3.141599655151367],[-1.56019526961519]
1691622055.0595148,[0.0009999998807907104, 1.5707989931106567, 2.6886749267578125, 6.283166408538818, 2.8143622875213623, 2.492333173751831, 3.1416079998016357],[-1.5718718866637842]
1691622055.1201708,[0.000999999701976776, 1.5708011388778687, 2.6886773109436035, 6.28317403793335, 2.8143599033355713, 2.492326498031616, 3.1415982246398926],[-1.5758189123090145]
1691622055.1823492,[0.0009999998211860657, 1.5707958936691284, 2.688678026199341, 6.283174514770508, 2.814357280731201, 2.4923255443573, 3.1415982246398926],[-1.5870021520893254]
1691622055.2423935,[0.0010000001192092896, 1.5707950592041016, 2.688678026199341, 6.283175945281982, 2.8143539428710938, 2.4923312664031982, 3.1416001319885254],[-1.6197295782600312]
1691622055.304055,[0.0009999997615814209, 1.5707991123199463, 2.688676118850708, 6.283178329467773, 2.814347267150879, 2.4923202991485596, 3.1415910720825195],[-1.633708631416548]
1691622055.3652365,[0.000999999701976776, 1.570796012878418, 2.6886727809906006, 6.283175468444824, 2.8143556118011475, 2.4923298358917236, 3.1416046619415283],[-1.68025066324486]
1691622055.4264483,[0.0009999998807907104, 1.5707933902740479, 2.6886789798736572, 6.283166885375977, 2.8143627643585205, 2.4923317432403564, 3.141615152359009],[-1.6437406584614758]
1691622055.4879942,[0.0009999998807907104, 1.5707956552505493, 2.688676118850708, 6.283172607421875, 2.8143539428710938, 2.49233078956604, 3.141608476638794],[-1.7149516206925404]
1691622055.5499296,[0.0010000001192092896, 1.570794701576233, 2.68868088722229, 6.2831621170043945, 2.81435489654541, 2.4923338890075684, 3.141619920730591],[-1.6825530962291217]
1691622055.6106803,[0.0010000001192092896, 1.5707978010177612, 2.6886777877807617, 6.283166408538818, 2.8143553733825684, 2.4923312664031982, 3.141620635986328],[-1.7267927072710165]
1691622055.6723764,[0.0010000008344650268, 1.5707933902740479, 2.6886773109436035, 6.2831645011901855, 2.8143558502197266, 2.492332696914673, 3.141624927520752],[-1.7271216263541513]
1691622055.7331436,[0.0010000009536743164, 1.5707968473434448, 2.6886792182922363, 6.283167839050293, 2.814359188079834, 2.4923250675201416, 3.1416170597076416],[-1.763467188903784]
1691622055.7942302,[0.0010000014305114747, 1.5707981586456299, 2.6886777877807617, 6.283165454864502, 2.814350128173828, 2.492323160171509, 3.141606092453003],[-1.7823800412504511]
1691622055.8561068,[0.001000002384185791, 1.5707968473434448, 2.6886789798736572, 6.283172130584717, 2.81434965133667, 2.4923207759857178, 3.1416049003601074],[-1.724819192785294]
1691622055.917027,[0.001000003457069397, 1.5707955360412598, 2.6886727809906006, 6.283183574676514, 2.814340591430664, 2.492297410964966, 3.1415774822235107],[-1.7807354453104594]
1691622055.9780805,[0.0010000025033950807, 1.5707951784133911, 2.6886746883392334, 0.0, 2.814344882965088, 2.492309808731079, 3.141577959060669],[-1.7626448910233934]
1691622056.0392346,[0.0010000019073486328, 1.5707958936691284, 2.6886777877807617, 6.283178806304932, 2.8143484592437744, 2.4923195838928223, 3.1415791511535645],[-1.7705389508390088]
1691622056.1014194,[0.0010000015497207643, 1.5707955360412598, 2.688674211502075, 1.4292709238361567e-06, 2.814345598220825, 2.4923064708709717, 3.141568183898926],[-1.6781126897862042]
1691622056.1629908,[0.0010000009536743164, 1.5707972049713135, 2.6886773109436035, 6.283178329467773, 2.8143537044525146, 2.492319345474243, 3.1415767669677734],[-1.6914339094486728]
1691622056.224441,[0.0010000005960464477, 1.5707989931106567, 2.6886754035949707, 6.283173084259033, 2.81435227394104, 2.492318630218506, 3.141575574874878],[-1.7009725611819833]
1691622056.2864373,[0.0010000003576278687, 1.5708004236221313, 2.688680410385132, 6.283178806304932, 2.814352035522461, 2.492319107055664, 3.1415648460388184],[-1.6772903923089537]
1691622056.3495393,[0.0010000001192092896, 1.5707937479019165, 2.6886789798736572, 6.283169746398926, 2.8143582344055176, 2.492335557937622, 3.141578197479248],[-1.675645797365857]
1691622056.4099703,[0.0009999996423721313, 1.5707989931106567, 2.6886777877807617, 6.283172607421875, 2.814357280731201, 2.492323160171509, 3.141580104827881],[-1.682224177229541]
1691622056.4712682,[0.0010000001192092896, 1.5707981586456299, 2.688676595687866, 6.283168315887451, 2.814357280731201, 2.492330551147461, 3.1415810585021973],[-1.6389713340594336]
1691622056.5323112,[0.0010000009536743164, 1.5707989931106567, 2.6886789798736572, 6.283167839050293, 2.8143560886383057, 2.492327928543091, 3.141580104827881],[-1.5830551262080366]
1691622056.594531,[0.0010000014305114747, 1.5707941055297852, 2.6886796951293945, 6.283165454864502, 2.8143560886383057, 2.4923222064971924, 3.1415839195251465],[-1.6179205244002801]
1691622056.6556723,[0.0010000005960464477, 1.570791244506836, 2.6886794567108154, 6.283162593841553, 2.8143532276153564, 2.4923248291015625, 3.1415863037109375],[-1.5636489168358816]
1691622056.7175298,[0.0010000008344650268, 1.570794939994812, 2.6886796951293945, 6.283167362213135, 2.8143529891967773, 2.492323398590088, 3.1415812969207764],[-1.5493409501892672]
1691622056.7781296,[0.0010000014305114747, 1.5707976818084717, 2.6886770725250244, 6.283166885375977, 2.814349889755249, 2.4923198223114014, 3.1415789127349854],[-1.5361842002009907]
1691622056.839277,[0.0010000019073486328, 1.5707968473434448, 2.6886794567108154, 6.283169746398926, 2.814349889755249, 2.492321014404297, 3.1415798664093018],[-1.5072393534022703]
1691622056.9013145,[0.0010000019073486328, 1.5707929134368896, 2.688680648803711, 6.283169746398926, 2.8143534660339355, 2.4923267364501953, 3.1415891647338867],[-1.5531235159792371]
1691622056.9636958,[0.0010000026226043702, 1.5707964897155762, 2.6886792182922363, 6.283164024353027, 2.8143622875213623, 2.4923412799835205, 3.141608476638794],[-1.5564127036840212]
1691622057.0250096,[0.0010000044107437134, 1.5707980394363403, 2.6886777877807617, 6.283167839050293, 2.8143486976623535, 2.492326021194458, 3.1415982246398926],[-1.5449005469666865]
1691622057.0858455,[0.0010000051259994507, 1.570794701576233, 2.68868088722229, 6.283171653747559, 2.814356803894043, 2.4923362731933594, 3.14159893989563],[-1.5685826986894897]
1691622057.1459854,[0.0010000044107437134, 1.570798397064209, 2.688683271408081, 6.283168315887451, 2.814361333847046, 2.492339849472046, 3.1416094303131104],[-1.5723652648648963]
1691622057.2066717,[0.0010000048875808715, 1.5707978010177612, 2.6886839866638184, 6.283174991607666, 2.8143539428710938, 2.49233341217041, 3.1415975093841553],[-1.5371709564186506]
1691622057.267075,[0.0010000052452087402, 1.5707921981811523, 2.688680410385132, 6.2831711769104, 2.814356565475464, 2.4923410415649414, 3.1415963172912598],[-1.5725297242655552]
1691622057.3286967,[0.0010000051259994507, 1.5707968473434448, 2.6886816024780273, 6.283175945281982, 2.8143551349639893, 2.4923367500305176, 3.141601324081421],[-1.5983498519645654]
