timestamp,joint_position,linear_potentiometer
1691622242.8270633,[0.0, 0.0, 0.0, 0.0, 0.0, 0.0, 0.0],[0]
1691622242.881916,[0.0009999996423721313, 1.5700074434280396, 2.639993190765381, 3.3651504054432735e-05, 0.5999915599822998, 3.0399935245513916, 3.1416163444519043],[0]
1691622242.943042,[0.0009999986290931701, 1.5700010061264038, 2.639995813369751, 2.1746276615886018e-05, 0.5999926924705505, 3.0400028228759766, 3.141611337661743],[-3.2454203964263066]
1691622243.0032887,[0.0009999988079071045, 1.5700072050094604, 2.6399953365325928, 2.3650996809010394e-05, 0.5999901294708252, 3.0400004386901855, 3.1416196823120117],[-3.235059321633774]
1691622243.0647402,[0.0009999980926513673, 1.570001482963562, 2.639991521835327, 3.158732579322532e-05, 0.5999858379364014, 3.0400004386901855, 3.141625165939331],[-3.31597441070285]
1691622243.1261497,[0.0009999972581863404, 1.5699983835220337, 2.6399996280670166, 1.9683562641148455e-05, 0.5999919176101685, 3.039994955062866, 3.141619920730591],[-3.3592278291765116]
1691622243.1899788,[0.0009999973177909852, 1.5700055360794067, 2.63999605178833, 2.6350080588599667e-05, 0.599985659122467, 3.03999924659729, 3.141620635986328],[-3.3542939781866106]
1691622243.2519643,[0.000999996840953827, 1.5700050592422485, 2.6399967670440674, 3.0000061087775975e-05, 0.5999866724014282, 3.0399928092956543, 3.141606092453003],[-3.3380122717028433]
1691622243.3137038,[0.0009999964237213134, 1.5700019598007202, 2.6399950981140137, 2.476281406416092e-05, 0.5999888777732849, 3.0399951934814453, 3.14160418510437],[-3.3019951730925245]
1691622243.3739755,[0.000999995768070221, 1.5700045824050903, 2.6399943828582764, 2.476281406416092e-05, 0.5999931693077087, 3.0399973392486572, 3.1416046619415283],[-3.3251842624552603]
1691622243.4360373,[0.0009999954104423522, 1.570001482963562, 2.639993190765381, 1.7778844267013483e-05, 0.5999985337257385, 3.040001392364502, 3.141606092453003],[-3.2812730127657432]
1691622243.4966226,[0.0009999958276748658, 1.570002794265747, 2.6399991512298584, 6.191069132910343e-06, 0.5999990105628967, 3.0399932861328125, 3.14160418510437],[-3.2220668642834687]
1691622243.5589938,[0.0009999948740005494, 1.5699996948242188, 2.640002489089966, 7.618877134518698e-06, 0.6000005006790161, 3.040001392364502, 3.141603469848633],[-3.1562822957901555]
1691622243.6219418,[0.0009999943375587463, 1.5700032711029053, 2.6399993896484375, 6.283185005187988, 0.6000092029571533, 3.040001153945923, 3.141594171524048],[-3.099378678202376]
1691622243.682286,[0.0009999938011169434, 1.5699951648712158, 2.6400020122528076, 6.2831807136535645, 0.6000092029571533, 3.04000186920166, 3.1415927410125732],[-2.948732255767096]
1691622243.743467,[0.0009999939799308778, 1.570001244544983, 2.640005350112915, 6.283177375793457, 0.6000107526779175, 3.0399997234344482, 3.141587972640991],[-2.844792924960179]
1691622243.8060634,[0.000999994397163391, 1.5700021982192993, 2.640003204345703, 6.283168792724609, 0.6000123620033264, 3.039999485015869, 3.141584634780884],[-2.757299765482284]
1691622243.867114,[0.0009999937415122986, 1.5699979066848755, 2.6400020122528076, 6.283170700073242, 0.6000127196311951, 3.040004253387451, 3.1415727138519287],[-2.655169676173297]
1691622243.9282463,[0.0009999933242797851, 1.569995403289795, 2.6399991512298584, 6.28316593170166, 0.6000159978866577, 3.0400002002716064, 3.1415719985961914],[-2.537744850278198]
1691622243.9910784,[0.000999993085861206, 1.569998860359192, 2.6400017738342285, 6.283166408538818, 0.600012481212616, 3.039998769760132, 3.141566514968872],[-2.463244283212402]
1691622244.0518036,[0.0009999932646751403, 1.5699983835220337, 2.640000343322754, 6.2831573486328125, 0.6000177264213562, 3.0399973392486572, 3.1415584087371826],[-2.3612788974026326]
1691622244.1136386,[0.0009999930262565614, 1.5700010061264038, 2.6400017738342285, 6.283161163330078, 0.6000177264213562, 3.039989948272705, 3.141554355621338],[-2.3056913493324536]
1691622244.175019,[0.000999993085861206, 1.5699973106384277, 2.6399970054626465, 6.283161640167236, 0.6000176072120667, 3.0399885177612305, 3.141556978225708],[-2.2931923771875544]
1691622244.238135,[0.0009999924898147583, 1.570000410079956, 2.640001058578491, 6.283168315887451, 0.6000174880027771, 3.0399961471557617, 3.141563892364502],[-2.2241191306366552]
1691622244.299892,[0.0009999930262565614, 1.569996953010559, 2.6400022506713867, 6.283160209655762, 0.6000171303749084, 3.0400021076202393, 3.1415724754333496],[-2.331676058281346]
1691622244.3613598,[0.0009999933242797851, 1.5699962377548218, 2.6400012969970703, 6.2831645011901855, 0.6000166535377502, 3.0399980545043945, 3.141575336456299],[-2.367857306991502]
1691622244.422788,[0.0009999926686286927, 1.5700007677078247, 2.6400034427642822, 6.283174991607666, 0.6000106334686279, 3.0399999618530273, 3.1415839195251465],[-2.404203025891038]
1691622244.485734,[0.0009999926686286927, 1.570001244544983, 2.640000820159912, 6.2831807136535645, 0.6000041365623474, 3.0399980545043945, 3.141575336456299],[-2.4168664687841868]
1691622244.5466473,[0.0009999924898147583, 1.5699996948242188, 2.6400041580200195, 1.2698128557531163e-06, 0.6000061631202698, 3.0399951934814453, 3.141594409942627],[-2.4923537710668984]
1691622244.6070704,[0.0009999929070472718, 1.570000171661377, 2.640002727508545, 7.943644959595986e-07, 0.600002646446228, 3.0399961471557617, 3.141590118408203],[-2.606982724112211]
1691622244.6689386,[0.0009999929666519166, 1.5699998140335083, 2.639998197555542, 7.14342877472518e-06, 0.5999980568885803, 3.0399985313415527, 3.141603946685791],[-2.662405943682507]
1691622244.7305837,[0.0009999930262565614, 1.5699989795684814, 2.6399974822998047, 1.14297790787532e-05, 0.5999972820281982, 3.0399889945983887, 3.141596794128418],[-2.7839424122044774]
1691622244.7920196,[0.00099999338388443, 1.5700030326843262, 2.6399965286254883, 1.6826483260956593e-05, 0.5999969840049744, 3.039996862411499, 3.14160418510437],[-2.866337303561477]
1691622244.8522842,[0.0009999932050704955, 1.5700037479400635, 2.6400022506713867, 1.809629611670971e-05, 0.5999945998191833, 3.039992570877075, 3.1416046619415283],[-3.0049779475168568]
1691622244.914119,[0.0009999929666519166, 1.570002794265747, 2.63999605178833, 2.079391742881853e-05, 0.5999942421913147, 3.0399978160858154, 3.141615152359009],[-3.133751090849301]
1691622244.975079,[0.0009999933242797851, 1.5700037479400635, 2.6399991512298584, 2.3968450477696024e-05, 0.5999903082847595, 3.0399954319000244, 3.1416172981262207],[-3.1270081764622435]
1691622245.0360384,[0.000999993085861206, 1.570006251335144, 2.639998197555542, 2.460335599607788e-05, 0.5999904274940491, 3.0400021076202393, 3.1416165828704834],[-3.171906126946169]
1691622245.097084,[0.0009999930262565614, 1.569997787475586, 2.6399950981140137, 2.873024823202286e-05, 0.5999891757965088, 3.040001392364502, 3.1416192054748535],[-3.2431179352683785]
1691622245.1582475,[0.0009999932050704955, 1.5700024366378784, 2.639995813369751, 3.508077497826889e-05, 0.5999844074249268, 3.03999924659729, 3.1416211128234863],[-3.2870291679747368]
1691622245.220601,[0.000999993085861206, 1.570007562637329, 2.6399986743927, 3.34920478053391e-05, 0.5999863147735596, 3.0399999618530273, 3.141617774963379],[-3.317125642124421]
1691622245.2822726,[0.0009999924302101135, 1.570004940032959, 2.6399950981140137, 2.6984986106981523e-05, 0.599983811378479, 3.0399959087371826, 3.141620397567749],[-3.4174472899715425]
1691622245.3423774,[0.0009999930262565614, 1.5700017213821411, 2.6399948596954346, 2.428590232739225e-05, 0.599987268447876, 3.0399932861328125, 3.1416046619415283],[-3.4121845123980603]
1691622245.4038422,[0.0009999929070472718, 1.570000410079956, 2.6399950981140137, 2.7777889044955373e-05, 0.5999822020530701, 3.03999400138855, 3.1416022777557373],[-3.3868573993843816]
1691622245.464881,[0.0009999929666519166, 1.5700041055679321, 2.6399967670440674, 2.1905734683969058e-05, 0.5999877452850342, 3.039992570877075, 3.141601324081421],[-3.381101238270084]
1691622245.5249085,[0.0009999929666519166, 1.570001482963562, 2.63999605178833, 1.14297790787532e-05, 0.5999950170516968, 3.039996862411499, 3.141608715057373],[-3.312520716519435]
1691622245.5860727,[0.0009999930262565614, 1.5700055360794067, 2.639996290206909, 5.873615918972064e-06, 0.5999956727027893, 3.0399951934814453, 3.1416072845458984],[-3.204633949466975]
1691622245.6478224,[0.0009999927282333375, 1.5699989795684814, 2.640000104904175, 1.111232541006757e-05, 0.5999988913536072, 3.040001153945923, 3.1416032314300537],[-3.1880233447562376]
1691622245.7093391,[0.0009999927878379822, 1.5700030326843262, 2.6399967670440674, 5.873615918972064e-06, 0.5999976396560669, 3.0400030612945557, 3.1416049003601074],[-3.1293106349838293]
1691622245.7724981,[0.0009999929666519166, 1.5699998140335083, 2.640001058578491, 6.2831807136535645, 0.5999998450279236, 3.040005922317505, 3.141592025756836],[-3.055631987615941]
1691622245.8340847,[0.0009999932646751403, 1.5700010061264038, 2.639995813369751, 6.283176898956299, 0.6000036001205444, 3.040003538131714, 3.141585350036621],[-2.904492243829165]
1691622245.896218,[0.000999992549419403, 1.569997787475586, 2.640000343322754, 6.283169746398926, 0.6000068187713623, 3.0400099754333496, 3.141580581665039],[-2.8332806632811636]
1691622245.9561987,[0.00099999338388443, 1.5699982643127441, 2.6400012969970703, 6.283172130584717, 0.6000120639801025, 3.040001153945923, 3.1415750980377197],[-2.6938179282040817]
1691622246.0188193,[0.000999992847442627, 1.56999671459198, 2.6399974822998047, 6.2831645011901855, 0.6000101566314697, 3.040001153945923, 3.141568422317505],[-2.550243846002061]
1691622246.0802147,[0.0009999938011169434, 1.5700023174285889, 2.6400041580200195, 6.283164978027344, 0.6000123620033264, 3.0399980545043945, 3.1415650844573975],[-2.4292009922698146]
1691622246.1424181,[0.000999993920326233, 1.5699964761734009, 2.6400036811828613, 6.2831597328186035, 0.6000199913978577, 3.039994239807129, 3.1415538787841797],[-2.3551938688236143]
1691622246.2042122,[0.0009999938607215882, 1.56999933719635, 2.640005350112915, 6.2831573486328125, 0.6000183820724487, 3.039989948272705, 3.141550302505493],[-2.26671429524704]
1691622246.2648032,[0.0009999946355819702, 1.5699970722198486, 2.6399996280670166, 6.283161163330078, 0.600014865398407, 3.039992094039917, 3.1415505409240723],[-2.3096383934072153]
1691622246.3260486,[0.0009999948740005494, 1.56999671459198, 2.6400012969970703, 6.2831597328186035, 0.6000218391418457, 3.0399909019470215, 3.1415534019470215],[-2.278226504156318]
1691622246.388245,[0.0009999944567680359, 1.5700024366378784, 2.6400036811828613, 6.283168315887451, 0.600006639957428, 3.03999924659729, 3.141569137573242],[-2.3379255459933788]
1691622246.4495769,[0.000999994993209839, 1.5699985027313232, 2.6400041580200195, 6.283163547515869, 0.6000101566314697, 3.0399932861328125, 3.141568183898926],[-2.3517402040784665]
1691622246.5119982,[0.0009999946355819702, 1.5699982643127441, 2.640000104904175, 6.283174991607666, 0.6000088453292847, 3.0400054454803467, 3.141580581665039],[-2.3558517097376277]
1691622246.5729904,[0.0009999947547912598, 1.5699992179870605, 2.6400022506713867, 6.283176898956299, 0.6000074744224548, 3.0399997234344482, 3.1415793895721436],[-2.4140706436238353]
1691622246.6352348,[0.0009999951720237733, 1.570001244544983, 2.6399970054626465, 6.2831807136535645, 0.6000007390975952, 3.039999485015869, 3.1415979862213135],[-2.5643874479481434]
1691622246.6960535,[0.0009999951124191285, 1.570000410079956, 2.639996290206909, 6.283184051513672, 0.6000015735626221, 3.0399975776672363, 3.1415867805480957],[-2.5879053012932656]
1691622246.7560425,[0.0009999943375587463, 1.5700050592422485, 2.640000581741333, 5.714157850889023e-06, 0.6000020503997803, 3.039994239807129, 3.1416049003601074],[-2.6230998595180224]
1691622246.8181486,[0.0009999948740005494, 1.5699989795684814, 2.63999605178833, 1.0635414582793601e-05, 0.5999923944473267, 3.0399909019470215, 3.1415934562683105],[-2.7617402061744962]
1691622246.87965,[0.0009999952316284179, 1.5699989795684814, 2.639997720718384, 1.5397212337120436e-05, 0.5999952554702759, 3.0399956703186035, 3.141606092453003],[-2.834925272020378]
1691622246.9406006,[0.000999995470046997, 1.5700017213821411, 2.6399970054626465, 1.6032119674491696e-05, 0.5999885201454163, 3.039991855621338, 3.141603946685791],[-2.9467587232543697]
1691622247.0011353,[0.000999995470046997, 1.5700037479400635, 2.6399974822998047, 2.2381183953257278e-05, 0.5999903082847595, 3.0400002002716064, 3.1416146755218506],[-3.0146811546275454]
1691622247.0630267,[0.0009999953508377075, 1.570001482963562, 2.6399967670440674, 1.5556670405203477e-05, 0.5999909043312073, 3.0399956703186035, 3.1416125297546387],[-3.1263503311798035]
1691622247.125003,[0.0009999955296516418, 1.5699998140335083, 2.6399950981140137, 3.3968957723118365e-05, 0.5999842882156372, 3.039994478225708, 3.1416146755218506],[-3.2186131733722623]
1691622247.1881588,[0.0009999958276748658, 1.569998025894165, 2.6399950981140137, 1.82542917173123e-05, 0.5999901294708252, 3.03999924659729, 3.141622304916382],[-3.3029819427408054]
1691622247.2505176,[0.0009999953508377075, 1.5699992179870605, 2.639996290206909, 2.2381183953257278e-05, 0.5999893546104431, 3.0400002002716064, 3.141627073287964],[-3.3031464043498167]
1691622247.3123348,[0.0009999956488609314, 1.5700039863586426, 2.639998435974121, 1.841374978539534e-05, 0.5999877452850342, 3.0399982929229736, 3.1416165828704834],[-3.367450914719595]
1691622247.3730292,[0.0009999961256980897, 1.5700044631958008, 2.6399943828582764, 3.0476972824544646e-05, 0.5999864935874939, 3.03999662399292, 3.1416232585906982],[-3.4103754326743387]
1691622247.4342685,[0.0009999964237213134, 1.570006012916565, 2.6399953365325928, 3.1269875762518495e-05, 0.5999830365180969, 3.0399975776672363, 3.141605854034424],[-3.3914623285244945]
1691622247.4959695,[0.0009999960064888001, 1.570000171661377, 2.6399970054626465, 2.539772140153218e-05, 0.5999793410301208, 3.0399961471557617, 3.1416053771972656],[-3.363503833571496]
1691622247.5564904,[0.000999996066093445, 1.570002794265747, 2.6399970054626465, 1.9206650904379785e-05, 0.5999891757965088, 3.039994239807129, 3.1416079998016357],[-3.3197570282817854]
1691622247.6177363,[0.0009999966621398926, 1.5700026750564575, 2.640000104904175, 2.460335599607788e-05, 0.5999919176101685, 3.0399932861328125, 3.141606092453003],[-3.2932787082965236]
1691622247.679264,[0.000999996542930603, 1.5700044631958008, 2.6399967670440674, 1.4762305909243878e-05, 0.5999939441680908, 3.040003776550293, 3.1416049003601074],[-3.26712931853362]
1691622247.7401035,[0.0009999970197677613, 1.5700019598007202, 2.6399967670440674, 8.888689990271814e-06, 0.59999680519104, 3.040003776550293, 3.141603469848633],[-3.2222313257583943]
1691622247.8010023,[0.0009999971389770509, 1.5699974298477173, 2.640002727508545, 1.1118177098978776e-06, 0.6000031232833862, 3.040006399154663, 3.14160418510437],[-3.0752028732496877]
1691622247.8623085,[0.0009999971389770509, 1.5699999332427979, 2.6400041580200195, 6.283178806304932, 0.6000039577484131, 3.0400075912475586, 3.141594886779785],[-3.0666508891627053]
1691622247.9242754,[0.0009999970197677613, 1.5700007677078247, 2.6399974822998047, 6.283176898956299, 0.6000087261199951, 3.040010929107666, 3.141587972640991],[-2.869626522033907]
1691622247.9846382,[0.0009999964833259582, 1.5699957609176636, 2.640002727508545, 6.283175945281982, 0.6000104546546936, 3.0400047302246094, 3.1415867805480957],[-2.777857362717543]
1691622248.0461953,[0.0009999969005584717, 1.5699950456619263, 2.6400046348571777, 6.283170223236084, 0.6000092029571533, 3.0400054454803467, 3.1415765285491943],[-2.670135593552659]
1691622248.107234,[0.0009999973773956298, 1.569998025894165, 2.640002727508545, 6.283167362213135, 0.6000083684921265, 3.0399978160858154, 3.1415717601776123],[-2.5456389526941594]
1691622248.1680846,[0.0009999973773956298, 1.5699974298477173, 2.640002727508545, 6.283166885375977, 0.6000118851661682, 3.040001392364502, 3.1415624618530273],[-2.5122534813074546]
1691622248.2293737,[0.0009999973773956298, 1.5699999332427979, 2.6400020122528076, 6.283163547515869, 0.6000127196311951, 3.039991855621338, 3.1415553092956543],[-2.4535411220721848]
1691622248.290939,[0.0009999971389770509, 1.570000171661377, 2.640000581741333, 6.283160209655762, 0.6000117063522339, 3.03999400138855, 3.1415483951568604],[-2.353713726778993]
1691622248.353045,[0.0009999973177909852, 1.5699959993362427, 2.6400022506713867, 6.283159255981445, 0.6000140905380249, 3.039991855621338, 3.1415517330169678],[-2.2769108230891564]
1691622248.414488,[0.0009999971389770509, 1.569998860359192, 2.640002727508545, 6.283159255981445, 0.6000134944915771, 3.0399928092956543, 3.141552448272705],[-2.1849776394785883]
1691622248.4760706,[0.0009999973773956298, 1.5699974298477173, 2.6400012969970703, 6.283159255981445, 0.6000122427940369, 3.0399978160858154, 3.1415650844573975],[-2.3147366588410807]
1691622248.539275,[0.0009999966621398926, 1.5699996948242188, 2.640001058578491, 6.283163070678711, 0.6000112295150757, 3.039999008178711, 3.14156174659729],[-2.289574253886556]
1691622248.6005476,[0.0009999971389770509, 1.570000410079956, 2.640002727508545, 6.283172130584717, 0.6000068187713623, 3.0400032997131348, 3.14158296585083],[-2.399269217304677]
1691622248.6608148,[0.000999997079372406, 1.5700002908706665, 2.6399996280670166, 6.283173084259033, 0.6000056862831116, 3.03999924659729, 3.141584873199463],[-2.4785390980330946]
1691622248.722318,[0.0009999971389770509, 1.5700002908706665, 2.640000820159912, 6.283183574676514, 0.6000036001205444, 3.0400047302246094, 3.141598701477051],[-2.5308375110752728]
1691622248.7842102,[0.0009999967217445374, 1.5700010061264038, 2.640000104904175, 6.283181667327881, 0.6000025272369385, 3.039992570877075, 3.141591787338257],[-2.5268904602740427]
1691622248.8447793,[0.0009999962449073793, 1.5700042247772217, 2.640001058578491, 6.825975560786901e-06, 0.6000005006790161, 3.0400002002716064, 3.141596794128418],[-2.6656951563318643]
1691622248.9062035,[0.000999996066093445, 1.570002794265747, 2.640000104904175, 9.206143658957444e-06, 0.6000009179115295, 3.0399909019470215, 3.1415975093841553],[-2.7633848138816437]
1691622248.9676995,[0.0009999966025352478, 1.5700050592422485, 2.639996290206909, 1.4921763977326918e-05, 0.599992036819458, 3.03999400138855, 3.1416027545928955],[-2.8110784476448134]
1691622249.0292783,[0.0009999961853027345, 1.5700002908706665, 2.6399970054626465, 1.4921763977326918e-05, 0.5999913811683655, 3.0399959087371826, 3.1416053771972656],[-2.928503549205455]
1691622249.089391,[0.0009999966621398926, 1.570004940032959, 2.639997720718384, 2.0159011910436675e-05, 0.5999864935874939, 3.0399928092956543, 3.141606092453003],[-3.0799722492937582]
1691622249.1514182,[0.0009999967813491821, 1.5699998140335083, 2.6400034427642822, 2.142882476618979e-05, 0.5999884009361267, 3.0399978160858154, 3.141613245010376],[-3.0906622308728444]
1691622249.2127116,[0.0009999976754188537, 1.5700035095214844, 2.6399965286254883, 2.6508076189202257e-05, 0.5999864935874939, 3.0399973392486572, 3.1416118144989014],[-3.114180194210475]
1691622249.274452,[0.0009999969601631165, 1.5700021982192993, 2.6399986743927, 3.3334050385747105e-05, 0.5999842882156372, 3.040001153945923, 3.1416211128234863],[-3.2245337864356474]
1691622249.3360734,[0.000999996840953827, 1.5700019598007202, 2.6399967670440674, 4.047748006996699e-05, 0.5999839305877686, 3.0400047302246094, 3.1416237354278564],[-3.3368610400346412]
1691622249.396038,[0.0009999974966049194, 1.5699998140335083, 2.6399991512298584, 2.7142981707584113e-05, 0.599987268447876, 3.039998769760132, 3.141615152359009],[-3.3335718067720133]
1691622249.4578712,[0.0009999974966049194, 1.5700019598007202, 2.639998197555542, 2.444536039547529e-05, 0.5999863147735596, 3.0400030612945557, 3.1416215896606445],[-3.388337555155296]
1691622249.5194345,[0.000999998688697815, 1.5700042247772217, 2.6399943828582764, 2.7619893444352783e-05, 0.599981427192688, 3.039999485015869, 3.1416144371032715],[-3.383239240929392]
1691622249.5803058,[0.0009999982118606568, 1.5700047016143799, 2.6399941444396973, 3.11118783429265e-05, 0.5999863147735596, 3.0399889945983887, 3.1416032314300537],[-3.419420831636631]
1691622249.6414027,[0.0009999976754188537, 1.5700023174285889, 2.639997720718384, 2.0001016309834085e-05, 0.5999879240989685, 3.039996862411499, 3.1416079998016357],[-3.3429461218639127]
1691622249.7027466,[0.0009999980330467225, 1.5700061321258545, 2.6399970054626465, 2.0001016309834085e-05, 0.5999925136566162, 3.039996862411499, 3.1416068077087402],[-3.2748590116424374]
1691622249.7645795,[0.0009999982714653016, 1.5700019598007202, 2.6399991512298584, 1.90486571227666e-05, 0.5999942421913147, 3.0399978160858154, 3.1416049003601074],[-3.2996927106184386]
1691622249.8270078,[0.0009999979734420777, 1.5699999332427979, 2.639997720718384, 1.3492493053490762e-05, 0.5999976396560669, 3.0400002002716064, 3.1416053771972656],[-3.2421311662169603]
1691622249.8874059,[0.000999998152256012, 1.570001244544983, 2.6399998664855957, 3.809438567259349e-06, 0.5999990105628967, 3.0400075912475586, 3.1416001319885254],[-3.139671698967923]
1691622249.9492779,[0.0009999980330467225, 1.5699962377548218, 2.640000820159912, 6.283181190490723, 0.6000055074691772, 3.0400052070617676, 3.141591787338257],[-3.0381991009548273]
1691622250.010322,[0.0009999980926513673, 1.5699983835220337, 2.6400036811828613, 6.283177852630615, 0.6000102758407593, 3.040005922317505, 3.141590118408203],[-2.9311349254567043]
1691622250.0715296,[0.0009999983310699464, 1.5699973106384277, 2.640002727508545, 6.283170223236084, 0.6000092029571533, 3.0400073528289795, 3.1415812969207764],[-2.8423260116440687]
1691622250.1331396,[0.0009999982714653016, 1.5699964761734009, 2.6400012969970703, 6.283166408538818, 0.6000115871429443, 3.0400023460388184, 3.1415774822235107],[-2.7227630103504357]
1691622250.1947312,[0.0009999982118606568, 1.5699973106384277, 2.6400034427642822, 6.283168315887451, 0.6000083684921265, 3.040001153945923, 3.1415672302246094],[-2.5852739328626826]
1691622250.2555673,[0.0009999988675117493, 1.5699975490570068, 2.6399991512298584, 6.283162593841553, 0.6000152230262756, 3.0400023460388184, 3.1415622234344482],[-2.487419959096149]
1691622250.316473,[0.000999998927116394, 1.5699985027313232, 2.6400043964385986, 6.283161640167236, 0.6000104546546936, 3.03999662399292, 3.1415560245513916],[-2.446633787471024]
1691622250.3781593,[0.0009999986290931701, 1.5699962377548218, 2.6400060653686523, 6.283157825469971, 0.6000123620033264, 3.03999400138855, 3.1415505409240723],[-2.3310182174865157]
1691622250.4392545,[0.0009999995827674865, 1.5700007677078247, 2.640000104904175, 6.283159255981445, 0.6000174880027771, 3.039989948272705, 3.141552686691284],[-2.312434216363238]
1691622250.500982,[0.0009999997615814209, 1.5699946880340576, 2.6400034427642822, 6.283166408538818, 0.6000133156776428, 3.03999400138855, 3.141559600830078],[-2.317203561539525]
1691622250.5616877,[0.000999999225139618, 1.5699950456619263, 2.6400036811828613, 6.2831645011901855, 0.6000120639801025, 3.040001153945923, 3.1415719985961914],[-2.348944380302836]
1691622250.622322,[0.0009999995231628417, 1.5699970722198486, 2.6400022506713867, 6.283157825469971, 0.6000147461891174, 3.039994239807129, 3.141569137573242],[-2.3298669961033305]
1691622250.685259,[0.0009999996423721313, 1.5699994564056396, 2.6400034427642822, 6.283169269561768, 0.6000111103057861, 3.0400075912475586, 3.141590118408203],[-2.354207107458701]
1691622250.7460697,[0.0009999992847442628, 1.5700019598007202, 2.640003204345703, 6.283174514770508, 0.6000092029571533, 3.0400002002716064, 3.14158034324646],[-2.4522254392623357]
1691622250.8070056,[0.0009999994635581971, 1.569998860359192, 2.639998435974121, 6.283184051513672, 0.6000020503997803, 3.0399999618530273, 3.141591787338257],[-2.4821572265392664]
1691622250.8690076,[0.0009999990463256836, 1.5700019598007202, 2.6399996280670166, 6.283179759979248, 0.6000036001205444, 3.039992094039917, 3.1415886878967285],[-2.489064563065019]
1691622250.9300077,[0.0009999996423721313, 1.5700019598007202, 2.6400036811828613, 1.9047192836296745e-06, 0.6000031232833862, 3.0400004386901855, 3.1415960788726807],[-2.642012827278648]
1691622250.99104,[0.0010000001192092896, 1.570002794265747, 2.6399967670440674, 9.365601727040485e-06, 0.5999953746795654, 3.039996862411499, 3.1415905952453613],[-2.7240786960724224]
1691622251.0525608,[0.0009999995827674865, 1.5699999332427979, 2.640001058578491, 1.2699591934506316e-05, 0.5999965071678162, 3.0399951934814453, 3.14160418510437],[-2.8051578575429796]
1691622251.1141632,[0.0009999997615814209, 1.5700050592422485, 2.639998435974121, 1.6509031411260366e-05, 0.5999939441680908, 3.0399951934814453, 3.141601324081421],[-2.8914998273494397]
1691622251.1764696,[0.001, 1.5700026750564575, 2.6399993896484375, 2.04764637601329e-05, 0.5999886989593506, 3.0400002002716064, 3.1416101455688477],[-2.928339088191853]
1691622251.2383306,[0.0009999998807907104, 1.5700023174285889, 2.6399998664855957, 9.841050086834002e-06, 0.5999936461448669, 3.0400002002716064, 3.1416144371032715],[-3.049875845475523]
1691622251.3005185,[0.0010000009536743164, 1.570001482963562, 2.6399996280670166, 2.04764637601329e-05, 0.5999884009361267, 3.0399980545043945, 3.141611099243164],[-3.189996881806835]
1691622251.3620198,[0.0010000015497207643, 1.5700002908706665, 2.6399993896484375, 7.936330803204328e-06, 0.5999919176101685, 3.0400025844573975, 3.141619920730591],[-3.2659780876966784]
1691622251.423246,[0.0010000014305114747, 1.5700007677078247, 2.6399967670440674, 1.7301932530244812e-05, 0.5999909043312073, 3.040005922317505, 3.141627788543701],[-3.283411013232737]
1691622251.4839363,[0.0010000014305114747, 1.5700056552886963, 2.639997720718384, 3.4603865060489625e-05, 0.5999788641929626, 3.039996862411499, 3.141617774963379],[-3.2756813194554986]
1691622251.544982,[0.0010000019073486328, 1.5700074434280396, 2.6399943828582764, 3.1269875762518495e-05, 0.5999844074249268, 3.03999924659729, 3.141620397567749],[-3.328802418738641]
1691622251.605889,[0.0010000028610229492, 1.570001244544983, 2.6399986743927, 2.1905734683969058e-05, 0.599985659122467, 3.039994478225708, 3.1416125297546387],[-3.354951824970723]
1691622251.6676009,[0.0010000016689300536, 1.5700037479400635, 2.6399946212768555, 1.9524104573065415e-05, 0.5999839305877686, 3.039992570877075, 3.141599655151367],[-3.3643261421307016]
1691622251.7281454,[0.0010000028610229492, 1.5700058937072754, 2.6399946212768555, 2.476281406416092e-05, 0.5999895334243774, 3.039992570877075, 3.141606092453003],[-3.3146587176662203]
1691622251.790139,[0.0010000026226043702, 1.5700037479400635, 2.6399974822998047, 1.9683562641148455e-05, 0.5999941229820251, 3.039996385574341, 3.1416022777557373],[-3.320908259747918]
1691622251.8512855,[0.001000002384185791, 1.5700042247772217, 2.6399986743927, 1.460431121813599e-05, 0.5999907851219177, 3.039997100830078, 3.1416046619415283],[-3.2623599337247167]
1691622251.9122834,[0.0010000025033950807, 1.5700019598007202, 2.6400020122528076, 9.048148058354855e-06, 0.59999680519104, 3.0400025844573975, 3.141606569290161],[-3.191148111770772]
1691622251.9737854,[0.0010000028610229492, 1.5699999332427979, 2.6399991512298584, 4.286349849280668e-06, 0.6000022292137146, 3.04000186920166, 3.141603469848633],[-3.1641764417594813]
1691622252.0357509,[0.001000002384185791, 1.570001482963562, 2.6399989128112793, 6.283182621002197, 0.6000039577484131, 3.0400054454803467, 3.1415934562683105],[-3.0332652656291716]
1691622252.0969155,[0.001000002145767212, 1.5699982643127441, 2.6400041580200195, 6.283182144165039, 0.6000041365623474, 3.040008783340454, 3.141594409942627],[-2.958764379927605]
1691622252.1579676,[0.001000002145767212, 1.5699964761734009, 2.640001058578491, 6.283175468444824, 0.6000041365623474, 3.0400118827819824, 3.141589403152466],[-2.8711066703781634]
1691622252.2204418,[0.0010000026226043702, 1.5699940919876099, 2.63999605178833, 6.283171653747559, 0.6000095009803772, 3.0400047302246094, 3.1415786743164062],[-2.7413470725499534]
1691622252.2812467,[0.0010000029802322387, 1.5699942111968994, 2.640002727508545, 6.283167839050293, 0.6000117063522339, 3.0400030612945557, 3.141575336456299],[-2.6679976052404766]
1691622252.343452,[0.0010000029802322387, 1.5700021982192993, 2.6400034427642822, 6.283168315887451, 0.6000134944915771, 3.0400004386901855, 3.1415696144104004],[-2.5231078700399556]
1691622252.4060397,[0.0010000040531158447, 1.569997787475586, 2.6400022506713867, 6.283160209655762, 0.6000112295150757, 3.0399985313415527, 3.1415629386901855],[-2.4558435670219283]
1691622252.4676275,[0.0010000030994415283, 1.5699989795684814, 2.640004873275757, 6.283158779144287, 0.6000109314918518, 3.0399961471557617, 3.1415586471557617],[-2.408807914073304]
1691622252.528391,[0.0010000038146972656, 1.56999671459198, 2.6399998664855957, 6.2831645011901855, 0.600012481212616, 3.0399880409240723, 3.1415483951568604],[-2.3084871722068434]
1691622252.5894496,[0.0010000029802322387, 1.570001482963562, 2.640004873275757, 6.283165454864502, 0.6000153422355652, 3.0399954319000244, 3.1415534019470215],[-2.2713191786947555]
1691622252.6510158,[0.001000002384185791, 1.5700002908706665, 2.6400012969970703, 6.283164024353027, 0.6000192165374756, 3.0399937629699707, 3.1415622234344482],[-2.2973038810555355]
1691622252.7138069,[0.001000002145767212, 1.5699985027313232, 2.640001058578491, 6.283171653747559, 0.6000083684921265, 3.039996385574341, 3.141573429107666],[-2.3468063974551985]
1691622252.7747624,[0.0010000025033950807, 1.5699998140335083, 2.640001058578491, 6.283170700073242, 0.6000122427940369, 3.0399978160858154, 3.141580820083618],[-2.3644036419165886]
1691622252.836666,[0.0010000029802322387, 1.5700026750564575, 2.6400022506713867, 6.283176898956299, 0.6000065207481384, 3.0400047302246094, 3.141585111618042],[-2.4196622940047283]
1691622253.1113439,[0.001000002145767212, 1.5701978206634521, 2.6709325313568115, 8.619220898253843e-05, 0.6657078266143799, 2.9950337409973145, 3.1416091918945312],[-2.785587020229391]
1691622253.174348,[0.0009999972581863404, 1.5702916383743286, 2.677236795425415, 8.460494427708909e-05, 0.7238171696662903, 2.9568207263946533, 3.141584873199463],[-2.9109062221490842]
1691622253.2350945,[0.0009999932646751403, 1.570432424545288, 2.6805882453918457, 0.0003201610816176981, 0.7726389765739441, 2.918776273727417, 3.141573667526245],[-3.0222463675636764]
1691622253.2965362,[0.0009999911785125732, 1.5705063343048096, 2.682988166809082, 0.00028047943487763405, 0.8252444863319397, 2.871882677078247, 3.1415717601776123],[-3.14394769393236]
1691622253.3578768,[0.0009999898076057435, 1.5705691576004028, 2.68499493598938, 0.00021682785882148892, 0.8758066892623901, 2.8242080211639404, 3.1415622234344482],[-3.224204863478519]
1691622253.4200413,[0.000999988317489624, 1.5706052780151367, 2.686378240585327, 0.0002695265575312078, 0.9290164709091187, 2.77461314201355, 3.1415598392486572],[-3.3062711749734124]
1691622253.4811606,[0.0009999852180480957, 1.5706514120101929, 2.687633752822876, 0.00025952604482881725, 0.9815954566001892, 2.7264528274536133, 3.141556978225708],[-3.3503468975758217]
1691622253.542784,[0.0009999846816062927, 1.5706872940063477, 2.6879258155822754, 0.0002428590232739225, 1.0350443124771118, 2.6772828102111816, 3.1415369510650635],[-3.3327494984737305]
1691622253.6033802,[0.0009999836683273315, 1.5707048177719116, 2.688077449798584, 0.00017143059812951833, 1.0832602977752686, 2.632835626602173, 3.141507625579834],[-3.3694244553542214]
1691622253.664675,[0.0009999836683273315, 1.5707265138626099, 2.688210964202881, 0.0002615902340039611, 1.1362024545669556, 2.5854170322418213, 3.141433000564575],[-3.3398213500661393]
1691622253.7250125,[0.0009999852776527405, 1.5707427263259888, 2.688312530517578, 0.00020333705469965935, 1.1886810064315796, 2.546978712081909, 3.141439437866211],[-3.3266644172822333]
1691622253.787158,[0.0009999858140945434, 1.5707497596740723, 2.6883950233459473, 0.0002325425302842632, 1.243260145187378, 2.5159127712249756, 3.141428232192993],[-3.2219024028088126]
1691622253.847641,[0.000999986708164215, 1.5707778930664062, 2.688451051712036, 0.00023666942433919758, 1.2936198711395264, 2.49406099319458, 3.1414148807525635],[-3.129804018959431]
1691622253.9108248,[0.0009999867677688598, 1.5708154439926147, 2.6884894371032715, 0.0002717487222980708, 1.3493082523345947, 2.478038787841797, 3.1414108276367188],[-2.9623825232950574]
1691622253.9713438,[0.0009999863505363465, 1.570853590965271, 2.688539981842041, 0.0002638123987708241, 1.402539849281311, 2.4702141284942627, 3.141380786895752],[-2.8169990380553864]
1691622254.0332828,[0.0009999861717224121, 1.5708433389663696, 2.6885902881622314, 0.0001582555560162291, 1.4592660665512085, 2.4696407318115234, 3.14140248298645],[-2.6203040297529556]
1691622254.0951753,[0.000999986231327057, 1.5708098411560059, 2.688647508621216, 6.283171653747559, 1.4962607622146606, 2.473816394805908, 3.141433000564575],[-2.386605776118014]
1691622254.1561103,[0.000999986231327057, 1.5708394050598145, 2.688640594482422, 0.00014301779447123408, 1.5643694400787354, 2.4813733100891113, 3.1414287090301514],[-2.246321241830064]
1691622254.2163904,[0.000999986231327057, 1.570835828781128, 2.68864369392395, 0.0001563508267281577, 1.6158490180969238, 2.4845969676971436, 3.1414482593536377],[-2.1265943428516616]
1691622254.2779753,[0.0009999855160713197, 1.570821762084961, 2.6886725425720215, 3.0634968425147235e-05, 1.6716289520263672, 2.487017869949341, 3.1414830684661865],[-1.9845010080081544]
1691622254.3399546,[0.0009999861717224121, 1.5708167552947998, 2.6886847019195557, 6.283167362213135, 1.7263740301132202, 2.489150047302246, 3.1415152549743652],[-1.792247617226974]
1691622254.400966,[0.0009999859929084778, 1.570816159248352, 2.6886863708496094, 6.283179759979248, 1.779605507850647, 2.4898128509521484, 3.141493320465088],[-1.6259790371858804]
1691622254.4623272,[0.000999986708164215, 1.5708270072937012, 2.6886775493621826, 3.1269875762518495e-05, 1.8308292627334595, 2.490546464920044, 3.1414847373962402],[-1.463328713341212]
1691622254.523844,[0.0009999869465827942, 1.5708273649215698, 2.6886744499206543, 5.222325125942007e-05, 1.8825883865356445, 2.491487741470337, 3.1414740085601807],[-1.4322459065805448]
1691622254.5865424,[0.0009999865889549256, 1.570838212966919, 2.688664436340332, 6.317611405393109e-05, 1.937700629234314, 2.4919490814208984, 3.1414926052093506],[-1.4126752529231055]
1691622254.6477923,[0.0009999860525131226, 1.5708365440368652, 2.6886634826660156, 5.9524674725253135e-05, 1.9898760318756104, 2.492072343826294, 3.1415367126464844],[-1.4745119465856558]
1691622254.7092774,[0.0009999863505363465, 1.5708283185958862, 2.6886682510375977, 4.4762367906514555e-05, 2.0407869815826416, 2.492175579071045, 3.1415364742279053],[-1.475334243172642]
1691622254.7690585,[0.0009999869465827942, 1.5708378553390503, 2.6886675357818604, 5.777795013273135e-05, 2.092529773712158, 2.4922430515289307, 3.141543388366699],[-1.4427713009244092]
1691622254.831474,[0.000999987244606018, 1.570838451385498, 2.688655138015747, 5.222325125942007e-05, 2.145965576171875, 2.49230694770813, 3.1415839195251465],[-1.5348685252520264]
1691622254.892902,[0.0009999876022338868, 1.570841670036316, 2.6886556148529053, 4.127038118895143e-05, 2.1987173557281494, 2.492341995239258, 3.1416075229644775],[-1.5804237756668955]
1691622254.9556794,[0.0009999877214431764, 1.5708513259887695, 2.6886472702026367, 8.079403778538108e-05, 2.2523210048675537, 2.4923906326293945, 3.141655921936035],[-1.6353532259760661]
1691622255.0178702,[0.0009999879002571105, 1.5708434581756592, 2.6886587142944336, 0.00011603281018324196, 2.305338144302368, 2.4924254417419434, 3.141688823699951],[-1.6388068745995334]
1691622255.0795019,[0.0009999874830245972, 1.570839524269104, 2.688671588897705, 0.0001617475354578346, 2.3586809635162354, 2.4924347400665283, 3.141695976257324],[-1.7789263897949408]
1691622255.1401758,[0.0009999878406524657, 1.5708343982696533, 2.6886849403381348, 0.00022381183225661516, 2.4127120971679688, 2.492443323135376, 3.1416842937469482],[-1.7110045920117698]
1691622255.2024698,[0.0009999883770942688, 1.5708311796188354, 2.6886801719665527, 0.0002620656741783023, 2.4658637046813965, 2.4924263954162598, 3.1416616439819336],[-1.7177474327287394]
1691622255.26263,[0.0009999878406524657, 1.5708378553390503, 2.688680410385132, 0.00022127221745904535, 2.5158629417419434, 2.492424488067627, 3.141672134399414],[-1.7881361271665552]
1691622255.3232877,[0.000999988079071045, 1.5708452463150024, 2.688668727874756, 0.0002480977273080498, 2.5686910152435303, 2.4924092292785645, 3.1416642665863037],[-1.7381404160000788]
1691622255.3845673,[0.0009999879598617553, 1.5708495378494263, 2.688659191131592, 0.00020301791664678603, 2.6201932430267334, 2.492386817932129, 3.1416468620300293],[-1.756888805971567]
1691622255.4459462,[0.0009999889731407165, 1.5708506107330322, 2.6886558532714844, 0.00024127175856847316, 2.672982931137085, 2.49235200881958, 3.141608476638794],[-1.7539285337346593]
1691622255.506086,[0.0009999881982803345, 1.5708509683609009, 2.6886489391326904, 9.508089715382084e-05, 2.7248926162719727, 2.4923577308654785, 3.1416099071502686],[-1.7304108172198074]
1691622255.5679004,[0.0009999892711639404, 1.570836067199707, 2.688678026199341, 6.28316068649292, 2.7645788192749023, 2.49242901802063, 3.1416642665863037],[-1.7320554126760463]
1691622255.6293244,[0.000999988853931427, 1.5708460807800293, 2.6886656284332275, 6.283183574676514, 2.787900447845459, 2.492377996444702, 3.141650676727295],[-1.7358379822847096]
1691622255.6915789,[0.0009999898672103883, 1.5708423852920532, 2.6886708736419678, 2.3810454877093434e-05, 2.800668716430664, 2.4924185276031494, 3.1416728496551514],[-1.745705555567011]
1691622255.752859,[0.0009999899864196777, 1.5708423852920532, 2.6886699199676514, 6.283165454864502, 2.80377197265625, 2.492408037185669, 3.141681432723999],[-1.714458242102567]
1691622255.8137703,[0.000999990463256836, 1.570845603942871, 2.688666582107544, 1.1905227438546717e-05, 2.8073644638061523, 2.49239182472229, 3.1416172981262207],[-1.7215300020255668]
1691622255.8759968,[0.0009999902844429016, 1.5708354711532593, 2.6886720657348633, 6.283171653747559, 2.8091073036193848, 2.4923832416534424, 3.14164400100708],[-1.7091955372295284]
1691622255.938473,[0.0009999905228614808, 1.5708345174789429, 2.6886768341064453, 6.283167839050293, 2.8118574619293213, 2.492421865463257, 3.141655683517456],[-1.7420874452979016]
1691622256.001031,[0.0009999909996986388, 1.5708348751068115, 2.688673973083496, 6.283179759979248, 2.8131985664367676, 2.4923951625823975, 3.1416189670562744],[-1.7208721638810858]
1691622256.0623376,[0.0009999913573265076, 1.570830225944519, 2.68867564201355, 6.283174991607666, 2.8134753704071045, 2.4924113750457764, 3.1416282653808594],[-1.6346953881504729]
1691622256.1240845,[0.0009999916553497315, 1.5708341598510742, 2.6886773109436035, 1.1905227438546717e-05, 2.813634157180786, 2.4923830032348633, 3.141598701477051],[-1.6687384987706386]
1691622256.1859412,[0.0009999920725822448, 1.5708338022232056, 2.6886699199676514, 8.730695299163926e-06, 2.8137478828430176, 2.492377519607544, 3.141594409942627],[-1.6131512006737547]
1691622256.246112,[0.0009999924302101135, 1.570830225944519, 2.688673257827759, 8.095788871287368e-06, 2.813868284225464, 2.4923782348632812, 3.1416015625],[-1.6218675510264167]
1691622256.307888,[0.0009999926686286927, 1.57082998752594, 2.6886746883392334, 1.9524104573065415e-05, 2.8139424324035645, 2.4923605918884277, 3.1415817737579346],[-1.604763769592736]
1691622256.370294,[0.0009999926686286927, 1.570829153060913, 2.6886744499206543, 5.714157850889023e-06, 2.814007043838501, 2.4923579692840576, 3.141587257385254],[-1.529112447456519]
1691622256.431373,[0.0009999927282333375, 1.5708270072937012, 2.688674211502075, 1.3175040294299833e-05, 2.8141191005706787, 2.4923574924468994, 3.141589641571045],[-1.5754899935020714]
1691622256.4932377,[0.0009999924302101135, 1.5708229541778564, 2.6886708736419678, 9.206143658957444e-06, 2.814157009124756, 2.492358922958374, 3.1415886878967285],[-1.518093670442988]
1691622256.5543141,[0.0009999927282333375, 1.5708234310150146, 2.688674211502075, 6.2831830978393555, 2.814218521118164, 2.4923691749572754, 3.1416165828704834],[-1.5177647517358435]
1691622256.6166158,[0.0009999926686286927, 1.5708197355270386, 2.688673496246338, 6.283173561096191, 2.8143084049224854, 2.492374897003174, 3.141629695892334],[-1.5409535219668715]
1691622256.6777725,[0.0009999933242797851, 1.5708180665969849, 2.688674211502075, 6.283185005187988, 2.8143296241760254, 2.4923605918884277, 3.141619920730591],[-1.5467096001189298]
1691622256.7394667,[0.0009999931454658508, 1.5708190202713013, 2.6886746883392334, 6.283184051513672, 2.8143534660339355, 2.492382764816284, 3.141613245010376],[-1.549834328331511]
1691622256.8004375,[0.0009999931454658508, 1.570817470550537, 2.6886751651763916, 6.666517492703861e-06, 2.8143527507781982, 2.4923746585845947, 3.1416068077087402],[-1.5792725598167991]
1691622256.8632777,[0.0009999929070472718, 1.5708173513412476, 2.6886770725250244, 9.683054486231413e-06, 2.8143560886383057, 2.4923672676086426, 3.141610622406006],[-1.6045993101635907]
1691622256.9235706,[0.0009999938607215882, 1.5708163976669312, 2.6886749267578125, 9.365601727040485e-06, 2.814357042312622, 2.4923672676086426, 3.141606092453003],[-1.6115066063140182]
1691622256.9860325,[0.0009999934434890747, 1.5708178281784058, 2.6886770725250244, 8.095788871287368e-06, 2.8143584728240967, 2.4923675060272217, 3.141599416732788],[-1.6703830936499988]
1691622257.048311,[0.0009999939799308778, 1.5708147287368774, 2.688678026199341, 6.3490642787655815e-06, 2.814357280731201, 2.4923644065856934, 3.1416125297546387],[-1.6384779556801807]
1691622257.110066,[0.0009999940991401674, 1.5708160400390625, 2.688676118850708, 8.253783562395256e-06, 2.814357280731201, 2.4923653602600098, 3.141613721847534],[-1.668409579796584]
1691622257.1704855,[0.0009999938011169434, 1.5708118677139282, 2.688671827316284, 5.873615918972064e-06, 2.8143529891967773, 2.492351770401001, 3.141611337661743],[-1.6703830936499988]
1691622257.2324452,[0.000999994695186615, 1.570813536643982, 2.688673257827759, 6.283183574676514, 2.8143463134765625, 2.49234676361084, 3.141624927520752],[-1.7338644676959554]
1691622257.293459,[0.0009999945759773254, 1.5708115100860596, 2.6886730194091797, 6.283180236816406, 2.8143486976623535, 2.492344856262207, 3.1416258811950684],[-1.7517905593731584]
1691622257.355038,[0.0009999945163726807, 1.570811152458191, 2.6886701583862305, 6.283181190490723, 2.8143508434295654, 2.4923462867736816, 3.1416237354278564],[-1.7320554126760463]
1691622257.417853,[0.000999994158744812, 1.5708107948303223, 2.688669204711914, 6.283182144165039, 2.81434965133667, 2.492339849472046, 3.1416172981262207],[-1.7603424569793842]
1691622257.4780166,[0.0009999944567680359, 1.570812463760376, 2.6886727809906006, 3.1745321393827908e-06, 2.814347743988037, 2.4923312664031982, 3.1416099071502686],[-1.7624804314477913]
1691622257.538332,[0.0009999947547912598, 1.5708155632019043, 2.6886701583862305, 1.5874124073889107e-05, 2.814338207244873, 2.492302894592285, 3.14158296585083],[-1.7322198722225293]
1691622257.600382,[0.0009999951124191285, 1.5708094835281372, 2.6886675357818604, 1.2382138265820686e-05, 2.8143422603607178, 2.492307186126709, 3.1415860652923584],[-1.7182408113280156]
1691622257.6622846,[0.0009999952316284179, 1.5708037614822388, 2.688673973083496, 1.015850284602493e-05, 2.814344644546509, 2.492312431335449, 3.141589403152466],[-1.7491592063494423]
1691622257.7223682,[0.0009999953508377075, 1.5708096027374268, 2.6886708736419678, 1.6349573343177326e-05, 2.814347982406616, 2.492306709289551, 3.1415655612945557],[-1.6962032352507748]
1691622257.7837415,[0.0009999952316284179, 1.570804238319397, 2.68867564201355, 5.714157850889023e-06, 2.8143560886383057, 2.4923176765441895, 3.1415762901306152],[-1.6996568850501166]
1691622257.8446944,[0.0009999961256980897, 1.570807695388794, 2.688676118850708, 8.730695299163926e-06, 2.81435489654541, 2.492316484451294, 3.1415741443634033],[-1.6583775513783732]
1691622257.9065757,[0.0009999959468841553, 1.5708047151565552, 2.688676357269287, 6.666517492703861e-06, 2.814357042312622, 2.4923181533813477, 3.141571283340454],[-1.656732956609269]
1691622257.9684193,[0.0009999961853027345, 1.5708032846450806, 2.6886746883392334, 6.283185005187988, 2.814356803894043, 2.4923229217529297, 3.1415743827819824],[-1.602461337598038]
1691622258.0301762,[0.0009999963641166686, 1.5707998275756836, 2.6886708736419678, 6.283183574676514, 2.8143508434295654, 2.492323398590088, 3.1415817737579346],[-1.6373267394671427]
1691622258.0926383,[0.0009999962449073793, 1.5708072185516357, 2.688671827316284, 1.2698128557531163e-06, 2.8143537044525146, 2.4923155307769775, 3.1415822505950928],[-1.5718718866637842]
1691622258.155224,[0.0009999963641166686, 1.5708024501800537, 2.6886744499206543, 6.2831830978393555, 2.81435227394104, 2.4923200607299805, 3.1415765285491943],[-1.5769701281378627]
1691622258.215952,[0.0009999963045120238, 1.5708026885986328, 2.6886744499206543, 6.283182144165039, 2.814349889755249, 2.4923200607299805, 3.141580820083618],[-1.5396378469850818]
1691622258.2777746,[0.0009999966621398926, 1.570802927017212, 2.6886796951293945, 1.2698128557531163e-06, 2.8143537044525146, 2.4923160076141357, 3.1415796279907227],[-1.5527945972118986]
1691622258.3394327,[0.0009999963641166686, 1.5708026885986328, 2.688666820526123, 6.283181190490723, 2.8143508434295654, 2.4923155307769775, 3.141580581665039],[-1.5644712138025085]
1691622258.4009607,[0.0009999967813491821, 1.5707978010177612, 2.6886775493621826, 6.283181190490723, 2.8143503665924072, 2.4923171997070312, 3.141580104827881],[-1.5449005469666865]
1691622258.4626508,[0.0009999971389770509, 1.5708013772964478, 2.68867826461792, 6.283177852630615, 2.8143560886383057, 2.492323637008667, 3.141592264175415],[-1.6004878244825644]
1691622258.5245166,[0.0009999973177909852, 1.5707963705062866, 2.6886813640594482, 6.283169746398926, 2.8143653869628906, 2.492337942123413, 3.1416196823120117],[-1.5350329846201525]
1691622258.5857618,[0.0009999971985816957, 1.5707998275756836, 2.6886770725250244, 6.283173561096191, 2.81435489654541, 2.4923255443573, 3.141608715057373],[-1.5243431259852311]
1691622258.6459801,[0.0009999971985816957, 1.5707968473434448, 2.688676118850708, 6.283176898956299, 2.814357280731201, 2.4923312664031982, 3.141606092453003],[-1.5893045838920277]
1691622258.7076776,[0.000999997615814209, 1.5707989931106567, 2.688675880432129, 6.283169746398926, 2.8143575191497803, 2.4923393726348877, 3.1416094303131104],[-1.5649645919842068]
1691622258.7688441,[0.0009999974966049194, 1.5707955360412598, 2.6886749267578125, 6.283178329467773, 2.8143575191497803, 2.4923324584960938, 3.1416053771972656],[-1.5557548661384948]
1691622258.8295462,[0.0009999980926513673, 1.5707991123199463, 2.6886825561523438, 6.28318452835083, 2.8143599033355713, 2.492328643798828, 3.1416001319885254],[-1.5453939250974116]
1691622258.88972,[0.0009999985098838805, 1.5707976818084717, 2.688678741455078, 4.769112820213195e-07, 2.8143537044525146, 2.492328643798828, 3.141594409942627],[-1.5577283787819332]
1691622258.9521413,[0.000999999225139618, 1.5707968473434448, 2.6886777877807617, 2.8570789254445117e-06, 2.8143537044525146, 2.4923243522644043, 3.1415910720825195],[-1.5636489168358816]
1691622259.0146062,[0.0009999992847442628, 1.5708000659942627, 2.6886770725250244, 3.6514434214041103e-06, 2.814359188079834, 2.4923269748687744, 3.141599655151367],[-1.6322284963257019]
1691622259.0748084,[0.0009999994039535524, 1.570796012878418, 2.688678741455078, 3.1745321393827908e-06, 2.8143539428710938, 2.492323398590088, 3.141605854034424],[-1.5879889085727106]
1691622259.1360152,[0.0009999998211860657, 1.5707987546920776, 2.6886746883392334, 2.5396257115062326e-06, 2.8143489360809326, 2.4923269748687744, 3.1416094303131104],[-1.6491678208650615]
1691622259.1978288,[0.0010000002384185792, 1.5708000659942627, 2.6886789798736572, 6.2831807136535645, 2.8143515586853027, 2.4923226833343506, 3.141617774963379],[-1.659528767725709]
1691622259.2597096,[0.0010000005960464477, 1.5707991123199463, 2.688676118850708, 6.283178329467773, 2.814350128173828, 2.4923291206359863, 3.1416139602661133],[-1.6577197134689245]
1691622259.3211923,[0.0009999993443489076, 1.5707987546920776, 2.6886770725250244, 6.283180236816406, 2.8143513202667236, 2.492326498031616, 3.1416192054748535],[-1.7374825777925553]
1691622259.3828943,[0.0009999990463256836, 1.5707974433898926, 2.688676118850708, 6.283182144165039, 2.8143458366394043, 2.4923229217529297, 3.1416189670562744],[-1.7170895945985432]
1691622259.4445167,[0.0010000001192092896, 1.5707991123199463, 2.6886749267578125, 6.283182621002197, 2.814345598220825, 2.4923183917999268, 3.1416165828704834],[-1.7126491872845895]
1691622259.5055282,[0.0009999992847442628, 1.5707991123199463, 2.688678026199341, 6.28317928314209, 2.8143463134765625, 2.4923205375671387, 3.1416101455688477],[-1.7442254195386369]
1691622259.5663974,[0.0009999987483024597, 1.5707967281341553, 2.6886744499206543, 6.98397070664214e-06, 2.814344882965088, 2.4923129081726074, 3.141587972640991],[-1.7971814054321644]
1691622259.6280084,[0.0009999995827674865, 1.570801019668579, 2.6886754035949707, 1.412739948136732e-05, 2.8143346309661865, 2.4923033714294434, 3.1415672302246094],[-1.7192275685307585]
1691622259.6893888,[0.0009999998211860657, 1.5707989931106567, 2.688676118850708, 6.191069132910343e-06, 2.8143513202667236, 2.4923198223114014, 3.1415834426879883],[-1.6901182333880143]
1691622259.7500682,[0.0009999994039535524, 1.5708000659942627, 2.688676118850708, 1.047595651471056e-05, 2.8143458366394043, 2.492311477661133, 3.141569137573242],[-1.6991635065032042]
1691622259.811022,[0.0009999995231628417, 1.570797085762024, 2.688676595687866, 5.238709491095506e-06, 2.8143506050109863, 2.492316246032715, 3.141563892364502],[-1.684855529243269]
1691622259.8712842,[0.0009999994635581971, 1.570797085762024, 2.6886775493621826, 4.6038030632189475e-06, 2.8143551349639893, 2.4923195838928223, 3.141575813293457],[-1.7100178348555015]
1691622259.9338074,[0.0009999998211860657, 1.5707963705062866, 2.6886754035949707, 9.206143658957444e-06, 2.8143486976623535, 2.4923133850097656, 3.1415672302246094],[-1.6435761989972446]
1691622259.995253,[0.0010000001192092896, 1.570796012878418, 2.688678026199341, 9.523596418148372e-07, 2.8143532276153564, 2.4923207759857178, 3.141575336456299],[-1.653772686062803]
1691622260.0560927,[0.0010000007152557373, 1.5707978010177612, 2.6886773109436035, 6.2831830978393555, 2.81435227394104, 2.4923224449157715, 3.1415789127349854],[-1.6698897151846002]
1691622260.1171854,[0.001, 1.5707951784133911, 2.6886777877807617, 3.016536993527552e-06, 2.8143508434295654, 2.4923181533813477, 3.141573905944824],[-1.6476876856479086]
1691622260.1799643,[0.0009999999403953552, 1.570798397064209, 2.688676118850708, 6.2831830978393555, 2.814347982406616, 2.4923229217529297, 3.1415796279907227],[-1.6080529582064311]
1691622260.2403286,[0.0009999998807907104, 1.570797085762024, 2.688680410385132, 6.2831830978393555, 2.8143510818481445, 2.4923183917999268, 3.141578435897827],[-1.5797659380374012]
1691622260.301099,[0.0010000001192092896, 1.5707998275756836, 2.688676118850708, 6.2831830978393555, 2.814347505569458, 2.4923224449157715, 3.1415789127349854],[-1.5694049956776663]
1691622260.3623722,[0.0010000002384185792, 1.5707950592041016, 2.6886796951293945, 6.283181190490723, 2.814347982406616, 2.4923229217529297, 3.141583204269409],[-1.5427625750816432]
