timestamp,joint_position,linear_potentiometer
1691622135.3649678,[0.0, 0.0, 0.0, 0.0, 0.0, 0.0, 0.0],[0]
1691622135.4211533,[0.0010000067949295045, 1.5700061321258545, 2.640000581741333, 4.921256277157227e-06, 0.6000006198883057, 3.0400009155273438, 3.1400043964385986],[0]
1691622135.4821749,[0.0010000067949295045, 1.5699996948242188, 2.640000104904175, 3.6514434214041103e-06, 0.5999955534934998, 3.0399911403656006, 3.140002965927124],[-2.743978444428787]
1691622135.544221,[0.0010000064373016358, 1.5700030326843262, 2.6400012969970703, 6.191069132910343e-06, 0.5999958515167236, 3.0399961471557617, 3.1400082111358643],[-2.841832628987344]
1691622135.6051204,[0.0010000073909759522, 1.5700055360794067, 2.640002489089966, 1.3492493053490762e-05, 0.5999923944473267, 3.0399982929229736, 3.140009880065918],[-2.874066967125682]
1691622135.6680045,[0.0010000079870223998, 1.5700021982192993, 2.63999605178833, 1.7143936929642223e-05, 0.5999934673309326, 3.0399999618530273, 3.1400139331817627],[-3.0153389992093595]
1691622135.729743,[0.0010000079870223998, 1.5700074434280396, 2.6399986743927, 2.7777889044955373e-05, 0.599987268447876, 3.039994239807129, 3.140019178390503],[-3.069775652498239]
1691622135.7907794,[0.0010000085830688477, 1.570001482963562, 2.6399946212768555, 3.0476972824544646e-05, 0.599983811378479, 3.039996385574341, 3.1400153636932373],[-3.1681235149730638]
1691622135.853098,[0.0010000091791152953, 1.5700010061264038, 2.640002727508545, 1.2857586625614204e-05, 0.5999884009361267, 3.0399978160858154, 3.140021324157715],[-3.1967398003532863]
1691622135.9152682,[0.001000009536743164, 1.5699985027313232, 2.639997720718384, 1.841374978539534e-05, 0.5999898314476013, 3.0400044918060303, 3.140031337738037],[-3.3019951730925245]
1691622135.977324,[0.001000009298324585, 1.5700039863586426, 2.639998435974121, 3.0634968425147235e-05, 0.5999802947044373, 3.039998769760132, 3.140026569366455],[-3.3717269194790322]
1691622136.039377,[0.0010000097751617432, 1.570003628730774, 2.6399953365325928, 3.11118783429265e-05, 0.599983274936676, 3.0399961471557617, 3.140026807785034],[-3.357089827049982]
1691622136.1010492,[0.0010000097751617432, 1.5699999332427979, 2.6399993896484375, 2.4127908545779064e-05, 0.5999877452850342, 3.0399978160858154, 3.140023946762085],[-3.389653249193068]
1691622136.1631005,[0.0010000104904174805, 1.5699998140335083, 2.6399991512298584, 2.158828283427283e-05, 0.5999874472618103, 3.0399930477142334, 3.1400156021118164],[-3.376002924428306]
1691622136.2245276,[0.0010000101327896117, 1.5700006484985352, 2.639997959136963, 2.3968450477696024e-05, 0.5999867916107178, 3.0399959087371826, 3.140012502670288],[-3.3460708937622736]
1691622136.285398,[0.0010000087022781373, 1.56999933719635, 2.639997720718384, 1.6984478861559182e-05, 0.5999901294708252, 3.039994716644287, 3.140007734298706],[-3.2883448606411103]
1691622136.348168,[0.0010000076293945313, 1.5700024366378784, 2.6399993896484375, 1.444485315005295e-05, 0.5999893546104431, 3.039996862411499, 3.1400115489959717],[-3.3070934830488006]
1691622136.4093046,[0.0010000076293945313, 1.5699982643127441, 2.640000581741333, 8.730695299163926e-06, 0.59999680519104, 3.040003776550293, 3.140014171600342],[-3.2029893350173917]
1691622136.470043,[0.0010000088214874268, 1.570003628730774, 2.6399989128112793, 5.873615918972064e-06, 0.6000006198883057, 3.0400023460388184, 3.1400082111358643],[-3.160887214198126]
1691622136.530901,[0.0010000085830688477, 1.56999671459198, 2.639996290206909, 6.283176898956299, 0.6000028848648071, 3.04000186920166, 3.1400058269500732],[-3.1125355812163513]
1691622136.592779,[0.0010000084638595581, 1.5700026750564575, 2.640002965927124, 6.283173084259033, 0.6000065207481384, 3.0400075912475586, 3.1400020122528076],[-2.940344742835064]
1691622136.6549535,[0.001000008225440979, 1.569998025894165, 2.6399989128112793, 6.283175468444824, 0.6000099778175354, 3.0400047302246094, 3.140000343322754],[-2.8997228755767965]
1691622136.715771,[0.0010000077486038209, 1.5699955224990845, 2.6400041580200195, 6.283168315887451, 0.6000095009803772, 3.0400047302246094, 3.1399881839752197],[-2.7701277057263587]
1691622136.7780173,[0.0010000088214874268, 1.5699992179870605, 2.6400012969970703, 6.283166408538818, 0.6000101566314697, 3.0400044918060303, 3.139984607696533],[-2.6119165408454577]
1691622136.8393593,[0.0010000088214874268, 1.5699937343597412, 2.639997720718384, 6.283164024353027, 0.6000171303749084, 3.040006399154663, 3.13997745513916],[-2.554848739481193]
1691622136.9023607,[0.0010000094175338745, 1.56999671459198, 2.6400022506713867, 6.283156871795654, 0.6000159978866577, 3.0399985313415527, 3.139967203140259],[-2.437424008580355]
1691622136.9641256,[0.0010000098943710328, 1.569998025894165, 2.6400063037872314, 6.283159255981445, 0.6000115871429443, 3.0399930477142334, 3.1399667263031006],[-2.4198267543136947]
1691622137.025167,[0.0010000098943710328, 1.56999933719635, 2.640002489089966, 6.283161640167236, 0.6000133156776428, 3.0399956703186035, 3.1399636268615723],[-2.365390403357366]
1691622137.0870707,[0.0010000100135803224, 1.569993019104004, 2.6400012969970703, 6.2831597328186035, 0.6000180840492249, 3.0399961471557617, 3.1399686336517334],[-2.2755951420346436]
1691622137.148077,[0.0010000097751617432, 1.5699974298477173, 2.6400020122528076, 6.283164024353027, 0.6000140905380249, 3.039997100830078, 3.139976978302002],[-2.3139143579516275]
1691622137.2077153,[0.00100001060962677, 1.5700006484985352, 2.6399970054626465, 6.2831645011901855, 0.6000118851661682, 3.0399975776672363, 3.1399781703948975],[-2.3533848063268707]
1691622137.2692873,[0.0010000102519989013, 1.5700007677078247, 2.6400046348571777, 6.283163547515869, 0.6000053882598877, 3.0400054454803467, 3.139986753463745],[-2.3565095506548994]
1691622137.331124,[0.0010000118017196656, 1.5700006484985352, 2.640005350112915, 6.283168315887451, 0.6000095009803772, 3.0400021076202393, 3.1399848461151123],[-2.3981179953280027]
1691622137.3932612,[0.0010000110864639283, 1.5699987411499023, 2.6400022506713867, 6.283175468444824, 0.5999994874000549, 3.040004253387451, 3.1399970054626465],[-2.4841307512224877]
1691622137.4546309,[0.001000011682510376, 1.5699983835220337, 2.6400036811828613, 6.283184051513672, 0.5999998450279236, 3.040003538131714, 3.139997720718384],[-2.520969884306106]
1691622137.5160704,[0.0010000123977661132, 1.5699999332427979, 2.6400012969970703, 6.283181190490723, 0.6000013947486877, 3.040001153945923, 3.1399967670440674],[-2.6553341367936354]
1691622137.5782514,[0.0010000119209289551, 1.5699994564056396, 2.6399998664855957, 5.079251423012465e-06, 0.5999965071678162, 3.0400021076202393, 3.1400039196014404],[-2.7147044356263375]
1691622137.639286,[0.001000011682510376, 1.570001482963562, 2.639998197555542, 5.396704636950744e-06, 0.5999922156333923, 3.0399978160858154, 3.1400020122528076],[-2.7870671674720158]
1691622137.7005143,[0.0010000113248825073, 1.570000410079956, 2.6399993896484375, 1.0952867341984529e-05, 0.5999922156333923, 3.039994716644287, 3.1400043964385986],[-2.8561407269127397]
1691622137.7628856,[0.0010000119209289551, 1.5700024366378784, 2.639997720718384, 1.7461390598327853e-05, 0.5999885201454163, 3.0399982929229736, 3.1400084495544434],[-2.9020253291901317]
1691622137.825036,[0.0010000122785568237, 1.5700056552886963, 2.639998435974121, 2.444536039547529e-05, 0.5999915599822998, 3.039999485015869, 3.140022039413452],[-3.041488324632985]
1691622137.886381,[0.001000012755393982, 1.56999671459198, 2.6400041580200195, 8.253783562395256e-06, 0.5999877452850342, 3.0399978160858154, 3.140017032623291],[-3.1041480553522396]
1691622137.9484737,[0.0010000123977661132, 1.5700032711029053, 2.6399972438812256, 1.1270321010670159e-05, 0.5999913811683655, 3.0400028228759766, 3.14001727104187],[-3.221244556912884]
1691622138.0113878,[0.0010000128746032715, 1.5699973106384277, 2.6400043964385986, 1.3017044693697244e-05, 0.5999879240989685, 3.040004253387451, 3.14003324508667],[-3.2939365546692616]
1691622138.0724525,[0.0010000122785568237, 1.570000410079956, 2.640000581741333, 1.7461390598327853e-05, 0.5999913811683655, 3.0400002002716064, 3.140028953552246],[-3.3112050235292414]
1691622138.1331103,[0.001000011682510376, 1.570003628730774, 2.640000820159912, 2.4127908545779064e-05, 0.5999804139137268, 3.039999485015869, 3.1400227546691895],[-3.3562675185523663]
1691622138.196336,[0.0010000115633010864, 1.570000171661377, 2.639996290206909, 2.88897063001059e-05, 0.59998619556427, 3.039999485015869, 3.1400277614593506],[-3.399849878598632]
1691622138.258246,[0.0010000118017196656, 1.569998025894165, 2.6399967670440674, 2.1746276615886018e-05, 0.599987268447876, 3.0399978160858154, 3.140012264251709],[-3.3393279650546277]
1691622138.3202572,[0.0010000119209289551, 1.5700007677078247, 2.640000104904175, 1.9206650904379785e-05, 0.5999893546104431, 3.040001153945923, 3.1400177478790283],[-3.325677647395089]
1691622138.3823419,[0.0010000123977661132, 1.5700023174285889, 2.6399998664855957, 1.6349573343177326e-05, 0.5999906063079834, 3.0399959087371826, 3.140007257461548],[-3.274530088519127]
1691622138.4445288,[0.001000012755393982, 1.5700031518936157, 2.640002489089966, 1.4921763977326918e-05, 0.5999932885169983, 3.040004014968872, 3.140014410018921],[-3.283411013232737]
1691622138.5057108,[0.001000012993812561, 1.5700007677078247, 2.6400012969970703, 9.206143658957444e-06, 0.5999945998191833, 3.0400092601776123, 3.1400132179260254],[-3.2314411687846407]
1691622138.5674913,[0.0010000141859054566, 1.56999671459198, 2.640000104904175, 6.98397070664214e-06, 0.6000020503997803, 3.040001153945923, 3.140009880065918],[-3.184734116423962]
1691622138.6292534,[0.0010000145435333251, 1.5700030326843262, 2.6400041580200195, 6.283180236816406, 0.6000049114227295, 3.040003538131714, 3.140005111694336],[-3.0929646885870925]
1691622138.6902254,[0.0010000139474868775, 1.5700042247772217, 2.6399998664855957, 6.283180236816406, 0.6000088453292847, 3.040006399154663, 3.140003204345703],[-2.9520214767012294]
1691622138.7512822,[0.001000014066696167, 1.569998025894165, 2.6400017738342285, 6.283169269561768, 0.6000053882598877, 3.0400047302246094, 3.139993906021118],[-2.9084393073664483]
1691622138.812332,[0.001000015139579773, 1.569992184638977, 2.6400020122528076, 6.283166408538818, 0.6000072360038757, 3.0400047302246094, 3.1399905681610107],[-2.800224032693541]
1691622138.8746862,[0.0010000150203704834, 1.569994568824768, 2.6400046348571777, 6.283166408538818, 0.6000071167945862, 3.04000186920166, 3.1399829387664795],[-2.6931600855108395]
1691622138.936988,[0.0010000145435333251, 1.5700007677078247, 2.640005111694336, 6.28316593170166, 0.6000134944915771, 3.0399978160858154, 3.139981508255005],[-2.5758996832883083]
1691622138.9992342,[0.0010000150203704834, 1.5699973106384277, 2.6400039196014404, 6.283158302307129, 0.6000164747238159, 3.0400009155273438, 3.1399760246276855],[-2.458803853446724]
1691622139.0615633,[0.0010000144243240356, 1.5699996948242188, 2.6399998664855957, 6.283161640167236, 0.6000159978866577, 3.039994955062866, 3.1399667263031006],[-2.4084789934834605]
1691622139.123903,[0.0010000143051147462, 1.570003628730774, 2.6400043964385986, 6.283164024353027, 0.6000134944915771, 3.0399951934814453, 3.139958381652832],[-2.358647533658544]
1691622139.1860416,[0.0010000149011611939, 1.5699982643127441, 2.640000820159912, 6.283161163330078, 0.6000127196311951, 3.039996862411499, 3.1399645805358887],[-2.3417081308030396]
1691622139.2489522,[0.0010000152587890626, 1.5699975490570068, 2.640000104904175, 6.283167839050293, 0.6000123620033264, 3.0399999618530273, 3.1399734020233154],[-2.3252621106693607]
1691622139.309244,[0.0010000153779983522, 1.5699957609176636, 2.6400041580200195, 6.283160209655762, 0.6000088453292847, 3.0400044918060303, 3.139979839324951],[-2.3492733007439797]
1691622139.3711367,[0.001000016212463379, 1.5699985027313232, 2.640007972717285, 6.283166408538818, 0.6000111103057861, 3.040001153945923, 3.1399834156036377],[-2.3828231900266585]
1691622139.432382,[0.001000016689300537, 1.5699974298477173, 2.640001058578491, 6.283172607421875, 0.6000063419342041, 3.0400002002716064, 3.139986991882324],[-2.4148929451353416]
1691622139.4949422,[0.0010000169277191162, 1.5699998140335083, 2.6400015354156494, 6.28317928314209, 0.6000039577484131, 3.0400028228759766, 3.1399924755096436],[-2.5240946326986773]
1691622139.5550706,[0.0010000171661376954, 1.5699949264526367, 2.640000343322754, 6.283179759979248, 0.6000046133995056, 3.0400002002716064, 3.139995813369751],[-2.5833004065768876]
1691622139.6162121,[0.001000017523765564, 1.5700019598007202, 2.640003204345703, 1.1118177098978776e-06, 0.600001871585846, 3.0399982929229736, 3.139997720718384],[-2.6627348649433564]
1691622139.678095,[0.0010000171661376954, 1.569998025894165, 2.6399993896484375, 1.4292709238361567e-06, 0.5999985337257385, 3.039996862411499, 3.140005111694336],[-2.7411826118095064]
1691622139.7402785,[0.001000017523765564, 1.5700010061264038, 2.639997720718384, 8.571237231080886e-06, 0.5999936461448669, 3.0399982929229736, 3.140002727508545],[-2.7957835905117348]
1691622139.8022916,[0.0010000180006027222, 1.5699999332427979, 2.6400017738342285, 1.5874124073889107e-05, 0.5999932885169983, 3.0399961471557617, 3.140004873275757],[-2.8908419835176606]
1691622139.8654141,[0.0010000176429748534, 1.5700044631958008, 2.640001058578491, 1.6349573343177326e-05, 0.599994421005249, 3.0399982929229736, 3.140007257461548],[-3.0230686733500014]
1691622139.9267786,[0.0010000189542770386, 1.5700021982192993, 2.6399967670440674, 1.7619386198930442e-05, 0.5999903082847595, 3.0400002002716064, 3.1400156021118164],[-3.0502047678750817]
1691622139.9870033,[0.0010000195503234864, 1.5699987411499023, 2.640002965927124, 1.5079759577929508e-05, 0.5999907851219177, 3.0400032997131348, 3.14001727104187],[-3.1908191889225974]
1691622140.0494719,[0.001000019669532776, 1.5700010061264038, 2.6399970054626465, 1.6509031411260366e-05, 0.5999858379364014, 3.040005683898926, 3.1400146484375],[-3.2621954721836715]
1691622140.110147,[0.0010000195503234864, 1.5700026750564575, 2.6399993896484375, 1.82542917173123e-05, 0.5999867916107178, 3.0399982929229736, 3.140026569366455],[-3.2490385497818988]
1691622140.1711707,[0.001000018835067749, 1.5699973106384277, 2.6399998664855957, 1.6349573343177326e-05, 0.5999877452850342, 3.0400004386901855, 3.1400322914123535],[-3.327651187179364]
1691622140.23225,[0.0010000191926956177, 1.570000410079956, 2.6400022506713867, 1.5239217646012548e-05, 0.5999867916107178, 3.040001153945923, 3.140024185180664],[-3.3741938453881235]
1691622140.295191,[0.0010000195503234864, 1.5700026750564575, 2.6399989128112793, 2.9842065487173386e-05, 0.5999827980995178, 3.040001153945923, 3.1400272846221924],[-3.388008631648674]
1691622140.3576763,[0.0010000193119049073, 1.5700007677078247, 2.6399986743927, 1.82542917173123e-05, 0.5999874472618103, 3.039991855621338, 3.140015125274658],[-3.3432750452168967]
1691622140.4192514,[0.0010000191926956177, 1.5699927806854248, 2.6400034427642822, 1.6826483260956593e-05, 0.5999886989593506, 3.039999008178711, 3.1400113105773926],[-3.370904610856712]
1691622140.4807677,[0.001000020146369934, 1.5700010061264038, 2.639993906021118, 1.5874124073889107e-05, 0.5999952554702759, 3.039994955062866, 3.140007257461548],[-3.342123813486329]
1691622140.5422697,[0.001000020742416382, 1.5699985027313232, 2.6399965286254883, 1.3809946722176392e-05, 0.5999961495399475, 3.0400044918060303, 3.140011787414551],[-3.273872242275788]
1691622140.6044898,[0.001000020146369934, 1.570000410079956, 2.6399996280670166, 8.888689990271814e-06, 0.5999948978424072, 3.0400054454803467, 3.1400163173675537],[-3.227494093098348]
1691622140.6659749,[0.0010000193119049073, 1.5700023174285889, 2.6399974822998047, 6.2831830978393555, 0.599998414516449, 3.0400028228759766, 3.140011787414551],[-3.1597359845766815]
1691622140.7264132,[0.001000019669532776, 1.5700010061264038, 2.640005350112915, 2.064177351712715e-06, 0.600000262260437, 3.0400044918060303, 3.1400132179260254],[-3.0705979586546377]
1691622140.788505,[0.0010000194311141969, 1.5700024366378784, 2.640005111694336, 6.283177375793457, 0.600005030632019, 3.040008306503296, 3.1399967670440674],[-2.9597511462885673]
1691622140.8501625,[0.0010000194311141969, 1.569998025894165, 2.6400065422058105, 6.283173084259033, 0.6000071167945862, 3.0400054454803467, 3.139995813369751],[-2.8503845953440043]
1691622140.9107919,[0.0010000195503234864, 1.56999933719635, 2.640000820159912, 6.283172607421875, 0.6000127196311951, 3.040003538131714, 3.1399881839752197],[-2.7035211083560093]
1691622140.9730892,[0.001000019669532776, 1.5699970722198486, 2.6400036811828613, 6.283163070678711, 0.6000117063522339, 3.040006399154663, 3.1399848461151123],[-2.606324881896264]
1691622141.0350435,[0.0010000189542770386, 1.5699973106384277, 2.6400020122528076, 6.2831621170043945, 0.6000139713287354, 3.040001153945923, 3.1399760246276855],[-2.5275483020655773]
1691622141.0973535,[0.0010000189542770386, 1.5699982643127441, 2.6400022506713867, 6.283160209655762, 0.6000104546546936, 3.0400002002716064, 3.1399707794189453],[-2.424760563679696]
1691622141.1575403,[0.001000018835067749, 1.5699950456619263, 2.6400043964385986, 6.2831621170043945, 0.6000166535377502, 3.03999924659729, 3.1399638652801514],[-2.3676928467477945]
1691622141.219321,[0.0010000184774398805, 1.5699974298477173, 2.640002727508545, 6.283157825469971, 0.6000133156776428, 3.0399951934814453, 3.1399643421173096],[-2.2570111484871314]
1691622141.2820015,[0.0010000189542770386, 1.5699949264526367, 2.6400060653686523, 6.2831573486328125, 0.6000174880027771, 3.03999924659729, 3.1399664878845215],[-2.375258018170219]
1691622141.343314,[0.0010000181198120117, 1.5699979066848755, 2.640005350112915, 6.2831645011901855, 0.6000095009803772, 3.0399980545043945, 3.1399776935577393],[-2.3019087655354813]
1691622141.4046597,[0.0010000180006027222, 1.5699992179870605, 2.6400020122528076, 6.283163070678711, 0.600012481212616, 3.0400071144104004, 3.1399829387664795],[-2.261780491724324]
1691622141.4664533,[0.0010000174045562745, 1.5699975490570068, 2.640000104904175, 6.283163547515869, 0.6000112295150757, 3.0399961471557617, 3.1399853229522705],[-2.3357875633222167]
1691622141.5300004,[0.0010000169277191162, 1.5700026750564575, 2.6400020122528076, 6.283174991607666, 0.6000107526779175, 3.0400021076202393, 3.139995574951172],[-2.432983579707609]
1691622141.591882,[0.0010000169277191162, 1.569998025894165, 2.6399991512298584, 6.283178329467773, 0.6000083684921265, 3.03999924659729, 3.1399948596954346],[-2.4612707588530536]
1691622141.6522284,[0.0010000168085098266, 1.5699979066848755, 2.6399989128112793, 6.283179759979248, 0.600001871585846, 3.0400025844573975, 3.139997720718384],[-2.527219381169377]
1691622141.713283,[0.0010000170469284058, 1.5700010061264038, 2.6399993896484375, 6.283179759979248, 0.5999998450279236, 3.0399975776672363, 3.139997720718384],[-2.645630960580613]
1691622141.7751327,[0.0010000174045562745, 1.5700064897537231, 2.6400012969970703, 1.7467241377744358e-06, 0.5999965071678162, 3.03999924659729, 3.140002965927124],[-2.671944660616076]
1691622141.8370612,[0.0010000170469284058, 1.5700061321258545, 2.6400015354156494, 1.7461390598327853e-05, 0.5999977588653564, 3.0399999618530273, 3.140002965927124],[-2.799072806926094]
1691622141.898627,[0.0010000174045562745, 1.570006251335144, 2.6399974822998047, 1.6984478861559182e-05, 0.5999961495399475, 3.039994716644287, 3.1400091648101807],[-2.876698342078463]
1691622141.9613166,[0.001000017762184143, 1.570000171661377, 2.6399986743927, 1.5874124073889107e-05, 0.5999895334243774, 3.039997100830078, 3.140012502670288],[-3.011720854059603]
1691622142.0229738,[0.0010000184774398805, 1.570001482963562, 2.639997959136963, 1.7461390598327853e-05, 0.5999912619590759, 3.0399959087371826, 3.1400203704833984],[-3.0284958916992855]
1691622142.0831954,[0.0010000180006027222, 1.5699973106384277, 2.6400043964385986, 1.460431121813599e-05, 0.5999874472618103, 3.039999008178711, 3.140014410018921],[-3.197726568958761]
1691622142.1441972,[0.0010000181198120117, 1.5700039863586426, 2.640000104904175, 1.6191577742574736e-05, 0.599987268447876, 3.040001153945923, 3.140021562576294],[-3.29475886264137]
1691622142.2061045,[0.0010000180006027222, 1.5699957609176636, 2.6400020122528076, 1.3492493053490762e-05, 0.599994421005249, 3.0400099754333496, 3.1400341987609863],[-3.312520716519435]
1691622142.2669418,[0.0010000171661376954, 1.5700023174285889, 2.640000820159912, 2.1270829165587202e-05, 0.5999869704246521, 3.040001630783081, 3.140029191970825],[-3.328802418738641]
1691622142.3280141,[0.0010000169277191162, 1.5699999332427979, 2.6399970054626465, 2.3333543140324764e-05, 0.5999934673309326, 3.040003776550293, 3.1400279998779297],[-3.369917840519192]
1691622142.3885965,[0.0010000164508819581, 1.5700072050094604, 2.6399998664855957, 2.7460435376269743e-05, 0.5999831557273865, 3.0399961471557617, 3.140028953552246],[-3.40478373192711]
1691622142.4501626,[0.0010000163316726686, 1.570001244544983, 2.640000343322754, 2.2223188352654688e-05, 0.5999842882156372, 3.039990186691284, 3.140010118484497],[-3.349360127448259]
1691622142.511633,[0.001000015616416931, 1.5700019598007202, 2.6399970054626465, 1.841374978539534e-05, 0.5999836325645447, 3.0400044918060303, 3.1400153636932373],[-3.3526493612458936]
1691622142.5729656,[0.0010000152587890626, 1.5700026750564575, 2.6399993896484375, 1.412739948136732e-05, 0.5999901294708252, 3.0399959087371826, 3.140009641647339],[-3.3579121355545904]
1691622142.633418,[0.0010000150203704834, 1.5699996948242188, 2.640000820159912, 1.6826483260956593e-05, 0.5999895334243774, 3.0400004386901855, 3.140016555786133],[-3.3547873632742755]
1691622142.6951215,[0.0010000143051147462, 1.5700023174285889, 2.6399989128112793, 9.683054486231413e-06, 0.599996030330658, 3.0400054454803467, 3.140012502670288],[-3.1804581197514254]
1691622142.7561867,[0.0010000132322311403, 1.5700002908706665, 2.640002965927124, 1.5945806808304042e-07, 0.6000037789344788, 3.040001630783081, 3.1400091648101807],[-3.1771688916642864]
1691622142.8190088,[0.0010000123977661132, 1.5699994564056396, 2.6399993896484375, 6.283184051513672, 0.6000068187713623, 3.0400044918060303, 3.140010356903076],[-3.083919319287826]
1691622142.8813698,[0.0010000110864639283, 1.569996953010559, 2.6399998664855957, 6.283178806304932, 0.6000037789344788, 3.040008783340454, 3.1400065422058105],[-3.003497797357102]
1691622142.9425614,[0.0010000114440917968, 1.5699951648712158, 2.640000104904175, 6.283173561096191, 0.6000092029571533, 3.040006160736084, 3.139997720718384],[-2.828675758938956]
1691622143.0023715,[0.0010000110864639283, 1.569994568824768, 2.6400034427642822, 6.283170700073242, 0.6000083684921265, 3.0400049686431885, 3.139991044998169],[-2.7612468238669248]
1691622143.0642312,[0.0010000107288360596, 1.5699942111968994, 2.640002727508545, 6.283164024353027, 0.6000095009803772, 3.0400021076202393, 3.139986276626587],[-2.662077022422565]
1691622143.125297,[0.0010000109672546388, 1.5699975490570068, 2.6400043964385986, 6.283164024353027, 0.6000153422355652, 3.040003776550293, 3.139977216720581],[-2.552546292720206]
1691622143.1865478,[0.0010000107288360596, 1.5700010061264038, 2.6400043964385986, 6.283161163330078, 0.6000098586082458, 3.039996862411499, 3.1399712562561035],[-2.457652630940055]
1691622143.248041,[0.001000009536743164, 1.5699989795684814, 2.6400020122528076, 6.283156394958496, 0.600014865398407, 3.039994239807129, 3.1399645805358887],[-2.385947935050825]
1691622143.309446,[0.0010000090599060058, 1.569994568824768, 2.640000343322754, 6.2831573486328125, 0.6000102758407593, 3.039991855621338, 3.1399588584899902],[-2.258820209695599]
1691622143.3710122,[0.0010000088214874268, 1.569996953010559, 2.639998435974121, 6.283159255981445, 0.6000131368637085, 3.0399932861328125, 3.1399667263031006],[-2.28562721039509]
1691622143.4323368,[0.0010000085830688477, 1.569995403289795, 2.640000343322754, 6.2831597328186035, 0.600017249584198, 3.039992094039917, 3.139965534210205],[-2.3002641639175563]
1691622143.4943957,[0.001000006079673767, 1.5699975490570068, 2.640001058578491, 6.283164978027344, 0.6000123620033264, 3.040006399154663, 3.13997745513916],[-2.3320049786799717]
1691622143.5560935,[0.0010000067949295045, 1.5699951648712158, 2.640007495880127, 6.283168315887451, 0.6000092029571533, 3.0400004386901855, 3.139974355697632],[-2.3183547828142497]
1691622143.6172976,[0.0010000063180923462, 1.5699962377548218, 2.6400043964385986, 6.283173561096191, 0.6000063419342041, 3.0400030612945557, 3.1399903297424316],[-2.4606129174067113]
1691622143.6793146,[0.0010000051259994507, 1.5699994564056396, 2.6400036811828613, 6.283171653747559, 0.6000078916549683, 3.039999008178711, 3.1399855613708496],[-2.457652630940055]
1691622143.740793,[0.0010000042915344239, 1.5699989795684814, 2.640001058578491, 6.283179759979248, 0.6000034809112549, 3.040008068084717, 3.1399986743927],[-2.521134344745874]
1691622143.8013356,[0.0010000033378601075, 1.569998025894165, 2.6399972438812256, 6.283182144165039, 0.6000047326087952, 3.0399951934814453, 3.139995574951172],[-2.6143834492873537]
1691622143.8643544,[0.0010000017881393432, 1.5700031518936157, 2.640001058578491, 7.778335202601738e-06, 0.6000017523765564, 3.040001153945923, 3.140009880065918],[-2.700725276704794]
1691622143.9254951,[0.0010000015497207643, 1.5700037479400635, 2.6399970054626465, 5.079251423012465e-06, 0.5999974012374878, 3.03999400138855, 3.1400046348571777],[-2.7969348162459693]
1691622143.9873805,[0.0010000009536743164, 1.5699996948242188, 2.640000104904175, 1.1587773769861087e-05, 0.5999941229820251, 3.0399951934814453, 3.140014410018921],[-2.8686397564819903]
1691622144.0481226,[0.0010000008344650268, 1.5700067281723022, 2.6399967670440674, 1.1587773769861087e-05, 0.5999942421913147, 3.039994239807129, 3.1400110721588135],[-2.9398513597415237]
1691622144.1102126,[0.0009999995231628417, 1.5699987411499023, 2.640000820159912, 1.7461390598327853e-05, 0.5999898314476013, 3.039994716644287, 3.1400134563446045],[-3.0391858680475403]
1691622144.172379,[0.0009999985098838805, 1.570000410079956, 2.640000104904175, 1.5397212337120436e-05, 0.5999879240989685, 3.0399951934814453, 3.1400187015533447],[-3.1432898485416265]
1691622144.233068,[0.0009999985098838805, 1.5700024366378784, 2.6399943828582764, 2.4127908545779064e-05, 0.5999901294708252, 3.0399997234344482, 3.140019655227661],[-3.2225602487090526]
1691622144.2935734,[0.0009999979138374329, 1.570003628730774, 2.6399974822998047, 2.80953408946516e-05, 0.5999847650527954, 3.03999924659729, 3.140022039413452],[-3.2886737838104487]
1691622144.3547688,[0.0009999979734420777, 1.570003628730774, 2.6399974822998047, 3.587367609725334e-05, 0.5999819040298462, 3.0400004386901855, 3.140033483505249],[-3.2462427039955912]
1691622144.4160426,[0.0009999971985816957, 1.5700035095214844, 2.639997720718384, 2.539772140153218e-05, 0.5999906063079834, 3.0399951934814453, 3.1400246620178223],[-3.3579121355545904]
1691622144.477537,[0.000999996840953827, 1.5699962377548218, 2.640001058578491, 1.841374978539534e-05, 0.5999890565872192, 3.0400006771087646, 3.1400258541107178],[-3.3794566208722254]
1691622144.539256,[0.000999996066093445, 1.570001244544983, 2.63999605178833, 2.7937347113038413e-05, 0.5999874472618103, 3.03999662399292, 3.1400163173675537],[-3.4159671337495934]
1691622144.6004357,[0.0009999956488609314, 1.5700010061264038, 2.640000581741333, 3.174678568029776e-05, 0.5999845862388611, 3.0399985313415527, 3.1400084495544434],[-3.390311096218726]
1691622144.6624143,[0.000999995470046997, 1.5699994564056396, 2.6399970054626465, 1.1587773769861087e-05, 0.5999942421913147, 3.0399982929229736, 3.1400070190429688],[-3.349360127448259]
1691622144.72332,[0.000999995470046997, 1.5700035095214844, 2.6399991512298584, 1.3651951121573802e-05, 0.5999906063079834, 3.040001630783081, 3.1400129795074463],[-3.240157628143386]
1691622144.78402,[0.0009999948143959046, 1.5700010061264038, 2.640000104904175, 1.14297790787532e-05, 0.5999955534934998, 3.0400004386901855, 3.1400110721588135],[-3.2314411687846407]
1691622144.8460467,[0.0009999947547912598, 1.5700023174285889, 2.639997959136963, 1.5872660696913954e-06, 0.5999980568885803, 3.0400028228759766, 3.140016555786133],[-3.182102733834932]
1691622144.9068902,[0.0009999942779541015, 1.5700021982192993, 2.6399991512298584, 1.7467241377744358e-06, 0.6000033020973206, 3.040006399154663, 3.140012264251709],[-3.088030850690259]
1691622144.967593,[0.000999994158744812, 1.5699970722198486, 2.6400084495544434, 6.283179759979248, 0.6000033020973206, 3.040004014968872, 3.140002489089966],[-3.000208574853181]
1691622145.0303853,[0.000999993920326233, 1.569998860359192, 2.6400022506713867, 6.283172130584717, 0.6000083684921265, 3.040008783340454, 3.1400012969970703],[-2.927352322115432]
1691622145.0923681,[0.0009999931454658508, 1.5699999332427979, 2.640003204345703, 6.283168315887451, 0.6000074744224548, 3.040003776550293, 3.1399857997894287],[-2.764700500064252]
1691622145.1525202,[0.0009999929666519166, 1.5699974298477173, 2.6400022506713867, 6.283166885375977, 0.6000120639801025, 3.0400021076202393, 3.1399831771850586],[-2.702863265608568]
1691622145.2133107,[0.000999992549419403, 1.5699964761734009, 2.640002965927124, 6.283163070678711, 0.6000109314918518, 3.0400044918060303, 3.1399803161621094],[-2.5676766579354053]
1691622145.2741244,[0.000999992549419403, 1.5699962377548218, 2.6400043964385986, 6.283163070678711, 0.6000166535377502, 3.0400002002716064, 3.1399760246276855],[-2.497780964457197]
1691622145.3361204,[0.000999992311000824, 1.569996953010559, 2.640001058578491, 6.283160209655762, 0.6000145673751831, 3.039990186691284, 3.139967679977417],[-2.3997625981549264]
1691622145.396687,[0.0009999918937683107, 1.5699975490570068, 2.640003204345703, 6.283157825469971, 0.6000164747238159, 3.0399911403656006, 3.139963388442993],[-2.325919951435973]
1691622145.6724513,[0.0009999895691871644, 1.5700136423110962, 2.5774717330932617, 9.063655306817964e-05, 0.6667768359184265, 3.0613083839416504, 3.141066789627075],[-2.321315066137302]
1691622145.7350144,[0.0009999876022338868, 1.5700256824493408, 2.558218002319336, 0.00021635094890370965, 0.7127156853675842, 3.0651164054870605, 3.1413378715515137],[-2.364074721437964]
1691622145.7968354,[0.000999988079071045, 1.5700149536132812, 2.5452463626861572, 6.283166408538818, 0.7665755152702332, 3.0676321983337402, 3.141456365585327],[-2.42722746843317]
1691622145.8584423,[0.0009999879002571105, 1.5699957609176636, 2.5363006591796875, 6.283173084259033, 0.81938636302948, 3.06982421875, 3.1415886878967285],[-2.5328110365227348]
1691622145.920149,[0.000999988079071045, 1.5700249671936035, 2.5299456119537354, 0.0002469859318807721, 0.8756047487258911, 3.070932626724243, 3.1415493488311768],[-2.626060149928048]
1691622145.9822798,[0.0009999870657920837, 1.5700390338897705, 2.525961399078369, 0.00025809824001044035, 0.9265839457511902, 3.072185754776001, 3.1416170597076416],[-2.6740826489992653]
1691622146.0441413,[0.0009999874234199525, 1.5700386762619019, 2.5228586196899414, 0.00029159028781577945, 0.9800770282745361, 3.072606086730957, 3.141594409942627],[-2.778021823510242]
1691622146.106037,[0.0009999865889549256, 1.5700316429138184, 2.5205042362213135, 0.0002979393466375768, 1.0337932109832764, 3.0727686882019043, 3.1416049003601074],[-2.8171634989045375]
1691622146.1673672,[0.0009999865293502809, 1.5700405836105347, 2.518754243850708, 0.0003276219649706036, 1.0862499475479126, 3.0729079246520996, 3.1415867805480957],[-2.8880461472761927]
1691622146.2306373,[0.0009999858140945434, 1.5700377225875854, 2.5180325508117676, 0.00033667011302895844, 1.1405659914016724, 3.073016405105591, 3.141608476638794],[-2.9176491228372687]
1691622146.2908273,[0.0009999853968620301, 1.5700289011001587, 2.5170416831970215, 0.0003360352129675448, 1.1931159496307373, 3.073132038116455, 3.141597032546997],[-2.9533371651027585]
1691622146.3523722,[0.0009999858140945434, 1.5700023174285889, 2.5162267684936523, 0.00022905055084265769, 1.2482877969741821, 3.073227882385254, 3.141601324081421],[-2.9730724930418497]
1691622146.413397,[0.000999985635280609, 1.5700072050094604, 2.516061305999756, 7.777896826155484e-05, 1.2845051288604736, 3.073265790939331, 3.1416165828704834],[-2.9742237206161164]
1691622146.4750462,[0.000999985635280609, 1.5700061321258545, 2.5159316062927246, 0.0002566689800005406, 1.3538434505462646, 3.0732998847961426, 3.1415743827819824],[-2.944949651815811]
1691622146.5360365,[0.0009999864101409913, 1.5700204372406006, 2.5158846378326416, 0.0003350828483235091, 1.4029816389083862, 3.0733425617218018, 3.1415774822235107],[-2.951199171458365]
1691622146.5978348,[0.0009999864101409913, 1.5700114965438843, 2.5158729553222656, 0.0003468286304268986, 1.4561223983764648, 3.073378086090088, 3.1415648460388184],[-2.871435592235113]
1691622146.6594167,[0.0009999864101409913, 1.5700132846832275, 2.5158708095550537, 0.000319843617035076, 1.509078025817871, 3.0734293460845947, 3.1415598392486572],[-2.9067946975420633]
1691622146.7204077,[0.000999985933303833, 1.5700184106826782, 2.515852928161621, 0.0003577814786694944, 1.5605440139770508, 3.0734527111053467, 3.1415672302246094],[-2.7957835905117348]
1691622146.780935,[0.0009999862909317017, 1.569995403289795, 2.5158722400665283, 0.00021508114878088236, 1.6157407760620117, 3.0735018253326416, 3.141575574874878],[-2.6939823888779655]
1691622146.842304,[0.0009999860525131226, 1.570001244544983, 2.515866756439209, 0.0002668274682946503, 1.6673333644866943, 3.0734965801239014, 3.1415674686431885],[-2.6055025791313393]
1691622146.9040368,[0.0009999864101409913, 1.5699985027313232, 2.5158731937408447, 0.00022920854098629206, 1.720401644706726, 3.0735321044921875, 3.1415631771087646],[-2.485939815542433]
1691622146.9651282,[0.0009999853968620301, 1.5699975490570068, 2.5158660411834717, 0.0002596855047158897, 1.7714892625808716, 3.073535442352295, 3.141547203063965],[-2.4512386771638095]
1691622147.027265,[0.000999985635280609, 1.5699942111968994, 2.5158677101135254, 0.00020079575187992305, 1.8246347904205322, 3.073531150817871, 3.1415326595306396],[-2.284804909682084]
1691622147.088344,[0.000999985933303833, 1.5699973106384277, 2.5158650875091553, 0.0001431757991667837, 1.8774372339248657, 3.073549747467041, 3.141545057296753],[-2.1882668399982736]
1691622147.1498344,[0.0009999862909317017, 1.5699973106384277, 2.5158588886260986, 0.00012142951163696125, 1.9306594133377075, 3.0735249519348145, 3.1415202617645264],[-2.0441999274117966]
1691622147.2113469,[0.0009999858140945434, 1.5700055360794067, 2.5158581733703613, 8.365257963305339e-05, 1.9562898874282837, 3.073521614074707, 3.141512393951416],[-1.891252328685249]
1691622147.2720838,[0.0009999861717224121, 1.5700069665908813, 2.515840530395508, 6.283166885375977, 2.0363850593566895, 3.0735042095184326, 3.141524314880371],[-1.8545778189673512]
1691622147.333288,[0.0009999856948852538, 1.570026159286499, 2.515817880630493, 0.00014412814925890416, 2.0809671878814697, 3.073470115661621, 3.141587734222412],[-1.7580400229664188]
1691622147.3952029,[0.0009999864101409913, 1.570014238357544, 2.5158281326293945, 7.571478636236861e-05, 2.1096203327178955, 3.073523759841919, 3.1415529251098633],[-1.7407717688552544]
1691622147.4573941,[0.0009999859929084778, 1.5700234174728394, 2.515826463699341, 0.0001003181459964253, 2.1266603469848633, 3.073458671569824, 3.1415417194366455],[-1.7271216263541513]
1691622147.517983,[0.0009999864101409913, 1.570030927658081, 2.515817165374756, 0.00013063712685834616, 2.133718967437744, 3.073495388031006, 3.141648054122925],[-1.7397850115298592]
1691622147.5799816,[0.0009999865293502809, 1.5700188875198364, 2.5158300399780273, 0.0001252389483852312, 2.1368439197540283, 3.073484182357788, 3.141587734222412],[-1.7411006879649746]
1691622147.6408966,[0.0009999870657920837, 1.5700154304504395, 2.515836238861084, 2.1905734683969058e-05, 2.1393182277679443, 3.0735554695129395, 3.1416022777557373],[-1.7938922132792727]
1691622147.7023199,[0.0009999876022338868, 1.5700231790542603, 2.51582407951355, 6.283166408538818, 2.1408796310424805, 3.0735034942626953, 3.141645908355713],[-1.8486572710887628]
1691622147.7630458,[0.0009999874234199525, 1.5700199604034424, 2.515825033187866, 6.349064278765582e-07, 2.14178204536438, 3.073493003845215, 3.1416139602661133],[-1.912467631841793]
1691622147.826887,[0.000999987781047821, 1.5700194835662842, 2.5158355236053467, 6.283177375793457, 2.143338441848755, 3.0735702514648438, 3.1416356563568115],[-1.948484315783916]
1691622147.8875754,[0.0009999881982803345, 1.5700236558914185, 2.5158207416534424, 6.283160209655762, 2.1435906887054443, 3.0735082626342773, 3.1416499614715576],[-1.9590097409596883]
1691622147.9494505,[0.0009999884963035584, 1.5700209140777588, 2.515821695327759, 6.283170223236084, 2.143709659576416, 3.073514461517334, 3.1416547298431396],[-2.062948353246186]
1691622148.011164,[0.000999988615512848, 1.570022463798523, 2.5158262252807617, 6.283173561096191, 2.14382004737854, 3.0735342502593994, 3.1416473388671875],[-2.1058723897207163]
1691622148.0734975,[0.0009999890327453613, 1.5700236558914185, 2.515824556350708, 6.283178329467773, 2.143887758255005, 3.073493719100952, 3.141651153564453],[-2.1432047994790246]
1691622148.1345122,[0.0009999895691871644, 1.5700201988220215, 2.515824794769287, 6.283164024353027, 2.143944025039673, 3.073518991470337, 3.141669750213623],[-2.201094722755603]
1691622148.1963403,[0.000999990165233612, 1.5700194835662842, 2.5158212184906006, 6.283176422119141, 2.1439571380615234, 3.073514699935913, 3.1416468620300293],[-2.2535574862459415]
1691622148.2592442,[0.0009999898076057435, 1.5700188875198364, 2.5158281326293945, 6.283167839050293, 2.144012928009033, 3.073533058166504, 3.141657829284668],[-2.3002641639175563]
1691622148.3207417,[0.0009999897480010987, 1.5700197219848633, 2.5158228874206543, 6.2831711769104, 2.1440775394439697, 3.073521137237549, 3.1416618824005127],[-2.2926989967317533]
1691622148.3833275,[0.0009999898672103883, 1.5700186491012573, 2.5158212184906006, 6.283169746398926, 2.1441078186035156, 3.0735137462615967, 3.14166522026062],[-2.3987758364562892]
1691622148.4437487,[0.0009999899268150329, 1.5700162649154663, 2.515826463699341, 6.283168792724609, 2.1441378593444824, 3.073533296585083, 3.1416592597961426],[-2.2976328013703493]
1691622148.5044425,[0.0009999901056289672, 1.5700185298919678, 2.5158231258392334, 6.283176898956299, 2.1441385746002197, 3.0735220909118652, 3.1416428089141846],[-2.3805207463721594]
1691622148.5661492,[0.0009999903440475464, 1.570016622543335, 2.5158231258392334, 6.283173084259033, 2.144139528274536, 3.0735204219818115, 3.141638994216919],[-2.3076648713554357]
1691622148.6292324,[0.0009999909400939943, 1.5700199604034424, 2.5158207416534424, 6.28317928314209, 2.144131660461426, 3.0735092163085938, 3.141615152359009],[-2.385947935050825]
1691622148.689247,[0.0009999909400939943, 1.5700137615203857, 2.5158233642578125, 6.283174514770508, 2.1441524028778076, 3.073542594909668, 3.1416311264038086],[-2.316874641177124]
1691622148.750626,[0.0009999916553497315, 1.570016622543335, 2.515824556350708, 6.283169746398926, 2.1441409587860107, 3.0735232830047607, 3.1416163444519043],[-2.308322712036162]
1691622148.8116708,[0.0009999921917915344, 1.5700169801712036, 2.5158259868621826, 6.283160209655762, 2.144153356552124, 3.073535919189453, 3.1416218280792236],[-2.269016736951588]
1691622148.8732636,[0.000999992311000824, 1.5700174570083618, 2.5158262252807617, 6.283156394958496, 2.1441664695739746, 3.0735437870025635, 3.141623020172119],[-2.2482947629968493]
1691622148.9329808,[0.0009999922513961792, 1.5700104236602783, 2.515829563140869, 6.283163070678711, 2.144160509109497, 3.0735321044921875, 3.1416079998016357],[-2.1644201379543877]
1691622148.995266,[0.0009999926686286927, 1.5700112581253052, 2.51582670211792, 6.283143520355225, 2.1441633701324463, 3.0735373497009277, 3.141619920730591],[-2.146658459017518]
1691622149.055601,[0.000999992847442627, 1.5700172185897827, 2.5158276557922363, 6.283146858215332, 2.144164800643921, 3.073525905609131, 3.1415982246398926],[-2.0798877224739503]
1691622149.1176775,[0.0009999929070472718, 1.5700124502182007, 2.51582932472229, 6.283145427703857, 2.1441664695739746, 3.073525905609131, 3.141594886779785],[-1.9560494650573212]
1691622149.1790645,[0.000999993622303009, 1.5700154304504395, 2.5158257484436035, 6.283148765563965, 2.1441588401794434, 3.0735208988189697, 3.141587734222412],[-1.9672327298725243]
1691622149.2408242,[0.0009999938011169434, 1.570019006729126, 2.515826463699341, 6.283157825469971, 2.144157886505127, 3.073513984680176, 3.141575336456299],[-1.9144411485578585]
1691622149.3013704,[0.0009999931454658508, 1.5700151920318604, 2.515821695327759, 6.283161163330078, 2.1441588401794434, 3.073518753051758, 3.141572952270508],[-1.8644453992420684]
1691622149.3631985,[0.00099999338388443, 1.5700141191482544, 2.5158255100250244, 6.283161163330078, 2.1441478729248047, 3.073512077331543, 3.141557216644287],[-1.8068845226592223]
1691622149.4252405,[0.0009999936819076538, 1.5700117349624634, 2.515825033187866, 6.283172130584717, 2.144148826599121, 3.0735085010528564, 3.141547203063965],[-1.7938922132792727]
1691622149.4863079,[0.000999992847442627, 1.5700160264968872, 2.5158276557922363, 6.283174991607666, 2.1441431045532227, 3.0735058784484863, 3.141547918319702],[-1.7633027293273889]
1691622149.54757,[0.0009999930262565614, 1.5700165033340454, 2.515825033187866, 6.283177852630615, 2.1441409587860107, 3.0735113620758057, 3.1415443420410156],[-1.7670852996246358]
1691622149.6079547,[0.0009999930262565614, 1.5700109004974365, 2.5158309936523438, 6.283175468444824, 2.144160270690918, 3.0735280513763428, 3.1415762901306152],[-1.7667563804650186]
1691622149.670094,[0.0009999934434890747, 1.5700141191482544, 2.515824556350708, 6.2831807136535645, 2.144136905670166, 3.0735063552856445, 3.141561985015869],[-1.8162587211935426]
1691622149.7320187,[0.0009999937415122986, 1.5700124502182007, 2.515829563140869, 6.283178329467773, 2.1441521644592285, 3.0735206604003906, 3.141573429107666],[-1.8211925101079118]
1691622149.7941434,[0.000999993622303009, 1.5700092315673828, 2.51582932472229, 6.283176898956299, 2.1441543102264404, 3.073533296585083, 3.1415884494781494],[-1.9009554514851357]
1691622149.8557498,[0.000999994397163391, 1.570013165473938, 2.5158302783966064, 6.283177375793457, 2.144150495529175, 3.073528528213501, 3.1415886878967285],[-1.9241442727685258]
1691622149.9160435,[0.000999994695186615, 1.5700117349624634, 2.5158331394195557, 6.283166408538818, 2.1441562175750732, 3.073532819747925, 3.1416146755218506],[-1.9544048673580452]
1691622149.978107,[0.000999994695186615, 1.5700061321258545, 2.5158355236053467, 6.2831645011901855, 2.144150972366333, 3.0735268592834473, 3.1416127681732178],[-2.042719788629982]
1691622150.0393393,[0.0009999950528144837, 1.5700132846832275, 2.5158352851867676, 6.283166408538818, 2.1441543102264404, 3.0735318660736084, 3.1416237354278564],[-2.0729804066332873]
1691622150.1000874,[0.0009999956488609314, 1.5700104236602783, 2.5158393383026123, 6.2831645011901855, 2.144150972366333, 3.073525905609131, 3.141629695892334],[-2.1035699506653516]
1691622150.1627097,[0.0009999958872795105, 1.5700082778930664, 2.515838623046875, 6.283168315887451, 2.144151449203491, 3.0735270977020264, 3.1416285037994385],[-2.1409023598326358]
1691622150.2240298,[0.0009999963045120238, 1.5700119733810425, 2.515838623046875, 6.283174991607666, 2.1441516876220703, 3.0735321044921875, 3.141624927520752],[-2.2081665047744603]
1691622150.285121,[0.0009999961256980897, 1.5700092315673828, 2.515839099884033, 6.2831807136535645, 2.1441457271575928, 3.0735247135162354, 3.141624927520752],[-2.2772397433547606]
1691622150.3467567,[0.0009999966025352478, 1.5700123310089111, 2.515841484069824, 6.283178806304932, 2.1441431045532227, 3.07352614402771, 3.141634225845337],[-2.310131773924662]
1691622150.4099345,[0.0009999967813491821, 1.570007562637329, 2.5158493518829346, 6.283180236816406, 2.14414381980896, 3.073523759841919, 3.1416232585906982],[-2.374435716907649]
1691622150.4714031,[0.0009999964833259582, 1.5700104236602783, 2.5158495903015137, 6.2831807136535645, 2.14414381980896, 3.0735301971435547, 3.141618490219116],[-2.300099703756861]
1691622150.532312,[0.0009999967813491821, 1.5700093507766724, 2.5158519744873047, 6.283180236816406, 2.14414381980896, 3.0735268592834473, 3.1416218280792236],[-2.356180630195856]
1691622150.5942292,[0.0009999969005584717, 1.5700106620788574, 2.515855073928833, 6.283180236816406, 2.144148826599121, 3.0735268592834473, 3.141615390777588],[-2.386934696652844]
1691622150.6568825,[0.0009999974966049194, 1.5700106620788574, 2.515859842300415, 6.283180236816406, 2.1441471576690674, 3.0735292434692383, 3.141599655151367],[-2.3657193238392598]
1691622150.7174487,[0.0009999980926513673, 1.5700117349624634, 2.5158581733703613, 6.283180236816406, 2.1441335678100586, 3.0735154151916504, 3.1415956020355225],[-2.4069988508394413]
1691622150.778114,[0.0009999975562095642, 1.5700072050094604, 2.515869379043579, 6.2831645011901855, 2.1441540718078613, 3.0735409259796143, 3.1416170597076416],[-2.2482947629968493]
1691622150.842228,[0.0009999980330467225, 1.5700074434280396, 2.5158729553222656, 6.283169269561768, 2.1441526412963867, 3.0735318660736084, 3.1415910720825195],[-2.3336495806852113]
1691622150.9022744,[0.0009999983906745912, 1.570006251335144, 2.5158801078796387, 6.283157825469971, 2.144162178039551, 3.0735485553741455, 3.1416091918945312],[-2.2124424661676985]
1691622150.9635599,[0.0009999983906745912, 1.5700035095214844, 2.5158772468566895, 6.283158302307129, 2.1441593170166016, 3.0735416412353516, 3.141603946685791],[-2.19846336209502]
1691622151.0245001,[0.0009999984502792358, 1.5700055360794067, 2.5158798694610596, 6.2831621170043945, 2.1441569328308105, 3.073533296585083, 3.141587257385254],[-2.2144159868546622]
1691622151.0852716,[0.000999998927116394, 1.5700047016143799, 2.5158822536468506, 6.283151626586914, 2.144163131713867, 3.0735437870025635, 3.141598701477051],[-2.0793943427603705]
1691622151.1469398,[0.0009999991059303284, 1.570005178451538, 2.5158801078796387, 6.283154487609863, 2.1441590785980225, 3.0735228061676025, 3.1415860652923584],[-2.083341380515059]
1691622151.2075057,[0.000999999225139618, 1.5700047016143799, 2.5158851146698, 6.283152103424072, 2.144157886505127, 3.073529005050659, 3.141578435897827],[-2.0460089859426986]
1691622151.2685513,[0.0009999996423721313, 1.5700045824050903, 2.515890121459961, 6.283148288726807, 2.1441638469696045, 3.0735270977020264, 3.141573667526245],[-1.9634501549186534]
1691622151.3300703,[0.0009999998807907104, 1.5700031518936157, 2.5158908367156982, 6.283160209655762, 2.1441500186920166, 3.0735180377960205, 3.1415586471557617],[-1.9060537026834818]
1691622151.3921502,[0.0009999998807907104, 1.5700067281723022, 2.51589298248291, 6.2831597328186035, 2.144155502319336, 3.073518991470337, 3.1415534019470215],[-1.7864915311704863]
1691622151.4534533,[0.000999999701976776, 1.5700030326843262, 2.5158896446228027, 6.283170223236084, 2.1441490650177, 3.0735080242156982, 3.1415412425994873],[-1.8228371064452875]
1691622151.5138893,[0.0009999995231628417, 1.5700024366378784, 2.51589035987854, 6.283173561096191, 2.1441433429718018, 3.073509454727173, 3.1415390968322754],[-1.8136273671657512]
1691622151.5756118,[0.0009999998807907104, 1.5700026750564575, 2.5158939361572266, 6.283175468444824, 2.144139528274536, 3.0735058784484863, 3.141536235809326],[-1.781393283684536]
1691622151.636853,[0.0010000001192092896, 1.570009469985962, 2.515887498855591, 6.283182621002197, 2.1441385746002197, 3.0735137462615967, 3.141535997390747],[-1.7751438192340458]
1691622151.6982627,[0.0009999995827674865, 1.570002794265747, 2.515894889831543, 6.283174991607666, 2.1441521644592285, 3.073526620864868, 3.1415598392486572],[-1.7726769254354553]
1691622151.7593412,[0.0009999997615814209, 1.5700039863586426, 2.5158913135528564, 6.283184051513672, 2.1441357135772705, 3.073507070541382, 3.1415514945983887],[-1.7988260015327822]
1691622151.8207772,[0.000999999701976776, 1.5700093507766724, 2.5158896446228027, 6.283182621002197, 2.1441421508789062, 3.0735206604003906, 3.141563653945923],[-1.8238238642555427]
1691622151.882133,[0.0009999997615814209, 1.570004940032959, 2.5158960819244385, 6.283182144165039, 2.1441526412963867, 3.073533773422241, 3.1415748596191406],[-1.8780955529428975]
1691622151.9430902,[0.001, 1.5700030326843262, 2.5158936977386475, 6.283184051513672, 2.144138813018799, 3.0735223293304443, 3.141566514968872],[-1.908027219320091]
1691622152.0039513,[0.0009999996423721313, 1.5700050592422485, 2.5158982276916504, 6.283175945281982, 2.1441519260406494, 3.073538064956665, 3.141597032546997],[-1.9665748907435]
1691622152.065305,[0.0010000001192092896, 1.5700019598007202, 2.5158944129943848, 6.283174991607666, 2.1441500186920166, 3.073535919189453, 3.1416006088256836],[-2.0223267668929252]
1691622152.1281319,[0.0010000001192092896, 1.5700042247772217, 2.515892267227173, 6.283173561096191, 2.1441564559936523, 3.073538303375244, 3.141615867614746],[-2.049627103069894]
1691622152.1899345,[0.0010000005960464477, 1.5700082778930664, 2.5158936977386475, 6.283166408538818, 2.144146203994751, 3.0735344886779785, 3.1416196823120117],[-2.1117929474579142]
1691622152.2508194,[0.0010000013113021851, 1.5700019598007202, 2.515897750854492, 6.283168315887451, 2.144148111343384, 3.073532819747925, 3.141623020172119],[-2.156854978138473]
1691622152.3124578,[0.0010000009536743164, 1.5700039863586426, 2.515894889831543, 6.283173561096191, 2.144148349761963, 3.073540449142456, 3.141622304916382],[-2.1849776394785883]
1691622152.374217,[0.0010000017881393432, 1.570004940032959, 2.515895366668701, 6.283178806304932, 2.1441421508789062, 3.0735273361206055, 3.141620635986328],[-2.2820090872949246]
1691622152.4349399,[0.0010000019073486328, 1.5700024366378784, 2.515894889831543, 6.283180236816406, 2.1441428661346436, 3.073528528213501, 3.1416237354278564],[-2.2785554244250856]
1691622152.4969687,[0.001000002145767212, 1.5700030326843262, 2.51589035987854, 1.1118177098978776e-06, 2.144141912460327, 3.073531150817871, 3.1416165828704834],[-2.3331562000815196]
1691622152.5592542,[0.0010000026226043702, 1.5700044631958008, 2.515895366668701, 6.283184051513672, 2.144134521484375, 3.07352614402771, 3.141617774963379],[-2.3458196361524744]
1691622152.6208386,[0.001000003457069397, 1.5700045824050903, 2.515895128250122, 6.283181667327881, 2.1441421508789062, 3.073523998260498, 3.141619920730591],[-2.371475432404831]
1691622152.68134,[0.0010000041723251343, 1.5700026750564575, 2.515894889831543, 6.283176898956299, 2.144138813018799, 3.073529005050659, 3.141618490219116],[-2.356180630195856]
1691622152.742514,[0.001000005006790161, 1.5699998140335083, 2.515899896621704, 6.283175945281982, 2.14414644241333, 3.073531150817871, 3.1416008472442627],[-2.3431882727142415]
1691622152.8042977,[0.0010000044107437134, 1.5700037479400635, 2.5158896446228027, 6.283182144165039, 2.144127368927002, 3.073507785797119, 3.141590118408203],[-2.37295557464794]
1691622152.8649464,[0.0010000048875808715, 1.569997787475586, 2.515899181365967, 6.283172130584717, 2.144153118133545, 3.0735433101654053, 3.141620397567749],[-2.32411088933554]
1691622152.9263685,[0.0010000059604644775, 1.5700021982192993, 2.5158982276916504, 6.283175468444824, 2.144146203994751, 3.0735275745391846, 3.1415936946868896],[-2.3773960014769027]
1691622152.9893665,[0.001000006914138794, 1.5699987411499023, 2.515900135040283, 6.283165454864502, 2.1441540718078613, 3.073537826538086, 3.1416022777557373],[-2.2755951420346436]
1691622153.0498989,[0.001000006675720215, 1.5699992179870605, 2.5159013271331787, 6.283161163330078, 2.1441588401794434, 3.073542594909668, 3.141603469848633],[-2.3155589597355473]
1691622153.110751,[0.0010000083446502685, 1.5699975490570068, 2.515899181365967, 6.2831645011901855, 2.1441545486450195, 3.073529005050659, 3.1415910720825195],[-2.2068508243719505]
1691622153.1711829,[0.0010000085830688477, 1.56999671459198, 2.515897512435913, 6.28316068649292, 2.1441586017608643, 3.07354474067688, 3.1415979862213135],[-2.1672159579875503]
1691622153.233909,[0.001000008225440979, 1.5700002908706665, 2.515897750854492, 6.2831621170043945, 2.144150733947754, 3.073533773422241, 3.1415936946868896],[-2.119193644966812]
1691622153.2948995,[0.0010000085830688477, 1.5699957609176636, 2.515902042388916, 6.2831597328186035, 2.144152879714966, 3.0735292434692383, 3.1415841579437256],[-2.0849859796106007]
1691622153.3561718,[0.001000008225440979, 1.5700017213821411, 2.515896797180176, 6.28316068649292, 2.1441538333892822, 3.073525905609131, 3.141570806503296],[-1.981211812024131]
1691622153.4168048,[0.0010000084638595581, 1.5699999332427979, 2.515896797180176, 6.283162593841553, 2.1441423892974854, 3.073516368865967, 3.1415631771087646],[-1.8618140444437183]
1691622153.4786184,[0.0010000087022781373, 1.5700010061264038, 2.5158965587615967, 6.2831645011901855, 2.144150972366333, 3.0735180377960205, 3.1415555477142334],[-1.8157653423101618]
1691622153.5400717,[0.0010000085830688477, 1.5700032711029053, 2.515899419784546, 6.283169746398926, 2.144148111343384, 3.0735137462615967, 3.1415483951568604],[-1.7836957180139688]
1691622153.5997336,[0.001000009536743164, 1.570000171661377, 2.515899419784546, 6.283174991607666, 2.144141674041748, 3.073509454727173, 3.1415395736694336],[-1.7606713761266268]
1691622153.659809,[0.0010000087022781373, 1.5700030326843262, 2.5158987045288086, 1.7467241377744358e-06, 2.1441359519958496, 3.0735137462615967, 3.1415326595306396],[-1.7511327211134458]
1691622153.7223608,[0.0010000087022781373, 1.5700032711029053, 2.515897750854492, 2.381630565650994e-06, 2.1441333293914795, 3.0735089778900146, 3.141533613204956],[-1.7669208400447476]
1691622153.7840657,[0.0010000089406967164, 1.5700019598007202, 2.515897512435913, 6.283175945281982, 2.1441454887390137, 3.0735223293304443, 3.1415586471557617],[-1.7851758543851788]
1691622153.8446217,[0.0010000098943710328, 1.5700006484985352, 2.5158939361572266, 4.769112820213195e-07, 2.1441361904144287, 3.07351016998291, 3.141555070877075],[-1.7767884151197098]
1691622153.9051242,[0.00100001060962677, 1.5700006484985352, 2.515899181365967, 6.283185005187988, 2.1441426277160645, 3.073528289794922, 3.141566753387451],[-1.7593556995414568]
1691622153.9668946,[0.0010000104904174805, 1.5699987411499023, 2.5159010887145996, 6.2831830978393555, 2.1441478729248047, 3.0735387802124023, 3.1415750980377197],[-1.8496440290536527]
1691622154.0283554,[0.001000011682510376, 1.570001482963562, 2.5158979892730713, 6.2831830978393555, 2.1441354751586914, 3.073524236679077, 3.1415774822235107],[-1.928420225999136]
1691622154.088696,[0.0010000113248825073, 1.570000171661377, 2.5159008502960205, 6.283176898956299, 2.1441495418548584, 3.073544979095459, 3.141596794128418],[-1.9361498340559362]
1691622154.1496735,[0.0010000110864639283, 1.5699982643127441, 2.5158963203430176, 6.283174991607666, 2.1441447734832764, 3.073540210723877, 3.1416027545928955],[-1.9899281815352463]
1691622154.211401,[0.0010000112056732177, 1.5700045824050903, 2.515900135040283, 6.283175468444824, 2.1441428661346436, 3.0735294818878174, 3.141606569290161],[-2.0578500968656677]
1691622154.2733788,[0.0010000125169754028, 1.5700017213821411, 2.5158982276916504, 6.283178329467773, 2.1441397666931152, 3.0735273361206055, 3.1416232585906982],[-2.081861241344712]
1691622154.3348806,[0.001000012993812561, 1.5699985027313232, 2.5159008502960205, 6.283180236816406, 2.14414644241333, 3.073528528213501, 3.1416144371032715],[-2.1769190985274545]
1691622154.3959236,[0.0010000135898590088, 1.56999933719635, 2.5158987045288086, 6.283176422119141, 2.144144058227539, 3.0735340118408203, 3.1416196823120117],[-2.1813595189950123]
1691622154.4585226,[0.001000014066696167, 1.5699989795684814, 2.5158979892730713, 6.283182144165039, 2.1441357135772705, 3.0735228061676025, 3.141620635986328],[-2.1955030814105143]
1691622154.5203943,[0.0010000144243240356, 1.5699998140335083, 2.515897512435913, 6.283181667327881, 2.1441378593444824, 3.0735280513763428, 3.1416285037994385],[-2.3491088405233063]
1691622154.5798066,[0.0010000145435333251, 1.5700061321258545, 2.515899181365967, 6.283185005187988, 2.1441404819488525, 3.0735254287719727, 3.1416218280792236],[-2.275759602165766]
1691622154.6409292,[0.0010000147819519043, 1.5699973106384277, 2.515894651412964, 6.283184051513672, 2.1441409587860107, 3.073528528213501, 3.141623020172119],[-2.3145721986627894]
1691622154.7023184,[0.001000015616416931, 1.570000410079956, 2.515897750854492, 6.283182144165039, 2.144134998321533, 3.073531150817871, 3.1416211128234863],[-2.344010573783113]
1691622154.7647095,[0.0010000164508819581, 1.569998860359192, 2.5158956050872803, 6.28318452835083, 2.1441378593444824, 3.0735321044921875, 3.1416139602661133],[-2.319177083730791]
1691622154.8260465,[0.001000016689300537, 1.5699999332427979, 2.5158932209014893, 6.283178329467773, 2.1441357135772705, 3.0735268592834473, 3.1416046619415283],[-2.3775604617327]
1691622154.886712,[0.0010000150203704834, 1.5699982643127441, 2.515895128250122, 3.968896635342389e-06, 2.1441221237182617, 3.0735087394714355, 3.1415908336639404],[-2.330524836892512]
1691622154.948042,[0.0010000147819519043, 1.5699996948242188, 2.5159010887145996, 6.283181667327881, 2.1441445350646973, 3.0735347270965576, 3.141611337661743],[-2.3125986765389244]
1691622155.0102627,[0.0010000145435333251, 1.5699989795684814, 2.5158941745758057, 3.1745321393827908e-06, 2.144136905670166, 3.0735256671905518, 3.1415953636169434],[-2.298784022478474]
1691622155.071317,[0.0010000147819519043, 1.569998860359192, 2.5158982276916504, 6.283176898956299, 2.1441423892974854, 3.073529005050659, 3.14159893989563],[-2.245170021162429]
1691622155.1323233,[0.0010000145435333251, 1.5700007677078247, 2.5159003734588623, 6.283171653747559, 2.1441526412963867, 3.0735387802124023, 3.1416027545928955],[-2.2555310075160375]
1691622155.194114,[0.0010000146627426147, 1.5699983835220337, 2.5159013271331787, 6.283171653747559, 2.144148826599121, 3.073530912399292, 3.1415929794311523],[-2.186951159781242]
1691622155.2557912,[0.0010000139474868775, 1.5699962377548218, 2.5158987045288086, 6.283163070678711, 2.1441569328308105, 3.0735433101654053, 3.1416022777557373],[-2.164584597954825]
1691622155.3160274,[0.001000013828277588, 1.5699949264526367, 2.515902042388916, 6.283163547515869, 2.1441540718078613, 3.0735323429107666, 3.1415927410125732],[-2.1131086269876254]
1691622155.3784628,[0.001000013828277588, 1.5699983835220337, 2.5159003734588623, 6.283161163330078, 2.1441516876220703, 3.0735321044921875, 3.1415867805480957],[-2.0218333873688317]
1691622155.4410703,[0.0010000144243240356, 1.5699964761734009, 2.5158979892730713, 6.283161163330078, 2.1441588401794434, 3.0735318660736084, 3.1415767669677734],[-2.0104856587567923]
1691622155.5020587,[0.0010000143051147462, 1.5699926614761353, 2.5158984661102295, 6.2831573486328125, 2.1441450119018555, 3.0735225677490234, 3.141570568084717],[-1.9542404075890696]
1691622155.5632424,[0.0010000144243240356, 1.5699974298477173, 2.515901803970337, 6.283163547515869, 2.144148349761963, 3.073521614074707, 3.1415674686431885],[-1.8759575769860886]
1691622155.6245775,[0.0010000164508819581, 1.5699937343597412, 2.5158958435058594, 6.283170700073242, 2.144146203994751, 3.0735175609588623, 3.1415534019470215],[-1.8996397737829205]
1691622155.686307,[0.0010000153779983522, 1.5699959993362427, 2.5158982276916504, 6.283175945281982, 2.1441357135772705, 3.0735158920288086, 3.141550064086914],[-1.8091869573381216]
1691622155.7483552,[0.0010000149011611939, 1.5700010061264038, 2.515900135040283, 6.283183574676514, 2.144137144088745, 3.07350754737854, 3.1415438652038574],[-1.7721835466800402]
1691622155.810233,[0.0010000157356262207, 1.5699987411499023, 2.515899896621704, 5.556162705033785e-06, 2.1441335678100586, 3.0735111236572266, 3.1415350437164307],[-1.7509682615489117]
1691622155.872567,[0.0010000158548355103, 1.5699998140335083, 2.515899896621704, 0.0, 2.1441338062286377, 3.0735127925872803, 3.1415517330169678],[-1.7649473250984815]
1691622155.9331958,[0.0010000146627426147, 1.569997787475586, 2.5159008502960205, 1.5945806808304042e-07, 2.144136905670166, 3.0735275745391846, 3.1415677070617676],[-1.7825445008453304]
1691622155.9946299,[0.001000015616416931, 1.5700019598007202, 2.515897750854492, 9.523596418148372e-06, 2.1441333293914795, 3.0735185146331787, 3.1415534019470215],[-1.820041292681449]
1691622156.0551505,[0.0010000147819519043, 1.5699983835220337, 2.515896797180176, 4.761798209074186e-06, 2.144141435623169, 3.0735244750976562, 3.1415770053863525],[-1.8514530853380637]
1691622156.1160696,[0.0010000154972076415, 1.570001482963562, 2.5158939361572266, 4.769112820213195e-07, 2.144134759902954, 3.073523759841919, 3.1415817737579346],[-1.9331895585851724]
1691622156.177382,[0.001000016212463379, 1.5699983835220337, 2.515901803970337, 3.333990207465831e-06, 2.1441402435302734, 3.0735373497009277, 3.141587257385254],[-1.9157568263821751]
1691622156.2377827,[0.0010000160932540894, 1.5699955224990845, 2.515897512435913, 6.283181190490723, 2.1441450119018555, 3.07353138923645, 3.1416053771972656],[-1.9650947527133766]
1691622156.2983484,[0.0010000159740447998, 1.5699982643127441, 2.515897512435913, 6.283178806304932, 2.1441352367401123, 3.073525905609131, 3.1416120529174805],[-2.0509427820468753]
1691622156.3610682,[0.0010000164508819581, 1.570001482963562, 2.515896797180176, 6.283175468444824, 2.1441452503204346, 3.0735316276550293, 3.141625165939331],[-2.0843281399701876]
1691622156.42232,[0.0010000165700912475, 1.5699970722198486, 2.515899181365967, 6.283178806304932, 2.1441402435302734, 3.073525905609131, 3.1416215896606445],[-2.099951832222815]
1691622156.4830234,[0.0010000169277191162, 1.5699994564056396, 2.515896797180176, 6.283180236816406, 2.1441397666931152, 3.0735278129577637, 3.1416244506835938],[-2.206521904273247]
1691622156.5450857,[0.0010000157356262207, 1.5699985027313232, 2.515900135040283, 6.283181667327881, 2.144138813018799, 3.073530912399292, 3.1416211128234863],[-2.183168579225274]
1691622156.607201,[0.0010000158548355103, 1.5699998140335083, 2.515892505645752, 6.28318452835083, 2.1441378593444824, 3.0735249519348145, 3.141618013381958],[-2.3142432783068076]
1691622156.6698058,[0.0010000149011611939, 1.5699994564056396, 2.5158987045288086, 3.49198535332107e-06, 2.144129753112793, 3.0735280513763428, 3.141622304916382],[-2.3167101809962247]
1691622156.7304018,[0.0010000154972076415, 1.5699985027313232, 2.5158941745758057, 7.14342877472518e-06, 2.1441285610198975, 3.0735199451446533, 3.1416192054748535],[-2.3084871722068434]
1691622156.7924728,[0.001000015616416931, 1.5700019598007202, 2.515897512435913, 4.6038030632189475e-06, 2.1441361904144287, 3.073529005050659, 3.141618490219116],[-2.32115060595098]
1691622156.8552933,[0.0010000153779983522, 1.5699999332427979, 2.5158979892730713, 6.349064278765582e-07, 2.1441378593444824, 3.0735347270965576, 3.141613721847534],[-2.3538781870053587]
1691622156.9161656,[0.001000015616416931, 1.570001482963562, 2.515897512435913, 6.283185005187988, 2.1441357135772705, 3.073528528213501, 3.1416172981262207],[-2.3494377609648565]
1691622156.9773216,[0.0010000153779983522, 1.5700019598007202, 2.5158932209014893, 3.333990207465831e-06, 2.1441290378570557, 3.0735154151916504, 3.141594886779785],[-2.352398044975388]
1691622157.0392544,[0.0010000144243240356, 1.5699957609176636, 2.515897512435913, 6.283184051513672, 2.1441445350646973, 3.0735373497009277, 3.1416032314300537],[-2.2902320944795838]
1691622157.1016114,[0.0010000144243240356, 1.570001482963562, 2.5158987045288086, 6.283175945281982, 2.1441378593444824, 3.073530435562134, 3.141603469848633],[-2.308651632377725]
1691622157.1623344,[0.001000015139579773, 1.569995403289795, 2.5158984661102295, 6.283175468444824, 2.1441330909729004, 3.0735228061676025, 3.141597032546997],[-2.245663401447387]
1691622157.2237322,[0.0010000139474868775, 1.56999671459198, 2.515902519226074, 6.283171653747559, 2.1441519260406494, 3.0735433101654053, 3.141611099243164],[-2.1889246801113713]
1691622157.286093,[0.0010000133514404296, 1.5700019598007202, 2.5158989429473877, 6.2831711769104, 2.1441431045532227, 3.073523759841919, 3.141596794128418],[-2.1890891401401227]
1691622157.3482816,[0.0010000147819519043, 1.5699944496154785, 2.515900135040283, 6.283164024353027, 2.1441450119018555, 3.0735301971435547, 3.1416046619415283],[-2.1991212022555633]
1691622157.4081132,[0.0010000144243240356, 1.5699998140335083, 2.515897035598755, 6.283163070678711, 2.1441447734832764, 3.0735301971435547, 3.141591787338257],[-2.0969915535634187]
1691622157.4679272,[0.0010000134706497192, 1.569998025894165, 2.5158982276916504, 6.283167362213135, 2.1441497802734375, 3.07352876663208, 3.1415786743164062],[-2.0456800662081873]
1691622157.5315323,[0.0010000139474868775, 1.5699909925460815, 2.5159003734588623, 6.283163070678711, 2.14414381980896, 3.0735268592834473, 3.141580104827881],[-2.014926074199824]
1691622157.5933533,[0.0010000133514404296, 1.569997787475586, 2.515900135040283, 6.283168792724609, 2.1441423892974854, 3.0735185146331787, 3.1415622234344482],[-1.9685484081389304]
1691622157.6537821,[0.0010000139474868775, 1.56999671459198, 2.515899658203125, 6.283167839050293, 2.14414644241333, 3.0735268592834473, 3.1415598392486572],[-1.890758949575508]
1691622157.7161665,[0.001000014066696167, 1.5699989795684814, 2.5159008502960205, 6.283175468444824, 2.144138813018799, 3.0735151767730713, 3.1415481567382812],[-1.8853317794682516]
1691622157.7774858,[0.0010000141859054566, 1.569998860359192, 2.515899181365967, 6.283178806304932, 2.1441333293914795, 3.0735130310058594, 3.1415414810180664],[-1.8519464643281922]
1691622157.8390522,[0.0010000141859054566, 1.5699983835220337, 2.5159034729003906, 6.283182144165039, 2.144136667251587, 3.073517084121704, 3.1415388584136963],[-1.7845180159963723]
1691622157.8994775,[0.0010000139474868775, 1.5700006484985352, 2.515897512435913, 7.14342877472518e-06, 2.1441268920898438, 3.07350754737854, 3.141537666320801],[-1.768729895432257]
1691622157.9606912,[0.0010000137090682983, 1.5699998140335083, 2.5158989429473877, 6.283183574676514, 2.1441354751586914, 3.073525905609131, 3.141568183898926],[-1.7739926021235732]
1691622158.0224624,[0.0010000132322311403, 1.5699962377548218, 2.515895366668701, 6.283182144165039, 2.144136667251587, 3.073516368865967, 3.141568422317505],[-1.771690167926059]
1691622158.0840223,[0.0010000122785568237, 1.5699962377548218, 2.515897750854492, 5.873615918972064e-06, 2.144134283065796, 3.073517084121704, 3.1415631771087646],[-1.8095158765805572]
1691622158.1440964,[0.0010000115633010864, 1.5700007677078247, 2.515902042388916, 4.769112820213195e-07, 2.144134759902954, 3.0735280513763428, 3.1415750980377197],[-1.830566709449682]
1691622158.2060966,[0.0010000109672546388, 1.5699992179870605, 2.5158958435058594, 2.2221724975679535e-06, 2.144131898880005, 3.0735201835632324, 3.14158034324646],[-1.8759575769860886]
1691622158.2677517,[0.0010000097751617432, 1.56999933719635, 2.515901803970337, 3.809438567259349e-06, 2.144148826599121, 3.0735394954681396, 3.141587018966675],[-1.8927324660235636]
1691622158.3294668,[0.0010000089406967164, 1.5699974298477173, 2.5158982276916504, 6.283178806304932, 2.14414119720459, 3.0735371112823486, 3.14159893989563],[-1.9938752169479206]
1691622158.3899057,[0.0010000085830688477, 1.5700010061264038, 2.5158984661102295, 2.8570789254445117e-06, 2.144134998321533, 3.073528528213501, 3.1416008472442627],[-2.0096633596148745]
1691622158.4513814,[0.0010000073909759522, 1.5700037479400635, 2.5159029960632324, 6.2831830978393555, 2.1441431045532227, 3.0735342502593994, 3.1416165828704834],[-2.0456800662081873]
1691622158.5126207,[0.001000006675720215, 1.5700019598007202, 2.515894889831543, 6.283182144165039, 2.1441359519958496, 3.073528289794922, 3.1416211128234863],[-2.0792298828562092]
1691622158.5740566,[0.0010000059604644775, 1.5699957609176636, 2.515897512435913, 6.283181667327881, 2.144141435623169, 3.0735363960266113, 3.141625165939331],[-2.1680382580077127]
1691622158.6360962,[0.0010000053644180298, 1.5700019598007202, 2.515894651412964, 6.283182621002197, 2.1441378593444824, 3.073530435562134, 3.1416268348693848],[-2.206357444224183]
1691622158.6986754,[0.0010000051259994507, 1.570000171661377, 2.5158965587615967, 4.126891781197628e-06, 2.144137144088745, 3.073531150817871, 3.141624927520752],[-2.235466875914906]
1691622158.7602372,[0.0010000036954879762, 1.5699994564056396, 2.515895366668701, 5.396704636950744e-06, 2.144130229949951, 3.0735232830047607, 3.141625165939331],[-2.302402146024749]
1691622158.821021,[0.0010000017881393432, 1.56999933719635, 2.515894889831543, 2.2221724975679535e-06, 2.1441283226013184, 3.07352352142334, 3.1416211128234863],[-2.2930279170354217]
1691622158.8833163,[0.0010000014305114747, 1.5699973106384277, 2.5158960819244385, 4.761798209074186e-06, 2.1441330909729004, 3.0735270977020264, 3.1416172981262207],[-2.330360376694914]
1691622158.9449236,[0.0010000009536743164, 1.5700030326843262, 2.515897750854492, 4.761798209074186e-06, 2.1441335678100586, 3.07352614402771, 3.1416170597076416],[-2.322137367071927]
1691622159.0062926,[0.0010000004768371583, 1.5700007677078247, 2.5158989429473877, 5.238709491095506e-06, 2.1441335678100586, 3.0735275745391846, 3.1416091918945312],[-2.3320049786799717]
1691622159.0674179,[0.0009999998211860657, 1.5699998140335083, 2.515897274017334, 7.936330803204328e-06, 2.144132375717163, 3.073521137237549, 3.1416006088256836],[-2.384796713191172]
1691622159.1289084,[0.0009999995231628417, 1.570001482963562, 2.515897274017334, 4.6038030632189475e-06, 2.1441307067871094, 3.0735280513763428, 3.14159893989563],[-2.343517193141182]
1691622159.189778,[0.0009999993443489076, 1.56999933719635, 2.515900135040283, 6.283176898956299, 2.1441407203674316, 3.073533296585083, 3.1416125297546387],[-2.2872718118359767]
1691622159.2510984,[0.0009999989867210388, 1.569998025894165, 2.5158963203430176, 6.2831830978393555, 2.1441359519958496, 3.073523998260498, 3.1415953636169434],[-2.296481580271986]
1691622159.311345,[0.000999998152256012, 1.5699951648712158, 2.5159034729003906, 6.283173561096191, 2.1441562175750732, 3.073552131652832, 3.1416170597076416],[-2.2918766959760615]
1691622159.373587,[0.000999997615814209, 1.5699957609176636, 2.5159006118774414, 6.283172607421875, 2.1441447734832764, 3.0735340118408203, 3.1416022777557373],[-2.2218166896783362]
1691622159.4358218,[0.0009999969005584717, 1.5699989795684814, 2.515897274017334, 6.283168792724609, 2.1441454887390137, 3.073533773422241, 3.1416015625],[-2.183004119203389]
1691622159.498032,[0.0009999969601631165, 1.569993257522583, 2.5159032344818115, 6.283165454864502, 2.144150972366333, 3.0735394954681396, 3.14159893989563],[-2.1356396407786904]
1691622159.5593877,[0.0009999967813491821, 1.5699942111968994, 2.515899181365967, 6.28316593170166, 2.144141435623169, 3.073521375656128, 3.1415858268737793],[-2.015090534033534]
1691622159.6203876,[0.000999996840953827, 1.5699962377548218, 2.515899658203125, 6.283164978027344, 2.1441452503204346, 3.0735249519348145, 3.1415863037109375],[-2.021997847210018]
1691622159.6833148,[0.000999996066093445, 1.5699936151504517, 2.5158965587615967, 6.283166885375977, 2.14414119720459, 3.073514461517334, 3.141569137573242],[-1.9687128679230153]
1691622159.7438686,[0.0009999963641166686, 1.569996953010559, 2.5158982276916504, 6.283167839050293, 2.1441450119018555, 3.073516368865967, 3.1415598392486572],[-1.8697081089665382]
1691622159.8044786,[0.0009999954104423522, 1.56999671459198, 2.5158982276916504, 6.283174514770508, 2.1441357135772705, 3.073509454727173, 3.1415553092956543],[-1.7726769254354553]
1691622159.8678186,[0.0009999952912330627, 1.569997787475586, 2.5159006118774414, 6.283182621002197, 2.144132375717163, 3.073509454727173, 3.141542434692383],[-1.818396696371778]
1691622159.929244,[0.000999994695186615, 1.5699959993362427, 2.5159032344818115, 9.523596418148372e-07, 2.144134759902954, 3.073514223098755, 3.1415352821350098],[-1.7443898790967163]
1691622159.9900467,[0.0009999934434890747, 1.56999933719635, 2.5158989429473877, 3.333990207465831e-06, 2.144127607345581, 3.0735087394714355, 3.14153790473938],[-1.7463633938059326]
1691622160.052959,[0.0009999932050704955, 1.5699996948242188, 2.5159006118774414, 1.7467241377744358e-06, 2.144131660461426, 3.073516368865967, 3.141552686691284],[-1.7971814054321644]
1691622160.1147933,[0.000999992311000824, 1.5699992179870605, 2.5158936977386475, 6.283182621002197, 2.1441335678100586, 3.073521852493286, 3.141570806503296],[-1.7698811125070535]
1691622160.1766276,[0.0009999924898147583, 1.5699983835220337, 2.5158989429473877, 1.015850284602493e-05, 2.144134044647217, 3.0735225677490234, 3.1415629386901855],[-1.7894518039749658]
1691622160.2389998,[0.0009999920129776002, 1.5699979066848755, 2.5158956050872803, 1.4292709238361567e-06, 2.1441378593444824, 3.073530673980713, 3.1415796279907227],[-1.8192189945245776]
1691622160.3004465,[0.000999992311000824, 1.5700023174285889, 2.515901803970337, 7.778335202601738e-06, 2.1441309452056885, 3.073521375656128, 3.141580820083618],[-1.8863185376559588]
1691622160.363014,[0.0009999917149543763, 1.570000171661377, 2.515897512435913, 9.048148058354855e-06, 2.1441404819488525, 3.073535680770874, 3.141587734222412],[-1.9035868069220345]
1691622160.4246736,[0.0009999914169311524, 1.5700006484985352, 2.515899181365967, 6.283185005187988, 2.1441426277160645, 3.0735340118408203, 3.14159893989563],[-1.9756201790120445]
1691622160.484877,[0.0009999919533729554, 1.5700010061264038, 2.515899181365967, 1.5945806808304042e-07, 2.144132375717163, 3.0735251903533936, 3.141606569290161],[-2.0335100365367667]
1691622160.54607,[0.0009999912977218628, 1.569996953010559, 2.5159006118774414, 6.283181667327881, 2.144134998321533, 3.073529005050659, 3.1416172981262207],[-2.080052182378842]
1691622160.608069,[0.0009999911189079284, 1.570000171661377, 2.515895366668701, 1.5945806808304042e-07, 2.1441335678100586, 3.073525905609131, 3.141620635986328],[-2.1063657695230016]
1691622160.6692462,[0.0009999910593032836, 1.5700007677078247, 2.515900135040283, 6.2831830978393555, 2.1441359519958496, 3.0735321044921875, 3.1416211128234863],[-2.1524145584323837]
1691622160.7303102,[0.000999991238117218, 1.5699989795684814, 2.5158982276916504, 3.809438567259349e-06, 2.1441361904144287, 3.073529005050659, 3.1416218280792236],[-2.2147449069718563]
1691622160.7931306,[0.0009999916553497315, 1.5700024366378784, 2.515897750854492, 4.126891781197628e-06, 2.144132137298584, 3.07352352142334, 3.1416232585906982],[-2.241880819307598]
1691622160.854938,[0.0009999918937683107, 1.569996953010559, 2.5158982276916504, 1.9047192836296745e-06, 2.1441338062286377, 3.0735275745391846, 3.141624927520752],[-2.246979082215866]
1691622160.915308,[0.0009999920129776002, 1.569998025894165, 2.515897512435913, 4.761798209074186e-06, 2.1441290378570557, 3.073525905609131, 3.141619920730591],[-2.29533035918338]
1691622160.9781625,[0.0009999921917915344, 1.5700019598007202, 2.515897274017334, 4.126891781197628e-06, 2.144136905670166, 3.0735278129577637, 3.1416282653808594],[-2.432654659056447]
1691622161.0399737,[0.0009999914765357971, 1.5700037479400635, 2.515896797180176, 5.396704636950744e-06, 2.144134283065796, 3.073531150817871, 3.141620397567749],[-2.37295557464794]
1691622161.101287,[0.0009999916553497315, 1.5699987411499023, 2.5158965587615967, 4.286349849280668e-06, 2.144129753112793, 3.0735244750976562, 3.141613721847534],[-2.3602921359924807]
1691622161.1623979,[0.0009999911189079284, 1.5700021982192993, 2.515892267227173, 7.936330803204328e-06, 2.1441309452056885, 3.073519229888916, 3.1415979862213135],[-2.3698308299319453]
1691622161.2252357,[0.0009999911189079284, 1.5700035095214844, 2.5158941745758057, 3.016536993527552e-06, 2.1441335678100586, 3.0735230445861816, 3.141594886779785],[-2.3612788974026326]
1691622161.2880924,[0.0009999912977218628, 1.5699975490570068, 2.5158984661102295, 6.283182144165039, 2.14414119720459, 3.0735349655151367, 3.1416165828704834],[-2.287107351690995]
1691622161.3507879,[0.000999991238117218, 1.5699974298477173, 2.5158939361572266, 6.28318452835083, 2.144132614135742, 3.0735228061676025, 3.141597032546997],[-2.346148556585904]
1691622161.4112833,[0.000999991238117218, 1.569997787475586, 2.515902280807495, 6.283175945281982, 2.144155502319336, 3.073549509048462, 3.1416120529174805],[-2.2487881432929426]
1691622161.4726548,[0.0009999916553497315, 1.5699973106384277, 2.5159008502960205, 6.283174991607666, 2.1441407203674316, 3.073530435562134, 3.1416022777557373],[-2.225270351130044]
1691622161.5343895,[0.0009999914169311524, 1.5699983835220337, 2.515902042388916, 6.2831711769104, 2.1441423892974854, 3.0735325813293457, 3.1416015625],[-2.2006013426280036]
1691622161.5961835,[0.0009999912977218628, 1.5699999332427979, 2.515902519226074, 6.283165454864502, 2.1441500186920166, 3.0735371112823486, 3.1416001319885254],[-2.16688703798081]
1691622161.658342,[0.0009999910593032836, 1.5700023174285889, 2.515899658203125, 6.283170700073242, 2.1441404819488525, 3.07352352142334, 3.141582727432251],[-2.097156013487376]
